[1;31m[Error][0m: parse_char: Received unknown packet [1;37m0x64[0m from ip '[1;37m200.102.94.21[0m'! Disconnecting!
[1;35m[SQL][0m: DB error - Out of range value adjusted for column 'max_hp' at row 1

--------------------------------------
[1;36m[Debug][0m: at ..\src\char_sql\char.c:507 - UPDATE `char` SET `base_level`='100', `job_level`='70',`base_exp`='117377758', `job_exp`='253852071', `zeny`='38001054',`max_hp`='9898',`hp`='18014',`max_sp`='765',`sp`='765',`status_point`='4',`skill_point`='0',`str`='1',`agi`='77',`vit`='1',`int`='1',`dex`='200',`luk`='1',`option`='0',`party_id`='-1',`guild_id`='301421',`pet_id`='0',`homun_id`='0',`weapon`='1',`shield`='2',`head_top`='102',`head_mid`='92',`head_bottom`='57',`last_map`='prontera',`last_x`='147',`last_y`='196',`save_map`='prontera',`save_x`='156',`save_y`='187' WHERE  `account_id`='5001855' AND `char_id` = '509630'
[1;36m[Debug][0m: at ..\src\char_sql\char.c:3020 - SELECT `char_id` FROM `char` WHERE `account_id`='3010397' AND `char_num`='9'
[1;35m[SQL][0m: DB error - Out of range value adjusted for column 'manner' at row 1
[1;36m[Debug][0m: at ..\src\char_sql\char.c:533 - UPDATE `char` SET `class`='19',`hair`='1',`hair_color`='0',`clothes_color`='0',`partner_id`='0', `father`='0', `mother`='0', `child`='0',`karma`='0',`manner`='-4999', `fame`='0' WHERE  `account_id`='6000220' AND `char_id` = '601313'
[1;31m[Error][0m: parse_char: Received unknown packet [1;37m0x64[0m from ip '[1;37m201.92.78.222[0m'! Disconnecting![1;36m[Debug][0m: interserver storage memory initialize....(14412 byte)
[1;36m[Debug][0m: interserver storage memory initialize....(14412 byte)
[1;33m[Warning][0m: Connection to login-server lost (connection #2).
[1;33m[Warning][0m: Connection to login-server lost (connection #2).
[1;33m[Warning][0m: Connection to login-server lost (connection #2).
[1;33m[Warning][0m: Connection to login-server lost (connection #2).
[1;31m[Error][0m: Can not connect to login-server.
[1;31m[Error][0m: The server communication passwords (default s1/p1) are probably invalid.
[1;31m[Error][0m: Also, please make sure your login db has the correct communication username/passwords and the gender of the account is S.
[1;31m[Error][0m: The communication passwords are set in map_athena.conf and char_athena.conf
[1;33m[Warning][0m: Connection to login-server lost (connection #2).
[1;31m[Error][0m: Can not connect to login-server.
[1;31m[Error][0m: The server communication passwords (default s1/p1) are probably invalid.
[1;31m[Error][0m: Also, please make sure your login db has the correct communication username/passwords and the gender of the account is S.
[1;31m[Error][0m: The communication passwords are set in map_athena.conf and char_athena.conf
[1;33m[Warning][0m: Connection to login-server lost (connection #2).
[1;33m[Warning][0m: Connection to login-server lost (connection #2).
[1;33m[Warning][0m: Connection to login-server lost (connection #2).
[1;33m[Warning][0m: Connection to login-server lost (connection #2).
[1;33m[Warning][0m: Connection to login-server lost (connection #2).
[1;33m[Warning][0m: Connection to login-server lost (connection #2).
[1;33m[Warning][0m: Connection to login-server lost (connection #2).
[1;33m[Warning][0m: Connection to login-server lost (connection #2).
[1;33m[Warning][0m: Connection to login-server lost (connection #2).
[1;33m[Warning][0m: Connection to login-server lost (connection #2).
[1;33m[Warning][0m: Connection to login-server lost (connection #2).
[1;33m[Warning][0m: Connection to login-server lost (connection #2).
