
3.000: Configuration file readed.
3.000: Ladmin is ready.
3.000: Attempt to connect to login-server...

3.000: Configuration file readed.
3.000: Ladmin is ready.
3.000: Attempt to connect to login-server...
3.000: Request about the MD5 key...
3.000: Impossible to have a connection with the login-server [72.36.218.13:6901] !

3.000: Configuration file readed.
3.000: Ladmin is ready.
3.000: Attempt to connect to login-server...
3.000: Request about the MD5 key...
3.000: Impossible to have a connection with the login-server [72.36.218.13:6901] !

3.000: Configuration file readed.
3.000: Ladmin is ready.
3.000: Attempt to connect to login-server...
3.000: Request about the MD5 key...
3.000: Impossible to have a connection with the login-server [72.36.218.13:6901] !

3.000: Configuration file readed.
3.000: Ladmin is ready.
3.000: Attempt to connect to login-server...
3.000: Request about the MD5 key...
3.000: Impossible to have a connection with the login-server [72.36.218.13:6901] !

3.000: Configuration file readed.
3.000: Ladmin is ready.
3.000: Attempt to connect to login-server...
3.000: Request about the MD5 key...
3.000: Impossible to have a connection with the login-server [72.36.218.13:6901] !

3.000: Configuration file readed.
3.000: Ladmin is ready.
3.000: Attempt to connect to login-server...
3.000: Request about the MD5 key...
3.000: Impossible to have a connection with the login-server [72.36.218.13:6901] !
