[1;33m[Warning][0m: Connection to login-server lost (connection #2).
[1;31m[Error][0m: make_connection: connect failed (socket #2, code 10060)!
[1;31m[Error][0m: make_connection: connect failed (socket #2, code 10060)!
[1;31m[Error][0m: make_connection: connect failed (socket #2, code 10060)!
[1;31m[Error][0m: make_connection: connect failed (socket #4, code 10060)!
[1;31m[Error][0m: make_connection: connect failed (socket #3, code 10060)!
[1;31m[Error][0m: make_connection: connect failed (socket #3, code 10060)!
[1;31m[Error][0m: make_connection: connect failed (socket #3, code 10060)!
[1;31m[Error][0m: make_connection: connect failed (socket #3, code 10060)!
[1;31m[Error][0m: make_connection: connect failed (socket #3, code 10060)!
[1;31m[Error][0m: make_connection: connect failed (socket #4, code 10060)!
[1;31m[Error][0m: make_connection: connect failed (socket #2, code 10060)!
[1;31m[Error][0m: make_connection: connect failed (socket #2, code 10060)!
[1;31m[Error][0m: make_connection: connect failed (socket #2, code 10060)!
[1;31m[Error][0m: make_connection: connect failed (socket #2, code 10060)!
[1;31m[Error][0m: make_connection: connect failed (socket #2, code 10060)!
[1;31m[Error][0m: make_connection: connect failed (socket #3, code 10060)!
[1;31m[Error][0m: make_connection: connect failed (socket #3, code 10060)!
[1;31m[Error][0m: make_connection: connect failed (socket #3, code 10060)!
[1;31m[Error][0m: make_connection: connect failed (socket #3, code 10060)!
[1;31m[Error][0m: make_connection: connect failed (socket #3, code 10060)!
[1;31m[Error][0m: make_connection: connect failed (socket #3, code 10060)!
[1;31m[Error][0m: make_connection: connect failed (socket #2, code 10060)!
[1;31m[Error][0m: make_connection: connect failed (socket #2, code 10060)!
[1;31m[Error][0m: make_connection: connect failed (socket #2, code 10060)!
[1;31m[Error][0m: make_connection: connect failed (socket #2, code 10060)!
[1;31m[Error][0m: make_connection: connect failed (socket #2, code 10060)!
[1;31m[Error][0m: make_connection: connect failed (socket #2, code 10060)!
[1;31m[Error][0m: make_connection: connect failed (socket #2, code 10060)!
[1;31m[Error][0m: make_connection: connect failed (socket #2, code 10060)!
[1;31m[Error][0m: make_connection: connect failed (socket #3, code 10060)!
[1;31m[Error][0m: make_connection: connect failed (socket #3, code 10060)!
[1;31m[Error][0m: make_connection: connect failed (socket #3, code 10060)!
[1;31m[Error][0m: make_connection: connect failed (socket #3, code 10060)!
[1;31m[Error][0m: make_connection: connect failed (socket #3, code 10060)!
[1;31m[Error][0m: make_connection: connect failed (socket #3, code 10060)!
[1;31m[Error][0m: make_connection: connect failed (socket #2, code 10060)!
[1;31m[Error][0m: make_connection: connect failed (socket #2, code 10060)!
[1;31m[Error][0m: make_connection: connect failed (socket #2, code 10060)!
[1;31m[Error][0m: make_connection: connect failed (socket #2, code 10060)!
[1;31m[Error][0m: make_connection: connect failed (socket #2, code 10060)!
[1;31m[Error][0m: make_connection: connect failed (socket #2, code 10060)!
[1;31m[Error][0m: make_connection: connect failed (socket #2, code 10060)!
[1;31m[Error][0m: make_connection: connect failed (socket #2, code 10060)!
[1;31m[Error][0m: make_connection: connect failed (socket #3, code 10060)!
[1;31m[Error][0m: make_connection: connect failed (socket #3, code 10060)!
[1;31m[Error][0m: make_connection: connect failed (socket #3, code 10060)!
[1;31m[Error][0m: make_connection: connect failed (socket #3, code 10060)!
[1;31m[Error][0m: make_connection: connect failed (socket #3, code 10060)!
[1;31m[Error][0m: make_connection: connect failed (socket #3, code 10060)!
[1;31m[Error][0m: make_connection: connect failed (socket #3, code 10060)!
[1;31m[Error][0m: make_connection: connect failed (socket #3, code 10060)!
[1;31m[Error][0m: make_connection: connect failed (socket #2, code 10060)!
[1;31m[Error][0m: make_connection: connect failed (socket #2, code 10060)!
[1;31m[Error][0m: make_connection: connect failed (socket #2, code 10060)!
[1;31m[Error][0m: make_connection: connect failed (socket #2, code 10060)!
[1;31m[Error][0m: make_connection: connect failed (socket #2, code 10060)!
[1;31m[Error][0m: make_connection: connect failed (socket #2, code 10060)!
[1;31m[Error][0m: make_connection: connect failed (socket #3, code 10060)!
[1;31m[Error][0m: make_connection: connect failed (socket #3, code 10060)!
[1;31m[Error][0m: make_connection: connect failed (socket #3, code 10060)!
[1;33m[Warning][0m: Connection to login-server lost (connection #3).
[1;31m[Error][0m: make_connection: connect failed (socket #3, code 10060)!
[1;33m[Warning][0m: Connection to login-server lost (connection #4).
[1;31m[Error][0m: Can not connect to login-server.
[1;31m[Error][0m: The server communication passwords (default s1/p1) are probably invalid.
[1;31m[Error][0m: Also, please make sure your login db has the correct communication username/passwords and the gender of the account is S.
[1;31m[Error][0m: The communication passwords are set in map_athena.conf and char_athena.conf
[1;33m[Warning][0m: Connection to login-server lost (connection #2).
[1;33m[Warning][0m: Connection to login-server lost (connection #2).
[1;33m[Warning][0m: Connection to login-server lost (connection #2).
[1;33m[Warning][0m: Connection to login-server lost (connection #2).
[1;33m[Warning][0m: Connection to login-server lost (connection #2).
[1;33m[Warning][0m: Connection to login-server lost (connection #2).
[1;33m[Warning][0m: Connection to login-server lost (connection #2).
[1;33m[Warning][0m: Connection to login-server lost (connection #2).
[1;33m[Warning][0m: Connection to login-server lost (connection #2).
[1;33m[Warning][0m: Connection to login-server lost (connection #2).
[1;33m[Warning][0m: Connection to login-server lost (connection #2).
[1;33m[Warning][0m: Connection to login-server lost (connection #2).
[1;33m[Warning][0m: Connection to login-server lost (connection #2).
[1;31m[Error][0m: parse_from_map (save-char): Received data for non-existant/offline character (6003144:171446).
[1;33m[Warning][0m: Connection to login-server lost (connection #2).
[1;33m[Warning][0m: Connection to login-server lost (connection #2).
[1;33m[Warning][0m: Connection to login-server lost (connection #2).
[1;33m[Warning][0m: Connection to login-server lost (connection #2).
[1;33m[Warning][0m: Connection to login-server lost (connection #2).
[1;31m[Error][0m: Can not connect to login-server.
[1;31m[Error][0m: The server communication passwords (default s1/p1) are probably invalid.
[1;31m[Error][0m: Also, please make sure your login db has the correct communication username/passwords and the gender of the account is S.
[1;31m[Error][0m: The communication passwords are set in map_athena.conf and char_athena.conf
[1;33m[Warning][0m: Connection to login-server lost (connection #2).
[1;31m[Error][0m: Can not connect to login-server.
[1;31m[Error][0m: The server communication passwords (default s1/p1) are probably invalid.
[1;31m[Error][0m: Also, please make sure your login db has the correct communication username/passwords and the gender of the account is S.
[1;31m[Error][0m: The communication passwords are set in map_athena.conf and char_athena.conf
[1;33m[Warning][0m: Connection to login-server lost (connection #2).
[1;33m[Warning][0m: Connection to login-server lost (connection #2).
[1;31m[Error][0m: Can not connect to login-server.
[1;31m[Error][0m: The server communication passwords (default s1/p1) are probably invalid.
[1;31m[Error][0m: Also, please make sure your login db has the correct communication username/passwords and the gender of the account is S.
[1;31m[Error][0m: The communication passwords are set in map_athena.conf and char_athena.conf
[1;33m[Warning][0m: Connection to login-server lost (connection #2).
[1;31m[Error][0m: Can not connect to login-server.
[1;31m[Error][0m: The server communication passwords (default s1/p1) are probably invalid.
[1;31m[Error][0m: Also, please make sure your login db has the correct communication username/passwords and the gender of the account is S.
[1;31m[Error][0m: The communication passwords are set in map_athena.conf and char_athena.conf
[1;33m[Warning][0m: Connection to login-server lost (connection #2).
[1;31m[Error][0m: Can not connect to login-server.
[1;31m[Error][0m: The server communication passwords (default s1/p1) are probably invalid.
[1;31m[Error][0m: Also, please make sure your login db has the correct communication username/passwords and the gender of the account is S.
[1;31m[Error][0m: The communication passwords are set in map_athena.conf and char_athena.conf
[1;33m[Warning][0m: Connection to login-server lost (connection #2).
[1;33m[Warning][0m: Connection to login-server lost (connection #2).
[1;33m[Warning][0m: Connection to login-server lost (connection #2).
[1;33m[Warning][0m: Connection to login-server lost (connection #2).
[1;33m[Warning][0m: Connection to login-server lost (connection #2).
[1;33m[Warning][0m: Connection to login-server lost (connection #2).
[1;33m[Warning][0m: Connection to login-server lost (connection #2).
[1;33m[Warning][0m: Connection to login-server lost (connection #2).
[1;33m[Warning][0m: Connection to login-server lost (connection #2).
[1;33m[Warning][0m: Connection to login-server lost (connection #2).
[1;33m[Warning][0m: Connection to login-server lost (connection #2).
[1;33m[Warning][0m: Connection to login-server lost (connection #2).
[1;33m[Warning][0m: Connection to login-server lost (connection #2).
[1;33m[Warning][0m: Connection to login-server lost (connection #2).
[1;33m[Warning][0m: Connection to login-server lost (connection #2).
[1;33m[Warning][0m: Connection to login-server lost (connection #2).
[1;33m[Warning][0m: Connection to login-server lost (connection #2).
[1;33m[Warning][0m: Connection to login-server lost (connection #2).
[1;33m[Warning][0m: Connection to login-server lost (connection #2).
[1;33m[Warning][0m: Connection to login-server lost (connection #2).
[1;31m[Error][0m: Can not connect to login-server.
[1;31m[Error][0m: The server communication passwords (default s1/p1) are probably invalid.
[1;31m[Error][0m: Also, please make sure your login db has the correct communication username/passwords and the gender of the account is S.
[1;31m[Error][0m: The communication passwords are set in map_athena.conf and char_athena.conf
[1;33m[Warning][0m: Connection to login-server lost (connection #2).
[1;31m[Error][0m: Can not connect to login-server.
[1;31m[Error][0m: The server communication passwords (default s1/p1) are probably invalid.
[1;31m[Error][0m: Also, please make sure your login db has the correct communication username/passwords and the gender of the account is S.
[1;31m[Error][0m: The communication passwords are set in map_athena.conf and char_athena.conf
[1;33m[Warning][0m: Connection to login-server lost (connection #2).
[1;33m[Warning][0m: Connection to login-server lost (connection #2).
[1;33m[Warning][0m: Connection to login-server lost (connection #2).
[1;33m[Warning][0m: Connection to login-server lost (connection #2).
[1;33m[Warning][0m: Connection to login-server lost (connection #2).
[1;33m[Warning][0m: Connection to login-server lost (connection #2).
[1;33m[Warning][0m: Connection to login-server lost (connection #2).
[1;33m[Warning][0m: Connection to login-server lost (connection #2).
[1;33m[Warning][0m: Connection to login-server lost (connection #2).
[1;33m[Warning][0m: Connection to login-server lost (connection #2).
[1;33m[Warning][0m: Connection to login-server lost (connection #2).
[1;33m[Warning][0m: Connection to login-server lost (connection #2).
[1;33m[Warning][0m: Connection to login-server lost (connection #2).
[1;33m[Warning][0m: Connection to login-server lost (connection #2).
[1;33m[Warning][0m: Connection to login-server lost (connection #2).
[1;33m[Warning][0m: Connection to login-server lost (connection #2).
[1;33m[Warning][0m: Connection to login-server lost (connection #2).
[1;31m[Error][0m: make_connection: connect failed (socket #2, code 10060)!
[1;33m[Warning][0m: Connection to login-server lost (connection #4).
[1;33m[Warning][0m: Connection to login-server lost (connection #3).
[1;33m[Warning][0m: Connection to login-server lost (connection #3).
[1;33m[Warning][0m: Connection to login-server lost (connection #3).
[1;33m[Warning][0m: Connection to login-server lost (connection #3).
[1;33m[Warning][0m: Connection to login-server lost (connection #3).
[1;33m[Warning][0m: Connection to login-server lost (connection #3).
[1;33m[Warning][0m: Connection to login-server lost (connection #3).
[1;33m[Warning][0m: Connection to login-server lost (connection #3).
[1;33m[Warning][0m: Connection to login-server lost (connection #3).
[1;33m[Warning][0m: Connection to login-server lost (connection #3).
[1;31m[Error][0m: Can not connect to login-server.
[1;31m[Error][0m: The server communication passwords (default s1/p1) are probably invalid.
[1;31m[Error][0m: Also, please make sure your login db has the correct communication username/passwords and the gender of the account is S.
[1;31m[Error][0m: The communication passwords are set in map_athena.conf and char_athena.conf
[1;33m[Warning][0m: Connection to login-server lost (connection #3).
[1;31m[Error][0m: Can not connect to login-server.
[1;31m[Error][0m: The server communication passwords (default s1/p1) are probably invalid.
[1;31m[Error][0m: Also, please make sure your login db has the correct communication username/passwords and the gender of the account is S.
[1;31m[Error][0m: The communication passwords are set in map_athena.conf and char_athena.conf
[1;33m[Warning][0m: Connection to login-server lost (connection #3).
[1;33m[Warning][0m: Connection to login-server lost (connection #3).
[1;33m[Warning][0m: Connection to login-server lost (connection #3).
[1;33m[Warning][0m: Connection to login-server lost (connection #3).
[1;33m[Warning][0m: Connection to login-server lost (connection #3).
[1;33m[Warning][0m: Connection to login-server lost (connection #3).
[1;33m[Warning][0m: Connection to login-server lost (connection #3).
[1;33m[Warning][0m: Connection to login-server lost (connection #3).
[1;33m[Warning][0m: Connection to login-server lost (connection #3).
[1;33m[Warning][0m: Connection to login-server lost (connection #3).
[1;31m[Error][0m: make_connection: connect failed (socket #3, code 10060)!
[1;31m[Error][0m: make_connection: connect failed (socket #3, code 10060)!
[1;31m[Error][0m: make_connection: connect failed (socket #3, code 10060)!
[1;31m[Error][0m: make_connection: connect failed (socket #3, code 10060)!
[1;31m[Error][0m: make_connection: connect failed (socket #3, code 10060)!
[1;31m[Error][0m: make_connection: connect failed (socket #2, code 10060)!
[1;31m[Error][0m: make_connection: connect failed (socket #2, code 10060)!
[1;31m[Error][0m: make_connection: connect failed (socket #2, code 10060)!
[1;31m[Error][0m: make_connection: connect failed (socket #2, code 10060)!
[1;31m[Error][0m: make_connection: connect failed (socket #2, code 10060)!
[1;31m[Error][0m: make_connection: connect failed (socket #2, code 10060)!
[1;31m[Error][0m: make_connection: connect failed (socket #2, code 10060)!
[1;31m[Error][0m: make_connection: connect failed (socket #2, code 10060)!
[1;31m[Error][0m: make_connection: connect failed (socket #3, code 10060)!
[1;31m[Error][0m: make_connection: connect failed (socket #3, code 10060)!
[1;31m[Error][0m: make_connection: connect failed (socket #3, code 10060)!
[1;31m[Error][0m: make_connection: connect failed (socket #3, code 10060)!
[1;31m[Error][0m: make_connection: connect failed (socket #3, code 10060)!
[1;31m[Error][0m: make_connection: connect failed (socket #3, code 10060)!
[1;31m[Error][0m: make_connection: connect failed (socket #2, code 10060)!
[1;31m[Error][0m: make_connection: connect failed (socket #2, code 10060)!
[1;31m[Error][0m: make_connection: connect failed (socket #2, code 10060)!
[1;31m[Error][0m: make_connection: connect failed (socket #2, code 10060)!
[1;31m[Error][0m: make_connection: connect failed (socket #2, code 10060)!
[1;31m[Error][0m: make_connection: connect failed (socket #2, code 10060)!
[1;31m[Error][0m: make_connection: connect failed (socket #2, code 10060)!
[1;31m[Error][0m: make_connection: connect failed (socket #2, code 10060)!
[1;31m[Error][0m: make_connection: connect failed (socket #3, code 10060)!
[1;31m[Error][0m: make_connection: connect failed (socket #3, code 10060)!
[1;31m[Error][0m: make_connection: connect failed (socket #3, code 10060)!
[1;31m[Error][0m: make_connection: connect failed (socket #3, code 10060)!
[1;31m[Error][0m: make_connection: connect failed (socket #3, code 10060)!
[1;31m[Error][0m: make_connection: connect failed (socket #3, code 10060)!
[1;31m[Error][0m: make_connection: connect failed (socket #3, code 10060)!
[1;31m[Error][0m: make_connection: connect failed (socket #3, code 10060)!
[1;31m[Error][0m: make_connection: connect failed (socket #2, code 10060)!
[1;31m[Error][0m: make_connection: connect failed (socket #2, code 10060)!
[1;31m[Error][0m: make_connection: connect failed (socket #2, code 10060)!
[1;31m[Error][0m: make_connection: connect failed (socket #2, code 10060)!
[1;31m[Error][0m: make_connection: connect failed (socket #2, code 10060)!
[1;31m[Error][0m: make_connection: connect failed (socket #2, code 10060)!
[1;31m[Error][0m: make_connection: connect failed (socket #3, code 10060)!
[1;31m[Error][0m: make_connection: connect failed (socket #3, code 10060)!
[1;31m[Error][0m: make_connection: connect failed (socket #3, code 10060)!
[1;31m[Error][0m: make_connection: connect failed (socket #3, code 10060)!
[1;31m[Error][0m: make_connection: connect failed (socket #3, code 10060)!
[1;31m[Error][0m: make_connection: connect failed (socket #3, code 10060)!
[1;31m[Error][0m: make_connection: connect failed (socket #3, code 10060)!
[1;31m[Error][0m: make_connection: connect failed (socket #3, code 10060)!
[1;31m[Error][0m: make_connection: connect failed (socket #2, code 10060)!
[1;31m[Error][0m: make_connection: connect failed (socket #2, code 10060)!
[1;31m[Error][0m: make_connection: connect failed (socket #2, code 10060)!
[1;31m[Error][0m: make_connection: connect failed (socket #2, code 10060)!
[1;31m[Error][0m: make_connection: connect failed (socket #2, code 10060)!
[1;31m[Error][0m: make_connection: connect failed (socket #2, code 10060)!
[1;31m[Error][0m: make_connection: connect failed (socket #2, code 10060)!
[1;31m[Error][0m: make_connection: connect failed (socket #2, code 10060)!
[1;31m[Error][0m: make_connection: connect failed (socket #3, code 10060)!
[1;31m[Error][0m: make_connection: connect failed (socket #3, code 10060)!
[1;31m[Error][0m: make_connection: connect failed (socket #3, code 10060)!
[1;31m[Error][0m: make_connection: connect failed (socket #3, code 10060)!
[1;31m[Error][0m: make_connection: connect failed (socket #3, code 10060)!
[1;31m[Error][0m: make_connection: connect failed (socket #3, code 10060)!
[1;31m[Error][0m: make_connection: connect failed (socket #2, code 10060)!
[1;31m[Error][0m: make_connection: connect failed (socket #2, code 10060)!
[1;31m[Error][0m: make_connection: connect failed (socket #2, code 10060)!
[1;31m[Error][0m: make_connection: connect failed (socket #2, code 10060)!
[1;31m[Error][0m: make_connection: connect failed (socket #2, code 10060)!
[1;31m[Error][0m: make_connection: connect failed (socket #2, code 10060)!
[1;31m[Error][0m: make_connection: connect failed (socket #2, code 10060)!
[1;31m[Error][0m: make_connection: connect failed (socket #2, code 10060)!
[1;31m[Error][0m: make_connection: connect failed (socket #3, code 10060)!
[1;31m[Error][0m: make_connection: connect failed (socket #3, code 10060)!
[1;31m[Error][0m: make_connection: connect failed (socket #3, code 10060)!
[1;31m[Error][0m: make_connection: connect failed (socket #3, code 10060)!
[1;31m[Error][0m: make_connection: connect failed (socket #3, code 10060)!
[1;31m[Error][0m: make_connection: connect failed (socket #3, code 10060)!
[1;31m[Error][0m: make_connection: connect failed (socket #2, code 10060)!
[1;31m[Error][0m: make_connection: connect failed (socket #2, code 10060)!
[1;31m[Error][0m: make_connection: connect failed (socket #2, code 10060)!
[1;31m[Error][0m: make_connection: connect failed (socket #2, code 10060)!
[1;31m[Error][0m: make_connection: connect failed (socket #2, code 10060)!
[1;31m[Error][0m: make_connection: connect failed (socket #2, code 10060)!
[1;31m[Error][0m: make_connection: connect failed (socket #2, code 10060)!
[1;31m[Error][0m: make_connection: connect failed (socket #2, code 10060)!
[1;31m[Error][0m: make_connection: connect failed (socket #3, code 10060)!
[1;31m[Error][0m: make_connection: connect failed (socket #3, code 10060)!
[1;31m[Error][0m: make_connection: connect failed (socket #3, code 10060)!
[1;31m[Error][0m: make_connection: connect failed (socket #3, code 10060)!
[1;31m[Error][0m: make_connection: connect failed (socket #3, code 10060)!
[1;31m[Error][0m: make_connection: connect failed (socket #3, code 10060)!
[1;31m[Error][0m: make_connection: connect failed (socket #3, code 10065)!
[1;33m[Warning][0m: Connection to login-server lost (connection #3).
[1;33m[Warning][0m: Connection to login-server lost (connection #3).
[1;33m[Warning][0m: Connection to login-server lost (connection #3).
[1;33m[Warning][0m: Connection to login-server lost (connection #3).
[1;33m[Warning][0m: Connection to login-server lost (connection #3).
[1;33m[Warning][0m: Connection to login-server lost (connection #3).
[1;31m[Error][0m: Can not connect to login-server.
[1;31m[Error][0m: The server communication passwords (default s1/p1) are probably invalid.
[1;31m[Error][0m: Also, please make sure your login db has the correct communication username/passwords and the gender of the account is S.
[1;31m[Error][0m: The communication passwords are set in map_athena.conf and char_athena.conf
[1;33m[Warning][0m: Connection to login-server lost (connection #3).
[1;33m[Warning][0m: Connection to login-server lost (connection #3).
[1;31m[Error][0m: parse_from_map (save-char): Received data for non-existant/offline character (3012179:171503).
[1;33m[Warning][0m: Connection to login-server lost (connection #3).
[1;31m[Error][0m: make_connection: connect failed (socket #3, code 10060)!
[1;31m[Error][0m: make_connection: connect failed (socket #3, code 10060)!
[1;31m[Error][0m: make_connection: connect failed (socket #3, code 10060)!
[1;31m[Error][0m: make_connection: connect failed (socket #2, code 10060)!
[1;31m[Error][0m: make_connection: connect failed (socket #2, code 10060)!
[1;31m[Error][0m: make_connection: connect failed (socket #2, code 10060)!
[1;31m[Error][0m: make_connection: connect failed (socket #2, code 10060)!
[1;31m[Error][0m: make_connection: connect failed (socket #2, code 10060)!
[1;31m[Error][0m: make_connection: connect failed (socket #2, code 10060)!
[1;31m[Error][0m: make_connection: connect failed (socket #2, code 10060)!
[1;31m[Error][0m: make_connection: connect failed (socket #2, code 10060)!
[1;31m[Error][0m: make_connection: connect failed (socket #3, code 10060)!
[1;31m[Error][0m: make_connection: connect failed (socket #3, code 10060)!
[1;31m[Error][0m: make_connection: connect failed (socket #3, code 10060)!
[1;31m[Error][0m: make_connection: connect failed (socket #3, code 10060)!
[1;31m[Error][0m: make_connection: connect failed (socket #3, code 10060)!
[1;31m[Error][0m: make_connection: connect failed (socket #3, code 10060)!
[1;31m[Error][0m: make_connection: connect failed (socket #2, code 10060)!
[1;31m[Error][0m: make_connection: connect failed (socket #2, code 10060)!
[1;31m[Error][0m: make_connection: connect failed (socket #2, code 10060)!
[1;31m[Error][0m: make_connection: connect failed (socket #2, code 10060)!
[1;31m[Error][0m: make_connection: connect failed (socket #2, code 10060)!
[1;31m[Error][0m: make_connection: connect failed (socket #2, code 10060)!
[1;31m[Error][0m: make_connection: connect failed (socket #2, code 10060)!
[1;31m[Error][0m: make_connection: connect failed (socket #2, code 10060)!
[1;31m[Error][0m: make_connection: connect failed (socket #3, code 10060)!
[1;31m[Error][0m: make_connection: connect failed (socket #3, code 10060)!
[1;31m[Error][0m: make_connection: connect failed (socket #3, code 10060)!
[1;31m[Error][0m: make_connection: connect failed (socket #3, code 10060)!
[1;31m[Error][0m: make_connection: connect failed (socket #3, code 10060)!
[1;31m[Error][0m: make_connection: connect failed (socket #3, code 10060)!
[1;31m[Error][0m: make_connection: connect failed (socket #3, code 10060)!
[1;31m[Error][0m: make_connection: connect failed (socket #3, code 10060)!
[1;33m[Warning][0m: Connection to login-server lost (connection #2).
[1;33m[Warning][0m: Connection to login-server lost (connection #2).
[1;33m[Warning][0m: Connection to login-server lost (connection #2).
[1;33m[Warning][0m: Connection to login-server lost (connection #2).
[1;33m[Warning][0m: Connection to login-server lost (connection #2).
[1;33m[Warning][0m: Connection to login-server lost (connection #2).
[1;33m[Warning][0m: Connection to login-server lost (connection #2).
[1;35m[SQL][0m: DB error - Incorrect key file for table '.\ragnarok\char.MYI'; try to repair it
[1;33m[Warning][0m: Connection to login-server lost (connection #2).
[1;33m[Warning][0m: Connection to login-server lost (connection #2).
[1;31m[Error][0m: parse_from_map (save-char): Received data for non-existant/offline character (2007583:171470).
[1;33m[Warning][0m: Connection to login-server lost (connection #2).
[1;33m[Warning][0m: Connection to login-server lost (connection #2).
[1;33m[Warning][0m: Connection to login-server lost (connection #2).
[1;33m[Warning][0m: Connection to login-server lost (connection #2).
[1;33m[Warning][0m: Connection to login-server lost (connection #2).
[1;33m[Warning][0m: Connection to login-server lost (connection #2).
[1;31m[Error][0m: Can not connect to login-server.
[1;31m[Error][0m: The server communication passwords (default s1/p1) are probably invalid.
[1;31m[Error][0m: Also, please make sure your login db has the correct communication username/passwords and the gender of the account is S.
[1;31m[Error][0m: The communication passwords are set in map_athena.conf and char_athena.conf
[1;33m[Warning][0m: Connection to login-server lost (connection #2).
[1;33m[Warning][0m: Connection to login-server lost (connection #2).
[1;33m[Warning][0m: Connection to login-server lost (connection #2).
[1;33m[Warning][0m: Connection to login-server lost (connection #2).
[1;33m[Warning][0m: Connection to login-server lost (connection #2).
[1;33m[Warning][0m: Connection to login-server lost (connection #2).
[1;33m[Warning][0m: Connection to login-server lost (connection #2).
[1;33m[Warning][0m: Connection to login-server lost (connection #2).
[1;33m[Warning][0m: Connection to login-server lost (connection #2).
[1;33m[Warning][0m: Connection to login-server lost (connection #2).
[1;33m[Warning][0m: Connection to login-server lost (connection #2).
[1;33m[Warning][0m: Connection to login-server lost (connection #2).
[1;33m[Warning][0m: Connection to login-server lost (connection #2).
[1;31m[Error][0m: Can not connect to login-server.
[1;31m[Error][0m: The server communication passwords (default s1/p1) are probably invalid.
[1;31m[Error][0m: Also, please make sure your login db has the correct communication username/passwords and the gender of the account is S.
[1;31m[Error][0m: The communication passwords are set in map_athena.conf and char_athena.conf
[1;33m[Warning][0m: Connection to login-server lost (connection #2).
[1;33m[Warning][0m: Connection to login-server lost (connection #2).
[1;33m[Warning][0m: Connection to login-server lost (connection #2).
[1;35m[SQL][0m: DB error - MySQL server has gone away
[1;31m[Error][0m: make_connection: connect failed (socket #2, code 10065)!
[1;35m[SQL][0m: DB error - MySQL server has gone away
[1;35m[SQL][0m: DB error - MySQL server has gone away
[1;35m[SQL][0m: DB error - MySQL server has gone away
[1;35m[SQL][0m: DB error - MySQL server has gone away
[1;35m[SQL][0m: DB error - MySQL server has gone away
[1;35m[SQL][0m: DB error - MySQL server has gone away
[1;35m[SQL][0m: DB error - MySQL server has gone away
[1;35m[SQL][0m: DB error - MySQL server has gone away
[1;35m[SQL][0m: DB error - MySQL server has gone away
[1;35m[SQL][0m: DB error - MySQL server has gone away
[1;35m[SQL][0m: DB error - MySQL server has gone away
[1;35m[SQL][0m: DB error - MySQL server has gone away
[1;35m[SQL][0m: DB error - MySQL server has gone away
[1;35m[SQL][0m: DB error - MySQL server has gone away
[1;35m[SQL][0m: DB error - MySQL server has gone away
[1;35m[SQL][0m: DB error - MySQL server has gone away
[1;35m[SQL][0m: DB error - MySQL server has gone away
[1;35m[SQL][0m: DB error - MySQL server has gone away
[1;35m[SQL][0m: DB error - MySQL server has gone away
[1;35m[SQL][0m: DB error - MySQL server has gone away
[1;35m[SQL][0m: DB error - MySQL server has gone away
[1;35m[SQL][0m: DB error - MySQL server has gone away
[1;35m[SQL][0m: DB error - MySQL server has gone away
[1;35m[SQL][0m: DB error - MySQL server has gone away
[1;35m[SQL][0m: DB error - MySQL server has gone away
[1;35m[SQL][0m: DB error - MySQL server has gone away
[1;35m[SQL][0m: DB error - MySQL server has gone away
[1;35m[SQL][0m: DB error - MySQL server has gone away
[1;35m[SQL][0m: DB error - MySQL server has gone away
[1;35m[SQL][0m: DB error - MySQL server has gone away
[1;33m[Warning][0m: Connection to login-server lost (connection #2).
[1;31m[Error][0m: make_connection: connect failed (socket #2, code 10060)!
[1;33m[Warning][0m: Connection to login-server lost (connection #4).
[1;31m[Error][0m: make_connection: connect failed (socket #3, code 10065)!
[1;31m[Error][0m: make_connection: connect failed (socket #3, code 10065)!
[1;31m[Error][0m: make_connection: connect failed (socket #3, code 10065)!
[1;31m[Error][0m: make_connection: connect failed (socket #3, code 10065)!
[1;31m[Error][0m: make_connection: connect failed (socket #3, code 10065)!
[1;31m[Error][0m: make_connection: connect failed (socket #3, code 10065)!
[1;31m[Error][0m: make_connection: connect failed (socket #3, code 10065)!
[1;31m[Error][0m: make_connection: connect failed (socket #3, code 10065)!
[1;31m[Error][0m: make_connection: connect failed (socket #3, code 10065)!
[1;31m[Error][0m: make_connection: connect failed (socket #3, code 10065)!
[1;31m[Error][0m: make_connection: connect failed (socket #3, code 10065)!
[1;31m[Error][0m: make_connection: connect failed (socket #3, code 10065)!
[1;31m[Error][0m: make_connection: connect failed (socket #3, code 10065)!
[1;31m[Error][0m: make_connection: connect failed (socket #3, code 10065)!
[1;31m[Error][0m: make_connection: connect failed (socket #3, code 10065)!
[1;31m[Error][0m: make_connection: connect failed (socket #3, code 10065)!
[1;31m[Error][0m: make_connection: connect failed (socket #3, code 10065)!
[1;31m[Error][0m: make_connection: connect failed (socket #3, code 10065)!
[1;31m[Error][0m: make_connection: connect failed (socket #3, code 10065)!
[1;31m[Error][0m: make_connection: connect failed (socket #3, code 10065)!
[1;31m[Error][0m: make_connection: connect failed (socket #3, code 10065)!
[1;31m[Error][0m: make_connection: connect failed (socket #3, code 10065)!
[1;31m[Error][0m: make_connection: connect failed (socket #3, code 10065)!
[1;31m[Error][0m: make_connection: connect failed (socket #3, code 10065)!
[1;31m[Error][0m: make_connection: connect failed (socket #3, code 10065)!
[1;31m[Error][0m: make_connection: connect failed (socket #3, code 10065)!
[1;31m[Error][0m: make_connection: connect failed (socket #3, code 10065)!
[1;31m[Error][0m: make_connection: connect failed (socket #3, code 10065)!
[1;31m[Error][0m: make_connection: connect failed (socket #3, code 10065)!
[1;31m[Error][0m: make_connection: connect failed (socket #3, code 10065)!
[1;31m[Error][0m: make_connection: connect failed (socket #3, code 10065)!
[1;31m[Error][0m: make_connection: connect failed (socket #3, code 10065)!
[1;31m[Error][0m: make_connection: connect failed (socket #3, code 10065)!
[1;31m[Error][0m: make_connection: connect failed (socket #3, code 10065)!
[1;31m[Error][0m: make_connection: connect failed (socket #3, code 10065)!
[1;31m[Error][0m: make_connection: connect failed (socket #3, code 10065)!
[1;31m[Error][0m: make_connection: connect failed (socket #3, code 10065)!
[1;31m[Error][0m: make_connection: connect failed (socket #3, code 10065)!
[1;31m[Error][0m: make_connection: connect failed (socket #3, code 10065)!
[1;31m[Error][0m: make_connection: connect failed (socket #3, code 10065)!
[1;31m[Error][0m: make_connection: connect failed (socket #3, code 10065)!
[1;31m[Error][0m: make_connection: connect failed (socket #3, code 10065)!
[1;31m[Error][0m: make_connection: connect failed (socket #3, code 10065)!
[1;31m[Error][0m: make_connection: connect failed (socket #3, code 10065)!
[1;31m[Error][0m: make_connection: connect failed (socket #3, code 10065)!
[1;31m[Error][0m: make_connection: connect failed (socket #3, code 10065)!
[1;31m[Error][0m: make_connection: connect failed (socket #3, code 10065)!
[1;31m[Error][0m: make_connection: connect failed (socket #3, code 10065)!
[1;31m[Error][0m: make_connection: connect failed (socket #3, code 10065)!
[1;31m[Error][0m: make_connection: connect failed (socket #3, code 10065)!
[1;31m[Error][0m: make_connection: connect failed (socket #3, code 10065)!
[1;31m[Error][0m: make_connection: connect failed (socket #3, code 10065)!
[1;31m[Error][0m: make_connection: connect failed (socket #3, code 10065)!
[1;31m[Error][0m: make_connection: connect failed (socket #3, code 10065)!
[1;31m[Error][0m: make_connection: connect failed (socket #3, code 10065)!
[1;31m[Error][0m: make_connection: connect failed (socket #3, code 10065)!
[1;31m[Error][0m: make_connection: connect failed (socket #3, code 10065)!
[1;31m[Error][0m: make_connection: connect failed (socket #3, code 10065)!
[1;31m[Error][0m: make_connection: connect failed (socket #3, code 10065)!
[1;33m[Warning][0m: Connection to login-server lost (connection #3).
[1;31m[Error][0m: make_connection: connect failed (socket #3, code 10060)!
[1;33m[Warning][0m: Connection to login-server lost (connection #4).
[1;33m[Warning][0m: Connection to login-server lost (connection #2).
[1;33m[Warning][0m: Connection to login-server lost (connection #2).
[1;33m[Warning][0m: Connection to login-server lost (connection #2).
[1;31m[Error][0m: make_connection: connect failed (socket #2, code 10060)!
[1;33m[Warning][0m: Connection to login-server lost (connection #4).
[1;33m[Warning][0m: Connection to login-server lost (connection #3).
[1;33m[Warning][0m: Connection to login-server lost (connection #3).
[1;33m[Warning][0m: Connection to login-server lost (connection #3).
[1;33m[Warning][0m: Connection to login-server lost (connection #3).
[1;31m[Error][0m: make_connection: connect failed (socket #3, code 10060)!
[1;33m[Warning][0m: Connection to login-server lost (connection #4).
[1;31m[Error][0m: Can not connect to login-server.
[1;31m[Error][0m: The server communication passwords (default s1/p1) are probably invalid.
[1;31m[Error][0m: Also, please make sure your login db has the correct communication username/passwords and the gender of the account is S.
[1;31m[Error][0m: The communication passwords are set in map_athena.conf and char_athena.conf
[1;33m[Warning][0m: Connection to login-server lost (connection #2).
[1;33m[Warning][0m: Connection to login-server lost (connection #2).
[1;33m[Warning][0m: Connection to login-server lost (connection #2).
[1;33m[Warning][0m: Connection to login-server lost (connection #2).
[1;33m[Warning][0m: Connection to login-server lost (connection #2).
[1;33m[Warning][0m: Connection to login-server lost (connection #2).
[1;33m[Warning][0m: Connection to login-server lost (connection #2).
[1;33m[Warning][0m: Connection to login-server lost (connection #2).
[1;33m[Warning][0m: Connection to login-server lost (connection #2).
[1;33m[Warning][0m: Connection to login-server lost (connection #2).
[1;33m[Warning][0m: Connection to login-server lost (connection #2).
[1;33m[Warning][0m: Connection to login-server lost (connection #2).
[1;33m[Warning][0m: Connection to login-server lost (connection #2).
[1;33m[Warning][0m: Connection to login-server lost (connection #2).
[1;33m[Warning][0m: Connection to login-server lost (connection #2).
[1;33m[Warning][0m: Connection to login-server lost (connection #2).
[1;33m[Warning][0m: Connection to login-server lost (connection #2).
[1;33m[Warning][0m: Connection to login-server lost (connection #2).
[1;31m[Error][0m: make_connection: connect failed (socket #2, code 10060)!
[1;33m[Warning][0m: Connection to login-server lost (connection #2).
[1;33m[Warning][0m: Connection to login-server lost (connection #2).
[1;33m[Warning][0m: Connection to login-server lost (connection #2).
[1;31m[Error][0m: make_connection: connect failed (socket #2, code 10060)!
[1;33m[Warning][0m: Connection to login-server lost (connection #4).
[1;31m[Error][0m: Can not connect to login-server.
[1;31m[Error][0m: The server communication passwords (default s1/p1) are probably invalid.
[1;31m[Error][0m: Also, please make sure your login db has the correct communication username/passwords and the gender of the account is S.
[1;31m[Error][0m: The communication passwords are set in map_athena.conf and char_athena.conf
[1;33m[Warning][0m: Connection to login-server lost (connection #3).
[1;33m[Warning][0m: Connection to login-server lost (connection #3).
[1;31m[Error][0m: parse_from_map (save-char): Received data for non-existant/offline character (6004896:171644).
[1;33m[Warning][0m: Connection to login-server lost (connection #3).
[1;33m[Warning][0m: Connection to login-server lost (connection #3).
[1;33m[Warning][0m: Connection to login-server lost (connection #3).
[1;33m[Warning][0m: Connection to login-server lost (connection #3).
[1;33m[Warning][0m: Connection to login-server lost (connection #3).
[1;33m[Warning][0m: Connection to login-server lost (connection #3).
[1;33m[Warning][0m: Connection to login-server lost (connection #3).
[1;33m[Warning][0m: Connection to login-server lost (connection #3).
[1;33m[Warning][0m: Connection to login-server lost (connection #3).
[1;33m[Warning][0m: Connection to login-server lost (connection #3).
[1;33m[Warning][0m: Connection to login-server lost (connection #3).
[1;33m[Warning][0m: Connection to login-server lost (connection #3).
[1;33m[Warning][0m: Connection to login-server lost (connection #3).
[1;33m[Warning][0m: Connection to login-server lost (connection #2).
[1;33m[Warning][0m: Connection to login-server lost (connection #2).
[1;33m[Warning][0m: Connection to login-server lost (connection #2).
[1;33m[Warning][0m: Connection to login-server lost (connection #2).
[1;33m[Warning][0m: Connection to login-server lost (connection #2).
[1;31m[Error][0m: Can not connect to login-server.
[1;31m[Error][0m: The server communication passwords (default s1/p1) are probably invalid.
[1;31m[Error][0m: Also, please make sure your login db has the correct communication username/passwords and the gender of the account is S.
[1;31m[Error][0m: The communication passwords are set in map_athena.conf and char_athena.conf
[1;33m[Warning][0m: Connection to login-server lost (connection #2).
[1;33m[Warning][0m: Connection to login-server lost (connection #2).
[1;31m[Error][0m: make_connection: connect failed (socket #2, code 10065)!
[1;31m[Error][0m: make_connection: connect failed (socket #2, code 10065)!
[1;31m[Error][0m: make_connection: connect failed (socket #2, code 10065)!
[1;31m[Error][0m: make_connection: connect failed (socket #2, code 10065)!
[1;31m[Error][0m: make_connection: connect failed (socket #2, code 10065)!
[1;31m[Error][0m: make_connection: connect failed (socket #2, code 10065)!
[1;31m[Error][0m: make_connection: connect failed (socket #2, code 10065)!
[1;31m[Error][0m: make_connection: connect failed (socket #2, code 10065)!
[1;33m[Warning][0m: Connection to login-server lost (connection #2).
[1;33m[Warning][0m: Connection to login-server lost (connection #2).
[1;33m[Warning][0m: Connection to login-server lost (connection #2).
[1;33m[Warning][0m: Connection to login-server lost (connection #2).
[1;33m[Warning][0m: Connection to login-server lost (connection #2).
[1;33m[Warning][0m: Connection to login-server lost (connection #2).
[1;33m[Warning][0m: Connection to login-server lost (connection #2).
[1;33m[Warning][0m: Connection to login-server lost (connection #2).
[1;33m[Warning][0m: Connection to login-server lost (connection #2).
[1;33m[Warning][0m: Connection to login-server lost (connection #2).
[1;33m[Warning][0m: Connection to login-server lost (connection #2).
[1;31m[Error][0m: make_connection: connect failed (socket #2, code 10060)!
[1;33m[Warning][0m: Connection to login-server lost (connection #4).
[1;33m[Warning][0m: Connection to login-server lost (connection #3).
[1;33m[Warning][0m: Connection to login-server lost (connection #3).
[1;33m[Warning][0m: Connection to login-server lost (connection #3).
[1;33m[Warning][0m: Connection to login-server lost (connection #3).
[1;33m[Warning][0m: Connection to login-server lost (connection #3).
[1;33m[Warning][0m: Connection to login-server lost (connection #3).
[1;33m[Warning][0m: Connection to login-server lost (connection #3).
[1;33m[Warning][0m: Connection to login-server lost (connection #2).
[1;33m[Warning][0m: Connection to login-server lost (connection #2).
[1;33m[Warning][0m: Connection to login-server lost (connection #2).
[1;33m[Warning][0m: Connection to login-server lost (connection #2).
[1;33m[Warning][0m: Connection to login-server lost (connection #2).
[1;33m[Warning][0m: Connection to login-server lost (connection #2).
[1;33m[Warning][0m: Connection to login-server lost (connection #2).
[1;33m[Warning][0m: Connection to login-server lost (connection #2).
[1;33m[Warning][0m: Connection to login-server lost (connection #2).
[1;33m[Warning][0m: Connection to login-server lost (connection #2).
[1;33m[Warning][0m: Connection to login-server lost (connection #2).
[1;33m[Warning][0m: Connection to login-server lost (connection #2).
[1;33m[Warning][0m: Connection to login-server lost (connection #2).
[1;33m[Warning][0m: Connection to login-server lost (connection #2).
[1;31m[Error][0m: Can not connect to login-server.
[1;31m[Error][0m: The server communication passwords (default s1/p1) are probably invalid.
[1;31m[Error][0m: Also, please make sure your login db has the correct communication username/passwords and the gender of the account is S.
[1;31m[Error][0m: The communication passwords are set in map_athena.conf and char_athena.conf
[1;33m[Warning][0m: Connection to login-server lost (connection #2).
[1;31m[Error][0m: Can not connect to login-server.
[1;31m[Error][0m: The server communication passwords (default s1/p1) are probably invalid.
[1;31m[Error][0m: Also, please make sure your login db has the correct communication username/passwords and the gender of the account is S.
[1;31m[Error][0m: The communication passwords are set in map_athena.conf and char_athena.conf
[1;33m[Warning][0m: Connection to login-server lost (connection #2).
[1;33m[Warning][0m: Connection to login-server lost (connection #2).
[1;33m[Warning][0m: Connection to login-server lost (connection #2).
[1;33m[Warning][0m: Connection to login-server lost (connection #2).
[1;31m[Error][0m: Can not connect to login-server.
[1;31m[Error][0m: The server communication passwords (default s1/p1) are probably invalid.
[1;31m[Error][0m: Also, please make sure your login db has the correct communication username/passwords and the gender of the account is S.
[1;31m[Error][0m: The communication passwords are set in map_athena.conf and char_athena.conf
[1;33m[Warning][0m: Connection to login-server lost (connection #2).
[1;31m[Error][0m: Can not connect to login-server.
[1;31m[Error][0m: The server communication passwords (default s1/p1) are probably invalid.
[1;31m[Error][0m: Also, please make sure your login db has the correct communication username/passwords and the gender of the account is S.
[1;31m[Error][0m: The communication passwords are set in map_athena.conf and char_athena.conf
[1;33m[Warning][0m: Connection to login-server lost (connection #2).
[1;33m[Warning][0m: Connection to login-server lost (connection #2).
[1;33m[Warning][0m: Connection to login-server lost (connection #2).
[1;33m[Warning][0m: Connection to login-server lost (connection #2).
[1;33m[Warning][0m: Connection to login-server lost (connection #2).
[1;33m[Warning][0m: Connection to login-server lost (connection #2).
[1;33m[Warning][0m: Connection to login-server lost (connection #2).
[1;33m[Warning][0m: Connection to login-server lost (connection #2).
[1;31m[Error][0m: make_connection: connect failed (socket #2, code 10060)!
[1;31m[Error][0m: make_connection: connect failed (socket #2, code 10060)!
[1;33m[Warning][0m: Connection to login-server lost (connection #2).
[1;33m[Warning][0m: Connection to login-server lost (connection #2).
[1;33m[Warning][0m: Connection to login-server lost (connection #2).
[1;33m[Warning][0m: Connection to login-server lost (connection #2).
[1;33m[Warning][0m: Connection to login-server lost (connection #2).
[1;33m[Warning][0m: Connection to login-server lost (connection #2).
[1;31m[Error][0m: Can not connect to login-server.
[1;31m[Error][0m: The server communication passwords (default s1/p1) are probably invalid.
[1;31m[Error][0m: Also, please make sure your login db has the correct communication username/passwords and the gender of the account is S.
[1;31m[Error][0m: The communication passwords are set in map_athena.conf and char_athena.conf
[1;33m[Warning][0m: Connection to login-server lost (connection #2).
[1;33m[Warning][0m: Connection to login-server lost (connection #2).
[1;33m[Warning][0m: Connection to login-server lost (connection #2).
[1;33m[Warning][0m: Connection to login-server lost (connection #2).
[1;33m[Warning][0m: Connection to login-server lost (connection #2).
[1;33m[Warning][0m: Connection to login-server lost (connection #2).
[1;33m[Warning][0m: Connection to login-server lost (connection #2).
[1;33m[Warning][0m: Connection to login-server lost (connection #2).
