[1;36m[Debug][0m: script debug : 0 110051107 : Sem woe no prtg_cas02 (gefg_cas02/)
[1;36m[Debug][0m: script debug : 0 110051068 : Sem woe no prtg_cas01 (gefg_cas02/)
[1;31m[Error][0m: get_percentage(): divison by zero! (A=2296014437,B=0)
[1;31m[Error][0m: party_member_added: party 191814 not found.
[1;31m[Error][0m: status_change_timer: Unexpected NULL status change id: 2016946 data: 112
[1;36m[Debug][0m: script debug : 0 110000085 : Base prtg_cas02 sem woe. gefg_cas02/
[1;36m[Debug][0m: script debug : 0 110000046 : Base prtg_cas01 sem woe. gefg_cas02/
[1;36m[Debug][0m: unit_remove_map: unexpected state when removing player AID/CID:6014706/658443 (active=1 connect_new=0 rewarp=0 changemap=0 debug_remove_map=1) from map=gefg_cas02 (users=19). Previous call from c:\server\easvn\src\map\unit.c:1798(), current call from c:\server\easvn\src\map\unit.c:1798(). Please report this!!!
[1;36m[Debug][0m: unit_remove_map: unexpected state when removing player AID/CID:6019107/683030 (active=1 connect_new=0 rewarp=0 changemap=0 debug_remove_map=1) from map=gefg_cas02 (users=21). Previous call from c:\server\easvn\src\map\unit.c:1798(), current call from c:\server\easvn\src\map\unit.c:1798(). Please report this!!!
[1;33m[Warning][0m: clif_parse_Mail_read: char 'ScaryAcidzNess' trying to read a message not the inbox.
[1;36m[Debug][0m: unit_remove_map: unexpected state when removing player AID/CID:6002137/613291 (active=1 connect_new=0 rewarp=0 changemap=0 debug_remove_map=1) from map=gefg_cas02 (users=20). Previous call from c:\server\easvn\src\map\unit.c:1798(), current call from c:\server\easvn\src\map\unit.c:1798(). Please report this!!!
[1;36m[Debug][0m: script debug : 0 110000085 : Sem woe no prtg_cas02 (gefg_cas02/)
[1;36m[Debug][0m: script debug : 0 110000046 : Sem woe no prtg_cas01 (gefg_cas02/)
[1;33m[Warning][0m: pc_bonus: unknown type 0 2 !
[1;33m[Warning][0m: pc_bonus: unknown type 0 2 !
[1;33m[Warning][0m: pc_bonus: unknown type 0 2 !
[1;33m[Warning][0m: pc_bonus: unknown type 0 2 !
[1;33m[Warning][0m: pc_bonus: unknown type 0 2 !
[1;33m[Warning][0m: pc_bonus: unknown type 0 2 !
[1;33m[Warning][0m: pc_bonus: unknown type 0 2 !
[1;33m[Warning][0m: pc_bonus: unknown type 0 2 !
[1;33m[Warning][0m: pc_bonus: unknown type 0 2 !
[1;33m[Warning][0m: pc_bonus: unknown type 0 2 !
[1;33m[Warning][0m: pc_bonus: unknown type 0 2 !
[1;33m[Warning][0m: pc_bonus: unknown type 0 2 !
[1;33m[Warning][0m: pc_bonus: unknown type 0 2 !
[1;33m[Warning][0m: pc_bonus: unknown type 0 2 !
[1;33m[Warning][0m: pc_bonus: unknown type 0 2 !
[1;33m[Warning][0m: pc_bonus: unknown type 0 2 !
[1;33m[Warning][0m: pc_bonus: unknown type 0 2 !
[1;33m[Warning][0m: pc_bonus: unknown type 0 2 !
[1;33m[Warning][0m: pc_bonus: unknown type 0 2 !
[1;33m[Warning][0m: pc_bonus: unknown type 0 2 !
[1;33m[Warning][0m: pc_bonus: unknown type 0 2 !
[1;33m[Warning][0m: pc_bonus: unknown type 0 2 !
[1;33m[Warning][0m: pc_bonus: unknown type 0 2 !
[1;33m[Warning][0m: pc_bonus: unknown type 0 2 !
[1;33m[Warning][0m: pc_bonus: unknown type 0 2 !
[1;33m[Warning][0m: pc_bonus: unknown type 0 2 !
[1;33m[Warning][0m: pc_bonus: unknown type 0 2 !
[1;33m[Warning][0m: pc_bonus: unknown type 0 2 !
[1;33m[Warning][0m: pc_bonus: unknown type 0 2 !
[1;33m[Warning][0m: pc_bonus: unknown type 0 2 !
[1;33m[Warning][0m: pc_bonus: unknown type 0 2 !
[1;33m[Warning][0m: pc_bonus: unknown type 0 2 !
[1;33m[Warning][0m: pc_bonus: unknown type 0 2 !
[1;33m[Warning][0m: pc_bonus: unknown type 0 2 !
[1;33m[Warning][0m: pc_bonus: unknown type 0 2 !
[1;33m[Warning][0m: pc_bonus: unknown type 0 2 !
[1;33m[Warning][0m: pc_bonus: unknown type 0 2 !
[1;33m[Warning][0m: pc_bonus: unknown type 0 2 !
[1;33m[Warning][0m: pc_bonus: unknown type 0 2 !
[1;33m[Warning][0m: pc_bonus: unknown type 0 2 !
[1;33m[Warning][0m: pc_bonus: unknown type 0 2 !
[1;33m[Warning][0m: pc_bonus: unknown type 0 2 !
[1;33m[Warning][0m: pc_bonus: unknown type 0 2 !
[1;33m[Warning][0m: pc_bonus: unknown type 0 2 !
[1;33m[Warning][0m: pc_bonus: unknown type 0 2 !
[1;33m[Warning][0m: pc_bonus: unknown type 0 2 !
[1;33m[Warning][0m: clif_process_message: Player '*~Bardo~*' sent an unterminated name!
[1;33m[Warning][0m: clif_process_message: Player '*~Bardo~*' sent an unterminated name!
[1;33m[Warning][0m: clif_process_message: Player 'Dalton ~ MvP' sent an unterminated name!
[1;33m[Warning][0m: clif_process_message: Player '*~Bardo~*' sent an unterminated name!
[1;33m[Warning][0m: clif_process_message: Player '*~Bardo~*' sent an unterminated name!
[1;33m[Warning][0m: clif_process_message: Player '*~Bardo~*' sent an unterminated name!
[1;33m[Warning][0m: clif_process_message: Player '*~Bardo~*' sent an unterminated name!
[1;36m[Debug][0m: script:menu: selection is out of range (1 pairs are missing?) - please report this
[1;36m[Debug][0m: Source (NPC): Cidade Principal at pvp_y_room (51,17)
[1;33m[Warning][0m: pc_bonus: unknown type 0 2 !
[1;33m[Warning][0m: pc_bonus: unknown type 0 2 !
[1;33m[Warning][0m: pc_bonus: unknown type 0 2 !
