[1;35m[SQL][0m: DB error - MySQL server has gone away
[1;36m[Debug][0m: at ..\src\map\script.c:3389 - UPDATE `mapreg` SET `value`='1583' WHERE `varname`='$MVPs' AND `index`='27'
[1;35m[SQL][0m: DB error - MySQL server has gone away
[1;36m[Debug][0m: at ..\src\map\script.c:3389 - UPDATE `mapreg` SET `value`='1112' WHERE `varname`='$MVPs' AND `index`='7'
[1;35m[SQL][0m: DB error - MySQL server has gone away
[1;36m[Debug][0m: at ..\src\map\script.c:3389 - UPDATE `mapreg` SET `value`='1252' WHERE `varname`='$MVPs' AND `index`='16'
[1;35m[SQL][0m: DB error - MySQL server has gone away
[1;36m[Debug][0m: at ..\src\map\script.c:3389 - UPDATE `mapreg` SET `value`='1518' WHERE `varname`='$MVPs' AND `index`='25'
[1;35m[SQL][0m: DB error - MySQL server has gone away
[1;36m[Debug][0m: at ..\src\map\script.c:3389 - UPDATE `mapreg` SET `value`='1087' WHERE `varname`='$MVPs' AND `index`='5'
[1;35m[SQL][0m: DB error - MySQL server has gone away
[1;36m[Debug][0m: at ..\src\map\script.c:3389 - UPDATE `mapreg` SET `value`='2250' WHERE `varname`='$MVPs' AND `index`='34'
[1;35m[SQL][0m: DB error - MySQL server has gone away
[1;36m[Debug][0m: at ..\src\map\script.c:3389 - UPDATE `mapreg` SET `value`='1190' WHERE `varname`='$MVPs' AND `index`='14'
[1;35m[SQL][0m: DB error - MySQL server has gone away
[1;36m[Debug][0m: at ..\src\map\script.c:3389 - UPDATE `mapreg` SET `value`='1492' WHERE `varname`='$MVPs' AND `index`='23'
[1;35m[SQL][0m: DB error - MySQL server has gone away
[1;36m[Debug][0m: at ..\src\map\script.c:3389 - UPDATE `mapreg` SET `value`='1059' WHERE `varname`='$MVPs' AND `index`='3'
[1;35m[SQL][0m: DB error - MySQL server has gone away
[1;36m[Debug][0m: at ..\src\map\script.c:3389 - UPDATE `mapreg` SET `value`='1734' WHERE `varname`='$MVPs' AND `index`='32'
[1;35m[SQL][0m: DB error - MySQL server has gone away
[1;36m[Debug][0m: at ..\src\map\script.c:3389 - UPDATE `mapreg` SET `value`='1157' WHERE `varname`='$MVPs' AND `index`='12'
[1;35m[SQL][0m: DB error - MySQL server has gone away
[1;36m[Debug][0m: at ..\src\map\script.c:3389 - UPDATE `mapreg` SET `value`='1389' WHERE `varname`='$MVPs' AND `index`='21'
[1;35m[SQL][0m: DB error - MySQL server has gone away
[1;36m[Debug][0m: at ..\src\map\script.c:3389 - UPDATE `mapreg` SET `value`='1039' WHERE `varname`='$MVPs' AND `index`='1'
[1;35m[SQL][0m: DB error - MySQL server has gone away
[1;36m[Debug][0m: at ..\src\map\script.c:3389 - UPDATE `mapreg` SET `value`='1685' WHERE `varname`='$MVPs' AND `index`='30'
[1;35m[SQL][0m: DB error - MySQL server has gone away
[1;36m[Debug][0m: at ..\src\map\script.c:3389 - UPDATE `mapreg` SET `value`='1147' WHERE `varname`='$MVPs' AND `index`='10'
[1;35m[SQL][0m: DB error - MySQL server has gone away
[1;36m[Debug][0m: at ..\src\map\script.c:3389 - UPDATE `mapreg` SET `value`='1373' WHERE `varname`='$MVPs' AND `index`='19'
[1;35m[SQL][0m: DB error - MySQL server has gone away
[1;36m[Debug][0m: at ..\src\map\script.c:3389 - UPDATE `mapreg` SET `value`='1623' WHERE `varname`='$MVPs' AND `index`='28'
[1;35m[SQL][0m: DB error - MySQL server has gone away
[1;36m[Debug][0m: at ..\src\map\script.c:3389 - UPDATE `mapreg` SET `value`='1115' WHERE `varname`='$MVPs' AND `index`='8'
[1;35m[SQL][0m: DB error - MySQL server has gone away
[1;36m[Debug][0m: at ..\src\map\script.c:3389 - UPDATE `mapreg` SET `value`='1272' WHERE `varname`='$MVPs' AND `index`='17'
[1;35m[SQL][0m: DB error - MySQL server has gone away
[1;36m[Debug][0m: at ..\src\map\script.c:3389 - UPDATE `mapreg` SET `value`='1582' WHERE `varname`='$MVPs' AND `index`='26'
[1;35m[SQL][0m: DB error - MySQL server has gone away
[1;36m[Debug][0m: at ..\src\map\script.c:3389 - UPDATE `mapreg` SET `value`='1096' WHERE `varname`='$MVPs' AND `index`='6'
[1;35m[SQL][0m: DB error - MySQL server has gone away
[1;36m[Debug][0m: at ..\src\map\script.c:3389 - UPDATE `mapreg` SET `value`='2251' WHERE `varname`='$MVPs' AND `index`='35'
[1;35m[SQL][0m: DB error - MySQL server has gone away
[1;36m[Debug][0m: at ..\src\map\script.c:3389 - UPDATE `mapreg` SET `value`='1251' WHERE `varname`='$MVPs' AND `index`='15'
[1;35m[SQL][0m: DB error - MySQL server has gone away
[1;36m[Debug][0m: at ..\src\map\script.c:3389 - UPDATE `mapreg` SET `value`='1511' WHERE `varname`='$MVPs' AND `index`='24'
[1;35m[SQL][0m: DB error - MySQL server has gone away
[1;36m[Debug][0m: at ..\src\map\script.c:3389 - UPDATE `mapreg` SET `value`='1086' WHERE `varname`='$MVPs' AND `index`='4'
[1;35m[SQL][0m: DB error - MySQL server has gone away
[1;36m[Debug][0m: at ..\src\map\script.c:3389 - UPDATE `mapreg` SET `value`='1768' WHERE `varname`='$MVPs' AND `index`='33'
[1;35m[SQL][0m: DB error - MySQL server has gone away
[1;36m[Debug][0m: at ..\src\map\script.c:3389 - UPDATE `mapreg` SET `value`='1159' WHERE `varname`='$MVPs' AND `index`='13'
[1;35m[SQL][0m: DB error - MySQL server has gone away
[1;36m[Debug][0m: at ..\src\map\script.c:3389 - UPDATE `mapreg` SET `value`='1418' WHERE `varname`='$MVPs' AND `index`='22'
[1;35m[SQL][0m: DB error - MySQL server has gone away
[1;36m[Debug][0m: at ..\src\map\script.c:3389 - UPDATE `mapreg` SET `value`='1046' WHERE `varname`='$MVPs' AND `index`='2'
[1;35m[SQL][0m: DB error - MySQL server has gone away
[1;36m[Debug][0m: at ..\src\map\script.c:3389 - UPDATE `mapreg` SET `value`='1688' WHERE `varname`='$MVPs' AND `index`='31'
[1;35m[SQL][0m: DB error - MySQL server has gone away
[1;36m[Debug][0m: at ..\src\map\script.c:3389 - UPDATE `mapreg` SET `value`='1150' WHERE `varname`='$MVPs' AND `index`='11'
[1;35m[SQL][0m: DB error - MySQL server has gone away
[1;36m[Debug][0m: at ..\src\map\script.c:3414 - UPDATE `mapreg` SET `value`='0' WHERE `varname`='$nomepremio$' AND `index`='0'
[1;35m[SQL][0m: DB error - MySQL server has gone away
[1;36m[Debug][0m: at ..\src\map\script.c:3414 - UPDATE `mapreg` SET `value`='Cortez GM Team' WHERE `varname`='$GuildEmperiumGVG$' AND `index`='0'
[1;35m[SQL][0m: DB error - MySQL server has gone away
[1;36m[Debug][0m: at ..\src\map\script.c:3414 - UPDATE `mapreg` SET `value`='Spirit' WHERE `varname`='$leilaonomejogador$' AND `index`='0'
[1;35m[SQL][0m: DB error - MySQL server has gone away
[1;36m[Debug][0m: at ..\src\map\script.c:3414 - UPDATE `mapreg` SET `value`='Asa de Gárgula' WHERE `varname`='$leilaonomeitem$' AND `index`='0'
[1;35m[SQL][0m: DB error - MySQL server has gone away
[1;36m[Debug][0m: at ..\src\map\script.c:3414 - UPDATE `mapreg` SET `value`='Testes' WHERE `varname`='$serv$' AND `index`='0'
[1;31m[Error][0m: mob_skill: Non existant Mob id 1956 at mob_skill_db.txt, line 4832
[1;31m[Error][0m: mob_skill: Non existant Mob id 1956 at mob_skill_db.txt, line 4832
[1;36m[Debug][0m: mapindex_name2id: Map "moc_pryd06 " not found in index list!
[1;36m[Debug][0m: mapindex_name2id: Map "moc_pryd06 " not found in index list!
[1;36m[Debug][0m: mapindex_name2id: Map "moc_pryd06 " not found in index list!
[1;36m[Debug][0m: mapindex_name2id: Map "moc_pryd06 " not found in index list!
[1;33m[Warning][0m: Map Server disconnected from Char Server.

[1;31m[Error][0m: make_connection: connect failed (socket #2, code 10061)!
[1;31m[Error][0m: mob_skill: Non existant Mob id 1956 at mob_skill_db.txt, line 4832
[1;33m[Warning][0m: Map Server disconnected from Char Server.

[1;31m[Error][0m: mob_skill: Non existant Mob id 1956 at mob_skill_db.txt, line 4832
[1;36m[Debug][0m: script debug : 0 110000124 : Base gefg_cas02 sem woe. prtg_cas01/prtg_cas02
[1;36m[Debug][0m: script debug : 0 110000003 : Base  sem woe. prtg_cas01/prtg_cas02
[1;36m[Debug][0m: script debug : 0 110000124 : Sem woe no gefg_cas02 (prtg_cas01/prtg_cas02)
[1;36m[Debug][0m: script debug : 0 110000003 : Sem woe no  (prtg_cas01/prtg_cas02)
[1;33m[Warning][0m: Value for setting 'packet_ver_flag': 0xFFFFF is invalid (min:0 max:65535)! Defaulting to 65535...
[1;33m[Warning][0m: Unknown setting 'display_status_timers' in file conf/battle/client.conf
[1;33m[Warning][0m: Unknown setting 'display_status_timers' in file conf/import_t/battle_conf.txt
[1;31m[Error][0m: mob_skill: Non existant Mob id 1956 at mob_skill_db.txt, line 4832
[1;31m[Error][0m: 
script error on npc/cortez/giveitem.txt line 38
    Unexpected newline at string.
    33 : 
    34 : 	L_Eventos:
    35 : 		mes	"[^660066 Entregador de Prêmios ^000000]";
    36 : 		mes "Escolha o prêmio";
    37 : 		menu "Dado da Morte",L_Dado,"Godzilla Z0MG",L_Godzilla,"Clique Rapido",L_Clique,"Carta do Destino",L_Carta,"Corrida de GH,L_Corrida,"Nada disso",L_FAIL;
*   38 : 		next;
    39 : 
    40 : 	L_Dado:
    41 : 		set .@nomePremio$, "3 Moedas Cortez";
    42 : 		setarray .@id[0], 7539;
    43 : 		setarray .@qtde[0], 3;
[1;31m[Error][0m: make_connection: connect failed (socket #2, code 10061)!
[1;31m[Error][0m: make_connection: connect failed (socket #2, code 10061)!
[1;31m[Error][0m: make_connection: connect failed (socket #2, code 10061)!
[1;31m[Error][0m: make_connection: connect failed (socket #2, code 10061)!
[1;31m[Error][0m: make_connection: connect failed (socket #2, code 10061)!
[1;33m[Warning][0m: Value for setting 'packet_ver_flag': 0xFFFFF is invalid (min:0 max:65535)! Defaulting to 65535...
[1;33m[Warning][0m: Unknown setting 'display_status_timers' in file conf/battle/client.conf
[1;33m[Warning][0m: Unknown setting 'display_status_timers' in file conf/import_t/battle_conf.txt
[1;31m[Error][0m: mob_skill: Non existant Mob id 1956 at mob_skill_db.txt, line 4832
[1;31m[Error][0m: make_connection: connect failed (socket #2, code 10061)!
[1;31m[Error][0m: make_connection: connect failed (socket #2, code 10061)!
[1;31m[Error][0m: script:menu: argument #2 (from 1) is not a label or label not found.
[1;36m[Debug][0m: Data: variable name='L_HATS'
[1;36m[Debug][0m: Source (NPC): Entregador de Prêmios at new_zone01 (65,116)
[1;33m[Warning][0m: Map Server disconnected from Char Server.

[1;36m[Debug][0m: script debug : 0 110000124 : Base gefg_cas02 sem woe. prtg_cas01/prtg_cas02
[1;36m[Debug][0m: script debug : 0 110000003 : Base  sem woe. prtg_cas01/prtg_cas02
[1;36m[Debug][0m: script debug : 0 110000124 : Sem woe no gefg_cas02 (prtg_cas01/prtg_cas02)
[1;36m[Debug][0m: script debug : 0 110000003 : Sem woe no  (prtg_cas01/prtg_cas02)
[1;31m[Error][0m: status_change_timer: Unexpected NULL status change id: 6003729 data: 112
[1;31m[Error][0m: script:menu: argument #2 (from 1) is not a label or label not found.
[1;36m[Debug][0m: Data: variable name='L_HATS'
[1;36m[Debug][0m: Source (NPC): Entregador de Prêmios at new_zone01 (65,116)
[1;35m[SQL][0m: DB error - Table 'rot.donate_log' doesn't exist
[1;36m[Debug][0m: at ..\src\map\script.c:11994 - insert into donate_log (dt,item,qtde,vlr,account_id) values (now(),9933,-1,0,'2000005'),(now(),'16121',1,0,'2000005')
[1;36m[Debug][0m: Source (NPC): FAKE_NPC (invisible/not on a map)
[1;35m[SQL][0m: DB error - Table 'rot.donate_log' doesn't exist
[1;36m[Debug][0m: at ..\src\map\script.c:11994 - insert into donate_log (dt,item,qtde,vlr,account_id) values (now(),9933,-1,0,'2000005'),(now(),'4403',1,0,'2000005')
[1;36m[Debug][0m: Source (NPC): FAKE_NPC (invisible/not on a map)
[1;35m[SQL][0m: DB error - Table 'rot.donate_log' doesn't exist
[1;36m[Debug][0m: at ..\src\map\script.c:11994 - insert into donate_log (dt,item,qtde,vlr,account_id) values (now(),9933,-1,0,'2000005'),(now(),'16123',1,0,'2000005')
[1;36m[Debug][0m: Source (NPC): FAKE_NPC (invisible/not on a map)
[1;35m[SQL][0m: DB error - Table 'rot.donate_log' doesn't exist
[1;36m[Debug][0m: at ..\src\map\script.c:11994 - insert into donate_log (dt,item,qtde,vlr,account_id) values (now(),9933,-1,0,'2000005'),(now(),'16126',1,0,'2000005')
[1;36m[Debug][0m: Source (NPC): FAKE_NPC (invisible/not on a map)
[1;35m[SQL][0m: DB error - Table 'rot.donate_log' doesn't exist
[1;36m[Debug][0m: at ..\src\map\script.c:11994 - insert into donate_log (dt,item,qtde,vlr,account_id) values (now(),9933,-1,0,'2000005'),(now(),'4302',1,0,'2000005')
[1;36m[Debug][0m: Source (NPC): FAKE_NPC (invisible/not on a map)
[1;35m[SQL][0m: DB error - Table 'rot.donate_log' doesn't exist
[1;36m[Debug][0m: at ..\src\map\script.c:11994 - insert into donate_log (dt,item,qtde,vlr,account_id) values (now(),9933,-1,0,'2000005'),(now(),'4365',1,0,'2000005')
[1;36m[Debug][0m: Source (NPC): FAKE_NPC (invisible/not on a map)
[1;35m[SQL][0m: DB error - Table 'rot.donate_log' doesn't exist
[1;36m[Debug][0m: at ..\src\map\script.c:11994 - insert into donate_log (dt,item,qtde,vlr,account_id) values (now(),9933,-1,0,'2000005'),(now(),'4168',1,0,'2000005')
[1;36m[Debug][0m: Source (NPC): FAKE_NPC (invisible/not on a map)
[1;35m[SQL][0m: DB error - Table 'rot.donate_log' doesn't exist
[1;36m[Debug][0m: at ..\src\map\script.c:11994 - insert into donate_log (dt,item,qtde,vlr,account_id) values (now(),9933,-1,0,'2000005'),(now(),'4374',1,0,'2000005')
[1;36m[Debug][0m: Source (NPC): FAKE_NPC (invisible/not on a map)
[1;35m[SQL][0m: DB error - Table 'rot.donate_log' doesn't exist
[1;36m[Debug][0m: at ..\src\map\script.c:11994 - insert into donate_log (dt,item,qtde,vlr,account_id) values (now(),9933,-1,0,'2000005'),(now(),'4324',1,0,'2000005')
[1;36m[Debug][0m: Source (NPC): FAKE_NPC (invisible/not on a map)
[1;35m[SQL][0m: DB error - Table 'rot.donate_log' doesn't exist
[1;36m[Debug][0m: at ..\src\map\script.c:11994 - insert into donate_log (dt,item,qtde,vlr,account_id) values (now(),9933,-1,0,'2000005'),(now(),'4276',1,0,'2000005')
[1;36m[Debug][0m: Source (NPC): FAKE_NPC (invisible/not on a map)
[1;35m[SQL][0m: DB error - Table 'rot.donate_log' doesn't exist
[1;36m[Debug][0m: at ..\src\map\script.c:11994 - insert into donate_log (dt,item,qtde,vlr,account_id) values (now(),9933,-1,0,'2000005'),(now(),'4403',1,0,'2000005')
[1;36m[Debug][0m: Source (NPC): FAKE_NPC (invisible/not on a map)
[1;35m[SQL][0m: DB error - Table 'rot.donate_log' doesn't exist
[1;36m[Debug][0m: at ..\src\map\script.c:11994 - insert into donate_log (dt,item,qtde,vlr,account_id) values (now(),9933,-1,0,'2000005'),(now(),'16125',1,0,'2000005')
[1;36m[Debug][0m: Source (NPC): FAKE_NPC (invisible/not on a map)
[1;35m[SQL][0m: DB error - Table 'rot.donate_log' doesn't exist
[1;36m[Debug][0m: at ..\src\map\script.c:11994 - insert into donate_log (dt,item,qtde,vlr,account_id) values (now(),9933,-1,0,'2000005'),(now(),'4236',1,0,'2000005')
[1;36m[Debug][0m: Source (NPC): FAKE_NPC (invisible/not on a map)
[1;35m[SQL][0m: DB error - Table 'rot.donate_log' doesn't exist
[1;36m[Debug][0m: at ..\src\map\script.c:11994 - insert into donate_log (dt,item,qtde,vlr,account_id) values (now(),9933,-1,0,'2000005'),(now(),'4330',1,0,'2000005')
[1;36m[Debug][0m: Source (NPC): FAKE_NPC (invisible/not on a map)
[1;35m[SQL][0m: DB error - Table 'rot.donate_log' doesn't exist
[1;36m[Debug][0m: at ..\src\map\script.c:11994 - insert into donate_log (dt,item,qtde,vlr,account_id) values (now(),9933,-1,0,'2000005'),(now(),'4318',1,0,'2000005')
[1;36m[Debug][0m: Source (NPC): FAKE_NPC (invisible/not on a map)
[1;35m[SQL][0m: DB error - Table 'rot.donate_log' doesn't exist
[1;36m[Debug][0m: at ..\src\map\script.c:11994 - insert into donate_log (dt,item,qtde,vlr,account_id) values (now(),9933,-1,0,'2000005'),(now(),'16128',1,0,'2000005')
[1;36m[Debug][0m: Source (NPC): FAKE_NPC (invisible/not on a map)
[1;35m[SQL][0m: DB error - Table 'rot.donate_log' doesn't exist
[1;36m[Debug][0m: at ..\src\map\script.c:11994 - insert into donate_log (dt,item,qtde,vlr,account_id) values (now(),9933,-1,0,'2000005'),(now(),'16124',1,0,'2000005')
[1;36m[Debug][0m: Source (NPC): FAKE_NPC (invisible/not on a map)
[1;35m[SQL][0m: DB error - Table 'rot.donate_log' doesn't exist
[1;36m[Debug][0m: at ..\src\map\script.c:11994 - insert into donate_log (dt,item,qtde,vlr,account_id) values (now(),9933,-1,0,'2000005'),(now(),'16137',1,0,'2000005')
[1;36m[Debug][0m: Source (NPC): FAKE_NPC (invisible/not on a map)
[1;35m[SQL][0m: DB error - Table 'rot.donate_log' doesn't exist
[1;36m[Debug][0m: at ..\src\map\script.c:11994 - insert into donate_log (dt,item,qtde,vlr,account_id) values (now(),9933,-1,0,'2000005'),(now(),'4367',1,0,'2000005')
[1;36m[Debug][0m: Source (NPC): FAKE_NPC (invisible/not on a map)
[1;35m[SQL][0m: DB error - Table 'rot.donate_log' doesn't exist
[1;36m[Debug][0m: at ..\src\map\script.c:11994 - insert into donate_log (dt,item,qtde,vlr,account_id) values (now(),9933,-1,0,'2000005'),(now(),'4408',1,0,'2000005')
[1;36m[Debug][0m: Source (NPC): FAKE_NPC (invisible/not on a map)
[1;35m[SQL][0m: DB error - Table 'rot.donate_log' doesn't exist
[1;36m[Debug][0m: at ..\src\map\script.c:11994 - insert into donate_log (dt,item,qtde,vlr,account_id) values (now(),9933,-1,0,'2000005'),(now(),'4305',1,0,'2000005')
[1;36m[Debug][0m: Source (NPC): FAKE_NPC (invisible/not on a map)
[1;35m[SQL][0m: DB error - Table 'rot.donate_log' doesn't exist
[1;36m[Debug][0m: at ..\src\map\script.c:11994 - insert into donate_log (dt,item,qtde,vlr,account_id) values (now(),9933,-1,0,'2000005'),(now(),'4376',1,0,'2000005')
[1;36m[Debug][0m: Source (NPC): FAKE_NPC (invisible/not on a map)
[1;35m[SQL][0m: DB error - Table 'rot.donate_log' doesn't exist
[1;36m[Debug][0m: at ..\src\map\script.c:11994 - insert into donate_log (dt,item,qtde,vlr,account_id) values (now(),9933,-1,0,'2000005'),(now(),'4263',1,0,'2000005')
[1;36m[Debug][0m: Source (NPC): FAKE_NPC (invisible/not on a map)
[1;35m[SQL][0m: DB error - Table 'rot.donate_log' doesn't exist
[1;36m[Debug][0m: at ..\src\map\script.c:11994 - insert into donate_log (dt,item,qtde,vlr,account_id) values (now(),9933,-1,0,'2000005'),(now(),'4403',1,0,'2000005')
[1;36m[Debug][0m: Source (NPC): FAKE_NPC (invisible/not on a map)
[1;35m[SQL][0m: DB error - Table 'rot.donate_log' doesn't exist
[1;36m[Debug][0m: at ..\src\map\script.c:11994 - insert into donate_log (dt,item,qtde,vlr,account_id) values (now(),9933,-1,0,'2000005'),(now(),'16132',1,0,'2000005')
[1;36m[Debug][0m: Source (NPC): FAKE_NPC (invisible/not on a map)
[1;35m[SQL][0m: DB error - Table 'rot.donate_log' doesn't exist
[1;36m[Debug][0m: at ..\src\map\script.c:11994 - insert into donate_log (dt,item,qtde,vlr,account_id) values (now(),9933,-1,0,'2000005'),(now(),'16123',1,0,'2000005')
[1;36m[Debug][0m: Source (NPC): FAKE_NPC (invisible/not on a map)
[1;35m[SQL][0m: DB error - Table 'rot.donate_log' doesn't exist
[1;36m[Debug][0m: at ..\src\map\script.c:11994 - insert into donate_log (dt,item,qtde,vlr,account_id) values (now(),9933,-1,0,'2000005'),(now(),'4324',1,0,'2000005')
[1;36m[Debug][0m: Source (NPC): FAKE_NPC (invisible/not on a map)
[1;35m[SQL][0m: DB error - Table 'rot.donate_log' doesn't exist
[1;36m[Debug][0m: at ..\src\map\script.c:11994 - insert into donate_log (dt,item,qtde,vlr,account_id) values (now(),9933,-1,0,'2000005'),(now(),'4263',1,0,'2000005')
[1;36m[Debug][0m: Source (NPC): FAKE_NPC (invisible/not on a map)
[1;35m[SQL][0m: DB error - Table 'rot.donate_log' doesn't exist
[1;36m[Debug][0m: at ..\src\map\script.c:11994 - insert into donate_log (dt,item,qtde,vlr,account_id) values (now(),9933,-1,0,'2000005'),(now(),'4376',1,0,'2000005')
[1;36m[Debug][0m: Source (NPC): FAKE_NPC (invisible/not on a map)
[1;35m[SQL][0m: DB error - Table 'rot.donate_log' doesn't exist
[1;36m[Debug][0m: at ..\src\map\script.c:11994 - insert into donate_log (dt,item,qtde,vlr,account_id) values (now(),9933,-1,0,'2000005'),(now(),'16131',1,0,'2000005')
[1;36m[Debug][0m: Source (NPC): FAKE_NPC (invisible/not on a map)
[1;35m[SQL][0m: DB error - Table 'rot.donate_log' doesn't exist
[1;36m[Debug][0m: at ..\src\map\script.c:11994 - insert into donate_log (dt,item,qtde,vlr,account_id) values (now(),9933,-1,0,'2000005'),(now(),'4342',1,0,'2000005')
[1;36m[Debug][0m: Source (NPC): FAKE_NPC (invisible/not on a map)
[1;35m[SQL][0m: DB error - Table 'rot.donate_log' doesn't exist
[1;36m[Debug][0m: at ..\src\map\script.c:11994 - insert into donate_log (dt,item,qtde,vlr,account_id) values (now(),9933,-1,0,'2000005'),(now(),'4367',1,0,'2000005')
[1;36m[Debug][0m: Source (NPC): FAKE_NPC (invisible/not on a map)
[1;35m[SQL][0m: DB error - Table 'rot.donate_log' doesn't exist
[1;36m[Debug][0m: at ..\src\map\script.c:11994 - insert into donate_log (dt,item,qtde,vlr,account_id) values (now(),9933,-1,0,'2000005'),(now(),'16129',1,0,'2000005')
[1;36m[Debug][0m: Source (NPC): FAKE_NPC (invisible/not on a map)
[1;35m[SQL][0m: DB error - Table 'rot.donate_log' doesn't exist
[1;36m[Debug][0m: at ..\src\map\script.c:11994 - insert into donate_log (dt,item,qtde,vlr,account_id) values (now(),9933,-1,0,'2000005'),(now(),'4263',1,0,'2000005')
[1;36m[Debug][0m: Source (NPC): FAKE_NPC (invisible/not on a map)
[1;35m[SQL][0m: DB error - Table 'rot.donate_log' doesn't exist
[1;36m[Debug][0m: at ..\src\map\script.c:11994 - insert into donate_log (dt,item,qtde,vlr,account_id) values (now(),9933,-1,0,'2000005'),(now(),'4376',1,0,'2000005')
[1;36m[Debug][0m: Source (NPC): FAKE_NPC (invisible/not on a map)
[1;35m[SQL][0m: DB error - Table 'rot.donate_log' doesn't exist
[1;36m[Debug][0m: at ..\src\map\script.c:11994 - insert into donate_log (dt,item,qtde,vlr,account_id) values (now(),9933,-1,0,'2000005'),(now(),'4372',1,0,'2000005')
[1;36m[Debug][0m: Source (NPC): FAKE_NPC (invisible/not on a map)
[1;35m[SQL][0m: DB error - Table 'rot.donate_log' doesn't exist
[1;36m[Debug][0m: at ..\src\map\script.c:11994 - insert into donate_log (dt,item,qtde,vlr,account_id) values (now(),9933,-1,0,'2000005'),(now(),'16120',1,0,'2000005')
[1;36m[Debug][0m: Source (NPC): FAKE_NPC (invisible/not on a map)
[1;35m[SQL][0m: DB error - Table 'rot.donate_log' doesn't exist
[1;36m[Debug][0m: at ..\src\map\script.c:11994 - insert into donate_log (dt,item,qtde,vlr,account_id) values (now(),9933,-1,0,'2000005'),(now(),'4419',1,0,'2000005')
[1;36m[Debug][0m: Source (NPC): FAKE_NPC (invisible/not on a map)
[1;35m[SQL][0m: DB error - Table 'rot.donate_log' doesn't exist
[1;36m[Debug][0m: at ..\src\map\script.c:11994 - insert into donate_log (dt,item,qtde,vlr,account_id) values (now(),9933,-1,0,'2000005'),(now(),'4263',1,0,'2000005')
[1;36m[Debug][0m: Source (NPC): FAKE_NPC (invisible/not on a map)
[1;35m[SQL][0m: DB error - Table 'rot.donate_log' doesn't exist
[1;36m[Debug][0m: at ..\src\map\script.c:11994 - insert into donate_log (dt,item,qtde,vlr,account_id) values (now(),9933,-1,0,'2000005'),(now(),'16122',1,0,'2000005')
[1;36m[Debug][0m: Source (NPC): FAKE_NPC (invisible/not on a map)
[1;35m[SQL][0m: DB error - Table 'rot.donate_log' doesn't exist
[1;36m[Debug][0m: at ..\src\map\script.c:11994 - insert into donate_log (dt,item,qtde,vlr,account_id) values (now(),9933,-1,0,'2000005'),(now(),'16131',1,0,'2000005')
[1;36m[Debug][0m: Source (NPC): FAKE_NPC (invisible/not on a map)
[1;35m[SQL][0m: DB error - Table 'rot.donate_log' doesn't exist
[1;36m[Debug][0m: at ..\src\map\script.c:11994 - insert into donate_log (dt,item,qtde,vlr,account_id) values (now(),9933,-1,0,'2000005'),(now(),'4386',1,0,'2000005')
[1;36m[Debug][0m: Source (NPC): FAKE_NPC (invisible/not on a map)
[1;35m[SQL][0m: DB error - Table 'rot.donate_log' doesn't exist
[1;36m[Debug][0m: at ..\src\map\script.c:11994 - insert into donate_log (dt,item,qtde,vlr,account_id) values (now(),9933,-1,0,'2000005'),(now(),'16125',1,0,'2000005')
[1;36m[Debug][0m: Source (NPC): FAKE_NPC (invisible/not on a map)
[1;35m[SQL][0m: DB error - Table 'rot.donate_log' doesn't exist
[1;36m[Debug][0m: at ..\src\map\script.c:11994 - insert into donate_log (dt,item,qtde,vlr,account_id) values (now(),9933,-1,0,'2000005'),(now(),'16127',1,0,'2000005')
[1;36m[Debug][0m: Source (NPC): FAKE_NPC (invisible/not on a map)
[1;35m[SQL][0m: DB error - Table 'rot.donate_log' doesn't exist
[1;36m[Debug][0m: at ..\src\map\script.c:11994 - insert into donate_log (dt,item,qtde,vlr,account_id) values (now(),9933,-1,0,'2000005'),(now(),'4367',1,0,'2000005')
[1;36m[Debug][0m: Source (NPC): FAKE_NPC (invisible/not on a map)
[1;35m[SQL][0m: DB error - Table 'rot.donate_log' doesn't exist
[1;36m[Debug][0m: at ..\src\map\script.c:11994 - insert into donate_log (dt,item,qtde,vlr,account_id) values (now(),9933,-1,0,'2000005'),(now(),'16126',1,0,'2000005')
[1;36m[Debug][0m: Source (NPC): FAKE_NPC (invisible/not on a map)
[1;35m[SQL][0m: DB error - Table 'rot.donate_log' doesn't exist
[1;36m[Debug][0m: at ..\src\map\script.c:11994 - insert into donate_log (dt,item,qtde,vlr,account_id) values (now(),9933,-1,0,'2000005'),(now(),'4305',1,0,'2000005')
[1;36m[Debug][0m: Source (NPC): FAKE_NPC (invisible/not on a map)
[1;35m[SQL][0m: DB error - Table 'rot.donate_log' doesn't exist
[1;36m[Debug][0m: at ..\src\map\script.c:11994 - insert into donate_log (dt,item,qtde,vlr,account_id) values (now(),9933,-1,0,'2000005'),(now(),'16132',1,0,'2000005')
[1;36m[Debug][0m: Source (NPC): FAKE_NPC (invisible/not on a map)
[1;35m[SQL][0m: DB error - Table 'rot.donate_log' doesn't exist
[1;36m[Debug][0m: at ..\src\map\script.c:11994 - insert into donate_log (dt,item,qtde,vlr,account_id) values (now(),9933,-1,0,'2000005'),(now(),'4168',1,0,'2000005')
[1;36m[Debug][0m: Source (NPC): FAKE_NPC (invisible/not on a map)
[1;35m[SQL][0m: DB error - Table 'rot.donate_log' doesn't exist
[1;36m[Debug][0m: at ..\src\map\script.c:11994 - insert into donate_log (dt,item,qtde,vlr,account_id) values (now(),9933,-1,0,'2000005'),(now(),'16128',1,0,'2000005')
[1;36m[Debug][0m: Source (NPC): FAKE_NPC (invisible/not on a map)
[1;35m[SQL][0m: DB error - Table 'rot.donate_log' doesn't exist
[1;36m[Debug][0m: at ..\src\map\script.c:11994 - insert into donate_log (dt,item,qtde,vlr,account_id) values (now(),9933,-1,0,'2000005'),(now(),'16121',1,0,'2000005')
[1;36m[Debug][0m: Source (NPC): FAKE_NPC (invisible/not on a map)
[1;35m[SQL][0m: DB error - Table 'rot.donate_log' doesn't exist
[1;36m[Debug][0m: at ..\src\map\script.c:11994 - insert into donate_log (dt,item,qtde,vlr,account_id) values (now(),9933,-1,0,'6016657'),(now(),'4407',1,0,'6016657')
[1;36m[Debug][0m: Source (NPC): FAKE_NPC (invisible/not on a map)
[1;31m[Error][0m: status_change_timer: Unexpected NULL status change id: 6003729 data: 112
[1;33m[Warning][0m: itemdb_search: Item ID 9 does not exists in the item_db. Using dummy data.
[1;33m[Warning][0m: itemdb_search: Item ID 9 does not exists in the item_db. Using dummy data.
[1;33m[Warning][0m: itemdb_search: Item ID 9 does not exists in the item_db. Using dummy data.
[1;33m[Warning][0m: itemdb_search: Item ID 9 does not exists in the item_db. Using dummy data.
[1;33m[Warning][0m: itemdb_search: Item ID 9 does not exists in the item_db. Using dummy data.
[1;33m[Warning][0m: itemdb_search: Item ID 9 does not exists in the item_db. Using dummy data.
[1;33m[Warning][0m: itemdb_search: Item ID 9 does not exists in the item_db. Using dummy data.
[1;33m[Warning][0m: itemdb_search: Item ID 9 does not exists in the item_db. Using dummy data.
[1;33m[Warning][0m: itemdb_search: Item ID 9 does not exists in the item_db. Using dummy data.
[1;35m[SQL][0m: DB error - Table 'rot.donate_log' doesn't exist
[1;36m[Debug][0m: at ..\src\map\script.c:11994 - insert into donate_log (dt,item,qtde,vlr,account_id) values (now(),9933,-1,0,'6016657'),(now(),'4372',1,0,'6016657')
[1;36m[Debug][0m: Source (NPC): FAKE_NPC (invisible/not on a map)
[1;35m[SQL][0m: DB error - Table 'rot.donate_log' doesn't exist
[1;36m[Debug][0m: at ..\src\map\script.c:11994 - insert into donate_log (dt,item,qtde,vlr,account_id) values (now(),9933,-1,0,'6016657'),(now(),'4342',1,0,'6016657')
[1;36m[Debug][0m: Source (NPC): FAKE_NPC (invisible/not on a map)
[1;35m[SQL][0m: DB error - Table 'rot.donate_log' doesn't exist
[1;36m[Debug][0m: at ..\src\map\script.c:11994 - insert into donate_log (dt,item,qtde,vlr,account_id) values (now(),9933,-1,0,'6016657'),(now(),'16137',1,0,'6016657')
[1;36m[Debug][0m: Source (NPC): FAKE_NPC (invisible/not on a map)
[1;35m[SQL][0m: DB error - Table 'rot.donate_log' doesn't exist
[1;36m[Debug][0m: at ..\src\map\script.c:11994 - insert into donate_log (dt,item,qtde,vlr,account_id) values (now(),9933,-1,0,'6016657'),(now(),'16132',1,0,'6016657')
[1;36m[Debug][0m: Source (NPC): FAKE_NPC (invisible/not on a map)
[1;35m[SQL][0m: DB error - Table 'rot.donate_log' doesn't exist
[1;36m[Debug][0m: at ..\src\map\script.c:11994 - insert into donate_log (dt,item,qtde,vlr,account_id) values (now(),9933,-1,0,'6016657'),(now(),'4386',1,0,'6016657')
[1;36m[Debug][0m: Source (NPC): FAKE_NPC (invisible/not on a map)
[1;35m[SQL][0m: DB error - Table 'rot.donate_log' doesn't exist
[1;36m[Debug][0m: at ..\src\map\script.c:11994 - insert into donate_log (dt,item,qtde,vlr,account_id) values (now(),9933,-1,0,'6016657'),(now(),'4407',1,0,'6016657')
[1;36m[Debug][0m: Source (NPC): FAKE_NPC (invisible/not on a map)
[1;35m[SQL][0m: DB error - Table 'rot.donate_log' doesn't exist
[1;36m[Debug][0m: at ..\src\map\script.c:11994 - insert into donate_log (dt,item,qtde,vlr,account_id) values (now(),9933,-1,0,'6016657'),(now(),'4386',1,0,'6016657')
[1;36m[Debug][0m: Source (NPC): FAKE_NPC (invisible/not on a map)
[1;35m[SQL][0m: DB error - Table 'rot.donate_log' doesn't exist
[1;36m[Debug][0m: at ..\src\map\script.c:11994 - insert into donate_log (dt,item,qtde,vlr,account_id) values (now(),9933,-1,0,'6016657'),(now(),'16125',1,0,'6016657')
[1;36m[Debug][0m: Source (NPC): FAKE_NPC (invisible/not on a map)
[1;33m[Warning][0m: itemdb_search: Item ID 9 does not exists in the item_db. Using dummy data.
[1;35m[SQL][0m: DB error - Table 'rot.donate_log' doesn't exist
[1;36m[Debug][0m: at ..\src\map\script.c:11994 - insert into donate_log (dt,item,qtde,vlr,account_id) values (now(),9933,-1,0,'6016657'),(now(),'4374',1,0,'6016657')
[1;36m[Debug][0m: Source (NPC): FAKE_NPC (invisible/not on a map)
[1;35m[SQL][0m: DB error - Table 'rot.donate_log' doesn't exist
[1;36m[Debug][0m: at ..\src\map\script.c:11994 - insert into donate_log (dt,item,qtde,vlr,account_id) values (now(),9933,-1,0,'6016657'),(now(),'4324',1,0,'6016657')
[1;36m[Debug][0m: Source (NPC): FAKE_NPC (invisible/not on a map)
[1;35m[SQL][0m: DB error - Table 'rot.donate_log' doesn't exist
[1;36m[Debug][0m: at ..\src\map\script.c:11994 - insert into donate_log (dt,item,qtde,vlr,account_id) values (now(),9933,-1,0,'6016657'),(now(),'4399',1,0,'6016657')
[1;36m[Debug][0m: Source (NPC): FAKE_NPC (invisible/not on a map)
[1;35m[SQL][0m: DB error - Table 'rot.donate_log' doesn't exist
[1;36m[Debug][0m: at ..\src\map\script.c:11994 - insert into donate_log (dt,item,qtde,vlr,account_id) values (now(),9933,-1,0,'6016657'),(now(),'4407',1,0,'6016657')
[1;36m[Debug][0m: Source (NPC): FAKE_NPC (invisible/not on a map)
[1;35m[SQL][0m: DB error - Table 'rot.donate_log' doesn't exist
[1;36m[Debug][0m: at ..\src\map\script.c:11994 - insert into donate_log (dt,item,qtde,vlr,account_id) values (now(),9933,-1,0,'6016657'),(now(),'16124',1,0,'6016657')
[1;36m[Debug][0m: Source (NPC): FAKE_NPC (invisible/not on a map)
[1;35m[SQL][0m: DB error - Table 'rot.donate_log' doesn't exist
[1;36m[Debug][0m: at ..\src\map\script.c:11994 - insert into donate_log (dt,item,qtde,vlr,account_id) values (now(),9933,-1,0,'6016657'),(now(),'4425',1,0,'6016657')
[1;36m[Debug][0m: Source (NPC): FAKE_NPC (invisible/not on a map)
[1;35m[SQL][0m: DB error - Table 'rot.donate_log' doesn't exist
[1;36m[Debug][0m: at ..\src\map\script.c:11994 - insert into donate_log (dt,item,qtde,vlr,account_id) values (now(),9933,-1,0,'6016657'),(now(),'4276',1,0,'6016657')
[1;36m[Debug][0m: Source (NPC): FAKE_NPC (invisible/not on a map)
[1;35m[SQL][0m: DB error - Table 'rot.donate_log' doesn't exist
[1;36m[Debug][0m: at ..\src\map\script.c:11994 - insert into donate_log (dt,item,qtde,vlr,account_id) values (now(),9933,-1,0,'6016657'),(now(),'4276',1,0,'6016657')
[1;36m[Debug][0m: Source (NPC): FAKE_NPC (invisible/not on a map)
[1;35m[SQL][0m: DB error - Table 'rot.donate_log' doesn't exist
[1;36m[Debug][0m: at ..\src\map\script.c:11994 - insert into donate_log (dt,item,qtde,vlr,account_id) values (now(),9933,-1,0,'6016657'),(now(),'16132',1,0,'6016657')
[1;36m[Debug][0m: Source (NPC): FAKE_NPC (invisible/not on a map)
[1;35m[SQL][0m: DB error - Table 'rot.donate_log' doesn't exist
[1;36m[Debug][0m: at ..\src\map\script.c:11994 - insert into donate_log (dt,item,qtde,vlr,account_id) values (now(),9933,-1,0,'6016657'),(now(),'16121',1,0,'6016657')
[1;36m[Debug][0m: Source (NPC): FAKE_NPC (invisible/not on a map)
[1;35m[SQL][0m: DB error - Table 'rot.donate_log' doesn't exist
[1;36m[Debug][0m: at ..\src\map\script.c:11994 - insert into donate_log (dt,item,qtde,vlr,account_id) values (now(),9933,-1,0,'6016657'),(now(),'16127',1,0,'6016657')
[1;36m[Debug][0m: Source (NPC): FAKE_NPC (invisible/not on a map)
[1;35m[SQL][0m: DB error - Table 'rot.donate_log' doesn't exist
[1;36m[Debug][0m: at ..\src\map\script.c:11994 - insert into donate_log (dt,item,qtde,vlr,account_id) values (now(),9933,-1,0,'6016657'),(now(),'4276',1,0,'6016657')
[1;36m[Debug][0m: Source (NPC): FAKE_NPC (invisible/not on a map)
[1;35m[SQL][0m: DB error - Table 'rot.donate_log' doesn't exist
[1;36m[Debug][0m: at ..\src\map\script.c:11994 - insert into donate_log (dt,item,qtde,vlr,account_id) values (now(),9933,-1,0,'6016657'),(now(),'4330',1,0,'6016657')
[1;36m[Debug][0m: Source (NPC): FAKE_NPC (invisible/not on a map)
[1;35m[SQL][0m: DB error - Table 'rot.donate_log' doesn't exist
[1;36m[Debug][0m: at ..\src\map\script.c:11994 - insert into donate_log (dt,item,qtde,vlr,account_id) values (now(),9933,-1,0,'6016657'),(now(),'4324',1,0,'6016657')
[1;36m[Debug][0m: Source (NPC): FAKE_NPC (invisible/not on a map)
[1;33m[Warning][0m: itemdb_search: Item ID 9 does not exists in the item_db. Using dummy data.
[1;35m[SQL][0m: DB error - Table 'rot.donate_log' doesn't exist
[1;36m[Debug][0m: at ..\src\map\script.c:11994 - insert into donate_log (dt,item,qtde,vlr,account_id) values (now(),9933,-1,0,'6016657'),(now(),'4374',1,0,'6016657')
[1;36m[Debug][0m: Source (NPC): FAKE_NPC (invisible/not on a map)
[1;35m[SQL][0m: DB error - Table 'rot.donate_log' doesn't exist
[1;36m[Debug][0m: at ..\src\map\script.c:11994 - insert into donate_log (dt,item,qtde,vlr,account_id) values (now(),9933,-1,0,'6016657'),(now(),'4357',1,0,'6016657')
[1;36m[Debug][0m: Source (NPC): FAKE_NPC (invisible/not on a map)
[1;35m[SQL][0m: DB error - Table 'rot.donate_log' doesn't exist
[1;36m[Debug][0m: at ..\src\map\script.c:11994 - insert into donate_log (dt,item,qtde,vlr,account_id) values (now(),9933,-1,0,'6016657'),(now(),'16127',1,0,'6016657')
[1;36m[Debug][0m: Source (NPC): FAKE_NPC (invisible/not on a map)
[1;35m[SQL][0m: DB error - Table 'rot.donate_log' doesn't exist
[1;36m[Debug][0m: at ..\src\map\script.c:11994 - insert into donate_log (dt,item,qtde,vlr,account_id) values (now(),9933,-1,0,'6016657'),(now(),'16132',1,0,'6016657')
[1;36m[Debug][0m: Source (NPC): FAKE_NPC (invisible/not on a map)
[1;35m[SQL][0m: DB error - Table 'rot.donate_log' doesn't exist
[1;36m[Debug][0m: at ..\src\map\script.c:11994 - insert into donate_log (dt,item,qtde,vlr,account_id) values (now(),9933,-1,0,'6016657'),(now(),'16125',1,0,'6016657')
[1;36m[Debug][0m: Source (NPC): FAKE_NPC (invisible/not on a map)
[1;35m[SQL][0m: DB error - Table 'rot.donate_log' doesn't exist
[1;36m[Debug][0m: at ..\src\map\script.c:11994 - insert into donate_log (dt,item,qtde,vlr,account_id) values (now(),9933,-1,0,'6016657'),(now(),'16120',1,0,'6016657')
[1;36m[Debug][0m: Source (NPC): FAKE_NPC (invisible/not on a map)
[1;35m[SQL][0m: DB error - Table 'rot.donate_log' doesn't exist
[1;36m[Debug][0m: at ..\src\map\script.c:11994 - insert into donate_log (dt,item,qtde,vlr,account_id) values (now(),9933,-1,0,'6016657'),(now(),'4376',1,0,'6016657')
[1;36m[Debug][0m: Source (NPC): FAKE_NPC (invisible/not on a map)
[1;35m[SQL][0m: DB error - Table 'rot.donate_log' doesn't exist
[1;36m[Debug][0m: at ..\src\map\script.c:11994 - insert into donate_log (dt,item,qtde,vlr,account_id) values (now(),9933,-1,0,'6016657'),(now(),'4372',1,0,'6016657')
[1;36m[Debug][0m: Source (NPC): FAKE_NPC (invisible/not on a map)
[1;35m[SQL][0m: DB error - Table 'rot.donate_log' doesn't exist
[1;36m[Debug][0m: at ..\src\map\script.c:11994 - insert into donate_log (dt,item,qtde,vlr,account_id) values (now(),9933,-1,0,'6016657'),(now(),'4324',1,0,'6016657')
[1;36m[Debug][0m: Source (NPC): FAKE_NPC (invisible/not on a map)
[1;35m[SQL][0m: DB error - Table 'rot.donate_log' doesn't exist
[1;36m[Debug][0m: at ..\src\map\script.c:11994 - insert into donate_log (dt,item,qtde,vlr,account_id) values (now(),9933,-1,0,'6016657'),(now(),'4408',1,0,'6016657')
[1;36m[Debug][0m: Source (NPC): FAKE_NPC (invisible/not on a map)
[1;35m[SQL][0m: DB error - Table 'rot.donate_log' doesn't exist
[1;36m[Debug][0m: at ..\src\map\script.c:11994 - insert into donate_log (dt,item,qtde,vlr,account_id) values (now(),9933,-1,0,'6016657'),(now(),'16126',1,0,'6016657')
[1;36m[Debug][0m: Source (NPC): FAKE_NPC (invisible/not on a map)
[1;35m[SQL][0m: DB error - Table 'rot.donate_log' doesn't exist
[1;36m[Debug][0m: at ..\src\map\script.c:11994 - insert into donate_log (dt,item,qtde,vlr,account_id) values (now(),9933,-1,0,'6016657'),(now(),'4361',1,0,'6016657')
[1;36m[Debug][0m: Source (NPC): FAKE_NPC (invisible/not on a map)
[1;35m[SQL][0m: DB error - Table 'rot.donate_log' doesn't exist
[1;36m[Debug][0m: at ..\src\map\script.c:11994 - insert into donate_log (dt,item,qtde,vlr,account_id) values (now(),9933,-1,0,'6016657'),(now(),'4236',1,0,'6016657')
[1;36m[Debug][0m: Source (NPC): FAKE_NPC (invisible/not on a map)
[1;35m[SQL][0m: DB error - Table 'rot.donate_log' doesn't exist
[1;36m[Debug][0m: at ..\src\map\script.c:11994 - insert into donate_log (dt,item,qtde,vlr,account_id) values (now(),9933,-1,0,'6016657'),(now(),'16126',1,0,'6016657')
[1;36m[Debug][0m: Source (NPC): FAKE_NPC (invisible/not on a map)
[1;35m[SQL][0m: DB error - Table 'rot.donate_log' doesn't exist
[1;36m[Debug][0m: at ..\src\map\script.c:11994 - insert into donate_log (dt,item,qtde,vlr,account_id) values (now(),9933,-1,0,'6016657'),(now(),'4263',1,0,'6016657')
[1;36m[Debug][0m: Source (NPC): FAKE_NPC (invisible/not on a map)
[1;35m[SQL][0m: DB error - Table 'rot.donate_log' doesn't exist
[1;36m[Debug][0m: at ..\src\map\script.c:11994 - insert into donate_log (dt,item,qtde,vlr,account_id) values (now(),9933,-1,0,'6016657'),(now(),'4425',1,0,'6016657')
[1;36m[Debug][0m: Source (NPC): FAKE_NPC (invisible/not on a map)
[1;35m[SQL][0m: DB error - Table 'rot.donate_log' doesn't exist
[1;36m[Debug][0m: at ..\src\map\script.c:11994 - insert into donate_log (dt,item,qtde,vlr,account_id) values (now(),9933,-1,0,'6016657'),(now(),'4419',1,0,'6016657')
[1;36m[Debug][0m: Source (NPC): FAKE_NPC (invisible/not on a map)
[1;35m[SQL][0m: DB error - Table 'rot.donate_log' doesn't exist
[1;36m[Debug][0m: at ..\src\map\script.c:11994 - insert into donate_log (dt,item,qtde,vlr,account_id) values (now(),9933,-1,0,'6016657'),(now(),'4363',1,0,'6016657')
[1;36m[Debug][0m: Source (NPC): FAKE_NPC (invisible/not on a map)
[1;35m[SQL][0m: DB error - Table 'rot.donate_log' doesn't exist
[1;36m[Debug][0m: at ..\src\map\script.c:11994 - insert into donate_log (dt,item,qtde,vlr,account_id) values (now(),9933,-1,0,'6016657'),(now(),'4407',1,0,'6016657')
[1;36m[Debug][0m: Source (NPC): FAKE_NPC (invisible/not on a map)
[1;35m[SQL][0m: DB error - Table 'rot.donate_log' doesn't exist
[1;36m[Debug][0m: at ..\src\map\script.c:11994 - insert into donate_log (dt,item,qtde,vlr,account_id) values (now(),9933,-1,0,'6016657'),(now(),'4441',1,0,'6016657')
[1;36m[Debug][0m: Source (NPC): FAKE_NPC (invisible/not on a map)
[1;35m[SQL][0m: DB error - Table 'rot.donate_log' doesn't exist
[1;36m[Debug][0m: at ..\src\map\script.c:11994 - insert into donate_log (dt,item,qtde,vlr,account_id) values (now(),9933,-1,0,'6016657'),(now(),'16121',1,0,'6016657')
[1;36m[Debug][0m: Source (NPC): FAKE_NPC (invisible/not on a map)
[1;35m[SQL][0m: DB error - Table 'rot.donate_log' doesn't exist
[1;36m[Debug][0m: at ..\src\map\script.c:11994 - insert into donate_log (dt,item,qtde,vlr,account_id) values (now(),9933,-1,0,'6016657'),(now(),'4302',1,0,'6016657')
[1;36m[Debug][0m: Source (NPC): FAKE_NPC (invisible/not on a map)
[1;35m[SQL][0m: DB error - Table 'rot.donate_log' doesn't exist
[1;36m[Debug][0m: at ..\src\map\script.c:11994 - insert into donate_log (dt,item,qtde,vlr,account_id) values (now(),9933,-1,0,'6016657'),(now(),'4419',1,0,'6016657')
[1;36m[Debug][0m: Source (NPC): FAKE_NPC (invisible/not on a map)
[1;35m[SQL][0m: DB error - Table 'rot.donate_log' doesn't exist
[1;36m[Debug][0m: at ..\src\map\script.c:11994 - insert into donate_log (dt,item,qtde,vlr,account_id) values (now(),9933,-1,0,'6016657'),(now(),'4374',1,0,'6016657')
[1;36m[Debug][0m: Source (NPC): FAKE_NPC (invisible/not on a map)
[1;35m[SQL][0m: DB error - Table 'rot.donate_log' doesn't exist
[1;36m[Debug][0m: at ..\src\map\script.c:11994 - insert into donate_log (dt,item,qtde,vlr,account_id) values (now(),9933,-1,0,'6016657'),(now(),'16124',1,0,'6016657')
[1;36m[Debug][0m: Source (NPC): FAKE_NPC (invisible/not on a map)
[1;35m[SQL][0m: DB error - Table 'rot.donate_log' doesn't exist
[1;36m[Debug][0m: at ..\src\map\script.c:11994 - insert into donate_log (dt,item,qtde,vlr,account_id) values (now(),9933,-1,0,'6016657'),(now(),'16121',1,0,'6016657')
[1;36m[Debug][0m: Source (NPC): FAKE_NPC (invisible/not on a map)
[1;35m[SQL][0m: DB error - Table 'rot.donate_log' doesn't exist
[1;36m[Debug][0m: at ..\src\map\script.c:11994 - insert into donate_log (dt,item,qtde,vlr,account_id) values (now(),9933,-1,0,'6016657'),(now(),'4236',1,0,'6016657')
[1;36m[Debug][0m: Source (NPC): FAKE_NPC (invisible/not on a map)
[1;35m[SQL][0m: DB error - Table 'rot.donate_log' doesn't exist
[1;36m[Debug][0m: at ..\src\map\script.c:11994 - insert into donate_log (dt,item,qtde,vlr,account_id) values (now(),9933,-1,0,'6016657'),(now(),'4403',1,0,'6016657')
[1;36m[Debug][0m: Source (NPC): FAKE_NPC (invisible/not on a map)
[1;35m[SQL][0m: DB error - Table 'rot.donate_log' doesn't exist
[1;36m[Debug][0m: at ..\src\map\script.c:11994 - insert into donate_log (dt,item,qtde,vlr,account_id) values (now(),9933,-1,0,'6010742'),(now(),'4419',1,0,'6010742')
[1;36m[Debug][0m: Source (NPC): FAKE_NPC (invisible/not on a map)
[1;35m[SQL][0m: DB error - Table 'rot.donate_log' doesn't exist
[1;36m[Debug][0m: at ..\src\map\script.c:11994 - insert into donate_log (dt,item,qtde,vlr,account_id) values (now(),9933,-1,0,'6010742'),(now(),'4419',1,0,'6010742')
[1;36m[Debug][0m: Source (NPC): FAKE_NPC (invisible/not on a map)
[1;35m[SQL][0m: DB error - Table 'rot.donate_log' doesn't exist
[1;36m[Debug][0m: at ..\src\map\script.c:11994 - insert into donate_log (dt,item,qtde,vlr,account_id) values (now(),9933,-1,0,'6010742'),(now(),'4363',1,0,'6010742')
[1;36m[Debug][0m: Source (NPC): FAKE_NPC (invisible/not on a map)
[1;35m[SQL][0m: DB error - Table 'rot.donate_log' doesn't exist
[1;36m[Debug][0m: at ..\src\map\script.c:11994 - insert into donate_log (dt,item,qtde,vlr,account_id) values (now(),9933,-1,0,'6016657'),(now(),'4399',1,0,'6016657')
[1;36m[Debug][0m: Source (NPC): FAKE_NPC (invisible/not on a map)
[1;35m[SQL][0m: DB error - Table 'rot.donate_log' doesn't exist
[1;36m[Debug][0m: at ..\src\map\script.c:11994 - insert into donate_log (dt,item,qtde,vlr,account_id) values (now(),9933,-1,0,'6016657'),(now(),'4330',1,0,'6016657')
[1;36m[Debug][0m: Source (NPC): FAKE_NPC (invisible/not on a map)
[1;35m[SQL][0m: DB error - Table 'rot.donate_log' doesn't exist
[1;36m[Debug][0m: at ..\src\map\script.c:11994 - insert into donate_log (dt,item,qtde,vlr,account_id) values (now(),9933,-1,0,'6016657'),(now(),'4361',1,0,'6016657')
[1;36m[Debug][0m: Source (NPC): FAKE_NPC (invisible/not on a map)
[1;35m[SQL][0m: DB error - Table 'rot.donate_log' doesn't exist
[1;36m[Debug][0m: at ..\src\map\script.c:11994 - insert into donate_log (dt,item,qtde,vlr,account_id) values (now(),9933,-1,0,'6016657'),(now(),'4359',1,0,'6016657')
[1;36m[Debug][0m: Source (NPC): FAKE_NPC (invisible/not on a map)
[1;35m[SQL][0m: DB error - Table 'rot.donate_log' doesn't exist
[1;36m[Debug][0m: at ..\src\map\script.c:11994 - insert into donate_log (dt,item,qtde,vlr,account_id) values (now(),9933,-1,0,'6016657'),(now(),'4419',1,0,'6016657')
[1;36m[Debug][0m: Source (NPC): FAKE_NPC (invisible/not on a map)
[1;35m[SQL][0m: DB error - Table 'rot.donate_log' doesn't exist
[1;36m[Debug][0m: at ..\src\map\script.c:11994 - insert into donate_log (dt,item,qtde,vlr,account_id) values (now(),9933,-1,0,'6016657'),(now(),'4357',1,0,'6016657')
[1;36m[Debug][0m: Source (NPC): FAKE_NPC (invisible/not on a map)
[1;35m[SQL][0m: DB error - Table 'rot.donate_log' doesn't exist
[1;36m[Debug][0m: at ..\src\map\script.c:11994 - insert into donate_log (dt,item,qtde,vlr,account_id) values (now(),9933,-1,0,'6016657'),(now(),'4236',1,0,'6016657')
[1;36m[Debug][0m: Source (NPC): FAKE_NPC (invisible/not on a map)
[1;35m[SQL][0m: DB error - Table 'rot.donate_log' doesn't exist
[1;36m[Debug][0m: at ..\src\map\script.c:11994 - insert into donate_log (dt,item,qtde,vlr,account_id) values (now(),9933,-1,0,'6016657'),(now(),'4374',1,0,'6016657')
[1;36m[Debug][0m: Source (NPC): FAKE_NPC (invisible/not on a map)
[1;35m[SQL][0m: DB error - Table 'rot.donate_log' doesn't exist
[1;36m[Debug][0m: at ..\src\map\script.c:11994 - insert into donate_log (dt,item,qtde,vlr,account_id) values (now(),9933,-1,0,'6016657'),(now(),'16137',1,0,'6016657')
[1;36m[Debug][0m: Source (NPC): FAKE_NPC (invisible/not on a map)
[1;35m[SQL][0m: DB error - Table 'rot.donate_log' doesn't exist
[1;36m[Debug][0m: at ..\src\map\script.c:11994 - insert into donate_log (dt,item,qtde,vlr,account_id) values (now(),9933,-1,0,'6016657'),(now(),'4441',1,0,'6016657')
[1;36m[Debug][0m: Source (NPC): FAKE_NPC (invisible/not on a map)
[1;35m[SQL][0m: DB error - Table 'rot.donate_log' doesn't exist
[1;36m[Debug][0m: at ..\src\map\script.c:11994 - insert into donate_log (dt,item,qtde,vlr,account_id) values (now(),9933,-1,0,'6016657'),(now(),'4367',1,0,'6016657')
[1;36m[Debug][0m: Source (NPC): FAKE_NPC (invisible/not on a map)
[1;35m[SQL][0m: DB error - Table 'rot.donate_log' doesn't exist
[1;36m[Debug][0m: at ..\src\map\script.c:11994 - insert into donate_log (dt,item,qtde,vlr,account_id) values (now(),9933,-1,0,'6016657'),(now(),'4376',1,0,'6016657')
[1;36m[Debug][0m: Source (NPC): FAKE_NPC (invisible/not on a map)
[1;35m[SQL][0m: DB error - Table 'rot.donate_log' doesn't exist
[1;36m[Debug][0m: at ..\src\map\script.c:11994 - insert into donate_log (dt,item,qtde,vlr,account_id) values (now(),9933,-1,0,'6016657'),(now(),'4407',1,0,'6016657')
[1;36m[Debug][0m: Source (NPC): FAKE_NPC (invisible/not on a map)
[1;35m[SQL][0m: DB error - Table 'rot.donate_log' doesn't exist
[1;36m[Debug][0m: at ..\src\map\script.c:11994 - insert into donate_log (dt,item,qtde,vlr,account_id) values (now(),9933,-1,0,'6016657'),(now(),'4419',1,0,'6016657')
[1;36m[Debug][0m: Source (NPC): FAKE_NPC (invisible/not on a map)
[1;35m[SQL][0m: DB error - Table 'rot.donate_log' doesn't exist
[1;36m[Debug][0m: at ..\src\map\script.c:11994 - insert into donate_log (dt,item,qtde,vlr,account_id) values (now(),9933,-1,0,'6016657'),(now(),'4263',1,0,'6016657')
[1;36m[Debug][0m: Source (NPC): FAKE_NPC (invisible/not on a map)
[1;35m[SQL][0m: DB error - Table 'rot.donate_log' doesn't exist
[1;36m[Debug][0m: at ..\src\map\script.c:11994 - insert into donate_log (dt,item,qtde,vlr,account_id) values (now(),9933,-1,0,'6016657'),(now(),'4305',1,0,'6016657')
[1;36m[Debug][0m: Source (NPC): FAKE_NPC (invisible/not on a map)
[1;35m[SQL][0m: DB error - Table 'rot.donate_log' doesn't exist
[1;36m[Debug][0m: at ..\src\map\script.c:11994 - insert into donate_log (dt,item,qtde,vlr,account_id) values (now(),9933,-1,0,'6016657'),(now(),'16126',1,0,'6016657')
[1;36m[Debug][0m: Source (NPC): FAKE_NPC (invisible/not on a map)
[1;35m[SQL][0m: DB error - Table 'rot.donate_log' doesn't exist
[1;36m[Debug][0m: at ..\src\map\script.c:11994 - insert into donate_log (dt,item,qtde,vlr,account_id) values (now(),9933,-1,0,'6016657'),(now(),'16129',1,0,'6016657')
[1;36m[Debug][0m: Source (NPC): FAKE_NPC (invisible/not on a map)
[1;35m[SQL][0m: DB error - Table 'rot.donate_log' doesn't exist
[1;36m[Debug][0m: at ..\src\map\script.c:11994 - insert into donate_log (dt,item,qtde,vlr,account_id) values (now(),9933,-1,0,'6016657'),(now(),'4168',1,0,'6016657')
[1;36m[Debug][0m: Source (NPC): FAKE_NPC (invisible/not on a map)
[1;35m[SQL][0m: DB error - Table 'rot.donate_log' doesn't exist
[1;36m[Debug][0m: at ..\src\map\script.c:11994 - insert into donate_log (dt,item,qtde,vlr,account_id) values (now(),9933,-1,0,'6016657'),(now(),'4168',1,0,'6016657')
[1;36m[Debug][0m: Source (NPC): FAKE_NPC (invisible/not on a map)
[1;35m[SQL][0m: DB error - Table 'rot.donate_log' doesn't exist
[1;36m[Debug][0m: at ..\src\map\script.c:11994 - insert into donate_log (dt,item,qtde,vlr,account_id) values (now(),9933,-1,0,'6016657'),(now(),'4361',1,0,'6016657')
[1;36m[Debug][0m: Source (NPC): FAKE_NPC (invisible/not on a map)
[1;35m[SQL][0m: DB error - Table 'rot.donate_log' doesn't exist
[1;36m[Debug][0m: at ..\src\map\script.c:11994 - insert into donate_log (dt,item,qtde,vlr,account_id) values (now(),9933,-1,0,'6016657'),(now(),'16132',1,0,'6016657')
[1;36m[Debug][0m: Source (NPC): FAKE_NPC (invisible/not on a map)
[1;35m[SQL][0m: DB error - Table 'rot.donate_log' doesn't exist
[1;36m[Debug][0m: at ..\src\map\script.c:11994 - insert into donate_log (dt,item,qtde,vlr,account_id) values (now(),9933,-1,0,'6016657'),(now(),'4407',1,0,'6016657')
[1;36m[Debug][0m: Source (NPC): FAKE_NPC (invisible/not on a map)
[1;35m[SQL][0m: DB error - Table 'rot.donate_log' doesn't exist
[1;36m[Debug][0m: at ..\src\map\script.c:11994 - insert into donate_log (dt,item,qtde,vlr,account_id) values (now(),9933,-1,0,'6016657'),(now(),'4342',1,0,'6016657')
[1;36m[Debug][0m: Source (NPC): FAKE_NPC (invisible/not on a map)
[1;35m[SQL][0m: DB error - Table 'rot.donate_log' doesn't exist
[1;36m[Debug][0m: at ..\src\map\script.c:11994 - insert into donate_log (dt,item,qtde,vlr,account_id) values (now(),9933,-1,0,'6016657'),(now(),'4342',1,0,'6016657')
[1;36m[Debug][0m: Source (NPC): FAKE_NPC (invisible/not on a map)
[1;35m[SQL][0m: DB error - Table 'rot.donate_log' doesn't exist
[1;36m[Debug][0m: at ..\src\map\script.c:11994 - insert into donate_log (dt,item,qtde,vlr,account_id) values (now(),9933,-1,0,'6016657'),(now(),'4363',1,0,'6016657')
[1;36m[Debug][0m: Source (NPC): FAKE_NPC (invisible/not on a map)
[1;35m[SQL][0m: DB error - Table 'rot.donate_log' doesn't exist
[1;36m[Debug][0m: at ..\src\map\script.c:11994 - insert into donate_log (dt,item,qtde,vlr,account_id) values (now(),9933,-1,0,'6016657'),(now(),'4359',1,0,'6016657')
[1;36m[Debug][0m: Source (NPC): FAKE_NPC (invisible/not on a map)
[1;35m[SQL][0m: DB error - Table 'rot.donate_log' doesn't exist
[1;36m[Debug][0m: at ..\src\map\script.c:11994 - insert into donate_log (dt,item,qtde,vlr,account_id) values (now(),9933,-1,0,'6016657'),(now(),'4168',1,0,'6016657')
[1;36m[Debug][0m: Source (NPC): FAKE_NPC (invisible/not on a map)
[1;35m[SQL][0m: DB error - Table 'rot.donate_log' doesn't exist
[1;36m[Debug][0m: at ..\src\map\script.c:11994 - insert into donate_log (dt,item,qtde,vlr,account_id) values (now(),9933,-1,0,'6016657'),(now(),'4342',1,0,'6016657')
[1;36m[Debug][0m: Source (NPC): FAKE_NPC (invisible/not on a map)
[1;35m[SQL][0m: DB error - Table 'rot.donate_log' doesn't exist
[1;36m[Debug][0m: at ..\src\map\script.c:11994 - insert into donate_log (dt,item,qtde,vlr,account_id) values (now(),9933,-1,0,'6016657'),(now(),'4236',1,0,'6016657')
[1;36m[Debug][0m: Source (NPC): FAKE_NPC (invisible/not on a map)
[1;35m[SQL][0m: DB error - Table 'rot.donate_log' doesn't exist
[1;36m[Debug][0m: at ..\src\map\script.c:11994 - insert into donate_log (dt,item,qtde,vlr,account_id) values (now(),9933,-1,0,'6016657'),(now(),'4363',1,0,'6016657')
[1;36m[Debug][0m: Source (NPC): FAKE_NPC (invisible/not on a map)
[1;35m[SQL][0m: DB error - Table 'rot.donate_log' doesn't exist
[1;36m[Debug][0m: at ..\src\map\script.c:11994 - insert into donate_log (dt,item,qtde,vlr,account_id) values (now(),9933,-1,0,'6016657'),(now(),'4324',1,0,'6016657')
[1;36m[Debug][0m: Source (NPC): FAKE_NPC (invisible/not on a map)
[1;35m[SQL][0m: DB error - Table 'rot.donate_log' doesn't exist
[1;36m[Debug][0m: at ..\src\map\script.c:11994 - insert into donate_log (dt,item,qtde,vlr,account_id) values (now(),9933,-1,0,'6016657'),(now(),'4386',1,0,'6016657')
[1;36m[Debug][0m: Source (NPC): FAKE_NPC (invisible/not on a map)
[1;35m[SQL][0m: DB error - Table 'rot.donate_log' doesn't exist
[1;36m[Debug][0m: at ..\src\map\script.c:11994 - insert into donate_log (dt,item,qtde,vlr,account_id) values (now(),9933,-1,0,'6016657'),(now(),'4236',1,0,'6016657')
[1;36m[Debug][0m: Source (NPC): FAKE_NPC (invisible/not on a map)
[1;35m[SQL][0m: DB error - Table 'rot.donate_log' doesn't exist
[1;36m[Debug][0m: at ..\src\map\script.c:11994 - insert into donate_log (dt,item,qtde,vlr,account_id) values (now(),9933,-1,0,'6016657'),(now(),'16120',1,0,'6016657')
[1;36m[Debug][0m: Source (NPC): FAKE_NPC (invisible/not on a map)
[1;35m[SQL][0m: DB error - Table 'rot.donate_log' doesn't exist
[1;36m[Debug][0m: at ..\src\map\script.c:11994 - insert into donate_log (dt,item,qtde,vlr,account_id) values (now(),9933,-1,0,'6016657'),(now(),'4419',1,0,'6016657')
[1;36m[Debug][0m: Source (NPC): FAKE_NPC (invisible/not on a map)
[1;35m[SQL][0m: DB error - Table 'rot.donate_log' doesn't exist
[1;36m[Debug][0m: at ..\src\map\script.c:11994 - insert into donate_log (dt,item,qtde,vlr,account_id) values (now(),9933,-1,0,'6016657'),(now(),'4342',1,0,'6016657')
[1;36m[Debug][0m: Source (NPC): FAKE_NPC (invisible/not on a map)
[1;35m[SQL][0m: DB error - Table 'rot.donate_log' doesn't exist
[1;36m[Debug][0m: at ..\src\map\script.c:11994 - insert into donate_log (dt,item,qtde,vlr,account_id) values (now(),9933,-1,0,'6016657'),(now(),'16126',1,0,'6016657')
[1;36m[Debug][0m: Source (NPC): FAKE_NPC (invisible/not on a map)
[1;35m[SQL][0m: DB error - Table 'rot.donate_log' doesn't exist
[1;36m[Debug][0m: at ..\src\map\script.c:11994 - insert into donate_log (dt,item,qtde,vlr,account_id) values (now(),9933,-1,0,'6016657'),(now(),'4359',1,0,'6016657')
[1;36m[Debug][0m: Source (NPC): FAKE_NPC (invisible/not on a map)
[1;35m[SQL][0m: DB error - Table 'rot.donate_log' doesn't exist
[1;36m[Debug][0m: at ..\src\map\script.c:11994 - insert into donate_log (dt,item,qtde,vlr,account_id) values (now(),9933,-1,0,'6016657'),(now(),'16124',1,0,'6016657')
[1;36m[Debug][0m: Source (NPC): FAKE_NPC (invisible/not on a map)
[1;35m[SQL][0m: DB error - Table 'rot.donate_log' doesn't exist
[1;36m[Debug][0m: at ..\src\map\script.c:11994 - insert into donate_log (dt,item,qtde,vlr,account_id) values (now(),9933,-1,0,'6016657'),(now(),'4263',1,0,'6016657')
[1;36m[Debug][0m: Source (NPC): FAKE_NPC (invisible/not on a map)
[1;35m[SQL][0m: DB error - Table 'rot.donate_log' doesn't exist
[1;36m[Debug][0m: at ..\src\map\script.c:11994 - insert into donate_log (dt,item,qtde,vlr,account_id) values (now(),9933,-1,0,'6016657'),(now(),'16137',1,0,'6016657')
[1;36m[Debug][0m: Source (NPC): FAKE_NPC (invisible/not on a map)
[1;35m[SQL][0m: DB error - Table 'rot.donate_log' doesn't exist
[1;36m[Debug][0m: at ..\src\map\script.c:11994 - insert into donate_log (dt,item,qtde,vlr,account_id) values (now(),9933,-1,0,'6016657'),(now(),'4357',1,0,'6016657')
[1;36m[Debug][0m: Source (NPC): FAKE_NPC (invisible/not on a map)
[1;35m[SQL][0m: DB error - Table 'rot.donate_log' doesn't exist
[1;36m[Debug][0m: at ..\src\map\script.c:11994 - insert into donate_log (dt,item,qtde,vlr,account_id) values (now(),9933,-1,0,'6016657'),(now(),'4407',1,0,'6016657')
[1;36m[Debug][0m: Source (NPC): FAKE_NPC (invisible/not on a map)
[1;35m[SQL][0m: DB error - Table 'rot.donate_log' doesn't exist
[1;36m[Debug][0m: at ..\src\map\script.c:11994 - insert into donate_log (dt,item,qtde,vlr,account_id) values (now(),9933,-1,0,'6016657'),(now(),'16125',1,0,'6016657')
[1;36m[Debug][0m: Source (NPC): FAKE_NPC (invisible/not on a map)
[1;35m[SQL][0m: DB error - Table 'rot.donate_log' doesn't exist
[1;36m[Debug][0m: at ..\src\map\script.c:11994 - insert into donate_log (dt,item,qtde,vlr,account_id) values (now(),9933,-1,0,'6016657'),(now(),'16121',1,0,'6016657')
[1;36m[Debug][0m: Source (NPC): FAKE_NPC (invisible/not on a map)
[1;35m[SQL][0m: DB error - Table 'rot.donate_log' doesn't exist
[1;36m[Debug][0m: at ..\src\map\script.c:11994 - insert into donate_log (dt,item,qtde,vlr,account_id) values (now(),9933,-1,0,'6016657'),(now(),'4367',1,0,'6016657')
[1;36m[Debug][0m: Source (NPC): FAKE_NPC (invisible/not on a map)
[1;35m[SQL][0m: DB error - Table 'rot.donate_log' doesn't exist
[1;36m[Debug][0m: at ..\src\map\script.c:11994 - insert into donate_log (dt,item,qtde,vlr,account_id) values (now(),9933,-1,0,'6016657'),(now(),'16128',1,0,'6016657')
[1;36m[Debug][0m: Source (NPC): FAKE_NPC (invisible/not on a map)
[1;35m[SQL][0m: DB error - Table 'rot.donate_log' doesn't exist
[1;36m[Debug][0m: at ..\src\map\script.c:11994 - insert into donate_log (dt,item,qtde,vlr,account_id) values (now(),9933,-1,0,'6016657'),(now(),'4168',1,0,'6016657')
[1;36m[Debug][0m: Source (NPC): FAKE_NPC (invisible/not on a map)
[1;35m[SQL][0m: DB error - Table 'rot.donate_log' doesn't exist
[1;36m[Debug][0m: at ..\src\map\script.c:11994 - insert into donate_log (dt,item,qtde,vlr,account_id) values (now(),9933,-1,0,'6016657'),(now(),'16120',1,0,'6016657')
[1;36m[Debug][0m: Source (NPC): FAKE_NPC (invisible/not on a map)
[1;35m[SQL][0m: DB error - Table 'rot.donate_log' doesn't exist
[1;36m[Debug][0m: at ..\src\map\script.c:11994 - insert into donate_log (dt,item,qtde,vlr,account_id) values (now(),9933,-1,0,'6016657'),(now(),'4367',1,0,'6016657')
[1;36m[Debug][0m: Source (NPC): FAKE_NPC (invisible/not on a map)
[1;35m[SQL][0m: DB error - Table 'rot.donate_log' doesn't exist
[1;36m[Debug][0m: at ..\src\map\script.c:11994 - insert into donate_log (dt,item,qtde,vlr,account_id) values (now(),9933,-1,0,'2007123'),(now(),'4419',1,0,'2007123')
[1;36m[Debug][0m: Source (NPC): FAKE_NPC (invisible/not on a map)
[1;35m[SQL][0m: DB error - Table 'rot.donate_log' doesn't exist
[1;36m[Debug][0m: at ..\src\map\script.c:11994 - insert into donate_log (dt,item,qtde,vlr,account_id) values (now(),9933,-1,0,'6016657'),(now(),'16120',1,0,'6016657')
[1;36m[Debug][0m: Source (NPC): FAKE_NPC (invisible/not on a map)
[1;35m[SQL][0m: DB error - Table 'rot.donate_log' doesn't exist
[1;36m[Debug][0m: at ..\src\map\script.c:11994 - insert into donate_log (dt,item,qtde,vlr,account_id) values (now(),9933,-1,0,'6016657'),(now(),'16126',1,0,'6016657')
[1;36m[Debug][0m: Source (NPC): FAKE_NPC (invisible/not on a map)
[1;35m[SQL][0m: DB error - Table 'rot.donate_log' doesn't exist
[1;36m[Debug][0m: at ..\src\map\script.c:11994 - insert into donate_log (dt,item,qtde,vlr,account_id) values (now(),9933,-1,0,'6016657'),(now(),'4359',1,0,'6016657')
[1;36m[Debug][0m: Source (NPC): FAKE_NPC (invisible/not on a map)
[1;35m[SQL][0m: DB error - Table 'rot.donate_log' doesn't exist
[1;36m[Debug][0m: at ..\src\map\script.c:11994 - insert into donate_log (dt,item,qtde,vlr,account_id) values (now(),9933,-1,0,'6016657'),(now(),'4376',1,0,'6016657')
[1;36m[Debug][0m: Source (NPC): FAKE_NPC (invisible/not on a map)
[1;35m[SQL][0m: DB error - Table 'rot.donate_log' doesn't exist
[1;36m[Debug][0m: at ..\src\map\script.c:11994 - insert into donate_log (dt,item,qtde,vlr,account_id) values (now(),9933,-1,0,'6016657'),(now(),'4357',1,0,'6016657')
[1;36m[Debug][0m: Source (NPC): FAKE_NPC (invisible/not on a map)
[1;35m[SQL][0m: DB error - Table 'rot.donate_log' doesn't exist
[1;36m[Debug][0m: at ..\src\map\script.c:11994 - insert into donate_log (dt,item,qtde,vlr,account_id) values (now(),9933,-1,0,'6016657'),(now(),'4441',1,0,'6016657')
[1;36m[Debug][0m: Source (NPC): FAKE_NPC (invisible/not on a map)
[1;35m[SQL][0m: DB error - Table 'rot.donate_log' doesn't exist
[1;36m[Debug][0m: at ..\src\map\script.c:11994 - insert into donate_log (dt,item,qtde,vlr,account_id) values (now(),9933,-1,0,'6016657'),(now(),'4374',1,0,'6016657')
[1;36m[Debug][0m: Source (NPC): FAKE_NPC (invisible/not on a map)
[1;35m[SQL][0m: DB error - Table 'rot.donate_log' doesn't exist
[1;36m[Debug][0m: at ..\src\map\script.c:11994 - insert into donate_log (dt,item,qtde,vlr,account_id) values (now(),9933,-1,0,'6016657'),(now(),'16125',1,0,'6016657')
[1;36m[Debug][0m: Source (NPC): FAKE_NPC (invisible/not on a map)
[1;35m[SQL][0m: DB error - Table 'rot.donate_log' doesn't exist
[1;36m[Debug][0m: at ..\src\map\script.c:11994 - insert into donate_log (dt,item,qtde,vlr,account_id) values (now(),9933,-1,0,'6016657'),(now(),'4363',1,0,'6016657')
[1;36m[Debug][0m: Source (NPC): FAKE_NPC (invisible/not on a map)
[1;35m[SQL][0m: DB error - Table 'rot.donate_log' doesn't exist
[1;36m[Debug][0m: at ..\src\map\script.c:11994 - insert into donate_log (dt,item,qtde,vlr,account_id) values (now(),9933,-1,0,'6016657'),(now(),'4386',1,0,'6016657')
[1;36m[Debug][0m: Source (NPC): FAKE_NPC (invisible/not on a map)
[1;35m[SQL][0m: DB error - Table 'rot.donate_log' doesn't exist
[1;36m[Debug][0m: at ..\src\map\script.c:11994 - insert into donate_log (dt,item,qtde,vlr,account_id) values (now(),9933,-1,0,'6016657'),(now(),'16124',1,0,'6016657')
[1;36m[Debug][0m: Source (NPC): FAKE_NPC (invisible/not on a map)
[1;35m[SQL][0m: DB error - Table 'rot.donate_log' doesn't exist
[1;36m[Debug][0m: at ..\src\map\script.c:11994 - insert into donate_log (dt,item,qtde,vlr,account_id) values (now(),9933,-1,0,'6016657'),(now(),'4419',1,0,'6016657')
[1;36m[Debug][0m: Source (NPC): FAKE_NPC (invisible/not on a map)
[1;35m[SQL][0m: DB error - Table 'rot.donate_log' doesn't exist
[1;36m[Debug][0m: at ..\src\map\script.c:11994 - insert into donate_log (dt,item,qtde,vlr,account_id) values (now(),9933,-1,0,'6016657'),(now(),'4407',1,0,'6016657')
[1;36m[Debug][0m: Source (NPC): FAKE_NPC (invisible/not on a map)
[1;35m[SQL][0m: DB error - Table 'rot.donate_log' doesn't exist
[1;36m[Debug][0m: at ..\src\map\script.c:11994 - insert into donate_log (dt,item,qtde,vlr,account_id) values (now(),9933,-1,0,'6016657'),(now(),'4407',1,0,'6016657')
[1;36m[Debug][0m: Source (NPC): FAKE_NPC (invisible/not on a map)
[1;35m[SQL][0m: DB error - Table 'rot.donate_log' doesn't exist
[1;36m[Debug][0m: at ..\src\map\script.c:11994 - insert into donate_log (dt,item,qtde,vlr,account_id) values (now(),9933,-1,0,'2007123'),(now(),'16129',1,0,'2007123')
[1;36m[Debug][0m: Source (NPC): FAKE_NPC (invisible/not on a map)
[1;35m[SQL][0m: DB error - Table 'rot.donate_log' doesn't exist
[1;36m[Debug][0m: at ..\src\map\script.c:11994 - insert into donate_log (dt,item,qtde,vlr,account_id) values (now(),9933,-1,0,'6016657'),(now(),'16120',1,0,'6016657')
[1;36m[Debug][0m: Source (NPC): FAKE_NPC (invisible/not on a map)
[1;35m[SQL][0m: DB error - Table 'rot.donate_log' doesn't exist
[1;36m[Debug][0m: at ..\src\map\script.c:11994 - insert into donate_log (dt,item,qtde,vlr,account_id) values (now(),9933,-1,0,'6016657'),(now(),'4386',1,0,'6016657')
[1;36m[Debug][0m: Source (NPC): FAKE_NPC (invisible/not on a map)
[1;35m[SQL][0m: DB error - Table 'rot.donate_log' doesn't exist
[1;36m[Debug][0m: at ..\src\map\script.c:11994 - insert into donate_log (dt,item,qtde,vlr,account_id) values (now(),9933,-1,0,'6016657'),(now(),'4263',1,0,'6016657')
[1;36m[Debug][0m: Source (NPC): FAKE_NPC (invisible/not on a map)
[1;35m[SQL][0m: DB error - Table 'rot.donate_log' doesn't exist
[1;36m[Debug][0m: at ..\src\map\script.c:11994 - insert into donate_log (dt,item,qtde,vlr,account_id) values (now(),9933,-1,0,'6016657'),(now(),'4399',1,0,'6016657')
[1;36m[Debug][0m: Source (NPC): FAKE_NPC (invisible/not on a map)
[1;35m[SQL][0m: DB error - Table 'rot.donate_log' doesn't exist
[1;36m[Debug][0m: at ..\src\map\script.c:11994 - insert into donate_log (dt,item,qtde,vlr,account_id) values (now(),9933,-1,0,'6016657'),(now(),'4376',1,0,'6016657')
[1;36m[Debug][0m: Source (NPC): FAKE_NPC (invisible/not on a map)
[1;35m[SQL][0m: DB error - Table 'rot.donate_log' doesn't exist
[1;36m[Debug][0m: at ..\src\map\script.c:11994 - insert into donate_log (dt,item,qtde,vlr,account_id) values (now(),9933,-1,0,'6016657'),(now(),'4372',1,0,'6016657')
[1;36m[Debug][0m: Source (NPC): FAKE_NPC (invisible/not on a map)
[1;35m[SQL][0m: DB error - Table 'rot.donate_log' doesn't exist
[1;36m[Debug][0m: at ..\src\map\script.c:11994 - insert into donate_log (dt,item,qtde,vlr,account_id) values (now(),9933,-1,0,'6016657'),(now(),'4330',1,0,'6016657')
[1;36m[Debug][0m: Source (NPC): FAKE_NPC (invisible/not on a map)
[1;35m[SQL][0m: DB error - Table 'rot.donate_log' doesn't exist
[1;36m[Debug][0m: at ..\src\map\script.c:11994 - insert into donate_log (dt,item,qtde,vlr,account_id) values (now(),9933,-1,0,'6016657'),(now(),'4419',1,0,'6016657')
[1;36m[Debug][0m: Source (NPC): FAKE_NPC (invisible/not on a map)
[1;35m[SQL][0m: DB error - Table 'rot.donate_log' doesn't exist
[1;36m[Debug][0m: at ..\src\map\script.c:11994 - insert into donate_log (dt,item,qtde,vlr,account_id) values (now(),9933,-1,0,'6016657'),(now(),'4361',1,0,'6016657')
[1;36m[Debug][0m: Source (NPC): FAKE_NPC (invisible/not on a map)
[1;35m[SQL][0m: DB error - Table 'rot.donate_log' doesn't exist
[1;36m[Debug][0m: at ..\src\map\script.c:11994 - insert into donate_log (dt,item,qtde,vlr,account_id) values (now(),9933,-1,0,'2007123'),(now(),'4425',1,0,'2007123')
[1;36m[Debug][0m: Source (NPC): FAKE_NPC (invisible/not on a map)
[1;35m[SQL][0m: DB error - Table 'rot.donate_log' doesn't exist
[1;36m[Debug][0m: at ..\src\map\script.c:11994 - insert into donate_log (dt,item,qtde,vlr,account_id) values (now(),9933,-1,0,'6016657'),(now(),'4168',1,0,'6016657')
[1;36m[Debug][0m: Source (NPC): FAKE_NPC (invisible/not on a map)
[1;35m[SQL][0m: DB error - Table 'rot.donate_log' doesn't exist
[1;36m[Debug][0m: at ..\src\map\script.c:11994 - insert into donate_log (dt,item,qtde,vlr,account_id) values (now(),9933,-1,0,'6016657'),(now(),'16127',1,0,'6016657')
[1;36m[Debug][0m: Source (NPC): FAKE_NPC (invisible/not on a map)
[1;35m[SQL][0m: DB error - Table 'rot.donate_log' doesn't exist
[1;36m[Debug][0m: at ..\src\map\script.c:11994 - insert into donate_log (dt,item,qtde,vlr,account_id) values (now(),9933,-1,0,'6016657'),(now(),'4376',1,0,'6016657')
[1;36m[Debug][0m: Source (NPC): FAKE_NPC (invisible/not on a map)
[1;35m[SQL][0m: DB error - Table 'rot.donate_log' doesn't exist
[1;36m[Debug][0m: at ..\src\map\script.c:11994 - insert into donate_log (dt,item,qtde,vlr,account_id) values (now(),9933,-1,0,'6016657'),(now(),'4372',1,0,'6016657')
[1;36m[Debug][0m: Source (NPC): FAKE_NPC (invisible/not on a map)
[1;35m[SQL][0m: DB error - Table 'rot.donate_log' doesn't exist
[1;36m[Debug][0m: at ..\src\map\script.c:11994 - insert into donate_log (dt,item,qtde,vlr,account_id) values (now(),9933,-1,0,'6016657'),(now(),'16128',1,0,'6016657')
[1;36m[Debug][0m: Source (NPC): FAKE_NPC (invisible/not on a map)
[1;35m[SQL][0m: DB error - Table 'rot.donate_log' doesn't exist
[1;36m[Debug][0m: at ..\src\map\script.c:11994 - insert into donate_log (dt,item,qtde,vlr,account_id) values (now(),9933,-1,0,'6016657'),(now(),'4324',1,0,'6016657')
[1;36m[Debug][0m: Source (NPC): FAKE_NPC (invisible/not on a map)
[1;35m[SQL][0m: DB error - Table 'rot.donate_log' doesn't exist
[1;36m[Debug][0m: at ..\src\map\script.c:11994 - insert into donate_log (dt,item,qtde,vlr,account_id) values (now(),9933,-1,0,'6016657'),(now(),'4168',1,0,'6016657')
[1;36m[Debug][0m: Source (NPC): FAKE_NPC (invisible/not on a map)
[1;35m[SQL][0m: DB error - Table 'rot.donate_log' doesn't exist
[1;36m[Debug][0m: at ..\src\map\script.c:11994 - insert into donate_log (dt,item,qtde,vlr,account_id) values (now(),9933,-1,0,'6016657'),(now(),'16131',1,0,'6016657')
[1;36m[Debug][0m: Source (NPC): FAKE_NPC (invisible/not on a map)
[1;35m[SQL][0m: DB error - Table 'rot.donate_log' doesn't exist
[1;36m[Debug][0m: at ..\src\map\script.c:11994 - insert into donate_log (dt,item,qtde,vlr,account_id) values (now(),9933,-1,0,'6016657'),(now(),'4342',1,0,'6016657')
[1;36m[Debug][0m: Source (NPC): FAKE_NPC (invisible/not on a map)
[1;35m[SQL][0m: DB error - Table 'rot.donate_log' doesn't exist
[1;36m[Debug][0m: at ..\src\map\script.c:11994 - insert into donate_log (dt,item,qtde,vlr,account_id) values (now(),9933,-1,0,'6016657'),(now(),'4236',1,0,'6016657')
[1;36m[Debug][0m: Source (NPC): FAKE_NPC (invisible/not on a map)
[1;35m[SQL][0m: DB error - Table 'rot.donate_log' doesn't exist
[1;36m[Debug][0m: at ..\src\map\script.c:11994 - insert into donate_log (dt,item,qtde,vlr,account_id) values (now(),9933,-1,0,'6016657'),(now(),'4361',1,0,'6016657')
[1;36m[Debug][0m: Source (NPC): FAKE_NPC (invisible/not on a map)
[1;35m[SQL][0m: DB error - Table 'rot.donate_log' doesn't exist
[1;36m[Debug][0m: at ..\src\map\script.c:11994 - insert into donate_log (dt,item,qtde,vlr,account_id) values (now(),9933,-1,0,'6016657'),(now(),'4342',1,0,'6016657')
[1;36m[Debug][0m: Source (NPC): FAKE_NPC (invisible/not on a map)
[1;35m[SQL][0m: DB error - Table 'rot.donate_log' doesn't exist
[1;36m[Debug][0m: at ..\src\map\script.c:11994 - insert into donate_log (dt,item,qtde,vlr,account_id) values (now(),9933,-1,0,'6016657'),(now(),'4372',1,0,'6016657')
[1;36m[Debug][0m: Source (NPC): FAKE_NPC (invisible/not on a map)
[1;35m[SQL][0m: DB error - Table 'rot.donate_log' doesn't exist
[1;36m[Debug][0m: at ..\src\map\script.c:11994 - insert into donate_log (dt,item,qtde,vlr,account_id) values (now(),9933,-1,0,'6016657'),(now(),'16123',1,0,'6016657')
[1;36m[Debug][0m: Source (NPC): FAKE_NPC (invisible/not on a map)
[1;35m[SQL][0m: DB error - Table 'rot.donate_log' doesn't exist
[1;36m[Debug][0m: at ..\src\map\script.c:11994 - insert into donate_log (dt,item,qtde,vlr,account_id) values (now(),9933,-1,0,'6016657'),(now(),'16120',1,0,'6016657')
[1;36m[Debug][0m: Source (NPC): FAKE_NPC (invisible/not on a map)
[1;35m[SQL][0m: DB error - Table 'rot.donate_log' doesn't exist
[1;36m[Debug][0m: at ..\src\map\script.c:11994 - insert into donate_log (dt,item,qtde,vlr,account_id) values (now(),9933,-1,0,'6016657'),(now(),'16126',1,0,'6016657')
[1;36m[Debug][0m: Source (NPC): FAKE_NPC (invisible/not on a map)
[1;35m[SQL][0m: DB error - Table 'rot.donate_log' doesn't exist
[1;36m[Debug][0m: at ..\src\map\script.c:11994 - insert into donate_log (dt,item,qtde,vlr,account_id) values (now(),9933,-1,0,'6016657'),(now(),'4419',1,0,'6016657')
[1;36m[Debug][0m: Source (NPC): FAKE_NPC (invisible/not on a map)
[1;35m[SQL][0m: DB error - Table 'rot.donate_log' doesn't exist
[1;36m[Debug][0m: at ..\src\map\script.c:11994 - insert into donate_log (dt,item,qtde,vlr,account_id) values (now(),9933,-1,0,'6016657'),(now(),'4324',1,0,'6016657')
[1;36m[Debug][0m: Source (NPC): FAKE_NPC (invisible/not on a map)
[1;35m[SQL][0m: DB error - Table 'rot.donate_log' doesn't exist
[1;36m[Debug][0m: at ..\src\map\script.c:11994 - insert into donate_log (dt,item,qtde,vlr,account_id) values (now(),9933,-1,0,'6016657'),(now(),'4407',1,0,'6016657')
[1;36m[Debug][0m: Source (NPC): FAKE_NPC (invisible/not on a map)
[1;35m[SQL][0m: DB error - Table 'rot.donate_log' doesn't exist
[1;36m[Debug][0m: at ..\src\map\script.c:11994 - insert into donate_log (dt,item,qtde,vlr,account_id) values (now(),9933,-1,0,'6016657'),(now(),'4374',1,0,'6016657')
[1;36m[Debug][0m: Source (NPC): FAKE_NPC (invisible/not on a map)
[1;35m[SQL][0m: DB error - Table 'rot.donate_log' doesn't exist
[1;36m[Debug][0m: at ..\src\map\script.c:11994 - insert into donate_log (dt,item,qtde,vlr,account_id) values (now(),9933,-1,0,'6016657'),(now(),'16132',1,0,'6016657')
[1;36m[Debug][0m: Source (NPC): FAKE_NPC (invisible/not on a map)
[1;35m[SQL][0m: DB error - Table 'rot.donate_log' doesn't exist
[1;36m[Debug][0m: at ..\src\map\script.c:11994 - insert into donate_log (dt,item,qtde,vlr,account_id) values (now(),9933,-1,0,'6016657'),(now(),'4399',1,0,'6016657')
[1;36m[Debug][0m: Source (NPC): FAKE_NPC (invisible/not on a map)
[1;35m[SQL][0m: DB error - Table 'rot.donate_log' doesn't exist
[1;36m[Debug][0m: at ..\src\map\script.c:11994 - insert into donate_log (dt,item,qtde,vlr,account_id) values (now(),9933,-1,0,'6016657'),(now(),'16137',1,0,'6016657')
[1;36m[Debug][0m: Source (NPC): FAKE_NPC (invisible/not on a map)
[1;35m[SQL][0m: DB error - Table 'rot.donate_log' doesn't exist
[1;36m[Debug][0m: at ..\src\map\script.c:11994 - insert into donate_log (dt,item,qtde,vlr,account_id) values (now(),9933,-1,0,'6016657'),(now(),'4407',1,0,'6016657')
[1;36m[Debug][0m: Source (NPC): FAKE_NPC (invisible/not on a map)
[1;35m[SQL][0m: DB error - Table 'rot.donate_log' doesn't exist
[1;36m[Debug][0m: at ..\src\map\script.c:11994 - insert into donate_log (dt,item,qtde,vlr,account_id) values (now(),9933,-1,0,'6016657'),(now(),'16130',1,0,'6016657')
[1;36m[Debug][0m: Source (NPC): FAKE_NPC (invisible/not on a map)
[1;35m[SQL][0m: DB error - Table 'rot.donate_log' doesn't exist
[1;36m[Debug][0m: at ..\src\map\script.c:11994 - insert into donate_log (dt,item,qtde,vlr,account_id) values (now(),9933,-1,0,'6016657'),(now(),'4318',1,0,'6016657')
[1;36m[Debug][0m: Source (NPC): FAKE_NPC (invisible/not on a map)
[1;35m[SQL][0m: DB error - Table 'rot.donate_log' doesn't exist
[1;36m[Debug][0m: at ..\src\map\script.c:11994 - insert into donate_log (dt,item,qtde,vlr,account_id) values (now(),9933,-1,0,'6016657'),(now(),'4236',1,0,'6016657')
[1;36m[Debug][0m: Source (NPC): FAKE_NPC (invisible/not on a map)
[1;35m[SQL][0m: DB error - Table 'rot.donate_log' doesn't exist
[1;36m[Debug][0m: at ..\src\map\script.c:11994 - insert into donate_log (dt,item,qtde,vlr,account_id) values (now(),9933,-1,0,'6016657'),(now(),'4367',1,0,'6016657')
[1;36m[Debug][0m: Source (NPC): FAKE_NPC (invisible/not on a map)
[1;35m[SQL][0m: DB error - Table 'rot.donate_log' doesn't exist
[1;36m[Debug][0m: at ..\src\map\script.c:11994 - insert into donate_log (dt,item,qtde,vlr,account_id) values (now(),9933,-1,0,'6016657'),(now(),'4367',1,0,'6016657')
[1;36m[Debug][0m: Source (NPC): FAKE_NPC (invisible/not on a map)
[1;35m[SQL][0m: DB error - Table 'rot.donate_log' doesn't exist
[1;36m[Debug][0m: at ..\src\map\script.c:11994 - insert into donate_log (dt,item,qtde,vlr,account_id) values (now(),9933,-1,0,'6016657'),(now(),'16126',1,0,'6016657')
[1;36m[Debug][0m: Source (NPC): FAKE_NPC (invisible/not on a map)
[1;35m[SQL][0m: DB error - Table 'rot.donate_log' doesn't exist
[1;36m[Debug][0m: at ..\src\map\script.c:11994 - insert into donate_log (dt,item,qtde,vlr,account_id) values (now(),9933,-1,0,'6016657'),(now(),'16127',1,0,'6016657')
[1;36m[Debug][0m: Source (NPC): FAKE_NPC (invisible/not on a map)
[1;35m[SQL][0m: DB error - Table 'rot.donate_log' doesn't exist
[1;36m[Debug][0m: at ..\src\map\script.c:11994 - insert into donate_log (dt,item,qtde,vlr,account_id) values (now(),9933,-1,0,'6016657'),(now(),'16130',1,0,'6016657')
[1;36m[Debug][0m: Source (NPC): FAKE_NPC (invisible/not on a map)
[1;35m[SQL][0m: DB error - Table 'rot.donate_log' doesn't exist
[1;36m[Debug][0m: at ..\src\map\script.c:11994 - insert into donate_log (dt,item,qtde,vlr,account_id) values (now(),9933,-1,0,'6016657'),(now(),'16128',1,0,'6016657')
[1;36m[Debug][0m: Source (NPC): FAKE_NPC (invisible/not on a map)
[1;35m[SQL][0m: DB error - Table 'rot.donate_log' doesn't exist
[1;36m[Debug][0m: at ..\src\map\script.c:11994 - insert into donate_log (dt,item,qtde,vlr,account_id) values (now(),9933,-1,0,'6016657'),(now(),'4302',1,0,'6016657')
[1;36m[Debug][0m: Source (NPC): FAKE_NPC (invisible/not on a map)
[1;35m[SQL][0m: DB error - Table 'rot.donate_log' doesn't exist
[1;36m[Debug][0m: at ..\src\map\script.c:11994 - insert into donate_log (dt,item,qtde,vlr,account_id) values (now(),9933,-1,0,'6016657'),(now(),'16126',1,0,'6016657')
[1;36m[Debug][0m: Source (NPC): FAKE_NPC (invisible/not on a map)
[1;35m[SQL][0m: DB error - Table 'rot.donate_log' doesn't exist
[1;36m[Debug][0m: at ..\src\map\script.c:11994 - insert into donate_log (dt,item,qtde,vlr,account_id) values (now(),9933,-1,0,'6016657'),(now(),'4302',1,0,'6016657')
[1;36m[Debug][0m: Source (NPC): FAKE_NPC (invisible/not on a map)
[1;35m[SQL][0m: DB error - Table 'rot.donate_log' doesn't exist
[1;36m[Debug][0m: at ..\src\map\script.c:11994 - insert into donate_log (dt,item,qtde,vlr,account_id) values (now(),9933,-1,0,'6016657'),(now(),'4236',1,0,'6016657')
[1;36m[Debug][0m: Source (NPC): FAKE_NPC (invisible/not on a map)
[1;35m[SQL][0m: DB error - Table 'rot.donate_log' doesn't exist
[1;36m[Debug][0m: at ..\src\map\script.c:11994 - insert into donate_log (dt,item,qtde,vlr,account_id) values (now(),9933,-1,0,'6016657'),(now(),'4263',1,0,'6016657')
[1;36m[Debug][0m: Source (NPC): FAKE_NPC (invisible/not on a map)
[1;35m[SQL][0m: DB error - Table 'rot.donate_log' doesn't exist
[1;36m[Debug][0m: at ..\src\map\script.c:11994 - insert into donate_log (dt,item,qtde,vlr,account_id) values (now(),9933,-1,0,'6016657'),(now(),'4407',1,0,'6016657')
[1;36m[Debug][0m: Source (NPC): FAKE_NPC (invisible/not on a map)
[1;35m[SQL][0m: DB error - Table 'rot.donate_log' doesn't exist
[1;36m[Debug][0m: at ..\src\map\script.c:11994 - insert into donate_log (dt,item,qtde,vlr,account_id) values (now(),9933,-1,0,'6016657'),(now(),'16126',1,0,'6016657')
[1;36m[Debug][0m: Source (NPC): FAKE_NPC (invisible/not on a map)
[1;35m[SQL][0m: DB error - Table 'rot.donate_log' doesn't exist
[1;36m[Debug][0m: at ..\src\map\script.c:11994 - insert into donate_log (dt,item,qtde,vlr,account_id) values (now(),9933,-1,0,'6016657'),(now(),'4302',1,0,'6016657')
[1;36m[Debug][0m: Source (NPC): FAKE_NPC (invisible/not on a map)
[1;35m[SQL][0m: DB error - Table 'rot.donate_log' doesn't exist
[1;36m[Debug][0m: at ..\src\map\script.c:11994 - insert into donate_log (dt,item,qtde,vlr,account_id) values (now(),9933,-1,0,'6016657'),(now(),'4263',1,0,'6016657')
[1;36m[Debug][0m: Source (NPC): FAKE_NPC (invisible/not on a map)
[1;35m[SQL][0m: DB error - Table 'rot.donate_log' doesn't exist
[1;36m[Debug][0m: at ..\src\map\script.c:11994 - insert into donate_log (dt,item,qtde,vlr,account_id) values (now(),9933,-1,0,'6016657'),(now(),'16126',1,0,'6016657')
[1;36m[Debug][0m: Source (NPC): FAKE_NPC (invisible/not on a map)
[1;35m[SQL][0m: DB error - Table 'rot.donate_log' doesn't exist
[1;36m[Debug][0m: at ..\src\map\script.c:11994 - insert into donate_log (dt,item,qtde,vlr,account_id) values (now(),9933,-1,0,'6016657'),(now(),'16127',1,0,'6016657')
[1;36m[Debug][0m: Source (NPC): FAKE_NPC (invisible/not on a map)
[1;35m[SQL][0m: DB error - Table 'rot.donate_log' doesn't exist
[1;36m[Debug][0m: at ..\src\map\script.c:11994 - insert into donate_log (dt,item,qtde,vlr,account_id) values (now(),9933,-1,0,'6016657'),(now(),'16126',1,0,'6016657')
[1;36m[Debug][0m: Source (NPC): FAKE_NPC (invisible/not on a map)
[1;35m[SQL][0m: DB error - Table 'rot.donate_log' doesn't exist
[1;36m[Debug][0m: at ..\src\map\script.c:11994 - insert into donate_log (dt,item,qtde,vlr,account_id) values (now(),9933,-1,0,'6016657'),(now(),'4276',1,0,'6016657')
[1;36m[Debug][0m: Source (NPC): FAKE_NPC (invisible/not on a map)
[1;35m[SQL][0m: DB error - Table 'rot.donate_log' doesn't exist
[1;36m[Debug][0m: at ..\src\map\script.c:11994 - insert into donate_log (dt,item,qtde,vlr,account_id) values (now(),9933,-1,0,'2007123'),(now(),'4376',1,0,'2007123')
[1;36m[Debug][0m: Source (NPC): FAKE_NPC (invisible/not on a map)
[1;35m[SQL][0m: DB error - Table 'rot.donate_log' doesn't exist
[1;36m[Debug][0m: at ..\src\map\script.c:11994 - insert into donate_log (dt,item,qtde,vlr,account_id) values (now(),9933,-1,0,'6016657'),(now(),'16122',1,0,'6016657')
[1;36m[Debug][0m: Source (NPC): FAKE_NPC (invisible/not on a map)
[1;35m[SQL][0m: DB error - Table 'rot.donate_log' doesn't exist
[1;36m[Debug][0m: at ..\src\map\script.c:11994 - insert into donate_log (dt,item,qtde,vlr,account_id) values (now(),9933,-1,0,'6016657'),(now(),'4376',1,0,'6016657')
[1;36m[Debug][0m: Source (NPC): FAKE_NPC (invisible/not on a map)
[1;35m[SQL][0m: DB error - Table 'rot.donate_log' doesn't exist
[1;36m[Debug][0m: at ..\src\map\script.c:11994 - insert into donate_log (dt,item,qtde,vlr,account_id) values (now(),9933,-1,0,'6016657'),(now(),'4386',1,0,'6016657')
[1;36m[Debug][0m: Source (NPC): FAKE_NPC (invisible/not on a map)
[1;35m[SQL][0m: DB error - Table 'rot.donate_log' doesn't exist
[1;36m[Debug][0m: at ..\src\map\script.c:11994 - insert into donate_log (dt,item,qtde,vlr,account_id) values (now(),9933,-1,0,'6016657'),(now(),'4168',1,0,'6016657')
[1;36m[Debug][0m: Source (NPC): FAKE_NPC (invisible/not on a map)
[1;35m[SQL][0m: DB error - Table 'rot.donate_log' doesn't exist
[1;36m[Debug][0m: at ..\src\map\script.c:11994 - insert into donate_log (dt,item,qtde,vlr,account_id) values (now(),9933,-1,0,'6016657'),(now(),'4361',1,0,'6016657')
[1;36m[Debug][0m: Source (NPC): FAKE_NPC (invisible/not on a map)
[1;35m[SQL][0m: DB error - Table 'rot.donate_log' doesn't exist
[1;36m[Debug][0m: at ..\src\map\script.c:11994 - insert into donate_log (dt,item,qtde,vlr,account_id) values (now(),9933,-1,0,'2007123'),(now(),'4430',1,0,'2007123')
[1;36m[Debug][0m: Source (NPC): FAKE_NPC (invisible/not on a map)
[1;35m[SQL][0m: DB error - Table 'rot.donate_log' doesn't exist
[1;36m[Debug][0m: at ..\src\map\script.c:11994 - insert into donate_log (dt,item,qtde,vlr,account_id) values (now(),9933,-1,0,'6016657'),(now(),'4276',1,0,'6016657')
[1;36m[Debug][0m: Source (NPC): FAKE_NPC (invisible/not on a map)
[1;35m[SQL][0m: DB error - Table 'rot.donate_log' doesn't exist
[1;36m[Debug][0m: at ..\src\map\script.c:11994 - insert into donate_log (dt,item,qtde,vlr,account_id) values (now(),9933,-1,0,'6016657'),(now(),'4305',1,0,'6016657')
[1;36m[Debug][0m: Source (NPC): FAKE_NPC (invisible/not on a map)
[1;35m[SQL][0m: DB error - Table 'rot.donate_log' doesn't exist
[1;36m[Debug][0m: at ..\src\map\script.c:11994 - insert into donate_log (dt,item,qtde,vlr,account_id) values (now(),9933,-1,0,'6016657'),(now(),'4318',1,0,'6016657')
[1;36m[Debug][0m: Source (NPC): FAKE_NPC (invisible/not on a map)
[1;35m[SQL][0m: DB error - Table 'rot.donate_log' doesn't exist
[1;36m[Debug][0m: at ..\src\map\script.c:11994 - insert into donate_log (dt,item,qtde,vlr,account_id) values (now(),9933,-1,0,'6016657'),(now(),'4407',1,0,'6016657')
[1;36m[Debug][0m: Source (NPC): FAKE_NPC (invisible/not on a map)
[1;35m[SQL][0m: DB error - Table 'rot.donate_log' doesn't exist
[1;36m[Debug][0m: at ..\src\map\script.c:11994 - insert into donate_log (dt,item,qtde,vlr,account_id) values (now(),9933,-1,0,'6016657'),(now(),'4441',1,0,'6016657')
[1;36m[Debug][0m: Source (NPC): FAKE_NPC (invisible/not on a map)
[1;35m[SQL][0m: DB error - Table 'rot.donate_log' doesn't exist
[1;36m[Debug][0m: at ..\src\map\script.c:11994 - insert into donate_log (dt,item,qtde,vlr,account_id) values (now(),9933,-1,0,'6016657'),(now(),'16130',1,0,'6016657')
[1;36m[Debug][0m: Source (NPC): FAKE_NPC (invisible/not on a map)
[1;35m[SQL][0m: DB error - Table 'rot.donate_log' doesn't exist
[1;36m[Debug][0m: at ..\src\map\script.c:11994 - insert into donate_log (dt,item,qtde,vlr,account_id) values (now(),9933,-1,0,'6016657'),(now(),'4330',1,0,'6016657')
[1;36m[Debug][0m: Source (NPC): FAKE_NPC (invisible/not on a map)
[1;35m[SQL][0m: DB error - Table 'rot.donate_log' doesn't exist
[1;36m[Debug][0m: at ..\src\map\script.c:11994 - insert into donate_log (dt,item,qtde,vlr,account_id) values (now(),9933,-1,0,'2007123'),(now(),'4324',1,0,'2007123')
[1;36m[Debug][0m: Source (NPC): FAKE_NPC (invisible/not on a map)
[1;35m[SQL][0m: DB error - Table 'rot.donate_log' doesn't exist
[1;36m[Debug][0m: at ..\src\map\script.c:11994 - insert into donate_log (dt,item,qtde,vlr,account_id) values (now(),9933,-1,0,'6016657'),(now(),'4430',1,0,'6016657')
[1;36m[Debug][0m: Source (NPC): FAKE_NPC (invisible/not on a map)
[1;35m[SQL][0m: DB error - Table 'rot.donate_log' doesn't exist
[1;36m[Debug][0m: at ..\src\map\script.c:11994 - insert into donate_log (dt,item,qtde,vlr,account_id) values (now(),9933,-1,0,'6016657'),(now(),'16129',1,0,'6016657')
[1;36m[Debug][0m: Source (NPC): FAKE_NPC (invisible/not on a map)
[1;35m[SQL][0m: DB error - Table 'rot.donate_log' doesn't exist
[1;36m[Debug][0m: at ..\src\map\script.c:11994 - insert into donate_log (dt,item,qtde,vlr,account_id) values (now(),9933,-1,0,'6016657'),(now(),'4365',1,0,'6016657')
[1;36m[Debug][0m: Source (NPC): FAKE_NPC (invisible/not on a map)
[1;35m[SQL][0m: DB error - Table 'rot.donate_log' doesn't exist
[1;36m[Debug][0m: at ..\src\map\script.c:11994 - insert into donate_log (dt,item,qtde,vlr,account_id) values (now(),9933,-1,0,'6016657'),(now(),'16120',1,0,'6016657')
[1;36m[Debug][0m: Source (NPC): FAKE_NPC (invisible/not on a map)
[1;35m[SQL][0m: DB error - Table 'rot.donate_log' doesn't exist
[1;36m[Debug][0m: at ..\src\map\script.c:11994 - insert into donate_log (dt,item,qtde,vlr,account_id) values (now(),9933,-1,0,'6016657'),(now(),'16125',1,0,'6016657')
[1;36m[Debug][0m: Source (NPC): FAKE_NPC (invisible/not on a map)
[1;35m[SQL][0m: DB error - Table 'rot.donate_log' doesn't exist
[1;36m[Debug][0m: at ..\src\map\script.c:11994 - insert into donate_log (dt,item,qtde,vlr,account_id) values (now(),9933,-1,0,'2007123'),(now(),'4302',1,0,'2007123')
[1;36m[Debug][0m: Source (NPC): FAKE_NPC (invisible/not on a map)
[1;35m[SQL][0m: DB error - Table 'rot.donate_log' doesn't exist
[1;36m[Debug][0m: at ..\src\map\script.c:11994 - insert into donate_log (dt,item,qtde,vlr,account_id) values (now(),9933,-1,0,'6016657'),(now(),'4302',1,0,'6016657')
[1;36m[Debug][0m: Source (NPC): FAKE_NPC (invisible/not on a map)
[1;35m[SQL][0m: DB error - Table 'rot.donate_log' doesn't exist
[1;36m[Debug][0m: at ..\src\map\script.c:11994 - insert into donate_log (dt,item,qtde,vlr,account_id) values (now(),9933,-1,0,'6016657'),(now(),'4408',1,0,'6016657')
[1;36m[Debug][0m: Source (NPC): FAKE_NPC (invisible/not on a map)
[1;35m[SQL][0m: DB error - Table 'rot.donate_log' doesn't exist
[1;36m[Debug][0m: at ..\src\map\script.c:11994 - insert into donate_log (dt,item,qtde,vlr,account_id) values (now(),9933,-1,0,'6016657'),(now(),'16137',1,0,'6016657')
[1;36m[Debug][0m: Source (NPC): FAKE_NPC (invisible/not on a map)
[1;35m[SQL][0m: DB error - Table 'rot.donate_log' doesn't exist
[1;36m[Debug][0m: at ..\src\map\script.c:11994 - insert into donate_log (dt,item,qtde,vlr,account_id) values (now(),9933,-1,0,'6016657'),(now(),'16126',1,0,'6016657')
[1;36m[Debug][0m: Source (NPC): FAKE_NPC (invisible/not on a map)
[1;35m[SQL][0m: DB error - Table 'rot.donate_log' doesn't exist
[1;36m[Debug][0m: at ..\src\map\script.c:11994 - insert into donate_log (dt,item,qtde,vlr,account_id) values (now(),9933,-1,0,'6016657'),(now(),'4324',1,0,'6016657')
[1;36m[Debug][0m: Source (NPC): FAKE_NPC (invisible/not on a map)
[1;35m[SQL][0m: DB error - Table 'rot.donate_log' doesn't exist
[1;36m[Debug][0m: at ..\src\map\script.c:11994 - insert into donate_log (dt,item,qtde,vlr,account_id) values (now(),9933,-1,0,'6016657'),(now(),'4236',1,0,'6016657')
[1;36m[Debug][0m: Source (NPC): FAKE_NPC (invisible/not on a map)
[1;35m[SQL][0m: DB error - Table 'rot.donate_log' doesn't exist
[1;36m[Debug][0m: at ..\src\map\script.c:11994 - insert into donate_log (dt,item,qtde,vlr,account_id) values (now(),9933,-1,0,'6016657'),(now(),'4365',1,0,'6016657')
[1;36m[Debug][0m: Source (NPC): FAKE_NPC (invisible/not on a map)
[1;35m[SQL][0m: DB error - Table 'rot.donate_log' doesn't exist
[1;36m[Debug][0m: at ..\src\map\script.c:11994 - insert into donate_log (dt,item,qtde,vlr,account_id) values (now(),9933,-1,0,'6016657'),(now(),'16123',1,0,'6016657')
[1;36m[Debug][0m: Source (NPC): FAKE_NPC (invisible/not on a map)
[1;35m[SQL][0m: DB error - Table 'rot.donate_log' doesn't exist
[1;36m[Debug][0m: at ..\src\map\script.c:11994 - insert into donate_log (dt,item,qtde,vlr,account_id) values (now(),9933,-1,0,'6016657'),(now(),'4302',1,0,'6016657')
[1;36m[Debug][0m: Source (NPC): FAKE_NPC (invisible/not on a map)
[1;35m[SQL][0m: DB error - Table 'rot.donate_log' doesn't exist
[1;36m[Debug][0m: at ..\src\map\script.c:11994 - insert into donate_log (dt,item,qtde,vlr,account_id) values (now(),9933,-1,0,'6016657'),(now(),'16121',1,0,'6016657')
[1;36m[Debug][0m: Source (NPC): FAKE_NPC (invisible/not on a map)
[1;35m[SQL][0m: DB error - Table 'rot.donate_log' doesn't exist
[1;36m[Debug][0m: at ..\src\map\script.c:11994 - insert into donate_log (dt,item,qtde,vlr,account_id) values (now(),9933,-1,0,'6016657'),(now(),'16125',1,0,'6016657')
[1;36m[Debug][0m: Source (NPC): FAKE_NPC (invisible/not on a map)
[1;35m[SQL][0m: DB error - Table 'rot.donate_log' doesn't exist
[1;36m[Debug][0m: at ..\src\map\script.c:11994 - insert into donate_log (dt,item,qtde,vlr,account_id) values (now(),9933,-1,0,'6016657'),(now(),'4367',1,0,'6016657')
[1;36m[Debug][0m: Source (NPC): FAKE_NPC (invisible/not on a map)
[1;35m[SQL][0m: DB error - Table 'rot.donate_log' doesn't exist
[1;36m[Debug][0m: at ..\src\map\script.c:11994 - insert into donate_log (dt,item,qtde,vlr,account_id) values (now(),9933,-1,0,'6016657'),(now(),'4276',1,0,'6016657')
[1;36m[Debug][0m: Source (NPC): FAKE_NPC (invisible/not on a map)
[1;35m[SQL][0m: DB error - Table 'rot.donate_log' doesn't exist
[1;36m[Debug][0m: at ..\src\map\script.c:11994 - insert into donate_log (dt,item,qtde,vlr,account_id) values (now(),9933,-1,0,'2007123'),(now(),'4357',1,0,'2007123')
[1;36m[Debug][0m: Source (NPC): FAKE_NPC (invisible/not on a map)
[1;35m[SQL][0m: DB error - Table 'rot.donate_log' doesn't exist
[1;36m[Debug][0m: at ..\src\map\script.c:11994 - insert into donate_log (dt,item,qtde,vlr,account_id) values (now(),9933,-1,0,'2007123'),(now(),'16121',1,0,'2007123')
[1;36m[Debug][0m: Source (NPC): FAKE_NPC (invisible/not on a map)
[1;35m[SQL][0m: DB error - Table 'rot.donate_log' doesn't exist
[1;36m[Debug][0m: at ..\src\map\script.c:11994 - insert into donate_log (dt,item,qtde,vlr,account_id) values (now(),9933,-1,0,'2007123'),(now(),'4305',1,0,'2007123')
[1;36m[Debug][0m: Source (NPC): FAKE_NPC (invisible/not on a map)
[1;35m[SQL][0m: DB error - Table 'rot.donate_log' doesn't exist
[1;36m[Debug][0m: at ..\src\map\script.c:11994 - insert into donate_log (dt,item,qtde,vlr,account_id) values (now(),9933,-1,0,'2007123'),(now(),'4168',1,0,'2007123')
[1;36m[Debug][0m: Source (NPC): FAKE_NPC (invisible/not on a map)
[1;35m[SQL][0m: DB error - Table 'rot.donate_log' doesn't exist
[1;36m[Debug][0m: at ..\src\map\script.c:11994 - insert into donate_log (dt,item,qtde,vlr,account_id) values (now(),9933,-1,0,'2007123'),(now(),'4376',1,0,'2007123')
[1;36m[Debug][0m: Source (NPC): FAKE_NPC (invisible/not on a map)
[1;35m[SQL][0m: DB error - Table 'rot.donate_log' doesn't exist
[1;36m[Debug][0m: at ..\src\map\script.c:11994 - insert into donate_log (dt,item,qtde,vlr,account_id) values (now(),9933,-1,0,'2007123'),(now(),'4359',1,0,'2007123')
[1;36m[Debug][0m: Source (NPC): FAKE_NPC (invisible/not on a map)
[1;35m[SQL][0m: DB error - Table 'rot.donate_log' doesn't exist
[1;36m[Debug][0m: at ..\src\map\script.c:11994 - insert into donate_log (dt,item,qtde,vlr,account_id) values (now(),9933,-1,0,'2007123'),(now(),'4363',1,0,'2007123')
[1;36m[Debug][0m: Source (NPC): FAKE_NPC (invisible/not on a map)
[1;35m[SQL][0m: DB error - Table 'rot.donate_log' doesn't exist
[1;36m[Debug][0m: at ..\src\map\script.c:11994 - insert into donate_log (dt,item,qtde,vlr,account_id) values (now(),9933,-1,0,'2007123'),(now(),'4168',1,0,'2007123')
[1;36m[Debug][0m: Source (NPC): FAKE_NPC (invisible/not on a map)
[1;35m[SQL][0m: DB error - Table 'rot.donate_log' doesn't exist
[1;36m[Debug][0m: at ..\src\map\script.c:11994 - insert into donate_log (dt,item,qtde,vlr,account_id) values (now(),9933,-1,0,'2007123'),(now(),'4363',1,0,'2007123')
[1;36m[Debug][0m: Source (NPC): FAKE_NPC (invisible/not on a map)
[1;35m[SQL][0m: DB error - Table 'rot.donate_log' doesn't exist
[1;36m[Debug][0m: at ..\src\map\script.c:11994 - insert into donate_log (dt,item,qtde,vlr,account_id) values (now(),9933,-1,0,'2007123'),(now(),'4425',1,0,'2007123')
[1;36m[Debug][0m: Source (NPC): FAKE_NPC (invisible/not on a map)
[1;35m[SQL][0m: DB error - Table 'rot.donate_log' doesn't exist
[1;36m[Debug][0m: at ..\src\map\script.c:11994 - insert into donate_log (dt,item,qtde,vlr,account_id) values (now(),9933,-1,0,'2007123'),(now(),'4305',1,0,'2007123')