[1;33m[Warning][0m: clif_process_message: Player 'BrUu~ [F]' sent an unterminated name!
[1;31m[Error][0m: party_member_added: party 194997 not found.
[1;33m[Warning][0m: pc_bonus: unknown type 0 2 !
[1;33m[Warning][0m: pc_bonus: unknown type 0 2 !
[1;33m[Warning][0m: pc_bonus: unknown type 0 2 !
[1;33m[Warning][0m: pc_bonus: unknown type 0 2 !
[1;33m[Warning][0m: pc_bonus: unknown type 0 2 !
[1;33m[Warning][0m: pc_bonus: unknown type 0 2 !
[1;33m[Warning][0m: pc_bonus: unknown type 0 2 !
[1;33m[Warning][0m: pc_bonus: unknown type 0 2 !
[1;33m[Warning][0m: pc_bonus: unknown type 0 2 !
[1;33m[Warning][0m: pc_bonus: unknown type 0 2 !
[1;33m[Warning][0m: pc_bonus: unknown type 0 2 !
[1;33m[Warning][0m: pc_bonus: unknown type 0 2 !
[1;33m[Warning][0m: pc_bonus: unknown type 0 2 !
[1;33m[Warning][0m: pc_bonus: unknown type 0 2 !
[1;33m[Warning][0m: pc_bonus: unknown type 0 2 !
[1;33m[Warning][0m: pc_bonus: unknown type 0 2 !
[1;33m[Warning][0m: pc_bonus: unknown type 0 2 !
[1;33m[Warning][0m: pc_bonus: unknown type 0 2 !
[1;33m[Warning][0m: pc_bonus: unknown type 0 2 !
[1;33m[Warning][0m: pc_bonus: unknown type 0 2 !
[1;33m[Warning][0m: pc_bonus: unknown type 0 2 !
[1;33m[Warning][0m: pc_bonus: unknown type 0 2 !
[1;33m[Warning][0m: pc_bonus: unknown type 0 2 !
[1;33m[Warning][0m: pc_bonus: unknown type 0 2 !
[1;33m[Warning][0m: pc_bonus: unknown type 0 2 !
[1;33m[Warning][0m: pc_bonus: unknown type 0 2 !
[1;33m[Warning][0m: pc_bonus: unknown type 0 2 !
[1;33m[Warning][0m: pc_bonus: unknown type 0 2 !
[1;33m[Warning][0m: pc_bonus: unknown type 0 2 !
[1;33m[Warning][0m: pc_bonus: unknown type 0 2 !
[1;33m[Warning][0m: pc_bonus: unknown type 0 2 !
[1;33m[Warning][0m: pc_bonus: unknown type 0 2 !
[1;33m[Warning][0m: pc_bonus: unknown type 0 2 !
[1;33m[Warning][0m: pc_bonus: unknown type 0 2 !
[1;33m[Warning][0m: pc_bonus: unknown type 0 2 !
[1;33m[Warning][0m: pc_bonus: unknown type 0 2 !
[1;33m[Warning][0m: pc_bonus: unknown type 0 2 !
[1;33m[Warning][0m: pc_bonus: unknown type 0 2 !
[1;33m[Warning][0m: pc_bonus: unknown type 0 2 !
[1;33m[Warning][0m: pc_bonus: unknown type 0 2 !
[1;33m[Warning][0m: pc_bonus: unknown type 0 2 !
[1;33m[Warning][0m: pc_bonus: unknown type 0 2 !
[1;33m[Warning][0m: pc_bonus: unknown type 0 2 !
[1;33m[Warning][0m: pc_bonus: unknown type 0 2 !
[1;33m[Warning][0m: pc_bonus: unknown type 0 2 !
[1;33m[Warning][0m: pc_bonus: unknown type 0 2 !
[1;33m[Warning][0m: pc_bonus: unknown type 0 2 !
[1;33m[Warning][0m: pc_bonus: unknown type 0 2 !
[1;33m[Warning][0m: pc_bonus: unknown type 0 2 !
[1;33m[Warning][0m: pc_bonus: unknown type 0 2 !
[1;33m[Warning][0m: pc_bonus: unknown type 0 2 !
[1;33m[Warning][0m: pc_bonus: unknown type 0 2 !
[1;33m[Warning][0m: pc_bonus: unknown type 0 2 !
[1;33m[Warning][0m: pc_bonus: unknown type 0 2 !
[1;33m[Warning][0m: pc_bonus: unknown type 0 2 !
[1;33m[Warning][0m: pc_bonus: unknown type 0 2 !
[1;33m[Warning][0m: pc_bonus: unknown type 0 2 !
[1;33m[Warning][0m: pc_bonus: unknown type 0 2 !
[1;33m[Warning][0m: pc_bonus: unknown type 0 2 !
[1;33m[Warning][0m: pc_bonus: unknown type 0 2 !
[1;33m[Warning][0m: pc_bonus: unknown type 0 2 !
[1;33m[Warning][0m: pc_bonus: unknown type 0 2 !
[1;33m[Warning][0m: pc_bonus: unknown type 0 2 !
[1;33m[Warning][0m: pc_bonus: unknown type 0 2 !
[1;33m[Warning][0m: pc_bonus: unknown type 0 2 !
[1;33m[Warning][0m: pc_bonus: unknown type 0 2 !
[1;33m[Warning][0m: pc_bonus: unknown type 0 2 !
[1;33m[Warning][0m: pc_bonus: unknown type 0 2 !
[1;33m[Warning][0m: pc_bonus: unknown type 0 2 !
[1;33m[Warning][0m: pc_bonus: unknown type 0 2 !
[1;33m[Warning][0m: pc_bonus: unknown type 0 2 !
[1;33m[Warning][0m: pc_bonus: unknown type 0 2 !
[1;33m[Warning][0m: pc_bonus: unknown type 0 2 !
[1;33m[Warning][0m: pc_bonus: unknown type 0 2 !
[1;33m[Warning][0m: pc_bonus: unknown type 0 2 !
[1;33m[Warning][0m: pc_bonus: unknown type 0 2 !
[1;33m[Warning][0m: pc_bonus: unknown type 0 2 !
[1;33m[Warning][0m: pc_bonus: unknown type 0 2 !
[1;33m[Warning][0m: pc_bonus: unknown type 0 2 !
[1;33m[Warning][0m: pc_bonus: unknown type 0 2 !
[1;33m[Warning][0m: pc_bonus: unknown type 0 2 !
[1;33m[Warning][0m: pc_bonus: unknown type 0 2 !
[1;33m[Warning][0m: pc_bonus: unknown type 0 2 !
[1;33m[Warning][0m: pc_bonus: unknown type 0 2 !
[1;33m[Warning][0m: pc_bonus: unknown type 0 2 !
[1;33m[Warning][0m: pc_bonus: unknown type 0 2 !
[1;33m[Warning][0m: pc_bonus: unknown type 0 2 !
[1;33m[Warning][0m: pc_bonus: unknown type 0 2 !
[1;33m[Warning][0m: pc_bonus: unknown type 0 2 !
[1;33m[Warning][0m: pc_bonus: unknown type 0 2 !
[1;33m[Warning][0m: pc_bonus: unknown type 0 2 !
[1;33m[Warning][0m: pc_bonus: unknown type 0 2 !
[1;33m[Warning][0m: pc_bonus: unknown type 0 2 !
[1;33m[Warning][0m: pc_bonus: unknown type 0 2 !
[1;33m[Warning][0m: pc_bonus: unknown type 0 2 !
[1;33m[Warning][0m: pc_bonus: unknown type 0 2 !
[1;33m[Warning][0m: pc_bonus: unknown type 0 2 !
[1;33m[Warning][0m: pc_bonus: unknown type 0 2 !
[1;33m[Warning][0m: pc_bonus: unknown type 0 2 !
[1;33m[Warning][0m: pc_bonus: unknown type 0 2 !
[1;33m[Warning][0m: pc_bonus: unknown type 0 2 !
[1;33m[Warning][0m: pc_bonus: unknown type 0 2 !
[1;33m[Warning][0m: pc_bonus: unknown type 0 2 !
[1;33m[Warning][0m: pc_bonus: unknown type 0 2 !
[1;33m[Warning][0m: pc_bonus: unknown type 0 2 !
[1;33m[Warning][0m: pc_bonus: unknown type 0 2 !
[1;33m[Warning][0m: pc_bonus: unknown type 0 2 !
[1;33m[Warning][0m: pc_bonus: unknown type 0 2 !
[1;33m[Warning][0m: pc_bonus: unknown type 0 2 !
[1;33m[Warning][0m: pc_bonus: unknown type 0 2 !
[1;33m[Warning][0m: pc_bonus: unknown type 0 2 !
[1;33m[Warning][0m: pc_bonus: unknown type 0 2 !
[1;33m[Warning][0m: pc_bonus: unknown type 0 2 !
[1;33m[Warning][0m: pc_bonus: unknown type 0 2 !
[1;33m[Warning][0m: pc_bonus: unknown type 0 2 !
[1;33m[Warning][0m: pc_bonus: unknown type 0 2 !
[1;33m[Warning][0m: pc_bonus: unknown type 0 2 !
[1;33m[Warning][0m: pc_bonus: unknown type 0 2 !
[1;33m[Warning][0m: pc_bonus: unknown type 0 2 !
[1;33m[Warning][0m: pc_bonus: unknown type 0 2 !
[1;33m[Warning][0m: pc_bonus: unknown type 0 2 !
[1;33m[Warning][0m: pc_bonus: unknown type 0 2 !
[1;33m[Warning][0m: pc_bonus: unknown type 0 2 !
[1;33m[Warning][0m: pc_bonus: unknown type 0 2 !
[1;33m[Warning][0m: pc_bonus: unknown type 0 2 !
[1;33m[Warning][0m: pc_bonus: unknown type 0 2 !
[1;33m[Warning][0m: pc_bonus: unknown type 0 2 !
[1;33m[Warning][0m: pc_bonus: unknown type 0 2 !
[1;33m[Warning][0m: pc_bonus: unknown type 0 2 !
[1;33m[Warning][0m: pc_bonus: unknown type 0 2 !
[1;33m[Warning][0m: pc_bonus: unknown type 0 2 !
[1;33m[Warning][0m: pc_bonus: unknown type 0 2 !
[1;33m[Warning][0m: pc_bonus: unknown type 0 2 !
[1;33m[Warning][0m: pc_bonus: unknown type 0 2 !
[1;33m[Warning][0m: pc_bonus: unknown type 0 2 !
[1;33m[Warning][0m: pc_bonus: unknown type 0 2 !
[1;33m[Warning][0m: pc_bonus: unknown type 0 2 !
[1;33m[Warning][0m: pc_bonus: unknown type 0 2 !
[1;33m[Warning][0m: pc_bonus: unknown type 0 2 !
[1;33m[Warning][0m: pc_bonus: unknown type 0 2 !
[1;33m[Warning][0m: pc_bonus: unknown type 0 2 !
[1;33m[Warning][0m: pc_bonus: unknown type 0 2 !
[1;33m[Warning][0m: pc_bonus: unknown type 0 2 !
[1;33m[Warning][0m: pc_bonus: unknown type 0 2 !
[1;33m[Warning][0m: pc_bonus: unknown type 0 2 !
[1;33m[Warning][0m: pc_bonus: unknown type 0 2 !
[1;33m[Warning][0m: pc_bonus: unknown type 0 2 !
[1;33m[Warning][0m: pc_bonus: unknown type 0 2 !
[1;33m[Warning][0m: pc_bonus: unknown type 0 2 !
[1;33m[Warning][0m: pc_bonus: unknown type 0 2 !
[1;33m[Warning][0m: pc_bonus: unknown type 0 2 !
[1;33m[Warning][0m: pc_bonus: unknown type 0 2 !
[1;33m[Warning][0m: pc_bonus: unknown type 0 2 !
[1;33m[Warning][0m: pc_bonus: unknown type 0 2 !
[1;33m[Warning][0m: pc_bonus: unknown type 0 2 !
[1;33m[Warning][0m: pc_bonus: unknown type 0 2 !
[1;33m[Warning][0m: pc_bonus: unknown type 0 2 !
[1;33m[Warning][0m: pc_bonus: unknown type 0 2 !
[1;33m[Warning][0m: pc_bonus: unknown type 0 2 !
[1;33m[Warning][0m: pc_bonus: unknown type 0 2 !
[1;33m[Warning][0m: pc_bonus: unknown type 0 2 !
[1;33m[Warning][0m: pc_bonus: unknown type 0 2 !
[1;33m[Warning][0m: pc_bonus: unknown type 0 2 !
[1;33m[Warning][0m: pc_bonus: unknown type 0 2 !
[1;33m[Warning][0m: pc_bonus: unknown type 0 2 !
[1;33m[Warning][0m: pc_bonus: unknown type 0 2 !
[1;33m[Warning][0m: pc_bonus: unknown type 0 2 !
[1;33m[Warning][0m: pc_bonus: unknown type 0 2 !
[1;33m[Warning][0m: pc_bonus: unknown type 0 2 !
[1;33m[Warning][0m: pc_bonus: unknown type 0 2 !
[1;33m[Warning][0m: pc_bonus: unknown type 0 2 !
[1;33m[Warning][0m: pc_bonus: unknown type 0 2 !
[1;33m[Warning][0m: pc_bonus: unknown type 0 2 !
[1;33m[Warning][0m: pc_bonus: unknown type 0 2 !
[1;33m[Warning][0m: pc_bonus: unknown type 0 2 !
[1;33m[Warning][0m: pc_bonus: unknown type 0 2 !
[1;33m[Warning][0m: pc_bonus: unknown type 0 2 !
[1;33m[Warning][0m: pc_bonus: unknown type 0 2 !
[1;33m[Warning][0m: pc_bonus: unknown type 0 2 !
[1;33m[Warning][0m: pc_bonus: unknown type 0 2 !
[1;33m[Warning][0m: pc_bonus: unknown type 0 2 !
[1;33m[Warning][0m: pc_bonus: unknown type 0 2 !
[1;33m[Warning][0m: pc_bonus: unknown type 0 2 !
[1;33m[Warning][0m: pc_bonus: unknown type 0 2 !
[1;33m[Warning][0m: pc_bonus: unknown type 0 2 !
[1;33m[Warning][0m: pc_bonus: unknown type 0 2 !
[1;33m[Warning][0m: pc_bonus: unknown type 0 2 !
[1;33m[Warning][0m: pc_bonus: unknown type 0 2 !
[1;33m[Warning][0m: pc_bonus: unknown type 0 2 !
[1;33m[Warning][0m: pc_bonus: unknown type 0 2 !
[1;33m[Warning][0m: pc_bonus: unknown type 0 2 !
[1;33m[Warning][0m: pc_bonus: unknown type 0 2 !
[1;33m[Warning][0m: pc_bonus: unknown type 0 2 !
[1;33m[Warning][0m: pc_bonus: unknown type 0 2 !
[1;33m[Warning][0m: pc_bonus: unknown type 0 2 !
[1;33m[Warning][0m: pc_bonus: unknown type 0 2 !
[1;33m[Warning][0m: pc_bonus: unknown type 0 2 !
[1;33m[Warning][0m: pc_bonus: unknown type 0 2 !
[1;33m[Warning][0m: pc_bonus: unknown type 0 2 !
[1;33m[Warning][0m: pc_bonus: unknown type 0 2 !
[1;33m[Warning][0m: pc_bonus: unknown type 0 2 !
[1;33m[Warning][0m: pc_bonus: unknown type 0 2 !
[1;33m[Warning][0m: pc_bonus: unknown type 0 2 !
[1;33m[Warning][0m: pc_bonus: unknown type 0 2 !
[1;33m[Warning][0m: pc_bonus: unknown type 0 2 !
[1;33m[Warning][0m: pc_bonus: unknown type 0 2 !
[1;33m[Warning][0m: pc_bonus: unknown type 0 2 !
[1;33m[Warning][0m: pc_bonus: unknown type 0 2 !
[1;33m[Warning][0m: pc_bonus: unknown type 0 2 !
[1;33m[Warning][0m: pc_bonus: unknown type 0 2 !
[1;33m[Warning][0m: pc_bonus: unknown type 0 2 !
[1;33m[Warning][0m: pc_bonus: unknown type 0 2 !
[1;33m[Warning][0m: pc_bonus: unknown type 0 2 !
[1;33m[Warning][0m: pc_bonus: unknown type 0 2 !
[1;33m[Warning][0m: pc_bonus: unknown type 0 2 !
[1;33m[Warning][0m: pc_bonus: unknown type 0 2 !
[1;33m[Warning][0m: pc_bonus: unknown type 0 2 !
[1;33m[Warning][0m: pc_bonus: unknown type 0 2 !
[1;33m[Warning][0m: pc_bonus: unknown type 0 2 !
[1;33m[Warning][0m: pc_bonus: unknown type 0 2 !
[1;33m[Warning][0m: pc_bonus: unknown type 0 2 !
[1;33m[Warning][0m: pc_bonus: unknown type 0 2 !
[1;33m[Warning][0m: pc_bonus: unknown type 0 2 !
[1;33m[Warning][0m: pc_bonus: unknown type 0 2 !
[1;33m[Warning][0m: pc_bonus: unknown type 0 2 !
[1;33m[Warning][0m: pc_bonus: unknown type 0 2 !
[1;33m[Warning][0m: pc_bonus: unknown type 0 2 !
[1;33m[Warning][0m: pc_bonus: unknown type 0 2 !
[1;33m[Warning][0m: pc_bonus: unknown type 0 2 !
[1;33m[Warning][0m: pc_bonus: unknown type 0 2 !
[1;33m[Warning][0m: pc_bonus: unknown type 0 2 !
[1;33m[Warning][0m: pc_bonus: unknown type 0 2 !
[1;33m[Warning][0m: pc_bonus: unknown type 0 2 !
[1;33m[Warning][0m: pc_bonus: unknown type 0 2 !
[1;33m[Warning][0m: pc_bonus: unknown type 0 2 !
[1;33m[Warning][0m: pc_bonus: unknown type 0 2 !
[1;33m[Warning][0m: pc_bonus: unknown type 0 2 !
[1;33m[Warning][0m: pc_bonus: unknown type 0 2 !
[1;33m[Warning][0m: pc_bonus: unknown type 0 2 !
[1;33m[Warning][0m: pc_bonus: unknown type 0 2 !
[1;33m[Warning][0m: pc_bonus: unknown type 0 2 !
[1;33m[Warning][0m: pc_bonus: unknown type 0 2 !
[1;33m[Warning][0m: pc_bonus: unknown type 0 2 !
[1;33m[Warning][0m: pc_bonus: unknown type 0 2 !
[1;33m[Warning][0m: pc_bonus: unknown type 0 2 !
[1;33m[Warning][0m: pc_bonus: unknown type 0 2 !
[1;33m[Warning][0m: pc_bonus: unknown type 0 2 !
[1;33m[Warning][0m: pc_bonus: unknown type 0 2 !
[1;33m[Warning][0m: pc_bonus: unknown type 0 2 !
[1;33m[Warning][0m: pc_bonus: unknown type 0 2 !
[1;33m[Warning][0m: pc_bonus: unknown type 0 2 !
[1;33m[Warning][0m: pc_bonus: unknown type 0 2 !
[1;33m[Warning][0m: pc_bonus: unknown type 0 2 !
[1;33m[Warning][0m: pc_bonus: unknown type 0 2 !
[1;33m[Warning][0m: pc_bonus: unknown type 0 2 !
[1;33m[Warning][0m: pc_bonus: unknown type 0 2 !
[1;33m[Warning][0m: pc_bonus: unknown type 0 2 !
[1;33m[Warning][0m: pc_bonus: unknown type 0 2 !
[1;33m[Warning][0m: pc_bonus: unknown type 0 2 !
[1;33m[Warning][0m: pc_bonus: unknown type 0 2 !
[1;33m[Warning][0m: pc_bonus: unknown type 0 2 !
[1;33m[Warning][0m: pc_bonus: unknown type 0 2 !
[1;33m[Warning][0m: pc_bonus: unknown type 0 2 !
[1;33m[Warning][0m: pc_bonus: unknown type 0 2 !
[1;33m[Warning][0m: pc_bonus: unknown type 0 2 !
[1;33m[Warning][0m: pc_bonus: unknown type 0 2 !
[1;33m[Warning][0m: pc_bonus: unknown type 0 2 !
[1;33m[Warning][0m: pc_bonus: unknown type 0 2 !
[1;33m[Warning][0m: pc_bonus: unknown type 0 2 !
[1;33m[Warning][0m: pc_bonus: unknown type 0 2 !
[1;33m[Warning][0m: pc_bonus: unknown type 0 2 !
[1;33m[Warning][0m: npc_event: player's event queue is full, can't add event '#LvUpEvent::OnPCBaseLvUpEvent' !
[1;33m[Warning][0m: pc_bonus: unknown type 0 2 !
[1;33m[Warning][0m: pc_bonus: unknown type 0 2 !
[1;33m[Warning][0m: pc_bonus: unknown type 0 2 !
[1;33m[Warning][0m: pc_bonus: unknown type 0 2 !
[1;33m[Warning][0m: pc_bonus: unknown type 0 2 !
[1;33m[Warning][0m: pc_bonus: unknown type 0 2 !
[1;33m[Warning][0m: pc_bonus: unknown type 0 2 !
[1;33m[Warning][0m: pc_bonus: unknown type 0 2 !
[1;33m[Warning][0m: pc_bonus: unknown type 0 2 !
[1;33m[Warning][0m: pc_bonus: unknown type 0 2 !
[1;33m[Warning][0m: pc_bonus: unknown type 0 2 !
[1;33m[Warning][0m: pc_bonus: unknown type 0 2 !
[1;33m[Warning][0m: pc_bonus: unknown type 0 2 !
[1;33m[Warning][0m: pc_bonus: unknown type 0 2 !
[1;33m[Warning][0m: pc_bonus: unknown type 0 2 !
[1;33m[Warning][0m: pc_bonus: unknown type 0 2 !
[1;33m[Warning][0m: pc_bonus: unknown type 0 2 !
[1;33m[Warning][0m: pc_bonus: unknown type 0 2 !
[1;33m[Warning][0m: pc_bonus: unknown type 0 2 !
[1;33m[Warning][0m: pc_bonus: unknown type 0 2 !
[1;33m[Warning][0m: pc_bonus: unknown type 0 2 !
[1;33m[Warning][0m: pc_bonus: unknown type 0 2 !
[1;33m[Warning][0m: pc_bonus: unknown type 0 2 !
[1;33m[Warning][0m: pc_bonus: unknown type 0 2 !
[1;33m[Warning][0m: pc_bonus: unknown type 0 2 !
[1;33m[Warning][0m: pc_bonus: unknown type 0 2 !
[1;33m[Warning][0m: pc_bonus: unknown type 0 2 !
[1;33m[Warning][0m: pc_bonus: unknown type 0 2 !
[1;33m[Warning][0m: pc_bonus: unknown type 0 2 !
[1;33m[Warning][0m: pc_bonus: unknown type 0 2 !
[1;33m[Warning][0m: pc_bonus: unknown type 0 2 !
[1;33m[Warning][0m: pc_bonus: unknown type 0 2 !
[1;33m[Warning][0m: pc_bonus: unknown type 0 2 !
[1;33m[Warning][0m: pc_bonus: unknown type 0 2 !
[1;33m[Warning][0m: pc_bonus: unknown type 0 2 !
[1;33m[Warning][0m: pc_bonus: unknown type 0 2 !
[1;33m[Warning][0m: pc_bonus: unknown type 0 2 !
[1;33m[Warning][0m: pc_bonus: unknown type 0 2 !
[1;33m[Warning][0m: pc_bonus: unknown type 0 2 !
[1;33m[Warning][0m: pc_bonus: unknown type 0 2 !
[1;33m[Warning][0m: pc_bonus: unknown type 0 2 !
[1;33m[Warning][0m: pc_bonus: unknown type 0 2 !
[1;33m[Warning][0m: pc_bonus: unknown type 0 2 !
[1;33m[Warning][0m: pc_bonus: unknown type 0 2 !
[1;33m[Warning][0m: pc_bonus: unknown type 0 2 !
[1;33m[Warning][0m: pc_bonus: unknown type 0 2 !
[1;33m[Warning][0m: pc_bonus: unknown type 0 2 !
[1;33m[Warning][0m: pc_bonus: unknown type 0 2 !
[1;33m[Warning][0m: pc_bonus: unknown type 0 2 !
[1;33m[Warning][0m: pc_bonus: unknown type 0 2 !
[1;33m[Warning][0m: pc_bonus: unknown type 0 2 !
[1;33m[Warning][0m: pc_bonus: unknown type 0 2 !
[1;33m[Warning][0m: pc_bonus: unknown type 0 2 !
[1;33m[Warning][0m: pc_bonus: unknown type 0 2 !
[1;33m[Warning][0m: pc_bonus: unknown type 0 2 !
[1;33m[Warning][0m: pc_bonus: unknown type 0 2 !
[1;33m[Warning][0m: pc_bonus: unknown type 0 2 !
[1;33m[Warning][0m: pc_bonus: unknown type 0 2 !
[1;33m[Warning][0m: pc_bonus: unknown type 0 2 !
[1;33m[Warning][0m: pc_bonus: unknown type 0 2 !
[1;33m[Warning][0m: pc_bonus: unknown type 0 2 !
[1;33m[Warning][0m: pc_bonus: unknown type 0 2 !
[1;33m[Warning][0m: pc_bonus: unknown type 0 2 !
[1;33m[Warning][0m: pc_bonus: unknown type 0 2 !
[1;33m[Warning][0m: pc_bonus: unknown type 0 2 !
[1;33m[Warning][0m: pc_bonus: unknown type 0 2 !
[1;33m[Warning][0m: pc_bonus: unknown type 0 2 !
[1;33m[Warning][0m: pc_bonus: unknown type 0 2 !
[1;33m[Warning][0m: pc_bonus: unknown type 0 2 !
[1;33m[Warning][0m: pc_bonus: unknown type 0 2 !
[1;33m[Warning][0m: pc_bonus: unknown type 0 2 !
[1;33m[Warning][0m: pc_bonus: unknown type 0 2 !
[1;33m[Warning][0m: pc_bonus: unknown type 0 2 !
[1;33m[Warning][0m: pc_bonus: unknown type 0 2 !
[1;33m[Warning][0m: pc_bonus: unknown type 0 2 !
[1;33m[Warning][0m: pc_bonus: unknown type 0 2 !
[1;33m[Warning][0m: pc_bonus: unknown type 0 2 !
[1;33m[Warning][0m: pc_bonus: unknown type 0 2 !
[1;33m[Warning][0m: pc_bonus: unknown type 0 2 !
[1;33m[Warning][0m: pc_bonus: unknown type 0 2 !
[1;33m[Warning][0m: pc_bonus: unknown type 0 2 !
[1;33m[Warning][0m: pc_bonus: unknown type 0 2 !
[1;33m[Warning][0m: pc_bonus: unknown type 0 2 !
[1;33m[Warning][0m: pc_bonus: unknown type 0 2 !
[1;33m[Warning][0m: pc_bonus: unknown type 0 2 !
[1;33m[Warning][0m: pc_bonus: unknown type 0 2 !
[1;33m[Warning][0m: pc_bonus: unknown type 0 2 !
[1;33m[Warning][0m: pc_bonus: unknown type 0 2 !
[1;33m[Warning][0m: pc_bonus: unknown type 0 2 !
[1;33m[Warning][0m: pc_bonus: unknown type 0 2 !
[1;33m[Warning][0m: pc_bonus: unknown type 0 2 !
[1;33m[Warning][0m: pc_bonus: unknown type 0 2 !
[1;33m[Warning][0m: pc_bonus: unknown type 0 2 !
[1;33m[Warning][0m: pc_bonus: unknown type 0 2 !
[1;33m[Warning][0m: pc_bonus: unknown type 0 2 !
[1;33m[Warning][0m: pc_bonus: unknown type 0 2 !
[1;33m[Warning][0m: pc_bonus: unknown type 0 2 !
[1;33m[Warning][0m: pc_bonus: unknown type 0 2 !
[1;33m[Warning][0m: pc_bonus: unknown type 0 2 !
[1;33m[Warning][0m: pc_bonus: unknown type 0 2 !
[1;33m[Warning][0m: pc_bonus: unknown type 0 2 !
[1;33m[Warning][0m: pc_bonus: unknown type 0 2 !
[1;33m[Warning][0m: pc_bonus: unknown type 0 2 !
[1;33m[Warning][0m: pc_bonus: unknown type 0 2 !
[1;33m[Warning][0m: pc_bonus: unknown type 0 2 !
[1;33m[Warning][0m: pc_bonus: unknown type 0 2 !
[1;33m[Warning][0m: pc_bonus: unknown type 0 2 !
[1;33m[Warning][0m: pc_bonus: unknown type 0 2 !
[1;33m[Warning][0m: pc_bonus: unknown type 0 2 !
[1;33m[Warning][0m: pc_bonus: unknown type 0 2 !
[1;33m[Warning][0m: pc_bonus: unknown type 0 2 !
[1;33m[Warning][0m: pc_bonus: unknown type 0 2 !
[1;33m[Warning][0m: pc_bonus: unknown type 0 2 !
[1;33m[Warning][0m: pc_bonus: unknown type 0 2 !
[1;33m[Warning][0m: pc_bonus: unknown type 0 2 !
[1;33m[Warning][0m: pc_bonus: unknown type 0 2 !
[1;33m[Warning][0m: pc_bonus: unknown type 0 2 !
[1;33m[Warning][0m: pc_bonus: unknown type 0 2 !
[1;33m[Warning][0m: pc_bonus: unknown type 0 2 !
[1;33m[Warning][0m: pc_bonus: unknown type 0 2 !
[1;33m[Warning][0m: pc_bonus: unknown type 0 2 !
[1;33m[Warning][0m: pc_bonus: unknown type 0 2 !
[1;33m[Warning][0m: pc_bonus: unknown type 0 2 !
[1;33m[Warning][0m: pc_bonus: unknown type 0 2 !
[1;33m[Warning][0m: pc_bonus: unknown type 0 2 !
[1;33m[Warning][0m: pc_bonus: unknown type 0 2 !
[1;33m[Warning][0m: pc_bonus: unknown type 0 2 !
[1;33m[Warning][0m: pc_bonus: unknown type 0 2 !
[1;33m[Warning][0m: pc_bonus: unknown type 0 2 !
[1;33m[Warning][0m: pc_bonus: unknown type 0 2 !
[1;33m[Warning][0m: pc_bonus: unknown type 0 2 !
[1;33m[Warning][0m: pc_bonus: unknown type 0 2 !
[1;33m[Warning][0m: pc_bonus: unknown type 0 2 !
[1;33m[Warning][0m: pc_bonus: unknown type 0 2 !
[1;33m[Warning][0m: pc_bonus: unknown type 0 2 !
[1;33m[Warning][0m: pc_bonus: unknown type 0 2 !
[1;33m[Warning][0m: pc_bonus: unknown type 0 2 !
[1;33m[Warning][0m: pc_bonus: unknown type 0 2 !
[1;33m[Warning][0m: pc_bonus: unknown type 0 2 !
[1;33m[Warning][0m: pc_bonus: unknown type 0 2 !
[1;33m[Warning][0m: pc_bonus: unknown type 0 2 !
[1;33m[Warning][0m: pc_bonus: unknown type 0 2 !
[1;33m[Warning][0m: pc_bonus: unknown type 0 2 !
[1;33m[Warning][0m: pc_bonus: unknown type 0 2 !
[1;33m[Warning][0m: pc_bonus: unknown type 0 2 !
[1;33m[Warning][0m: pc_bonus: unknown type 0 2 !
[1;33m[Warning][0m: pc_bonus: unknown type 0 2 !
[1;33m[Warning][0m: pc_bonus: unknown type 0 2 !
[1;33m[Warning][0m: pc_bonus: unknown type 0 2 !
[1;33m[Warning][0m: pc_bonus: unknown type 0 2 !
[1;33m[Warning][0m: pc_bonus: unknown type 0 2 !
[1;33m[Warning][0m: pc_bonus: unknown type 0 2 !
[1;33m[Warning][0m: pc_bonus: unknown type 0 2 !
[1;33m[Warning][0m: pc_bonus: unknown type 0 2 !
[1;33m[Warning][0m: pc_bonus: unknown type 0 2 !
[1;33m[Warning][0m: pc_bonus: unknown type 0 2 !
[1;33m[Warning][0m: pc_bonus: unknown type 0 2 !
[1;33m[Warning][0m: pc_bonus: unknown type 0 2 !
[1;33m[Warning][0m: pc_bonus: unknown type 0 2 !
[1;33m[Warning][0m: pc_bonus: unknown type 0 2 !
[1;33m[Warning][0m: pc_bonus: unknown type 0 2 !
[1;33m[Warning][0m: pc_bonus: unknown type 0 2 !
[1;33m[Warning][0m: pc_bonus: unknown type 0 2 !
[1;33m[Warning][0m: pc_bonus: unknown type 0 2 !
[1;33m[Warning][0m: pc_bonus: unknown type 0 2 !
[1;33m[Warning][0m: pc_bonus: unknown type 0 2 !
[1;33m[Warning][0m: pc_bonus: unknown type 0 2 !
[1;33m[Warning][0m: pc_bonus: unknown type 0 2 !
[1;33m[Warning][0m: pc_bonus: unknown type 0 2 !
[1;33m[Warning][0m: pc_bonus: unknown type 0 2 !
[1;33m[Warning][0m: pc_bonus: unknown type 0 2 !
[1;33m[Warning][0m: pc_bonus: unknown type 0 2 !
[1;33m[Warning][0m: pc_bonus: unknown type 0 2 !
[1;33m[Warning][0m: pc_bonus: unknown type 0 2 !
[1;33m[Warning][0m: pc_bonus: unknown type 0 2 !
[1;33m[Warning][0m: pc_bonus: unknown type 0 2 !
[1;33m[Warning][0m: pc_bonus: unknown type 0 2 !
[1;33m[Warning][0m: pc_bonus: unknown type 0 2 !
[1;33m[Warning][0m: pc_bonus: unknown type 0 2 !
[1;33m[Warning][0m: pc_bonus: unknown type 0 2 !
[1;33m[Warning][0m: pc_bonus: unknown type 0 2 !
[1;33m[Warning][0m: pc_bonus: unknown type 0 2 !
[1;33m[Warning][0m: pc_bonus: unknown type 0 2 !
[1;33m[Warning][0m: pc_bonus: unknown type 0 2 !
[1;33m[Warning][0m: pc_bonus: unknown type 0 2 !
[1;33m[Warning][0m: pc_bonus: unknown type 0 2 !
[1;33m[Warning][0m: pc_bonus: unknown type 0 2 !
[1;33m[Warning][0m: pc_bonus: unknown type 0 2 !
[1;33m[Warning][0m: pc_bonus: unknown type 0 2 !
[1;33m[Warning][0m: pc_bonus: unknown type 0 2 !
[1;33m[Warning][0m: pc_bonus: unknown type 0 2 !
[1;33m[Warning][0m: pc_bonus: unknown type 0 2 !
[1;33m[Warning][0m: pc_bonus: unknown type 0 2 !
[1;33m[Warning][0m: pc_bonus: unknown type 0 2 !
[1;33m[Warning][0m: pc_bonus: unknown type 0 2 !
[1;33m[Warning][0m: pc_bonus: unknown type 0 2 !
[1;33m[Warning][0m: pc_bonus: unknown type 0 2 !
[1;33m[Warning][0m: pc_bonus: unknown type 0 2 !
[1;33m[Warning][0m: pc_bonus: unknown type 0 2 !
[1;33m[Warning][0m: pc_bonus: unknown type 0 2 !
[1;33m[Warning][0m: pc_bonus: unknown type 0 2 !
[1;33m[Warning][0m: pc_bonus: unknown type 0 2 !
[1;33m[Warning][0m: pc_bonus: unknown type 0 2 !
[1;33m[Warning][0m: pc_bonus: unknown type 0 2 !
[1;33m[Warning][0m: pc_bonus: unknown type 0 2 !
[1;33m[Warning][0m: pc_bonus: unknown type 0 2 !
[1;33m[Warning][0m: pc_bonus: unknown type 0 2 !
[1;33m[Warning][0m: pc_bonus: unknown type 0 2 !
[1;33m[Warning][0m: pc_bonus: unknown type 0 2 !
[1;33m[Warning][0m: pc_bonus: unknown type 0 2 !
[1;33m[Warning][0m: pc_bonus: unknown type 0 2 !
[1;33m[Warning][0m: pc_bonus: unknown type 0 2 !
[1;33m[Warning][0m: pc_bonus: unknown type 0 2 !
[1;33m[Warning][0m: pc_bonus: unknown type 0 2 !
[1;33m[Warning][0m: pc_bonus: unknown type 0 2 !
[1;33m[Warning][0m: pc_bonus: unknown type 0 2 !
[1;33m[Warning][0m: pc_bonus: unknown type 0 2 !
[1;33m[Warning][0m: pc_bonus: unknown type 0 2 !
[1;33m[Warning][0m: pc_bonus: unknown type 0 2 !
[1;33m[Warning][0m: pc_bonus: unknown type 0 2 !
[1;33m[Warning][0m: pc_bonus: unknown type 0 2 !
[1;33m[Warning][0m: pc_bonus: unknown type 0 2 !
[1;33m[Warning][0m: pc_bonus: unknown type 0 2 !
[1;33m[Warning][0m: pc_bonus: unknown type 0 2 !
[1;33m[Warning][0m: pc_bonus: unknown type 0 2 !
[1;33m[Warning][0m: pc_bonus: unknown type 0 2 !
[1;33m[Warning][0m: pc_bonus: unknown type 0 2 !
[1;33m[Warning][0m: pc_bonus: unknown type 0 2 !
[1;33m[Warning][0m: pc_bonus: unknown type 0 2 !
[1;33m[Warning][0m: pc_bonus: unknown type 0 2 !
[1;33m[Warning][0m: pc_bonus: unknown type 0 2 !
[1;33m[Warning][0m: pc_bonus: unknown type 0 2 !
[1;33m[Warning][0m: pc_bonus: unknown type 0 2 !
[1;33m[Warning][0m: pc_bonus: unknown type 0 2 !
[1;33m[Warning][0m: pc_bonus: unknown type 0 2 !
[1;33m[Warning][0m: pc_bonus: unknown type 0 2 !
[1;33m[Warning][0m: pc_bonus: unknown type 0 2 !
[1;33m[Warning][0m: pc_bonus: unknown type 0 2 !
[1;33m[Warning][0m: pc_bonus: unknown type 0 2 !
[1;33m[Warning][0m: pc_bonus: unknown type 0 2 !
[1;33m[Warning][0m: pc_bonus: unknown type 0 2 !
[1;33m[Warning][0m: pc_bonus: unknown type 0 2 !
[1;33m[Warning][0m: pc_bonus: unknown type 0 2 !
[1;33m[Warning][0m: pc_bonus: unknown type 0 2 !
[1;33m[Warning][0m: pc_bonus: unknown type 0 2 !
[1;33m[Warning][0m: pc_bonus: unknown type 0 2 !
[1;33m[Warning][0m: pc_bonus: unknown type 0 2 !
[1;33m[Warning][0m: pc_bonus: unknown type 0 2 !
[1;33m[Warning][0m: pc_bonus: unknown type 0 2 !
[1;33m[Warning][0m: pc_bonus: unknown type 0 2 !
[1;33m[Warning][0m: pc_bonus: unknown type 0 2 !
[1;33m[Warning][0m: pc_bonus: unknown type 0 2 !
[1;33m[Warning][0m: pc_bonus: unknown type 0 2 !
[1;33m[Warning][0m: pc_bonus: unknown type 0 2 !
[1;33m[Warning][0m: pc_bonus: unknown type 0 2 !
[1;33m[Warning][0m: pc_bonus: unknown type 0 2 !
[1;33m[Warning][0m: pc_bonus: unknown type 0 2 !
[1;33m[Warning][0m: pc_bonus: unknown type 0 2 !
[1;33m[Warning][0m: pc_bonus: unknown type 0 2 !
[1;33m[Warning][0m: clif_process_message: Player 'Jhonyjon Uzumaki [F]' sent an unterminated name!
[1;33m[Warning][0m: pc_bonus: unknown type 0 2 !
[1;33m[Warning][0m: pc_bonus: unknown type 0 2 !
[1;33m[Warning][0m: pc_bonus: unknown type 0 2 !
[1;33m[Warning][0m: pc_bonus: unknown type 0 2 !
[1;33m[Warning][0m: pc_bonus: unknown type 0 2 !
[1;33m[Warning][0m: pc_bonus: unknown type 0 2 !
[1;33m[Warning][0m: pc_bonus: unknown type 0 2 !
[1;33m[Warning][0m: pc_bonus: unknown type 0 2 !
[1;33m[Warning][0m: pc_bonus: unknown type 0 2 !
[1;33m[Warning][0m: pc_bonus: unknown type 0 2 !
[1;33m[Warning][0m: pc_bonus: unknown type 0 2 !
[1;33m[Warning][0m: pc_bonus: unknown type 0 2 !
[1;33m[Warning][0m: pc_bonus: unknown type 0 2 !
[1;33m[Warning][0m: pc_bonus: unknown type 0 2 !
[1;33m[Warning][0m: pc_bonus: unknown type 0 2 !
[1;33m[Warning][0m: pc_bonus: unknown type 0 2 !
[1;33m[Warning][0m: pc_bonus: unknown type 0 2 !
[1;33m[Warning][0m: pc_bonus: unknown type 0 2 !
[1;33m[Warning][0m: pc_bonus: unknown type 0 2 !
[1;33m[Warning][0m: pc_bonus: unknown type 0 2 !
[1;33m[Warning][0m: pc_bonus: unknown type 0 2 !
[1;33m[Warning][0m: pc_bonus: unknown type 0 2 !
[1;33m[Warning][0m: pc_bonus: unknown type 0 2 !
[1;33m[Warning][0m: pc_bonus: unknown type 0 2 !
[1;33m[Warning][0m: pc_bonus: unknown type 0 2 !
[1;33m[Warning][0m: pc_bonus: unknown type 0 2 !
[1;33m[Warning][0m: pc_bonus: unknown type 0 2 !
[1;33m[Warning][0m: pc_bonus: unknown type 0 2 !
[1;33m[Warning][0m: pc_bonus: unknown type 0 2 !
[1;33m[Warning][0m: pc_bonus: unknown type 0 2 !
[1;33m[Warning][0m: pc_bonus: unknown type 0 2 !
[1;33m[Warning][0m: pc_bonus: unknown type 0 2 !
[1;33m[Warning][0m: pc_bonus: unknown type 0 2 !
[1;33m[Warning][0m: pc_bonus: unknown type 0 2 !
[1;33m[Warning][0m: pc_bonus: unknown type 0 2 !
[1;33m[Warning][0m: pc_bonus: unknown type 0 2 !
[1;33m[Warning][0m: pc_bonus: unknown type 0 2 !
[1;33m[Warning][0m: pc_bonus: unknown type 0 2 !
[1;33m[Warning][0m: pc_bonus: unknown type 0 2 !
[1;33m[Warning][0m: pc_bonus: unknown type 0 2 !
[1;33m[Warning][0m: pc_bonus: unknown type 0 2 !
[1;33m[Warning][0m: pc_bonus: unknown type 0 2 !
[1;33m[Warning][0m: pc_bonus: unknown type 0 2 !
[1;33m[Warning][0m: pc_bonus: unknown type 0 2 !
[1;33m[Warning][0m: pc_bonus: unknown type 0 2 !
[1;33m[Warning][0m: pc_bonus: unknown type 0 2 !
[1;33m[Warning][0m: pc_bonus: unknown type 0 2 !
[1;33m[Warning][0m: pc_bonus: unknown type 0 2 !
[1;33m[Warning][0m: pc_bonus: unknown type 0 2 !
[1;33m[Warning][0m: pc_bonus: unknown type 0 2 !
[1;33m[Warning][0m: pc_bonus: unknown type 0 2 !
[1;33m[Warning][0m: pc_bonus: unknown type 0 2 !
[1;33m[Warning][0m: pc_bonus: unknown type 0 2 !
[1;33m[Warning][0m: pc_bonus: unknown type 0 2 !
[1;33m[Warning][0m: pc_bonus: unknown type 0 2 !
[1;33m[Warning][0m: pc_bonus: unknown type 0 2 !
[1;33m[Warning][0m: pc_bonus: unknown type 0 2 !
[1;33m[Warning][0m: pc_bonus: unknown type 0 2 !
[1;33m[Warning][0m: pc_bonus: unknown type 0 2 !
[1;33m[Warning][0m: pc_bonus: unknown type 0 2 !
[1;33m[Warning][0m: pc_bonus: unknown type 0 2 !
[1;33m[Warning][0m: pc_bonus: unknown type 0 2 !
[1;33m[Warning][0m: pc_bonus: unknown type 0 2 !
[1;33m[Warning][0m: pc_bonus: unknown type 0 2 !
[1;33m[Warning][0m: pc_bonus: unknown type 0 2 !
[1;33m[Warning][0m: pc_bonus: unknown type 0 2 !
[1;33m[Warning][0m: pc_bonus: unknown type 0 2 !
[1;33m[Warning][0m: pc_bonus: unknown type 0 2 !
[1;33m[Warning][0m: pc_bonus: unknown type 0 2 !
[1;33m[Warning][0m: pc_bonus: unknown type 0 2 !
[1;33m[Warning][0m: pc_bonus: unknown type 0 2 !
[1;33m[Warning][0m: pc_bonus: unknown type 0 2 !
[1;33m[Warning][0m: pc_bonus: unknown type 0 2 !
[1;33m[Warning][0m: pc_bonus: unknown type 0 2 !
[1;33m[Warning][0m: pc_bonus: unknown type 0 2 !
[1;33m[Warning][0m: pc_bonus: unknown type 0 2 !
[1;33m[Warning][0m: pc_bonus: unknown type 0 2 !
[1;33m[Warning][0m: pc_bonus: unknown type 0 2 !
[1;33m[Warning][0m: pc_bonus: unknown type 0 2 !
[1;33m[Warning][0m: pc_bonus: unknown type 0 2 !
[1;33m[Warning][0m: pc_bonus: unknown type 0 2 !
[1;33m[Warning][0m: pc_bonus: unknown type 0 2 !
[1;33m[Warning][0m: pc_bonus: unknown type 0 2 !
[1;33m[Warning][0m: pc_bonus: unknown type 0 2 !
[1;33m[Warning][0m: pc_bonus: unknown type 0 2 !
[1;33m[Warning][0m: pc_bonus: unknown type 0 2 !
[1;33m[Warning][0m: pc_bonus: unknown type 0 2 !
[1;33m[Warning][0m: pc_bonus: unknown type 0 2 !
[1;33m[Warning][0m: pc_bonus: unknown type 0 2 !
[1;33m[Warning][0m: pc_bonus: unknown type 0 2 !
[1;33m[Warning][0m: pc_bonus: unknown type 0 2 !
[1;33m[Warning][0m: pc_bonus: unknown type 0 2 !
[1;33m[Warning][0m: pc_bonus: unknown type 0 2 !
[1;33m[Warning][0m: pc_bonus: unknown type 0 2 !
[1;33m[Warning][0m: pc_bonus: unknown type 0 2 !
[1;33m[Warning][0m: pc_bonus: unknown type 0 2 !
[1;33m[Warning][0m: pc_bonus: unknown type 0 2 !
[1;33m[Warning][0m: pc_bonus: unknown type 0 2 !
[1;33m[Warning][0m: pc_bonus: unknown type 0 2 !
[1;33m[Warning][0m: pc_bonus: unknown type 0 2 !
[1;33m[Warning][0m: pc_bonus: unknown type 0 2 !
[1;33m[Warning][0m: pc_bonus: unknown type 0 2 !
[1;33m[Warning][0m: pc_bonus: unknown type 0 2 !
[1;33m[Warning][0m: pc_bonus: unknown type 0 2 !
[1;33m[Warning][0m: pc_bonus: unknown type 0 2 !
[1;33m[Warning][0m: pc_bonus: unknown type 0 2 !
[1;33m[Warning][0m: pc_bonus: unknown type 0 2 !
[1;33m[Warning][0m: pc_bonus: unknown type 0 2 !
[1;33m[Warning][0m: pc_bonus: unknown type 0 2 !
[1;33m[Warning][0m: pc_bonus: unknown type 0 2 !
[1;33m[Warning][0m: pc_bonus: unknown type 0 2 !
[1;33m[Warning][0m: pc_bonus: unknown type 0 2 !
[1;33m[Warning][0m: pc_bonus: unknown type 0 2 !
[1;33m[Warning][0m: pc_bonus: unknown type 0 2 !
[1;33m[Warning][0m: pc_bonus: unknown type 0 2 !
[1;33m[Warning][0m: pc_bonus: unknown type 0 2 !
[1;33m[Warning][0m: pc_bonus: unknown type 0 2 !
[1;33m[Warning][0m: pc_bonus: unknown type 0 2 !
[1;33m[Warning][0m: pc_bonus: unknown type 0 2 !
[1;33m[Warning][0m: pc_bonus: unknown type 0 2 !
[1;33m[Warning][0m: pc_bonus: unknown type 0 2 !
[1;33m[Warning][0m: pc_bonus: unknown type 0 2 !
[1;33m[Warning][0m: pc_bonus: unknown type 0 2 !
[1;33m[Warning][0m: pc_bonus: unknown type 0 2 !
[1;33m[Warning][0m: pc_bonus: unknown type 0 2 !
[1;33m[Warning][0m: pc_bonus: unknown type 0 2 !
[1;33m[Warning][0m: pc_bonus: unknown type 0 2 !
[1;33m[Warning][0m: pc_bonus: unknown type 0 2 !
[1;33m[Warning][0m: pc_bonus: unknown type 0 2 !
[1;33m[Warning][0m: pc_bonus: unknown type 0 2 !
[1;33m[Warning][0m: pc_bonus: unknown type 0 2 !
[1;33m[Warning][0m: pc_bonus: unknown type 0 2 !
[1;33m[Warning][0m: pc_bonus: unknown type 0 2 !
[1;33m[Warning][0m: pc_bonus: unknown type 0 2 !
[1;33m[Warning][0m: pc_bonus: unknown type 0 2 !
[1;33m[Warning][0m: pc_bonus: unknown type 0 2 !
[1;33m[Warning][0m: pc_bonus: unknown type 0 2 !
[1;33m[Warning][0m: pc_bonus: unknown type 0 2 !
[1;33m[Warning][0m: pc_bonus: unknown type 0 2 !
[1;33m[Warning][0m: pc_bonus: unknown type 0 2 !
[1;33m[Warning][0m: pc_bonus: unknown type 0 2 !
[1;33m[Warning][0m: pc_bonus: unknown type 0 2 !
[1;33m[Warning][0m: pc_bonus: unknown type 0 2 !
[1;33m[Warning][0m: pc_bonus: unknown type 0 2 !
[1;33m[Warning][0m: pc_bonus: unknown type 0 2 !
[1;33m[Warning][0m: pc_bonus: unknown type 0 2 !
[1;33m[Warning][0m: pc_bonus: unknown type 0 2 !
[1;33m[Warning][0m: pc_bonus: unknown type 0 2 !
[1;33m[Warning][0m: pc_bonus: unknown type 0 2 !
[1;33m[Warning][0m: pc_bonus: unknown type 0 2 !
[1;33m[Warning][0m: pc_bonus: unknown type 0 2 !
[1;33m[Warning][0m: pc_bonus: unknown type 0 2 !
[1;33m[Warning][0m: pc_bonus: unknown type 0 2 !
[1;33m[Warning][0m: pc_bonus: unknown type 0 2 !
[1;33m[Warning][0m: pc_bonus: unknown type 0 2 !
[1;33m[Warning][0m: pc_bonus: unknown type 0 2 !
[1;33m[Warning][0m: pc_bonus: unknown type 0 2 !
[1;33m[Warning][0m: pc_bonus: unknown type 0 2 !
[1;33m[Warning][0m: pc_bonus: unknown type 0 2 !
[1;33m[Warning][0m: pc_bonus: unknown type 0 2 !
[1;33m[Warning][0m: pc_bonus: unknown type 0 2 !
[1;33m[Warning][0m: pc_bonus: unknown type 0 2 !
[1;33m[Warning][0m: pc_bonus: unknown type 0 2 !
[1;33m[Warning][0m: pc_bonus: unknown type 0 2 !
[1;33m[Warning][0m: pc_bonus: unknown type 0 2 !
[1;33m[Warning][0m: pc_bonus: unknown type 0 2 !
[1;33m[Warning][0m: pc_bonus: unknown type 0 2 !
[1;33m[Warning][0m: pc_bonus: unknown type 0 2 !
[1;33m[Warning][0m: pc_bonus: unknown type 0 2 !
[1;33m[Warning][0m: pc_bonus: unknown type 0 2 !
[1;33m[Warning][0m: pc_bonus: unknown type 0 2 !
[1;33m[Warning][0m: pc_bonus: unknown type 0 2 !
[1;33m[Warning][0m: pc_bonus: unknown type 0 2 !
[1;33m[Warning][0m: pc_bonus: unknown type 0 2 !
[1;33m[Warning][0m: pc_bonus: unknown type 0 2 !
[1;33m[Warning][0m: pc_bonus: unknown type 0 2 !
[1;33m[Warning][0m: pc_bonus: unknown type 0 2 !
[1;33m[Warning][0m: pc_bonus: unknown type 0 2 !
[1;33m[Warning][0m: pc_bonus: unknown type 0 2 !
[1;33m[Warning][0m: pc_bonus: unknown type 0 2 !
[1;33m[Warning][0m: pc_bonus: unknown type 0 2 !
[1;33m[Warning][0m: pc_bonus: unknown type 0 2 !
[1;33m[Warning][0m: pc_bonus: unknown type 0 2 !
[1;33m[Warning][0m: pc_bonus: unknown type 0 2 !
[1;33m[Warning][0m: pc_bonus: unknown type 0 2 !
[1;33m[Warning][0m: pc_bonus: unknown type 0 2 !
[1;33m[Warning][0m: pc_bonus: unknown type 0 2 !
[1;33m[Warning][0m: pc_bonus: unknown type 0 2 !
[1;33m[Warning][0m: pc_bonus: unknown type 0 2 !
[1;33m[Warning][0m: pc_bonus: unknown type 0 2 !
[1;33m[Warning][0m: pc_bonus: unknown type 0 2 !
[1;33m[Warning][0m: pc_bonus: unknown type 0 2 !
[1;33m[Warning][0m: pc_bonus: unknown type 0 2 !
[1;33m[Warning][0m: pc_bonus: unknown type 0 2 !
[1;33m[Warning][0m: pc_bonus: unknown type 0 2 !
[1;33m[Warning][0m: pc_bonus: unknown type 0 2 !
[1;33m[Warning][0m: pc_bonus: unknown type 0 2 !
[1;33m[Warning][0m: pc_bonus: unknown type 0 2 !
[1;33m[Warning][0m: pc_bonus: unknown type 0 2 !
[1;33m[Warning][0m: pc_bonus: unknown type 0 2 !
[1;33m[Warning][0m: pc_bonus: unknown type 0 2 !
[1;33m[Warning][0m: pc_bonus: unknown type 0 2 !
[1;33m[Warning][0m: pc_bonus: unknown type 0 2 !
[1;33m[Warning][0m: pc_bonus: unknown type 0 2 !
[1;33m[Warning][0m: pc_bonus: unknown type 0 2 !
[1;33m[Warning][0m: pc_bonus: unknown type 0 2 !
[1;33m[Warning][0m: pc_bonus: unknown type 0 2 !
[1;33m[Warning][0m: pc_bonus: unknown type 0 2 !
[1;33m[Warning][0m: pc_bonus: unknown type 0 2 !
[1;33m[Warning][0m: pc_bonus: unknown type 0 2 !
[1;33m[Warning][0m: pc_bonus: unknown type 0 2 !
[1;33m[Warning][0m: pc_bonus: unknown type 0 2 !
[1;33m[Warning][0m: pc_bonus: unknown type 0 2 !
[1;33m[Warning][0m: pc_bonus: unknown type 0 2 !
[1;33m[Warning][0m: pc_bonus: unknown type 0 2 !
[1;33m[Warning][0m: pc_bonus: unknown type 0 2 !
[1;33m[Warning][0m: pc_bonus: unknown type 0 2 !
[1;33m[Warning][0m: pc_bonus: unknown type 0 2 !
[1;33m[Warning][0m: pc_bonus: unknown type 0 2 !
[1;33m[Warning][0m: pc_bonus: unknown type 0 2 !
[1;33m[Warning][0m: pc_bonus: unknown type 0 2 !
[1;33m[Warning][0m: pc_bonus: unknown type 0 2 !
[1;33m[Warning][0m: pc_bonus: unknown type 0 2 !
[1;33m[Warning][0m: pc_bonus: unknown type 0 2 !
[1;33m[Warning][0m: pc_bonus: unknown type 0 2 !
[1;33m[Warning][0m: pc_bonus: unknown type 0 2 !
[1;33m[Warning][0m: pc_bonus: unknown type 0 2 !
[1;33m[Warning][0m: pc_bonus: unknown type 0 2 !
[1;33m[Warning][0m: pc_bonus: unknown type 0 2 !
[1;33m[Warning][0m: pc_bonus: unknown type 0 2 !
[1;33m[Warning][0m: pc_bonus: unknown type 0 2 !
[1;33m[Warning][0m: pc_bonus: unknown type 0 2 !
[1;33m[Warning][0m: pc_bonus: unknown type 0 2 !
[1;33m[Warning][0m: pc_bonus: unknown type 0 2 !
[1;33m[Warning][0m: pc_bonus: unknown type 0 2 !
[1;33m[Warning][0m: pc_bonus: unknown type 0 2 !
[1;33m[Warning][0m: pc_bonus: unknown type 0 2 !
[1;33m[Warning][0m: pc_bonus: unknown type 0 2 !
[1;33m[Warning][0m: pc_bonus: unknown type 0 2 !
[1;33m[Warning][0m: pc_bonus: unknown type 0 2 !
[1;33m[Warning][0m: pc_bonus: unknown type 0 2 !
[1;33m[Warning][0m: pc_bonus: unknown type 0 2 !
[1;33m[Warning][0m: pc_bonus: unknown type 0 2 !
[1;33m[Warning][0m: pc_bonus: unknown type 0 2 !
[1;33m[Warning][0m: pc_bonus: unknown type 0 2 !
[1;33m[Warning][0m: pc_bonus: unknown type 0 2 !
[1;33m[Warning][0m: pc_bonus: unknown type 0 2 !
[1;33m[Warning][0m: pc_bonus: unknown type 0 2 !
[1;33m[Warning][0m: pc_bonus: unknown type 0 2 !
[1;33m[Warning][0m: pc_bonus: unknown type 0 2 !
[1;33m[Warning][0m: pc_bonus: unknown type 0 2 !
[1;33m[Warning][0m: pc_bonus: unknown type 0 2 !
[1;33m[Warning][0m: pc_bonus: unknown type 0 2 !
[1;33m[Warning][0m: pc_bonus: unknown type 0 2 !
[1;33m[Warning][0m: pc_bonus: unknown type 0 2 !
[1;33m[Warning][0m: pc_bonus: unknown type 0 2 !
[1;33m[Warning][0m: pc_bonus: unknown type 0 2 !
[1;33m[Warning][0m: pc_bonus: unknown type 0 2 !
[1;33m[Warning][0m: pc_bonus: unknown type 0 2 !
[1;33m[Warning][0m: pc_bonus: unknown type 0 2 !
[1;33m[Warning][0m: npc_event: player's event queue is full, can't add event '#LvUpEvent::OnPCBaseLvUpEvent' !
[1;33m[Warning][0m: pc_bonus: unknown type 0 2 !
[1;33m[Warning][0m: pc_bonus: unknown type 0 2 !
[1;33m[Warning][0m: pc_bonus: unknown type 0 2 !
[1;33m[Warning][0m: npc_event: player's event queue is full, can't add event '#LvUpEvent::OnPCBaseLvUpEvent' !
[1;33m[Warning][0m: npc_event: player's event queue is full, can't add event '#LvUpEvent::OnPCBaseLvUpEvent' !
[1;31m[Error][0m: status_change_timer: Unexpected NULL status change id: 6023395 data: 112
[1;31m[Error][0m: status_change_timer: Unexpected NULL status change id: 6023696 data: 112
[1;31m[Error][0m: status_change_timer: Unexpected NULL status change id: 2000067 data: 112
[1;31m[Error][0m: Memory manager: freed-data is changed. (freed in c:\server\easvn\src\map\map.c line 236)
[1;33m[Warning][0m: pc_bonus: unknown type 0 2 !
[1;33m[Warning][0m: pc_bonus: unknown type 0 2 !
[1;33m[Warning][0m: pc_bonus: unknown type 0 2 !
[1;33m[Warning][0m: pc_bonus: unknown type 0 2 !
[1;33m[Warning][0m: pc_bonus: unknown type 0 2 !
[1;33m[Warning][0m: pc_bonus: unknown type 0 2 !
[1;33m[Warning][0m: pc_bonus: unknown type 0 2 !
[1;33m[Warning][0m: pc_bonus: unknown type 0 2 !
[1;33m[Warning][0m: pc_bonus: unknown type 0 2 !
[1;33m[Warning][0m: pc_bonus: unknown type 0 2 !
[1;33m[Warning][0m: pc_bonus: unknown type 0 2 !
[1;33m[Warning][0m: pc_bonus: unknown type 0 2 !
[1;33m[Warning][0m: pc_bonus: unknown type 0 2 !
[1;33m[Warning][0m: pc_bonus: unknown type 0 2 !
[1;33m[Warning][0m: pc_bonus: unknown type 0 2 !
[1;33m[Warning][0m: pc_bonus: unknown type 0 2 !
[1;33m[Warning][0m: pc_bonus: unknown type 0 2 !
[1;33m[Warning][0m: pc_bonus: unknown type 0 2 !
[1;33m[Warning][0m: pc_bonus: unknown type 0 2 !
[1;33m[Warning][0m: pc_bonus: unknown type 0 2 !
[1;33m[Warning][0m: pc_bonus: unknown type 0 2 !
[1;33m[Warning][0m: pc_bonus: unknown type 0 2 !
[1;33m[Warning][0m: pc_bonus: unknown type 0 2 !
[1;33m[Warning][0m: pc_bonus: unknown type 0 2 !
[1;33m[Warning][0m: pc_bonus: unknown type 0 2 !
[1;33m[Warning][0m: pc_bonus: unknown type 0 2 !
[1;33m[Warning][0m: pc_bonus: unknown type 0 2 !
[1;33m[Warning][0m: pc_bonus: unknown type 0 2 !
[1;33m[Warning][0m: pc_bonus: unknown type 0 2 !
[1;33m[Warning][0m: pc_bonus: unknown type 0 2 !
[1;33m[Warning][0m: pc_bonus: unknown type 0 2 !
[1;33m[Warning][0m: pc_bonus: unknown type 0 2 !
[1;33m[Warning][0m: pc_bonus: unknown type 0 2 !
[1;33m[Warning][0m: pc_bonus: unknown type 0 2 !
[1;33m[Warning][0m: pc_bonus: unknown type 0 2 !
[1;33m[Warning][0m: pc_bonus: unknown type 0 2 !
[1;33m[Warning][0m: pc_bonus: unknown type 0 2 !
[1;33m[Warning][0m: pc_bonus: unknown type 0 2 !
[1;33m[Warning][0m: pc_bonus: unknown type 0 2 !
[1;33m[Warning][0m: pc_bonus: unknown type 0 2 !
[1;33m[Warning][0m: pc_bonus: unknown type 0 2 !
[1;33m[Warning][0m: pc_bonus: unknown type 0 2 !
[1;33m[Warning][0m: pc_bonus: unknown type 0 2 !
[1;33m[Warning][0m: pc_bonus: unknown type 0 2 !
[1;33m[Warning][0m: pc_bonus: unknown type 0 2 !
[1;33m[Warning][0m: pc_bonus: unknown type 0 2 !
[1;33m[Warning][0m: pc_bonus: unknown type 0 2 !
[1;33m[Warning][0m: pc_bonus: unknown type 0 2 !
[1;33m[Warning][0m: pc_bonus: unknown type 0 2 !
[1;33m[Warning][0m: pc_bonus: unknown type 0 2 !
[1;33m[Warning][0m: pc_bonus: unknown type 0 2 !
[1;33m[Warning][0m: pc_bonus: unknown type 0 2 !
[1;33m[Warning][0m: pc_bonus: unknown type 0 2 !
[1;33m[Warning][0m: pc_bonus: unknown type 0 2 !
[1;33m[Warning][0m: pc_bonus: unknown type 0 2 !
[1;33m[Warning][0m: pc_bonus: unknown type 0 2 !
[1;33m[Warning][0m: pc_bonus: unknown type 0 2 !
[1;33m[Warning][0m: pc_bonus: unknown type 0 2 !
[1;33m[Warning][0m: pc_bonus: unknown type 0 2 !
[1;33m[Warning][0m: pc_bonus: unknown type 0 2 !
[1;33m[Warning][0m: pc_bonus: unknown type 0 2 !
[1;33m[Warning][0m: pc_bonus: unknown type 0 2 !
[1;33m[Warning][0m: pc_bonus: unknown type 0 2 !
[1;33m[Warning][0m: pc_bonus: unknown type 0 2 !
[1;33m[Warning][0m: pc_bonus: unknown type 0 2 !
[1;33m[Warning][0m: pc_bonus: unknown type 0 2 !
[1;33m[Warning][0m: pc_bonus: unknown type 0 2 !
[1;33m[Warning][0m: pc_bonus: unknown type 0 2 !
[1;33m[Warning][0m: pc_bonus: unknown type 0 2 !
[1;33m[Warning][0m: pc_bonus: unknown type 0 2 !
[1;33m[Warning][0m: pc_bonus: unknown type 0 2 !
[1;33m[Warning][0m: pc_bonus: unknown type 0 2 !
[1;33m[Warning][0m: pc_bonus: unknown type 0 2 !
[1;33m[Warning][0m: pc_bonus: unknown type 0 2 !
[1;33m[Warning][0m: pc_bonus: unknown type 0 2 !
[1;33m[Warning][0m: pc_bonus: unknown type 0 2 !
[1;33m[Warning][0m: pc_bonus: unknown type 0 2 !
[1;33m[Warning][0m: pc_bonus: unknown type 0 2 !
[1;33m[Warning][0m: pc_bonus: unknown type 0 2 !
[1;33m[Warning][0m: pc_bonus: unknown type 0 2 !
[1;33m[Warning][0m: pc_bonus: unknown type 0 2 !
[1;33m[Warning][0m: pc_bonus: unknown type 0 2 !
[1;33m[Warning][0m: pc_bonus: unknown type 0 2 !
[1;33m[Warning][0m: pc_bonus: unknown type 0 2 !
[1;33m[Warning][0m: pc_bonus: unknown type 0 2 !
[1;33m[Warning][0m: pc_bonus: unknown type 0 2 !
[1;33m[Warning][0m: pc_bonus: unknown type 0 2 !
[1;33m[Warning][0m: pc_bonus: unknown type 0 2 !
[1;33m[Warning][0m: pc_bonus: unknown type 0 2 !
[1;33m[Warning][0m: pc_bonus: unknown type 0 2 !
[1;33m[Warning][0m: pc_bonus: unknown type 0 2 !
[1;33m[Warning][0m: pc_bonus: unknown type 0 2 !
[1;33m[Warning][0m: pc_bonus: unknown type 0 2 !
[1;33m[Warning][0m: pc_bonus: unknown type 0 2 !
[1;33m[Warning][0m: pc_bonus: unknown type 0 2 !
[1;33m[Warning][0m: pc_bonus: unknown type 0 2 !
[1;33m[Warning][0m: pc_bonus: unknown type 0 2 !
[1;33m[Warning][0m: pc_bonus: unknown type 0 2 !
[1;33m[Warning][0m: pc_bonus: unknown type 0 2 !
[1;33m[Warning][0m: pc_bonus: unknown type 0 2 !
[1;33m[Warning][0m: pc_bonus: unknown type 0 2 !
[1;33m[Warning][0m: pc_bonus: unknown type 0 2 !
[1;33m[Warning][0m: pc_bonus: unknown type 0 2 !
[1;33m[Warning][0m: pc_bonus: unknown type 0 2 !
[1;33m[Warning][0m: pc_bonus: unknown type 0 2 !
[1;33m[Warning][0m: pc_bonus: unknown type 0 2 !
[1;33m[Warning][0m: pc_bonus: unknown type 0 2 !
[1;33m[Warning][0m: pc_bonus: unknown type 0 2 !
[1;33m[Warning][0m: pc_bonus: unknown type 0 2 !
[1;33m[Warning][0m: pc_bonus: unknown type 0 2 !
[1;33m[Warning][0m: pc_bonus: unknown type 0 2 !
[1;33m[Warning][0m: pc_bonus: unknown type 0 2 !
[1;33m[Warning][0m: pc_bonus: unknown type 0 2 !
[1;33m[Warning][0m: pc_bonus: unknown type 0 2 !
[1;33m[Warning][0m: pc_bonus: unknown type 0 2 !
[1;33m[Warning][0m: pc_bonus: unknown type 0 2 !
[1;33m[Warning][0m: pc_bonus: unknown type 0 2 !
[1;33m[Warning][0m: pc_bonus: unknown type 0 2 !
[1;33m[Warning][0m: pc_bonus: unknown type 0 2 !
[1;33m[Warning][0m: pc_bonus: unknown type 0 2 !
[1;33m[Warning][0m: pc_bonus: unknown type 0 2 !
[1;33m[Warning][0m: pc_bonus: unknown type 0 2 !
[1;33m[Warning][0m: pc_bonus: unknown type 0 2 !
[1;33m[Warning][0m: pc_bonus: unknown type 0 2 !
[1;33m[Warning][0m: pc_bonus: unknown type 0 2 !
[1;33m[Warning][0m: pc_bonus: unknown type 0 2 !
[1;33m[Warning][0m: pc_bonus: unknown type 0 2 !
[1;33m[Warning][0m: pc_bonus: unknown type 0 2 !
[1;33m[Warning][0m: pc_bonus: unknown type 0 2 !
[1;33m[Warning][0m: pc_bonus: unknown type 0 2 !
[1;33m[Warning][0m: pc_bonus: unknown type 0 2 !
[1;33m[Warning][0m: pc_bonus: unknown type 0 2 !
[1;33m[Warning][0m: pc_bonus: unknown type 0 2 !
[1;33m[Warning][0m: pc_bonus: unknown type 0 2 !
[1;33m[Warning][0m: pc_bonus: unknown type 0 2 !
[1;33m[Warning][0m: pc_bonus: unknown type 0 2 !
[1;33m[Warning][0m: pc_bonus: unknown type 0 2 !
[1;33m[Warning][0m: pc_bonus: unknown type 0 2 !
[1;33m[Warning][0m: pc_bonus: unknown type 0 2 !
[1;33m[Warning][0m: pc_bonus: unknown type 0 2 !
[1;33m[Warning][0m: pc_bonus: unknown type 0 2 !
[1;33m[Warning][0m: pc_bonus: unknown type 0 2 !
[1;33m[Warning][0m: pc_bonus: unknown type 0 2 !
[1;33m[Warning][0m: pc_bonus: unknown type 0 2 !
[1;33m[Warning][0m: pc_bonus: unknown type 0 2 !
[1;33m[Warning][0m: pc_bonus: unknown type 0 2 !
[1;33m[Warning][0m: pc_bonus: unknown type 0 2 !
[1;33m[Warning][0m: pc_bonus: unknown type 0 2 !
[1;33m[Warning][0m: pc_bonus: unknown type 0 2 !
[1;33m[Warning][0m: pc_bonus: unknown type 0 2 !
[1;33m[Warning][0m: pc_bonus: unknown type 0 2 !
[1;33m[Warning][0m: pc_bonus: unknown type 0 2 !
[1;33m[Warning][0m: pc_bonus: unknown type 0 2 !
[1;33m[Warning][0m: pc_bonus: unknown type 0 2 !
[1;33m[Warning][0m: pc_bonus: unknown type 0 2 !
[1;33m[Warning][0m: pc_bonus: unknown type 0 2 !
[1;33m[Warning][0m: pc_bonus: unknown type 0 2 !
[1;33m[Warning][0m: pc_bonus: unknown type 0 2 !
[1;33m[Warning][0m: pc_bonus: unknown type 0 2 !
[1;33m[Warning][0m: pc_bonus: unknown type 0 2 !
[1;33m[Warning][0m: pc_bonus: unknown type 0 2 !
[1;33m[Warning][0m: pc_bonus: unknown type 0 2 !
[1;33m[Warning][0m: pc_bonus: unknown type 0 2 !
[1;33m[Warning][0m: pc_bonus: unknown type 0 2 !
[1;33m[Warning][0m: pc_bonus: unknown type 0 2 !
[1;33m[Warning][0m: pc_bonus: unknown type 0 2 !
[1;33m[Warning][0m: pc_bonus: unknown type 0 2 !
[1;33m[Warning][0m: pc_bonus: unknown type 0 2 !
[1;33m[Warning][0m: pc_bonus: unknown type 0 2 !
[1;33m[Warning][0m: pc_bonus: unknown type 0 2 !
[1;33m[Warning][0m: pc_bonus: unknown type 0 2 !
[1;33m[Warning][0m: pc_bonus: unknown type 0 2 !
[1;33m[Warning][0m: pc_bonus: unknown type 0 2 !
[1;33m[Warning][0m: pc_bonus: unknown type 0 2 !
[1;33m[Warning][0m: pc_bonus: unknown type 0 2 !
[1;33m[Warning][0m: pc_bonus: unknown type 0 2 !
[1;33m[Warning][0m: pc_bonus: unknown type 0 2 !
[1;33m[Warning][0m: pc_bonus: unknown type 0 2 !
[1;33m[Warning][0m: pc_bonus: unknown type 0 2 !
[1;33m[Warning][0m: pc_bonus: unknown type 0 2 !
[1;33m[Warning][0m: pc_bonus: unknown type 0 2 !
[1;33m[Warning][0m: pc_bonus: unknown type 0 2 !
[1;33m[Warning][0m: pc_bonus: unknown type 0 2 !
[1;33m[Warning][0m: pc_bonus: unknown type 0 2 !
[1;33m[Warning][0m: pc_bonus: unknown type 0 2 !
[1;33m[Warning][0m: pc_bonus: unknown type 0 2 !
[1;33m[Warning][0m: pc_bonus: unknown type 0 2 !
[1;33m[Warning][0m: pc_bonus: unknown type 0 2 !
[1;33m[Warning][0m: pc_bonus: unknown type 0 2 !
[1;33m[Warning][0m: pc_bonus: unknown type 0 2 !
[1;33m[Warning][0m: pc_bonus: unknown type 0 2 !
[1;33m[Warning][0m: pc_bonus: unknown type 0 2 !
[1;33m[Warning][0m: pc_bonus: unknown type 0 2 !
[1;33m[Warning][0m: pc_bonus: unknown type 0 2 !
[1;33m[Warning][0m: pc_bonus: unknown type 0 2 !
[1;33m[Warning][0m: pc_bonus: unknown type 0 2 !
[1;33m[Warning][0m: pc_bonus: unknown type 0 2 !
[1;33m[Warning][0m: pc_bonus: unknown type 0 2 !
[1;33m[Warning][0m: pc_bonus: unknown type 0 2 !
[1;33m[Warning][0m: pc_bonus: unknown type 0 2 !
[1;33m[Warning][0m: pc_bonus: unknown type 0 2 !
[1;33m[Warning][0m: pc_bonus: unknown type 0 2 !
[1;33m[Warning][0m: pc_bonus: unknown type 0 2 !
[1;33m[Warning][0m: pc_bonus: unknown type 0 2 !
[1;33m[Warning][0m: pc_bonus: unknown type 0 2 !
[1;33m[Warning][0m: pc_bonus: unknown type 0 2 !
[1;33m[Warning][0m: pc_bonus: unknown type 0 2 !
[1;33m[Warning][0m: pc_bonus: unknown type 0 2 !
[1;33m[Warning][0m: pc_bonus: unknown type 0 2 !
[1;33m[Warning][0m: pc_bonus: unknown type 0 2 !
[1;33m[Warning][0m: pc_bonus: unknown type 0 2 !
[1;33m[Warning][0m: pc_bonus: unknown type 0 2 !
[1;33m[Warning][0m: pc_bonus: unknown type 0 2 !
[1;33m[Warning][0m: pc_bonus: unknown type 0 2 !
[1;33m[Warning][0m: pc_bonus: unknown type 0 2 !
[1;33m[Warning][0m: pc_bonus: unknown type 0 2 !
[1;33m[Warning][0m: pc_bonus: unknown type 0 2 !
[1;33m[Warning][0m: pc_bonus: unknown type 0 2 !
[1;33m[Warning][0m: pc_bonus: unknown type 0 2 !
[1;33m[Warning][0m: pc_bonus: unknown type 0 2 !
[1;33m[Warning][0m: pc_bonus: unknown type 0 2 !
[1;33m[Warning][0m: pc_bonus: unknown type 0 2 !
[1;33m[Warning][0m: pc_bonus: unknown type 0 2 !
[1;33m[Warning][0m: pc_bonus: unknown type 0 2 !
[1;33m[Warning][0m: pc_bonus: unknown type 0 2 !
[1;33m[Warning][0m: pc_bonus: unknown type 0 2 !
[1;33m[Warning][0m: pc_bonus: unknown type 0 2 !
[1;33m[Warning][0m: pc_bonus: unknown type 0 2 !
[1;33m[Warning][0m: pc_bonus: unknown type 0 2 !
[1;33m[Warning][0m: pc_bonus: unknown type 0 2 !
[1;33m[Warning][0m: pc_bonus: unknown type 0 2 !
[1;33m[Warning][0m: pc_bonus: unknown type 0 2 !
[1;33m[Warning][0m: pc_bonus: unknown type 0 2 !
[1;33m[Warning][0m: pc_bonus: unknown type 0 2 !
[1;33m[Warning][0m: pc_bonus: unknown type 0 2 !
[1;33m[Warning][0m: pc_bonus: unknown type 0 2 !
[1;33m[Warning][0m: pc_bonus: unknown type 0 2 !
[1;33m[Warning][0m: pc_bonus: unknown type 0 2 !
[1;33m[Warning][0m: pc_bonus: unknown type 0 2 !
[1;33m[Warning][0m: pc_bonus: unknown type 0 2 !
[1;33m[Warning][0m: pc_bonus: unknown type 0 2 !
[1;33m[Warning][0m: pc_bonus: unknown type 0 2 !
[1;33m[Warning][0m: pc_bonus: unknown type 0 2 !
[1;33m[Warning][0m: pc_bonus: unknown type 0 2 !
[1;33m[Warning][0m: pc_bonus: unknown type 0 2 !
[1;33m[Warning][0m: pc_bonus: unknown type 0 2 !
[1;33m[Warning][0m: pc_bonus: unknown type 0 2 !
[1;33m[Warning][0m: pc_bonus: unknown type 0 2 !
[1;33m[Warning][0m: pc_bonus: unknown type 0 2 !
[1;33m[Warning][0m: pc_bonus: unknown type 0 2 !
[1;33m[Warning][0m: pc_bonus: unknown type 0 2 !
[1;33m[Warning][0m: pc_bonus: unknown type 0 2 !
[1;31m[Error][0m: party_member_added: party 195213 not found.
[1;36m[Debug][0m: script debug : 0 110000124 : Base gefg_cas02 sem woe. prtg_cas01/prtg_cas02
[1;36m[Debug][0m: script debug : 0 110000003 : Base  sem woe. prtg_cas01/prtg_cas02
[1;36m[Debug][0m: script debug : 0 110000124 : Sem woe no gefg_cas02 (prtg_cas01/prtg_cas02)
[1;36m[Debug][0m: script debug : 0 110000003 : Sem woe no  (prtg_cas01/prtg_cas02)
[1;36m[Debug][0m: npc_scriptcont: 'Unknown NPC' (sd->npc_id=0) is not Super Kafra#aldebaran (id=110011223).
[1;36m[Debug][0m: npc_scriptcont: 'Unknown NPC' (sd->npc_id=0) is not Super Kafra#aldebaran (id=110011223).
[1;36m[Debug][0m: npc_scriptcont: 'Unknown NPC' (sd->npc_id=0) is not Super Kafra#aldebaran (id=110011223).
[1;36m[Debug][0m: npc_scriptcont: 'Unknown NPC' (sd->npc_id=0) is not Super Kafra#aldebaran (id=110011223).
[1;36m[Debug][0m: npc_scriptcont: 'Unknown NPC' (sd->npc_id=0) is not Super Kafra#aldebaran (id=110011223).
[1;36m[Debug][0m: npc_scriptcont: 'Unknown NPC' (sd->npc_id=0) is not Super Kafra#aldebaran (id=110011223).
[1;33m[Warning][0m: clif_process_message: Player 'mestreloko' sent an unterminated name!
[1;33m[Warning][0m: npc_scriptcont: failed npc_checknear test.
[1;31m[Error][0m: get_percentage(): divison by zero! (A=0,B=0)
[1;33m[Warning][0m: pc_bonus: unknown type 0 2 !
[1;33m[Warning][0m: pc_bonus: unknown type 0 2 !
[1;33m[Warning][0m: pc_bonus: unknown type 0 2 !
[1;33m[Warning][0m: pc_bonus: unknown type 0 2 !
[1;33m[Warning][0m: pc_bonus: unknown type 0 2 !
[1;33m[Warning][0m: pc_bonus: unknown type 0 2 !
[1;33m[Warning][0m: pc_bonus: unknown type 0 2 !
[1;33m[Warning][0m: pc_bonus: unknown type 0 2 !
[1;33m[Warning][0m: pc_bonus: unknown type 0 2 !
[1;33m[Warning][0m: pc_bonus: unknown type 0 2 !
[1;33m[Warning][0m: pc_bonus: unknown type 0 2 !
[1;33m[Warning][0m: pc_bonus: unknown type 0 2 !
[1;33m[Warning][0m: pc_bonus: unknown type 0 2 !
[1;33m[Warning][0m: pc_bonus: unknown type 0 2 !
[1;33m[Warning][0m: pc_bonus: unknown type 0 2 !
[1;33m[Warning][0m: pc_bonus: unknown type 0 2 !
[1;33m[Warning][0m: pc_bonus: unknown type 0 2 !
[1;33m[Warning][0m: clif_process_message: Player 'magezin sin' sent an unterminated name!
[1;33m[Warning][0m: pc_bonus: unknown type 0 2 !
[1;33m[Warning][0m: pc_bonus: unknown type 0 2 !
[1;33m[Warning][0m: pc_bonus: unknown type 0 2 !
[1;33m[Warning][0m: pc_bonus: unknown type 0 2 !
[1;33m[Warning][0m: pc_bonus: unknown type 0 2 !
[1;33m[Warning][0m: pc_bonus: unknown type 0 2 !
[1;33m[Warning][0m: pc_bonus: unknown type 0 2 !
[1;33m[Warning][0m: clif_process_message: Player 'MoNkBoY' sent an unterminated name!
[1;36m[Debug][0m: script debug : 0 110000124 : Base gefg_cas02 sem woe. prtg_cas01/prtg_cas02
[1;36m[Debug][0m: script debug : 0 110000003 : Base  sem woe. prtg_cas01/prtg_cas02
[1;36m[Debug][0m: unit_remove_map: unexpected state when removing player AID/CID:6002137/613291 (active=1 connect_new=0 rewarp=0 changemap=0 debug_remove_map=1) from map=prtg_cas02 (users=2). Previous call from c:\server\easvn\src\map\unit.c:1798(), current call from c:\server\easvn\src\map\unit.c:1798(). Please report this!!!
[1;36m[Debug][0m: unit_remove_map: unexpected state when removing player AID/CID:6020189/684104 (active=1 connect_new=0 rewarp=0 changemap=0 debug_remove_map=1) from map=prtg_cas02 (users=11). Previous call from c:\server\easvn\src\map\unit.c:1798(), current call from c:\server\easvn\src\map\unit.c:1798(). Please report this!!!
[1;36m[Debug][0m: script debug : 0 110000124 : Sem woe no gefg_cas02 (prtg_cas01/prtg_cas02)
[1;36m[Debug][0m: script debug : 0 110000003 : Sem woe no  (prtg_cas01/prtg_cas02)
[1;33m[Warning][0m: skill_castend_pos2: Unknown skill used:221
[1;33m[Warning][0m: skill_castend_pos2: Unknown skill used:221
[1;33m[Warning][0m: skill_castend_pos2: Unknown skill used:221
[1;33m[Warning][0m: skill_castend_pos2: Unknown skill used:221
[1;33m[Warning][0m: skill_castend_pos2: Unknown skill used:221
[1;33m[Warning][0m: skill_castend_pos2: Unknown skill used:221
[1;33m[Warning][0m: skill_castend_pos2: Unknown skill used:221
[1;33m[Warning][0m: skill_castend_pos2: Unknown skill used:221
[1;33m[Warning][0m: skill_castend_pos2: Unknown skill used:221
[1;33m[Warning][0m: skill_castend_pos2: Unknown skill used:221
[1;33m[Warning][0m: skill_castend_pos2: Unknown skill used:221
[1;33m[Warning][0m: skill_castend_pos2: Unknown skill used:221
[1;33m[Warning][0m: skill_castend_pos2: Unknown skill used:221
[1;33m[Warning][0m: skill_castend_pos2: Unknown skill used:221
[1;33m[Warning][0m: skill_castend_pos2: Unknown skill used:221
[1;33m[Warning][0m: skill_castend_pos2: Unknown skill used:221
[1;33m[Warning][0m: skill_castend_pos2: Unknown skill used:221
[1;33m[Warning][0m: skill_castend_pos2: Unknown skill used:221
[1;33m[Warning][0m: skill_castend_pos2: Unknown skill used:221
[1;33m[Warning][0m: skill_castend_pos2: Unknown skill used:221
[1;33m[Warning][0m: skill_castend_pos2: Unknown skill used:221
[1;33m[Warning][0m: skill_castend_pos2: Unknown skill used:221
[1;33m[Warning][0m: skill_castend_pos2: Unknown skill used:221
[1;33m[Warning][0m: skill_castend_pos2: Unknown skill used:221
[1;33m[Warning][0m: skill_castend_pos2: Unknown skill used:221
[1;33m[Warning][0m: skill_castend_pos2: Unknown skill used:221
[1;33m[Warning][0m: skill_castend_pos2: Unknown skill used:221
[1;33m[Warning][0m: skill_castend_pos2: Unknown skill used:221
[1;33m[Warning][0m: skill_castend_pos2: Unknown skill used:221
[1;33m[Warning][0m: skill_castend_pos2: Unknown skill used:221
[1;33m[Warning][0m: skill_castend_pos2: Unknown skill used:221
[1;33m[Warning][0m: skill_castend_pos2: Unknown skill used:221
[1;33m[Warning][0m: skill_castend_pos2: Unknown skill used:221
[1;33m[Warning][0m: skill_castend_pos2: Unknown skill used:221
[1;33m[Warning][0m: skill_castend_pos2: Unknown skill used:221
[1;33m[Warning][0m: skill_castend_pos2: Unknown skill used:221
[1;33m[Warning][0m: skill_castend_pos2: Unknown skill used:221
[1;33m[Warning][0m: skill_castend_pos2: Unknown skill used:221
[1;33m[Warning][0m: skill_castend_pos2: Unknown skill used:221
[1;33m[Warning][0m: skill_castend_pos2: Unknown skill used:221
[1;33m[Warning][0m: skill_castend_pos2: Unknown skill used:221
[1;33m[Warning][0m: skill_castend_pos2: Unknown skill used:221
[1;33m[Warning][0m: skill_castend_pos2: Unknown skill used:221
[1;33m[Warning][0m: skill_castend_pos2: Unknown skill used:221
[1;33m[Warning][0m: skill_castend_pos2: Unknown skill used:221
[1;31m[Error][0m: get_percentage(): divison by zero! (A=0,B=0)
[1;31m[Error][0m: get_percentage(): divison by zero! (A=0,B=0)
[1;33m[Warning][0m: pc_bonus: unknown type 0 2 !
[1;33m[Warning][0m: pc_bonus: unknown type 0 2 !
[1;31m[Error][0m: get_percentage(): divison by zero! (A=0,B=0)
[1;31m[Error][0m: Memory manager: freed-data is changed. (freed in c:\server\easvn\src\map\map.c line 236)
[1;31m[Error][0m: get_percentage(): divison by zero! (A=0,B=0)
[1;33m[Warning][0m: clif_process_message: Player '.Dont Lets Go.' sent an unterminated name!
[1;33m[Warning][0m: clif_process_message: Player '.Dont Lets Go.' sent an unterminated name!
[1;33m[Warning][0m: clif_process_message: Player '.Dont Lets Go.' sent an unterminated name!
[1;31m[Error][0m: party_member_added: party 195469 not found.
[1;33m[Warning][0m: npc_event: player's event queue is full, can't add event '#LvUpEvent::OnPCBaseLvUpEvent' !
[1;33m[Warning][0m: npc_event: player's event queue is full, can't add event '#LvUpEvent::OnPCBaseLvUpEvent' !
[1;33m[Warning][0m: npc_event: player's event queue is full, can't add event '#LvUpEvent::OnPCBaseLvUpEvent' !
[1;33m[Warning][0m: npc_event: player's event queue is full, can't add event '#LvUpEvent::OnPCBaseLvUpEvent' !
[1;33m[Warning][0m: npc_event: player's event queue is full, can't add event '#LvUpEvent::OnPCBaseLvUpEvent' !
[1;31m[Error][0m: get_percentage(): divison by zero! (A=0,B=0)
[1;31m[Error][0m: get_percentage(): divison by zero! (A=1797000,B=0)
[1;33m[Warning][0m: pc_bonus: unknown type 0 2 !
[1;33m[Warning][0m: pc_bonus: unknown type 0 2 !
[1;33m[Warning][0m: pc_bonus: unknown type 0 2 !
[1;33m[Warning][0m: pc_bonus: unknown type 0 2 !
[1;33m[Warning][0m: pc_bonus: unknown type 0 2 !
[1;33m[Warning][0m: pc_bonus: unknown type 0 2 !
[1;33m[Warning][0m: pc_bonus: unknown type 0 2 !
[1;33m[Warning][0m: pc_bonus: unknown type 0 2 !
[1;33m[Warning][0m: pc_bonus: unknown type 0 2 !
[1;33m[Warning][0m: pc_bonus: unknown type 0 2 !
[1;33m[Warning][0m: pc_bonus: unknown type 0 2 !
[1;33m[Warning][0m: pc_bonus: unknown type 0 2 !
[1;33m[Warning][0m: pc_bonus: unknown type 0 2 !
[1;33m[Warning][0m: pc_bonus: unknown type 0 2 !
[1;33m[Warning][0m: pc_bonus: unknown type 0 2 !
[1;33m[Warning][0m: pc_bonus: unknown type 0 2 !
[1;33m[Warning][0m: pc_bonus: unknown type 0 2 !
[1;33m[Warning][0m: pc_bonus: unknown type 0 2 !
[1;33m[Warning][0m: pc_bonus: unknown type 0 2 !
[1;33m[Warning][0m: pc_bonus: unknown type 0 2 !
[1;33m[Warning][0m: pc_bonus: unknown type 0 2 !
[1;33m[Warning][0m: pc_bonus: unknown type 0 2 !
[1;33m[Warning][0m: pc_bonus: unknown type 0 2 !
[1;33m[Warning][0m: pc_bonus: unknown type 0 2 !
[1;33m[Warning][0m: pc_bonus: unknown type 0 2 !
[1;33m[Warning][0m: pc_bonus: unknown type 0 2 !
[1;33m[Warning][0m: pc_bonus: unknown type 0 2 !
[1;33m[Warning][0m: pc_bonus: unknown type 0 2 !
[1;33m[Warning][0m: pc_bonus: unknown type 0 2 !
[1;33m[Warning][0m: pc_bonus: unknown type 0 2 !
[1;33m[Warning][0m: pc_bonus: unknown type 0 2 !
[1;33m[Warning][0m: pc_bonus: unknown type 0 2 !
[1;33m[Warning][0m: pc_bonus: unknown type 0 2 !
[1;33m[Warning][0m: pc_bonus: unknown type 0 2 !
[1;33m[Warning][0m: pc_bonus: unknown type 0 2 !
[1;33m[Warning][0m: pc_bonus: unknown type 0 2 !
[1;33m[Warning][0m: pc_bonus: unknown type 0 2 !
[1;33m[Warning][0m: pc_bonus: unknown type 0 2 !
[1;33m[Warning][0m: pc_bonus: unknown type 0 2 !
[1;33m[Warning][0m: pc_bonus: unknown type 0 2 !
[1;33m[Warning][0m: pc_bonus: unknown type 0 2 !
[1;33m[Warning][0m: pc_bonus: unknown type 0 2 !
[1;33m[Warning][0m: pc_bonus: unknown type 0 2 !
[1;33m[Warning][0m: pc_bonus: unknown type 0 2 !
[1;33m[Warning][0m: pc_bonus: unknown type 0 2 !
[1;33m[Warning][0m: pc_bonus: unknown type 0 2 !
[1;33m[Warning][0m: pc_bonus: unknown type 0 2 !
[1;33m[Warning][0m: pc_bonus: unknown type 0 2 !
[1;33m[Warning][0m: pc_bonus: unknown type 0 2 !
[1;33m[Warning][0m: pc_bonus: unknown type 0 2 !
[1;33m[Warning][0m: pc_bonus: unknown type 0 2 !
[1;33m[Warning][0m: pc_bonus: unknown type 0 2 !
[1;33m[Warning][0m: pc_bonus: unknown type 0 2 !
[1;33m[Warning][0m: pc_bonus: unknown type 0 2 !
[1;33m[Warning][0m: pc_bonus: unknown type 0 2 !
[1;33m[Warning][0m: pc_bonus: unknown type 0 2 !
[1;33m[Warning][0m: pc_bonus: unknown type 0 2 !
[1;33m[Warning][0m: pc_bonus: unknown type 0 2 !
[1;33m[Warning][0m: pc_bonus: unknown type 0 2 !
[1;33m[Warning][0m: pc_bonus: unknown type 0 2 !
[1;33m[Warning][0m: pc_bonus: unknown type 0 2 !
[1;33m[Warning][0m: pc_bonus: unknown type 0 2 !
[1;33m[Warning][0m: pc_bonus: unknown type 0 2 !
[1;33m[Warning][0m: pc_bonus: unknown type 0 2 !
[1;33m[Warning][0m: pc_bonus: unknown type 0 2 !
[1;33m[Warning][0m: pc_bonus: unknown type 0 2 !
[1;33m[Warning][0m: pc_bonus: unknown type 0 2 !
[1;33m[Warning][0m: pc_bonus: unknown type 0 2 !
[1;33m[Warning][0m: pc_bonus: unknown type 0 2 !
[1;33m[Warning][0m: pc_bonus: unknown type 0 2 !
[1;33m[Warning][0m: pc_bonus: unknown type 0 2 !
[1;33m[Warning][0m: pc_bonus: unknown type 0 2 !
[1;33m[Warning][0m: pc_bonus: unknown type 0 2 !
[1;33m[Warning][0m: pc_bonus: unknown type 0 2 !
[1;33m[Warning][0m: pc_bonus: unknown type 0 2 !
[1;33m[Warning][0m: pc_bonus: unknown type 0 2 !
[1;33m[Warning][0m: pc_bonus: unknown type 0 2 !
[1;33m[Warning][0m: pc_bonus: unknown type 0 2 !
[1;33m[Warning][0m: pc_bonus: unknown type 0 2 !
[1;33m[Warning][0m: pc_bonus: unknown type 0 2 !
[1;33m[Warning][0m: pc_bonus: unknown type 0 2 !
[1;33m[Warning][0m: pc_bonus: unknown type 0 2 !
[1;33m[Warning][0m: pc_bonus: unknown type 0 2 !
[1;33m[Warning][0m: pc_bonus: unknown type 0 2 !
[1;33m[Warning][0m: pc_bonus: unknown type 0 2 !
[1;33m[Warning][0m: pc_bonus: unknown type 0 2 !
[1;33m[Warning][0m: pc_bonus: unknown type 0 2 !
[1;33m[Warning][0m: pc_bonus: unknown type 0 2 !
[1;33m[Warning][0m: pc_bonus: unknown type 0 2 !
[1;33m[Warning][0m: pc_bonus: unknown type 0 2 !
[1;33m[Warning][0m: pc_bonus: unknown type 0 2 !
[1;33m[Warning][0m: pc_bonus: unknown type 0 2 !
[1;33m[Warning][0m: pc_bonus: unknown type 0 2 !
[1;33m[Warning][0m: pc_bonus: unknown type 0 2 !
[1;33m[Warning][0m: pc_bonus: unknown type 0 2 !
[1;33m[Warning][0m: pc_bonus: unknown type 0 2 !
[1;33m[Warning][0m: pc_bonus: unknown type 0 2 !
[1;33m[Warning][0m: pc_bonus: unknown type 0 2 !
[1;33m[Warning][0m: pc_bonus: unknown type 0 2 !
[1;33m[Warning][0m: pc_bonus: unknown type 0 2 !
[1;33m[Warning][0m: pc_bonus: unknown type 0 2 !
[1;33m[Warning][0m: pc_bonus: unknown type 0 2 !
[1;33m[Warning][0m: pc_bonus: unknown type 0 2 !
[1;33m[Warning][0m: pc_bonus: unknown type 0 2 !
[1;33m[Warning][0m: pc_bonus: unknown type 0 2 !
[1;33m[Warning][0m: pc_bonus: unknown type 0 2 !
[1;33m[Warning][0m: pc_bonus: unknown type 0 2 !
[1;33m[Warning][0m: pc_bonus: unknown type 0 2 !
[1;33m[Warning][0m: pc_bonus: unknown type 0 2 !
[1;33m[Warning][0m: pc_bonus: unknown type 0 2 !
[1;33m[Warning][0m: pc_bonus: unknown type 0 2 !
[1;33m[Warning][0m: pc_bonus: unknown type 0 2 !
[1;33m[Warning][0m: pc_bonus: unknown type 0 2 !
[1;33m[Warning][0m: pc_bonus: unknown type 0 2 !
[1;33m[Warning][0m: pc_bonus: unknown type 0 2 !
[1;33m[Warning][0m: pc_bonus: unknown type 0 2 !
[1;33m[Warning][0m: pc_bonus: unknown type 0 2 !
[1;33m[Warning][0m: pc_bonus: unknown type 0 2 !
[1;33m[Warning][0m: pc_bonus: unknown type 0 2 !
[1;33m[Warning][0m: pc_bonus: unknown type 0 2 !
[1;33m[Warning][0m: pc_bonus: unknown type 0 2 !
[1;33m[Warning][0m: pc_bonus: unknown type 0 2 !
[1;33m[Warning][0m: pc_bonus: unknown type 0 2 !
[1;33m[Warning][0m: pc_bonus: unknown type 0 2 !
[1;33m[Warning][0m: pc_bonus: unknown type 0 2 !
[1;33m[Warning][0m: pc_bonus: unknown type 0 2 !
[1;33m[Warning][0m: pc_bonus: unknown type 0 2 !
[1;33m[Warning][0m: pc_bonus: unknown type 0 2 !
[1;33m[Warning][0m: pc_bonus: unknown type 0 2 !
[1;33m[Warning][0m: pc_bonus: unknown type 0 2 !
[1;33m[Warning][0m: pc_bonus: unknown type 0 2 !
[1;33m[Warning][0m: pc_bonus: unknown type 0 2 !
[1;33m[Warning][0m: pc_bonus: unknown type 0 2 !
[1;33m[Warning][0m: pc_bonus: unknown type 0 2 !
[1;33m[Warning][0m: pc_bonus: unknown type 0 2 !
[1;33m[Warning][0m: pc_bonus: unknown type 0 2 !
[1;33m[Warning][0m: pc_bonus: unknown type 0 2 !
[1;33m[Warning][0m: pc_bonus: unknown type 0 2 !
[1;33m[Warning][0m: pc_bonus: unknown type 0 2 !
[1;33m[Warning][0m: pc_bonus: unknown type 0 2 !
[1;33m[Warning][0m: pc_bonus: unknown type 0 2 !
[1;33m[Warning][0m: pc_bonus: unknown type 0 2 !
[1;33m[Warning][0m: pc_bonus: unknown type 0 2 !
[1;33m[Warning][0m: pc_bonus: unknown type 0 2 !
[1;33m[Warning][0m: pc_bonus: unknown type 0 2 !
[1;33m[Warning][0m: pc_bonus: unknown type 0 2 !
[1;33m[Warning][0m: pc_bonus: unknown type 0 2 !
[1;33m[Warning][0m: pc_bonus: unknown type 0 2 !
[1;33m[Warning][0m: pc_bonus: unknown type 0 2 !
[1;33m[Warning][0m: pc_bonus: unknown type 0 2 !
[1;33m[Warning][0m: pc_bonus: unknown type 0 2 !
[1;33m[Warning][0m: pc_bonus: unknown type 0 2 !
[1;33m[Warning][0m: pc_bonus: unknown type 0 2 !
[1;33m[Warning][0m: pc_bonus: unknown type 0 2 !
[1;33m[Warning][0m: pc_bonus: unknown type 0 2 !
[1;33m[Warning][0m: pc_bonus: unknown type 0 2 !
[1;33m[Warning][0m: pc_bonus: unknown type 0 2 !
[1;33m[Warning][0m: pc_bonus: unknown type 0 2 !
[1;33m[Warning][0m: pc_bonus: unknown type 0 2 !
[1;33m[Warning][0m: pc_bonus: unknown type 0 2 !
[1;33m[Warning][0m: pc_bonus: unknown type 0 2 !
[1;33m[Warning][0m: pc_bonus: unknown type 0 2 !
[1;33m[Warning][0m: pc_bonus: unknown type 0 2 !
[1;33m[Warning][0m: pc_bonus: unknown type 0 2 !
[1;33m[Warning][0m: pc_bonus: unknown type 0 2 !
[1;33m[Warning][0m: pc_bonus: unknown type 0 2 !
[1;33m[Warning][0m: pc_bonus: unknown type 0 2 !
[1;33m[Warning][0m: pc_bonus: unknown type 0 2 !
[1;33m[Warning][0m: pc_bonus: unknown type 0 2 !
[1;33m[Warning][0m: pc_bonus: unknown type 0 2 !
[1;33m[Warning][0m: pc_bonus: unknown type 0 2 !
[1;33m[Warning][0m: pc_bonus: unknown type 0 2 !
[1;33m[Warning][0m: pc_bonus: unknown type 0 2 !
[1;33m[Warning][0m: pc_bonus: unknown type 0 2 !
[1;33m[Warning][0m: pc_bonus: unknown type 0 2 !
[1;33m[Warning][0m: pc_bonus: unknown type 0 2 !
[1;33m[Warning][0m: pc_bonus: unknown type 0 2 !
[1;33m[Warning][0m: pc_bonus: unknown type 0 2 !
[1;33m[Warning][0m: pc_bonus: unknown type 0 2 !
[1;33m[Warning][0m: pc_bonus: unknown type 0 2 !
[1;33m[Warning][0m: pc_bonus: unknown type 0 2 !
[1;33m[Warning][0m: pc_bonus: unknown type 0 2 !
[1;33m[Warning][0m: pc_bonus: unknown type 0 2 !
[1;33m[Warning][0m: pc_bonus: unknown type 0 2 !
[1;33m[Warning][0m: pc_bonus: unknown type 0 2 !
[1;33m[Warning][0m: pc_bonus: unknown type 0 2 !
[1;33m[Warning][0m: pc_bonus: unknown type 0 2 !
[1;33m[Warning][0m: pc_bonus: unknown type 0 2 !
[1;33m[Warning][0m: pc_bonus: unknown type 0 2 !
[1;33m[Warning][0m: pc_bonus: unknown type 0 2 !
[1;33m[Warning][0m: pc_bonus: unknown type 0 2 !
[1;33m[Warning][0m: pc_bonus: unknown type 0 2 !
[1;33m[Warning][0m: pc_bonus: unknown type 0 2 !
[1;33m[Warning][0m: pc_bonus: unknown type 0 2 !
[1;33m[Warning][0m: pc_bonus: unknown type 0 2 !
[1;33m[Warning][0m: pc_bonus: unknown type 0 2 !
[1;33m[Warning][0m: pc_bonus: unknown type 0 2 !
[1;33m[Warning][0m: pc_bonus: unknown type 0 2 !
[1;33m[Warning][0m: pc_bonus: unknown type 0 2 !
[1;33m[Warning][0m: pc_bonus: unknown type 0 2 !
[1;33m[Warning][0m: pc_bonus: unknown type 0 2 !
[1;33m[Warning][0m: pc_bonus: unknown type 0 2 !
[1;33m[Warning][0m: pc_bonus: unknown type 0 2 !
[1;33m[Warning][0m: pc_bonus: unknown type 0 2 !
[1;33m[Warning][0m: pc_bonus: unknown type 0 2 !
[1;33m[Warning][0m: pc_bonus: unknown type 0 2 !
[1;33m[Warning][0m: pc_bonus: unknown type 0 2 !
[1;33m[Warning][0m: pc_bonus: unknown type 0 2 !
[1;33m[Warning][0m: pc_bonus: unknown type 0 2 !
[1;33m[Warning][0m: pc_bonus: unknown type 0 2 !
[1;33m[Warning][0m: pc_bonus: unknown type 0 2 !
[1;33m[Warning][0m: pc_bonus: unknown type 0 2 !
[1;33m[Warning][0m: pc_bonus: unknown type 0 2 !
[1;33m[Warning][0m: pc_bonus: unknown type 0 2 !
[1;33m[Warning][0m: clif_process_message: Player 'Eikon' sent an unterminated name!
[1;33m[Warning][0m: clif_process_message: Player 'Eikon' sent an unterminated name!
[1;33m[Warning][0m: clif_process_message: Player 'Eikon' sent an unterminated name!
[1;33m[Warning][0m: clif_process_message: Player 'Eikon' sent an unterminated name!
[1;33m[Warning][0m: clif_process_message: Player 'Eikon' sent an unterminated name!
[1;33m[Warning][0m: clif_process_message: Player 'Eikon' sent an unterminated name!
[1;33m[Warning][0m: clif_process_message: Player 'Eikon' sent an unterminated name!
[1;33m[Warning][0m: clif_process_message: Player 'TUKINHArlz [F]' sent an unterminated name!
[1;33m[Warning][0m: clif_process_message: Player 'TUKINHArlz [F]' sent an unterminated name!
[1;33m[Warning][0m: clif_process_message: Player 'TUKINHArlz [F]' sent an unterminated name!
[1;36m[Debug][0m: npc_scriptcont: 'Unknown NPC' (sd->npc_id=0) is not Choco (id=110000256).
[1;33m[Warning][0m: npc_event: player's event queue is full, can't add event '#LvUpEvent::OnPCBaseLvUpEvent' !
[1;33m[Warning][0m: npc_event: player's event queue is full, can't add event '#LvUpEvent::OnPCBaseLvUpEvent' !
[1;33m[Warning][0m: npc_event: player's event queue is full, can't add event '#LvUpEvent::OnPCBaseLvUpEvent' !
[1;36m[Debug][0m: script debug : 0 110000085 : Base prtg_cas02 sem woe. arug_cas03/
[1;36m[Debug][0m: script debug : 0 110000124 : Base gefg_cas02 sem woe. arug_cas03/
[1;36m[Debug][0m: script debug : 0 110000046 : Base prtg_cas01 sem woe. arug_cas03/
[1;33m[Warning][0m: npc_scriptcont: failed npc_checknear test.
[1;36m[Debug][0m: script debug : 0 110000124 : Sem woe no gefg_cas02 (arug_cas03/)
[1;36m[Debug][0m: script debug : 0 110000085 : Sem woe no prtg_cas02 (arug_cas03/)
[1;36m[Debug][0m: script debug : 0 110000046 : Sem woe no prtg_cas01 (arug_cas03/)
[1;36m[Debug][0m: mapindex_name2id: Map "poring" not found in index list!
[1;33m[Warning][0m: pc_bonus: unknown type 0 2 !
[1;31m[Error][0m: npc_event: event not found [Kafra::OnWhisperGlobal]
[1;31m[Error][0m: npc_event: event not found [Kafra::OnWhisperGlobal]
[1;31m[Error][0m: npc_event: event not found [Kafra::OnWhisperGlobal]
[1;36m[Debug][0m: script debug : 0 110000085 : Base prtg_cas02 sem woe. arug_cas03/
[1;36m[Debug][0m: script debug : 0 110000124 : Base gefg_cas02 sem woe. arug_cas03/
[1;36m[Debug][0m: script debug : 0 110000046 : Base prtg_cas01 sem woe. arug_cas03/
[1;36m[Debug][0m: script debug : 0 110000124 : Sem woe no gefg_cas02 (arug_cas03/)
[1;36m[Debug][0m: script debug : 0 110000085 : Sem woe no prtg_cas02 (arug_cas03/)
[1;36m[Debug][0m: script debug : 0 110000046 : Sem woe no prtg_cas01 (arug_cas03/)
[1;33m[Warning][0m: npc_event: player's event queue is full, can't add event '#LvUpEvent::OnPCBaseLvUpEvent' !
[1;33m[Warning][0m: npc_event: player's event queue is full, can't add event '#LvUpEvent::OnPCBaseLvUpEvent' !
[1;33m[Warning][0m: npc_event: player's event queue is full, can't add event '#LvUpEvent::OnPCBaseLvUpEvent' !
[1;31m[Error][0m: party_member_added: party 195777 not found.
[1;33m[Warning][0m: pc_bonus: unknown type 0 2 !
[1;33m[Warning][0m: pc_bonus: unknown type 0 2 !
[1;31m[Error][0m: party_member_added: party 195777 not found.
[1;33m[Warning][0m: clif_process_message: Player '-Stalk Indemandeira~[F]' sent an unterminated name!
[1;33m[Warning][0m: clif_process_message: Player '-Stalk Indemandeira~[F]' sent an unterminated name!
[1;33m[Warning][0m: clif_process_message: Player '-Stalk Indemandeira~[F]' sent an unterminated name!
[1;31m[Error][0m: party_member_added: party 195797 not found.
[1;33m[Warning][0m: pc_bonus: unknown type 0 2 !
[1;33m[Warning][0m: pc_bonus: unknown type 0 2 !
[1;31m[Error][0m: status_change_timer: Unexpected NULL status change id: 6015386 data: 112
[1;33m[Warning][0m: pc_bonus: unknown type 0 2 !
[1;33m[Warning][0m: pc_bonus: unknown type 0 2 !
[1;33m[Warning][0m: pc_bonus: unknown type 0 2 !
[1;33m[Warning][0m: pc_bonus: unknown type 0 2 !
[1;33m[Warning][0m: pc_bonus: unknown type 0 2 !
[1;33m[Warning][0m: pc_bonus: unknown type 0 2 !
[1;33m[Warning][0m: pc_bonus: unknown type 0 2 !
[1;33m[Warning][0m: pc_bonus: unknown type 0 2 !
[1;33m[Warning][0m: pc_bonus: unknown type 0 2 !
[1;33m[Warning][0m: pc_bonus: unknown type 0 2 !
[1;33m[Warning][0m: pc_bonus: unknown type 0 2 !
[1;33m[Warning][0m: pc_bonus: unknown type 0 2 !
[1;33m[Warning][0m: pc_bonus: unknown type 0 2 !
[1;33m[Warning][0m: pc_bonus: unknown type 0 2 !
[1;33m[Warning][0m: pc_bonus: unknown type 0 2 !
[1;33m[Warning][0m: pc_bonus: unknown type 0 2 !
[1;33m[Warning][0m: pc_bonus: unknown type 0 2 !
[1;33m[Warning][0m: pc_bonus: unknown type 0 2 !
[1;33m[Warning][0m: pc_bonus: unknown type 0 2 !
[1;33m[Warning][0m: pc_bonus: unknown type 0 2 !
[1;33m[Warning][0m: pc_bonus: unknown type 0 2 !
[1;33m[Warning][0m: pc_bonus: unknown type 0 2 !
[1;33m[Warning][0m: pc_bonus: unknown type 0 2 !
[1;33m[Warning][0m: pc_bonus: unknown type 0 2 !
[1;33m[Warning][0m: pc_bonus: unknown type 0 2 !
[1;33m[Warning][0m: pc_bonus: unknown type 0 2 !
[1;33m[Warning][0m: pc_bonus: unknown type 0 2 !
[1;33m[Warning][0m: pc_bonus: unknown type 0 2 !
[1;33m[Warning][0m: pc_bonus: unknown type 0 2 !
[1;33m[Warning][0m: pc_bonus: unknown type 0 2 !
[1;33m[Warning][0m: pc_bonus: unknown type 0 2 !
[1;33m[Warning][0m: pc_bonus: unknown type 0 2 !
[1;33m[Warning][0m: pc_bonus: unknown type 0 2 !
[1;33m[Warning][0m: pc_bonus: unknown type 0 2 !
[1;33m[Warning][0m: pc_bonus: unknown type 0 2 !
[1;33m[Warning][0m: pc_bonus: unknown type 0 2 !
[1;33m[Warning][0m: pc_bonus: unknown type 0 2 !
[1;33m[Warning][0m: pc_bonus: unknown type 0 2 !
[1;33m[Warning][0m: pc_bonus: unknown type 0 2 !
[1;33m[Warning][0m: pc_bonus: unknown type 0 2 !
[1;33m[Warning][0m: pc_bonus: unknown type 0 2 !
[1;33m[Warning][0m: pc_bonus: unknown type 0 2 !
[1;33m[Warning][0m: pc_bonus: unknown type 0 2 !
[1;33m[Warning][0m: pc_bonus: unknown type 0 2 !
[1;33m[Warning][0m: pc_bonus: unknown type 0 2 !
[1;33m[Warning][0m: pc_bonus: unknown type 0 2 !
[1;33m[Warning][0m: pc_bonus: unknown type 0 2 !
[1;33m[Warning][0m: pc_bonus: unknown type 0 2 !
[1;33m[Warning][0m: pc_bonus: unknown type 0 2 !
[1;33m[Warning][0m: pc_bonus: unknown type 0 2 !
[1;33m[Warning][0m: pc_bonus: unknown type 0 2 !
[1;33m[Warning][0m: pc_bonus: unknown type 0 2 !
[1;33m[Warning][0m: pc_bonus: unknown type 0 2 !
[1;33m[Warning][0m: pc_bonus: unknown type 0 2 !
[1;33m[Warning][0m: pc_bonus: unknown type 0 2 !
[1;33m[Warning][0m: pc_bonus: unknown type 0 2 !
[1;33m[Warning][0m: pc_bonus: unknown type 0 2 !
[1;33m[Warning][0m: pc_bonus: unknown type 0 2 !
[1;33m[Warning][0m: pc_bonus: unknown type 0 2 !
[1;33m[Warning][0m: pc_bonus: unknown type 0 2 !
[1;33m[Warning][0m: pc_bonus: unknown type 0 2 !
[1;33m[Warning][0m: pc_bonus: unknown type 0 2 !
[1;33m[Warning][0m: pc_bonus: unknown type 0 2 !
[1;33m[Warning][0m: pc_bonus: unknown type 0 2 !
[1;33m[Warning][0m: pc_bonus: unknown type 0 2 !
[1;33m[Warning][0m: pc_bonus: unknown type 0 2 !
[1;33m[Warning][0m: pc_bonus: unknown type 0 2 !
[1;33m[Warning][0m: pc_bonus: unknown type 0 2 !
[1;33m[Warning][0m: pc_bonus: unknown type 0 2 !
[1;33m[Warning][0m: pc_bonus: unknown type 0 2 !
[1;33m[Warning][0m: pc_bonus: unknown type 0 2 !
[1;33m[Warning][0m: pc_bonus: unknown type 0 2 !
[1;33m[Warning][0m: pc_bonus: unknown type 0 2 !
[1;33m[Warning][0m: pc_bonus: unknown type 0 2 !
[1;33m[Warning][0m: pc_bonus: unknown type 0 2 !
[1;33m[Warning][0m: pc_bonus: unknown type 0 2 !
[1;33m[Warning][0m: pc_bonus: unknown type 0 2 !
[1;33m[Warning][0m: pc_bonus: unknown type 0 2 !
[1;33m[Warning][0m: pc_bonus: unknown type 0 2 !
[1;33m[Warning][0m: pc_bonus: unknown type 0 2 !
[1;33m[Warning][0m: pc_bonus: unknown type 0 2 !
[1;33m[Warning][0m: pc_bonus: unknown type 0 2 !
[1;33m[Warning][0m: pc_bonus: unknown type 0 2 !
[1;33m[Warning][0m: pc_bonus: unknown type 0 2 !
[1;33m[Warning][0m: pc_bonus: unknown type 0 2 !
[1;33m[Warning][0m: pc_bonus: unknown type 0 2 !
[1;33m[Warning][0m: pc_bonus: unknown type 0 2 !
[1;33m[Warning][0m: pc_bonus: unknown type 0 2 !
[1;33m[Warning][0m: pc_bonus: unknown type 0 2 !
[1;33m[Warning][0m: pc_bonus: unknown type 0 2 !
[1;33m[Warning][0m: pc_bonus: unknown type 0 2 !
[1;33m[Warning][0m: pc_bonus: unknown type 0 2 !
[1;33m[Warning][0m: pc_bonus: unknown type 0 2 !
[1;33m[Warning][0m: pc_bonus: unknown type 0 2 !
[1;33m[Warning][0m: pc_bonus: unknown type 0 2 !
[1;33m[Warning][0m: pc_bonus: unknown type 0 2 !
[1;33m[Warning][0m: pc_bonus: unknown type 0 2 !
[1;33m[Warning][0m: pc_bonus: unknown type 0 2 !
[1;33m[Warning][0m: pc_bonus: unknown type 0 2 !
[1;33m[Warning][0m: pc_bonus: unknown type 0 2 !
[1;33m[Warning][0m: pc_bonus: unknown type 0 2 !
[1;33m[Warning][0m: pc_bonus: unknown type 0 2 !
[1;33m[Warning][0m: pc_bonus: unknown type 0 2 !
[1;33m[Warning][0m: pc_bonus: unknown type 0 2 !
[1;33m[Warning][0m: pc_bonus: unknown type 0 2 !
[1;33m[Warning][0m: pc_bonus: unknown type 0 2 !
[1;33m[Warning][0m: pc_bonus: unknown type 0 2 !
[1;33m[Warning][0m: pc_bonus: unknown type 0 2 !
[1;33m[Warning][0m: pc_bonus: unknown type 0 2 !
[1;33m[Warning][0m: pc_bonus: unknown type 0 2 !
[1;33m[Warning][0m: pc_bonus: unknown type 0 2 !
[1;33m[Warning][0m: pc_bonus: unknown type 0 2 !
[1;33m[Warning][0m: pc_bonus: unknown type 0 2 !
[1;33m[Warning][0m: pc_bonus: unknown type 0 2 !
[1;33m[Warning][0m: pc_bonus: unknown type 0 2 !
[1;33m[Warning][0m: pc_bonus: unknown type 0 2 !
[1;33m[Warning][0m: pc_bonus: unknown type 0 2 !
[1;33m[Warning][0m: pc_bonus: unknown type 0 2 !
[1;33m[Warning][0m: pc_bonus: unknown type 0 2 !
[1;33m[Warning][0m: pc_bonus: unknown type 0 2 !
[1;33m[Warning][0m: pc_bonus: unknown type 0 2 !
[1;33m[Warning][0m: pc_bonus: unknown type 0 2 !
[1;33m[Warning][0m: pc_bonus: unknown type 0 2 !
[1;33m[Warning][0m: pc_bonus: unknown type 0 2 !
[1;33m[Warning][0m: pc_bonus: unknown type 0 2 !
[1;33m[Warning][0m: pc_bonus: unknown type 0 2 !
[1;33m[Warning][0m: pc_bonus: unknown type 0 2 !
[1;33m[Warning][0m: pc_bonus: unknown type 0 2 !
[1;33m[Warning][0m: pc_bonus: unknown type 0 2 !
[1;33m[Warning][0m: pc_bonus: unknown type 0 2 !
[1;33m[Warning][0m: pc_bonus: unknown type 0 2 !
[1;33m[Warning][0m: pc_bonus: unknown type 0 2 !
[1;33m[Warning][0m: pc_bonus: unknown type 0 2 !
[1;33m[Warning][0m: pc_bonus: unknown type 0 2 !
[1;33m[Warning][0m: pc_bonus: unknown type 0 2 !
[1;33m[Warning][0m: pc_bonus: unknown type 0 2 !
[1;33m[Warning][0m: pc_bonus: unknown type 0 2 !
[1;33m[Warning][0m: pc_bonus: unknown type 0 2 !
[1;33m[Warning][0m: pc_bonus: unknown type 0 2 !
[1;33m[Warning][0m: pc_bonus: unknown type 0 2 !
[1;33m[Warning][0m: pc_bonus: unknown type 0 2 !
[1;33m[Warning][0m: pc_bonus: unknown type 0 2 !
[1;33m[Warning][0m: pc_bonus: unknown type 0 2 !
[1;33m[Warning][0m: pc_bonus: unknown type 0 2 !
[1;33m[Warning][0m: pc_bonus: unknown type 0 2 !
[1;33m[Warning][0m: pc_bonus: unknown type 0 2 !
[1;33m[Warning][0m: pc_bonus: unknown type 0 2 !
[1;33m[Warning][0m: pc_bonus: unknown type 0 2 !
[1;33m[Warning][0m: pc_bonus: unknown type 0 2 !
[1;33m[Warning][0m: pc_bonus: unknown type 0 2 !
[1;33m[Warning][0m: pc_bonus: unknown type 0 2 !
[1;33m[Warning][0m: pc_bonus: unknown type 0 2 !
[1;33m[Warning][0m: pc_bonus: unknown type 0 2 !
[1;33m[Warning][0m: pc_bonus: unknown type 0 2 !
[1;33m[Warning][0m: pc_bonus: unknown type 0 2 !
[1;33m[Warning][0m: pc_bonus: unknown type 0 2 !
[1;33m[Warning][0m: pc_bonus: unknown type 0 2 !
[1;33m[Warning][0m: pc_bonus: unknown type 0 2 !
[1;33m[Warning][0m: pc_bonus: unknown type 0 2 !
[1;33m[Warning][0m: pc_bonus: unknown type 0 2 !
[1;33m[Warning][0m: pc_bonus: unknown type 0 2 !
[1;33m[Warning][0m: pc_bonus: unknown type 0 2 !
[1;33m[Warning][0m: pc_bonus: unknown type 0 2 !
[1;33m[Warning][0m: pc_bonus: unknown type 0 2 !
[1;33m[Warning][0m: pc_bonus: unknown type 0 2 !
[1;33m[Warning][0m: pc_bonus: unknown type 0 2 !
[1;33m[Warning][0m: pc_bonus: unknown type 0 2 !
[1;33m[Warning][0m: pc_bonus: unknown type 0 2 !
[1;33m[Warning][0m: pc_bonus: unknown type 0 2 !
[1;33m[Warning][0m: pc_bonus: unknown type 0 2 !
[1;33m[Warning][0m: pc_bonus: unknown type 0 2 !
[1;33m[Warning][0m: pc_bonus: unknown type 0 2 !
[1;33m[Warning][0m: pc_bonus: unknown type 0 2 !
[1;33m[Warning][0m: pc_bonus: unknown type 0 2 !
[1;33m[Warning][0m: pc_bonus: unknown type 0 2 !
[1;33m[Warning][0m: pc_bonus: unknown type 0 2 !
[1;33m[Warning][0m: pc_bonus: unknown type 0 2 !
[1;33m[Warning][0m: pc_bonus: unknown type 0 2 !
[1;33m[Warning][0m: pc_bonus: unknown type 0 2 !
[1;33m[Warning][0m: pc_bonus: unknown type 0 2 !
[1;33m[Warning][0m: pc_bonus: unknown type 0 2 !
[1;33m[Warning][0m: pc_bonus: unknown type 0 2 !
[1;31m[Error][0m: chrif_accountban failed - player not online.
[1;31m[Error][0m: wrong egg item inventory 16
[1;31m[Error][0m: wrong egg item inventory 19
[1;31m[Error][0m: wrong egg item inventory 20
[1;31m[Error][0m: wrong egg item inventory 21
[1;31m[Error][0m: wrong egg item inventory 22
[1;31m[Error][0m: wrong egg item inventory 0
[1;31m[Error][0m: wrong egg item inventory 0
[1;31m[Error][0m: wrong egg item inventory 1
[1;31m[Error][0m: wrong egg item inventory 6
[1;31m[Error][0m: wrong egg item inventory 7
[1;31m[Error][0m: wrong egg item inventory 17
[1;31m[Error][0m: wrong egg item inventory 18
[1;31m[Error][0m: wrong egg item inventory 19
[1;36m[Debug][0m: script debug : 0 110000085 : Base prtg_cas02 sem woe. gefg_cas02/
[1;36m[Debug][0m: script debug : 0 110000046 : Base prtg_cas01 sem woe. gefg_cas02/
[1;36m[Debug][0m: unit_remove_map: unexpected state when removing player AID/CID:6009720/634540 (active=1 connect_new=0 rewarp=0 changemap=0 debug_remove_map=1) from map=payg_cas03 (users=21). Previous call from c:\server\easvn\src\map\unit.c:1798(), current call from c:\server\easvn\src\map\unit.c:1798(). Please report this!!!
[1;31m[Error][0m: status_change_timer: Unexpected NULL status change id: 2013739 data: 112
[1;36m[Debug][0m: script debug : 0 110000085 : Sem woe no prtg_cas02 (gefg_cas02/)
[1;36m[Debug][0m: script debug : 0 110000046 : Sem woe no prtg_cas01 (gefg_cas02/)
[1;36m[Debug][0m: mapindex_name2id: Map "poring_c0" not found in index list!
[1;36m[Debug][0m: npc_scriptcont: 'Unknown NPC' (sd->npc_id=0) is not Choco (id=110000256).
[1;31m[Error][0m: party_member_added: party 195941 not found.
[1;33m[Warning][0m: clif_process_message: Player 'Arki Deco [F]' sent an unterminated name!
[1;33m[Warning][0m: clif_process_message: Player 'Arki Deco [F]' sent an unterminated name!
[1;33m[Warning][0m: npc_scriptcont: failed npc_checknear test.
[1;31m[Error][0m: party_member_added: party 195952 not found.
[1;36m[Debug][0m: script debug : 0 110000085 : Base prtg_cas02 sem woe. gefg_cas02/
[1;36m[Debug][0m: script debug : 0 110000046 : Base prtg_cas01 sem woe. gefg_cas02/
[1;36m[Debug][0m: unit_remove_map: unexpected state when removing player AID/CID:6002137/613291 (active=1 connect_new=0 rewarp=0 changemap=0 debug_remove_map=1) from map=gefg_cas02 (users=28). Previous call from c:\server\easvn\src\map\unit.c:1798(), current call from c:\server\easvn\src\map\unit.c:1798(). Please report this!!!
[1;36m[Debug][0m: unit_remove_map: unexpected state when removing player AID/CID:6000802/604627 (active=1 connect_new=0 rewarp=0 changemap=0 debug_remove_map=1) from map=gefg_cas02 (users=24). Previous call from c:\server\easvn\src\map\unit.c:1798(), current call from c:\server\easvn\src\map\unit.c:1798(). Please report this!!!
[1;36m[Debug][0m: script debug : 0 110000085 : Sem woe no prtg_cas02 (gefg_cas02/)
[1;36m[Debug][0m: script debug : 0 110000046 : Sem woe no prtg_cas01 (gefg_cas02/)
[1;33m[Warning][0m: pc_bonus: unknown type 0 2 !
[1;33m[Warning][0m: clif_process_message: Player 'LupusSniper' sent an unterminated name!
[1;33m[Warning][0m: clif_process_message: Player 'LupusSniper' sent an unterminated name!
[1;33m[Warning][0m: itemdb_search: Item ID 4 does not exists in the item_db. Using dummy data.
[1;31m[Error][0m: buildin_warp: moving player 'HaKuNa 2' to "force_1-1",100,100 failed.
[1;36m[Debug][0m: Source (NPC): Super Kafra#cortez at schg_cas03 (54,47)
[1;31m[Error][0m: buildin_warp: moving player 'HaKuNa 2' to "force_1-1",100,100 failed.
[1;36m[Debug][0m: Source (NPC): Super Kafra#cortez at schg_cas03 (54,47)
