[1;36m[Debug][0m: npc_scriptcont: Super Kafra#cortez (sd->npc_id=110011218) is not Salas de Chat (id=110000213).
[1;33m[Warning][0m: pc_bonus: unknown type 0 2 !
[1;33m[Warning][0m: pc_bonus: unknown type 0 2 !
[1;33m[Warning][0m: pc_bonus: unknown type 0 2 !
[1;33m[Warning][0m: pc_bonus: unknown type 0 2 !
[1;33m[Warning][0m: pc_bonus: unknown type 0 2 !
[1;33m[Warning][0m: pc_bonus: unknown type 0 2 !
[1;33m[Warning][0m: pc_bonus: unknown type 0 2 !
[1;33m[Warning][0m: pc_bonus: unknown type 0 2 !
[1;33m[Warning][0m: pc_bonus: unknown type 0 2 !
[1;33m[Warning][0m: pc_bonus: unknown type 0 2 !
[1;33m[Warning][0m: pc_bonus: unknown type 0 2 !
[1;33m[Warning][0m: pc_bonus: unknown type 0 2 !
[1;33m[Warning][0m: pc_bonus: unknown type 0 2 !
[1;33m[Warning][0m: pc_bonus: unknown type 0 2 !
[1;33m[Warning][0m: pc_bonus: unknown type 0 2 !
[1;33m[Warning][0m: pc_bonus: unknown type 0 2 !
[1;33m[Warning][0m: pc_bonus: unknown type 0 2 !
[1;33m[Warning][0m: pc_bonus: unknown type 0 2 !
[1;33m[Warning][0m: pc_bonus: unknown type 0 2 !
[1;33m[Warning][0m: pc_bonus: unknown type 0 2 !
[1;33m[Warning][0m: pc_bonus: unknown type 0 2 !
[1;33m[Warning][0m: pc_bonus: unknown type 0 2 !
[1;33m[Warning][0m: pc_bonus: unknown type 0 2 !
[1;33m[Warning][0m: pc_bonus: unknown type 0 2 !
[1;33m[Warning][0m: pc_bonus: unknown type 0 2 !
[1;33m[Warning][0m: pc_bonus: unknown type 0 2 !
[1;33m[Warning][0m: pc_bonus: unknown type 0 2 !
[1;33m[Warning][0m: pc_bonus: unknown type 0 2 !
[1;33m[Warning][0m: pc_bonus: unknown type 0 2 !
[1;33m[Warning][0m: pc_bonus: unknown type 0 2 !
[1;33m[Warning][0m: pc_bonus: unknown type 0 2 !
[1;33m[Warning][0m: pc_bonus: unknown type 0 2 !
[1;33m[Warning][0m: pc_bonus: unknown type 0 2 !
[1;33m[Warning][0m: pc_bonus: unknown type 0 2 !
[1;33m[Warning][0m: pc_bonus: unknown type 0 2 !
[1;33m[Warning][0m: pc_bonus: unknown type 0 2 !
[1;33m[Warning][0m: pc_bonus: unknown type 0 2 !
[1;33m[Warning][0m: pc_bonus: unknown type 0 2 !
[1;33m[Warning][0m: pc_bonus: unknown type 0 2 !
[1;33m[Warning][0m: pc_bonus: unknown type 0 2 !
[1;33m[Warning][0m: pc_bonus: unknown type 0 2 !
[1;33m[Warning][0m: pc_bonus: unknown type 0 2 !
[1;33m[Warning][0m: pc_bonus: unknown type 0 2 !
[1;33m[Warning][0m: pc_bonus: unknown type 0 2 !
[1;33m[Warning][0m: pc_bonus: unknown type 0 2 !
[1;33m[Warning][0m: pc_bonus: unknown type 0 2 !
[1;33m[Warning][0m: pc_bonus: unknown type 0 2 !
[1;33m[Warning][0m: pc_bonus: unknown type 0 2 !
[1;31m[Error][0m: status_change_timer: Unexpected NULL status change id: 6019770 data: 112
[1;33m[Warning][0m: pc_bonus: unknown type 0 2 !
[1;33m[Warning][0m: pc_bonus: unknown type 0 2 !
[1;33m[Warning][0m: pc_bonus: unknown type 0 2 !
[1;33m[Warning][0m: pc_bonus: unknown type 0 2 !
[1;31m[Error][0m: chrif_accountban failed - player not online.
[1;31m[Error][0m: chrif_accountban failed - player not online.
[1;31m[Error][0m: chrif_accountban failed - player not online.
[1;31m[Error][0m: chrif_accountban failed - player not online.
[1;33m[Warning][0m: clif_process_message: Player '*F*Miih*F*' sent an unterminated name!
[1;33m[Warning][0m: clif_process_message: Player '*F*Miih*F*' sent an unterminated name!
[1;36m[Debug][0m: script debug : 0 110036169 : Base gefg_cas02 sem woe. prtg_cas01/prtg_cas02
[1;36m[Debug][0m: script debug : 0 110036048 : Base  sem woe. prtg_cas01/prtg_cas02
[1;36m[Debug][0m: unit_remove_map: unexpected state when removing player AID/CID:4003952/671064 (active=1 connect_new=0 rewarp=0 changemap=0 debug_remove_map=1) from map=prtg_cas02 (users=1). Previous call from c:\server\easvn\src\map\unit.c:1798(), current call from c:\server\easvn\src\map\unit.c:1798(). Please report this!!!
[1;36m[Debug][0m: script debug : 0 110036169 : Sem woe no gefg_cas02 (prtg_cas01/prtg_cas02)
[1;36m[Debug][0m: script debug : 0 110036048 : Sem woe no  (prtg_cas01/prtg_cas02)
[1;33m[Warning][0m: itemdb_search: Item ID 7 does not exists in the item_db. Using dummy data.
[1;33m[Warning][0m: itemdb_search: Item ID 7 does not exists in the item_db. Using dummy data.
[1;33m[Warning][0m: itemdb_search: Item ID 7 does not exists in the item_db. Using dummy data.
[1;33m[Warning][0m: itemdb_search: Item ID 7 does not exists in the item_db. Using dummy data.
[1;31m[Error][0m: status_change_timer: Unexpected NULL status change id: 6016260 data: 112
[1;31m[Error][0m: status_change_timer: Unexpected NULL status change id: 6024246 data: 112
[1;31m[Error][0m: Memory manager: freed-data is changed. (freed in c:\server\easvn\src\map\map.c line 236)
[1;31m[Error][0m: Memory manager: freed-data is changed. (freed in c:\server\easvn\src\map\map.c line 236)
[1;31m[Error][0m: party_member_added: party 198385 not found.
[1;36m[Debug][0m: script debug : 0 110000124 : Base gefg_cas02 sem woe. prtg_cas01/prtg_cas02
[1;36m[Debug][0m: script debug : 0 110000003 : Base  sem woe. prtg_cas01/prtg_cas02
[1;33m[Warning][0m: pc_bonus: Reached max (15) number of autospells per character!
[1;33m[Warning][0m: pc_bonus: Reached max (15) number of autospells per character!
[1;33m[Warning][0m: pc_bonus: Reached max (15) number of autospells per character!
[1;33m[Warning][0m: pc_bonus: Reached max (15) number of autospells per character!
[1;33m[Warning][0m: pc_bonus: Reached max (15) number of autospells per character!
[1;33m[Warning][0m: pc_bonus: Reached max (15) number of autospells per character!
[1;33m[Warning][0m: pc_bonus: Reached max (15) number of autospells per character!
[1;33m[Warning][0m: pc_bonus: Reached max (15) number of autospells per character!
[1;33m[Warning][0m: pc_bonus: Reached max (15) number of autospells per character!
[1;33m[Warning][0m: pc_bonus: Reached max (15) number of autospells per character!
[1;33m[Warning][0m: pc_bonus: Reached max (15) number of autospells per character!
[1;33m[Warning][0m: pc_bonus: Reached max (15) number of autospells per character!
[1;33m[Warning][0m: pc_bonus: Reached max (15) number of autospells per character!
[1;33m[Warning][0m: pc_bonus: Reached max (15) number of autospells per character!
[1;33m[Warning][0m: pc_bonus: Reached max (15) number of autospells per character!
[1;33m[Warning][0m: pc_bonus: Reached max (15) number of autospells per character!
[1;33m[Warning][0m: pc_bonus: Reached max (15) number of autospells per character!
[1;33m[Warning][0m: pc_bonus: Reached max (15) number of autospells per character!
[1;33m[Warning][0m: pc_bonus: Reached max (15) number of autospells per character!
[1;33m[Warning][0m: pc_bonus: Reached max (15) number of autospells per character!
[1;33m[Warning][0m: pc_bonus: Reached max (15) number of autospells per character!
[1;33m[Warning][0m: pc_bonus: Reached max (15) number of autospells per character!
[1;33m[Warning][0m: pc_bonus: Reached max (15) number of autospells per character!
[1;33m[Warning][0m: pc_bonus: Reached max (15) number of autospells per character!
[1;33m[Warning][0m: pc_bonus: Reached max (15) number of autospells per character!
[1;33m[Warning][0m: pc_bonus: Reached max (15) number of autospells per character!
[1;33m[Warning][0m: pc_bonus: Reached max (15) number of autospells per character!
[1;33m[Warning][0m: pc_bonus: Reached max (15) number of autospells per character!
[1;33m[Warning][0m: pc_bonus: Reached max (15) number of autospells per character!
[1;33m[Warning][0m: pc_bonus: Reached max (15) number of autospells per character!
[1;33m[Warning][0m: pc_bonus: Reached max (15) number of autospells per character!
[1;33m[Warning][0m: pc_bonus: Reached max (15) number of autospells per character!
[1;33m[Warning][0m: pc_bonus: Reached max (15) number of autospells per character!
[1;33m[Warning][0m: pc_bonus: Reached max (15) number of autospells per character!
[1;33m[Warning][0m: pc_bonus: Reached max (15) number of autospells per character!
[1;33m[Warning][0m: pc_bonus: Reached max (15) number of autospells per character!
[1;33m[Warning][0m: pc_bonus: Reached max (15) number of autospells per character!
[1;33m[Warning][0m: pc_bonus: Reached max (15) number of autospells per character!
[1;33m[Warning][0m: pc_bonus: Reached max (15) number of autospells per character!
[1;33m[Warning][0m: pc_bonus: Reached max (15) number of autospells per character!
[1;33m[Warning][0m: pc_bonus: Reached max (15) number of autospells per character!
[1;33m[Warning][0m: pc_bonus: Reached max (15) number of autospells per character!
[1;33m[Warning][0m: pc_bonus: Reached max (15) number of autospells per character!
[1;33m[Warning][0m: pc_bonus: Reached max (15) number of autospells per character!
[1;33m[Warning][0m: pc_bonus: Reached max (15) number of autospells per character!
[1;33m[Warning][0m: pc_bonus: Reached max (15) number of autospells per character!
[1;33m[Warning][0m: pc_bonus: Reached max (15) number of autospells per character!
[1;33m[Warning][0m: pc_bonus: Reached max (15) number of autospells per character!
[1;33m[Warning][0m: pc_bonus: Reached max (15) number of autospells per character!
[1;33m[Warning][0m: pc_bonus: Reached max (15) number of autospells per character!
[1;33m[Warning][0m: pc_bonus: Reached max (15) number of autospells per character!
[1;33m[Warning][0m: pc_bonus: Reached max (15) number of autospells per character!
[1;33m[Warning][0m: pc_bonus: Reached max (15) number of autospells per character!
[1;33m[Warning][0m: pc_bonus: Reached max (15) number of autospells per character!
[1;33m[Warning][0m: pc_bonus: Reached max (15) number of autospells per character!
[1;33m[Warning][0m: pc_bonus: Reached max (15) number of autospells per character!
[1;33m[Warning][0m: pc_bonus: Reached max (15) number of autospells per character!
[1;33m[Warning][0m: pc_bonus: Reached max (15) number of autospells per character!
[1;33m[Warning][0m: pc_bonus: Reached max (15) number of autospells per character!
[1;33m[Warning][0m: pc_bonus: Reached max (15) number of autospells per character!
[1;33m[Warning][0m: pc_bonus: Reached max (15) number of autospells per character!
[1;33m[Warning][0m: pc_bonus: Reached max (15) number of autospells per character!
[1;33m[Warning][0m: pc_bonus: Reached max (15) number of autospells per character!
[1;33m[Warning][0m: pc_bonus: Reached max (15) number of autospells per character!
[1;33m[Warning][0m: pc_bonus: Reached max (15) number of autospells per character!
[1;33m[Warning][0m: pc_bonus: Reached max (15) number of autospells per character!
[1;33m[Warning][0m: pc_bonus: Reached max (15) number of autospells per character!
[1;33m[Warning][0m: pc_bonus: Reached max (15) number of autospells per character!
[1;33m[Warning][0m: pc_bonus: Reached max (15) number of autospells per character!
[1;33m[Warning][0m: pc_bonus: Reached max (15) number of autospells per character!
[1;33m[Warning][0m: pc_bonus: Reached max (15) number of autospells per character!
[1;33m[Warning][0m: pc_bonus: Reached max (15) number of autospells per character!
[1;33m[Warning][0m: pc_bonus: Reached max (15) number of autospells per character!
[1;33m[Warning][0m: pc_bonus: Reached max (15) number of autospells per character!
[1;33m[Warning][0m: pc_bonus: Reached max (15) number of autospells per character!
[1;33m[Warning][0m: pc_bonus: Reached max (15) number of autospells per character!
[1;33m[Warning][0m: pc_bonus: Reached max (15) number of autospells per character!
[1;33m[Warning][0m: pc_bonus: Reached max (15) number of autospells per character!
[1;33m[Warning][0m: pc_bonus: Reached max (15) number of autospells per character!
[1;33m[Warning][0m: pc_bonus: Reached max (15) number of autospells per character!
[1;33m[Warning][0m: pc_bonus: Reached max (15) number of autospells per character!
[1;33m[Warning][0m: pc_bonus: Reached max (15) number of autospells per character!
[1;33m[Warning][0m: pc_bonus: Reached max (15) number of autospells per character!
[1;33m[Warning][0m: pc_bonus: Reached max (15) number of autospells per character!
[1;33m[Warning][0m: pc_bonus: Reached max (15) number of autospells per character!
[1;33m[Warning][0m: pc_bonus: Reached max (15) number of autospells per character!
[1;33m[Warning][0m: pc_bonus: Reached max (15) number of autospells per character!
[1;33m[Warning][0m: pc_bonus: Reached max (15) number of autospells per character!
[1;33m[Warning][0m: pc_bonus: Reached max (15) number of autospells per character!
[1;33m[Warning][0m: pc_bonus: Reached max (15) number of autospells per character!
[1;33m[Warning][0m: pc_bonus: Reached max (15) number of autospells per character!
[1;33m[Warning][0m: pc_bonus: Reached max (15) number of autospells per character!
[1;33m[Warning][0m: pc_bonus: Reached max (15) number of autospells per character!
[1;33m[Warning][0m: pc_bonus: Reached max (15) number of autospells per character!
[1;33m[Warning][0m: pc_bonus: Reached max (15) number of autospells per character!
[1;33m[Warning][0m: pc_bonus: Reached max (15) number of autospells per character!
[1;33m[Warning][0m: pc_bonus: Reached max (15) number of autospells per character!
[1;33m[Warning][0m: pc_bonus: Reached max (15) number of autospells per character!
[1;33m[Warning][0m: pc_bonus: Reached max (15) number of autospells per character!
[1;33m[Warning][0m: pc_bonus: Reached max (15) number of autospells per character!
[1;33m[Warning][0m: pc_bonus: Reached max (15) number of autospells per character!
[1;33m[Warning][0m: pc_bonus: Reached max (15) number of autospells per character!
[1;33m[Warning][0m: pc_bonus: Reached max (15) number of autospells per character!
[1;33m[Warning][0m: pc_bonus: Reached max (15) number of autospells per character!
[1;33m[Warning][0m: pc_bonus: Reached max (15) number of autospells per character!
[1;33m[Warning][0m: pc_bonus: Reached max (15) number of autospells per character!
[1;33m[Warning][0m: pc_bonus: Reached max (15) number of autospells per character!
[1;33m[Warning][0m: pc_bonus: Reached max (15) number of autospells per character!
[1;33m[Warning][0m: pc_bonus: Reached max (15) number of autospells per character!
[1;33m[Warning][0m: pc_bonus: Reached max (15) number of autospells per character!
[1;33m[Warning][0m: pc_bonus: Reached max (15) number of autospells per character!
[1;33m[Warning][0m: pc_bonus: Reached max (15) number of autospells per character!
[1;33m[Warning][0m: pc_bonus: Reached max (15) number of autospells per character!
[1;33m[Warning][0m: pc_bonus: Reached max (15) number of autospells per character!
[1;33m[Warning][0m: pc_bonus: Reached max (15) number of autospells per character!
[1;33m[Warning][0m: pc_bonus: Reached max (15) number of autospells per character!
[1;33m[Warning][0m: pc_bonus: Reached max (15) number of autospells per character!
[1;33m[Warning][0m: pc_bonus: Reached max (15) number of autospells per character!
[1;33m[Warning][0m: pc_bonus: Reached max (15) number of autospells per character!
[1;33m[Warning][0m: pc_bonus: Reached max (15) number of autospells per character!
[1;33m[Warning][0m: pc_bonus: Reached max (15) number of autospells per character!
[1;33m[Warning][0m: pc_bonus: Reached max (15) number of autospells per character!
[1;33m[Warning][0m: pc_bonus: Reached max (15) number of autospells per character!
[1;33m[Warning][0m: pc_bonus: Reached max (15) number of autospells per character!
[1;33m[Warning][0m: pc_bonus: Reached max (15) number of autospells per character!
[1;33m[Warning][0m: pc_bonus: Reached max (15) number of autospells per character!
[1;33m[Warning][0m: pc_bonus: Reached max (15) number of autospells per character!
[1;33m[Warning][0m: pc_bonus: Reached max (15) number of autospells per character!
[1;33m[Warning][0m: pc_bonus: Reached max (15) number of autospells per character!
[1;33m[Warning][0m: pc_bonus: Reached max (15) number of autospells per character!
[1;33m[Warning][0m: pc_bonus: Reached max (15) number of autospells per character!
[1;33m[Warning][0m: pc_bonus: Reached max (15) number of autospells per character!
[1;33m[Warning][0m: pc_bonus: Reached max (15) number of autospells per character!
[1;33m[Warning][0m: pc_bonus: Reached max (15) number of autospells per character!
[1;33m[Warning][0m: pc_bonus: Reached max (15) number of autospells per character!
[1;33m[Warning][0m: pc_bonus: Reached max (15) number of autospells per character!
[1;33m[Warning][0m: pc_bonus: Reached max (15) number of autospells per character!
[1;33m[Warning][0m: pc_bonus: Reached max (15) number of autospells per character!
[1;33m[Warning][0m: pc_bonus: Reached max (15) number of autospells per character!
[1;33m[Warning][0m: pc_bonus: Reached max (15) number of autospells per character!
[1;33m[Warning][0m: pc_bonus: Reached max (15) number of autospells per character!
[1;33m[Warning][0m: pc_bonus: Reached max (15) number of autospells per character!
[1;33m[Warning][0m: pc_bonus: Reached max (15) number of autospells per character!
[1;33m[Warning][0m: pc_bonus: Reached max (15) number of autospells per character!
[1;33m[Warning][0m: pc_bonus: Reached max (15) number of autospells per character!
[1;33m[Warning][0m: pc_bonus: Reached max (15) number of autospells per character!
[1;33m[Warning][0m: pc_bonus: Reached max (15) number of autospells per character!
[1;33m[Warning][0m: pc_bonus: Reached max (15) number of autospells per character!
[1;33m[Warning][0m: pc_bonus: Reached max (15) number of autospells per character!
[1;33m[Warning][0m: pc_bonus: Reached max (15) number of autospells per character!
[1;33m[Warning][0m: pc_bonus: Reached max (15) number of autospells per character!
[1;33m[Warning][0m: pc_bonus: Reached max (15) number of autospells per character!
[1;33m[Warning][0m: pc_bonus: Reached max (15) number of autospells per character!
[1;33m[Warning][0m: pc_bonus: Reached max (15) number of autospells per character!
[1;33m[Warning][0m: pc_bonus: Reached max (15) number of autospells per character!
[1;33m[Warning][0m: pc_bonus: Reached max (15) number of autospells per character!
[1;33m[Warning][0m: pc_bonus: Reached max (15) number of autospells per character!
[1;33m[Warning][0m: pc_bonus: Reached max (15) number of autospells per character!
[1;33m[Warning][0m: pc_bonus: Reached max (15) number of autospells per character!
[1;33m[Warning][0m: pc_bonus: Reached max (15) number of autospells per character!
[1;33m[Warning][0m: pc_bonus: Reached max (15) number of autospells per character!
[1;33m[Warning][0m: pc_bonus: Reached max (15) number of autospells per character!
[1;33m[Warning][0m: pc_bonus: Reached max (15) number of autospells per character!
[1;33m[Warning][0m: pc_bonus: Reached max (15) number of autospells per character!
[1;33m[Warning][0m: pc_bonus: Reached max (15) number of autospells per character!
[1;33m[Warning][0m: pc_bonus: Reached max (15) number of autospells per character!
[1;33m[Warning][0m: pc_bonus: Reached max (15) number of autospells per character!
[1;33m[Warning][0m: pc_bonus: Reached max (15) number of autospells per character!
[1;33m[Warning][0m: pc_bonus: Reached max (15) number of autospells per character!
[1;33m[Warning][0m: pc_bonus: Reached max (15) number of autospells per character!
[1;33m[Warning][0m: pc_bonus: Reached max (15) number of autospells per character!
[1;33m[Warning][0m: pc_bonus: Reached max (15) number of autospells per character!
[1;33m[Warning][0m: pc_bonus: Reached max (15) number of autospells per character!
[1;33m[Warning][0m: pc_bonus: Reached max (15) number of autospells per character!
[1;33m[Warning][0m: pc_bonus: Reached max (15) number of autospells per character!
[1;33m[Warning][0m: pc_bonus: Reached max (15) number of autospells per character!
[1;33m[Warning][0m: pc_bonus: Reached max (15) number of autospells per character!
[1;33m[Warning][0m: pc_bonus: Reached max (15) number of autospells per character!
[1;33m[Warning][0m: pc_bonus: Reached max (15) number of autospells per character!
[1;33m[Warning][0m: pc_bonus: Reached max (15) number of autospells per character!
[1;33m[Warning][0m: pc_bonus: Reached max (15) number of autospells per character!
[1;33m[Warning][0m: pc_bonus: Reached max (15) number of autospells per character!
[1;33m[Warning][0m: pc_bonus: Reached max (15) number of autospells per character!
[1;33m[Warning][0m: pc_bonus: Reached max (15) number of autospells per character!
[1;33m[Warning][0m: pc_bonus: Reached max (15) number of autospells per character!
[1;33m[Warning][0m: pc_bonus: Reached max (15) number of autospells per character!
[1;33m[Warning][0m: pc_bonus: Reached max (15) number of autospells per character!
[1;33m[Warning][0m: pc_bonus: Reached max (15) number of autospells per character!
[1;33m[Warning][0m: pc_bonus: Reached max (15) number of autospells per character!
[1;33m[Warning][0m: pc_bonus: Reached max (15) number of autospells per character!
[1;33m[Warning][0m: pc_bonus: Reached max (15) number of autospells per character!
[1;33m[Warning][0m: pc_bonus: Reached max (15) number of autospells per character!
[1;33m[Warning][0m: pc_bonus: Reached max (15) number of autospells per character!
[1;33m[Warning][0m: pc_bonus: Reached max (15) number of autospells per character!
[1;33m[Warning][0m: pc_bonus: Reached max (15) number of autospells per character!
[1;33m[Warning][0m: pc_bonus: Reached max (15) number of autospells per character!
[1;33m[Warning][0m: pc_bonus: Reached max (15) number of autospells per character!
[1;33m[Warning][0m: pc_bonus: Reached max (15) number of autospells per character!
[1;33m[Warning][0m: pc_bonus: Reached max (15) number of autospells per character!
[1;33m[Warning][0m: pc_bonus: Reached max (15) number of autospells per character!
[1;33m[Warning][0m: pc_bonus: Reached max (15) number of autospells per character!
[1;33m[Warning][0m: pc_bonus: Reached max (15) number of autospells per character!
[1;33m[Warning][0m: pc_bonus: Reached max (15) number of autospells per character!
[1;33m[Warning][0m: pc_bonus: Reached max (15) number of autospells per character!
[1;33m[Warning][0m: pc_bonus: Reached max (15) number of autospells per character!
[1;33m[Warning][0m: pc_bonus: Reached max (15) number of autospells per character!
[1;33m[Warning][0m: pc_bonus: Reached max (15) number of autospells per character!
[1;33m[Warning][0m: pc_bonus: Reached max (15) number of autospells per character!
[1;33m[Warning][0m: pc_bonus: Reached max (15) number of autospells per character!
[1;33m[Warning][0m: pc_bonus: Reached max (15) number of autospells per character!
[1;33m[Warning][0m: pc_bonus: Reached max (15) number of autospells per character!
[1;33m[Warning][0m: pc_bonus: Reached max (15) number of autospells per character!
[1;33m[Warning][0m: pc_bonus: Reached max (15) number of autospells per character!
[1;33m[Warning][0m: pc_bonus: Reached max (15) number of autospells per character!
[1;33m[Warning][0m: pc_bonus: Reached max (15) number of autospells per character!
[1;33m[Warning][0m: pc_bonus: Reached max (15) number of autospells per character!
[1;33m[Warning][0m: pc_bonus: Reached max (15) number of autospells per character!
[1;33m[Warning][0m: pc_bonus: Reached max (15) number of autospells per character!
[1;33m[Warning][0m: pc_bonus: Reached max (15) number of autospells per character!
[1;33m[Warning][0m: pc_bonus: Reached max (15) number of autospells per character!
[1;33m[Warning][0m: pc_bonus: Reached max (15) number of autospells per character!
[1;33m[Warning][0m: pc_bonus: Reached max (15) number of autospells per character!
[1;33m[Warning][0m: pc_bonus: Reached max (15) number of autospells per character!
[1;33m[Warning][0m: pc_bonus: Reached max (15) number of autospells per character!
[1;33m[Warning][0m: pc_bonus: Reached max (15) number of autospells per character!
[1;33m[Warning][0m: pc_bonus: Reached max (15) number of autospells per character!
[1;33m[Warning][0m: pc_bonus: Reached max (15) number of autospells per character!
[1;33m[Warning][0m: pc_bonus: Reached max (15) number of autospells per character!
[1;33m[Warning][0m: pc_bonus: Reached max (15) number of autospells per character!
[1;33m[Warning][0m: pc_bonus: Reached max (15) number of autospells per character!
[1;33m[Warning][0m: pc_bonus: Reached max (15) number of autospells per character!
[1;33m[Warning][0m: pc_bonus: Reached max (15) number of autospells per character!
[1;33m[Warning][0m: pc_bonus: Reached max (15) number of autospells per character!
[1;33m[Warning][0m: pc_bonus: Reached max (15) number of autospells per character!
[1;33m[Warning][0m: pc_bonus: Reached max (15) number of autospells per character!
[1;33m[Warning][0m: pc_bonus: Reached max (15) number of autospells per character!
[1;33m[Warning][0m: pc_bonus: Reached max (15) number of autospells per character!
[1;33m[Warning][0m: pc_bonus: Reached max (15) number of autospells per character!
[1;33m[Warning][0m: pc_bonus: Reached max (15) number of autospells per character!
[1;33m[Warning][0m: pc_bonus: Reached max (15) number of autospells per character!
[1;33m[Warning][0m: pc_bonus: Reached max (15) number of autospells per character!
[1;33m[Warning][0m: pc_bonus: Reached max (15) number of autospells per character!
[1;33m[Warning][0m: pc_bonus: Reached max (15) number of autospells per character!
[1;33m[Warning][0m: pc_bonus: Reached max (15) number of autospells per character!
[1;33m[Warning][0m: pc_bonus: Reached max (15) number of autospells per character!
[1;33m[Warning][0m: pc_bonus: Reached max (15) number of autospells per character!
[1;33m[Warning][0m: pc_bonus: Reached max (15) number of autospells per character!
[1;33m[Warning][0m: pc_bonus: Reached max (15) number of autospells per character!
[1;33m[Warning][0m: pc_bonus: Reached max (15) number of autospells per character!
[1;33m[Warning][0m: pc_bonus: Reached max (15) number of autospells per character!
[1;33m[Warning][0m: pc_bonus: Reached max (15) number of autospells per character!
[1;33m[Warning][0m: pc_bonus: Reached max (15) number of autospells per character!
[1;33m[Warning][0m: pc_bonus: Reached max (15) number of autospells per character!
[1;33m[Warning][0m: pc_bonus: Reached max (15) number of autospells per character!
[1;33m[Warning][0m: pc_bonus: Reached max (15) number of autospells per character!
[1;33m[Warning][0m: pc_bonus: Reached max (15) number of autospells per character!
[1;33m[Warning][0m: pc_bonus: Reached max (15) number of autospells per character!
[1;33m[Warning][0m: pc_bonus: Reached max (15) number of autospells per character!
[1;33m[Warning][0m: pc_bonus: Reached max (15) number of autospells per character!
[1;33m[Warning][0m: pc_bonus: Reached max (15) number of autospells per character!
[1;33m[Warning][0m: pc_bonus: Reached max (15) number of autospells per character!
[1;33m[Warning][0m: pc_bonus: Reached max (15) number of autospells per character!
[1;33m[Warning][0m: pc_bonus: Reached max (15) number of autospells per character!
[1;33m[Warning][0m: pc_bonus: Reached max (15) number of autospells per character!
[1;33m[Warning][0m: pc_bonus: Reached max (15) number of autospells per character!
[1;33m[Warning][0m: pc_bonus: Reached max (15) number of autospells per character!
[1;33m[Warning][0m: pc_bonus: Reached max (15) number of autospells per character!
[1;33m[Warning][0m: pc_bonus: Reached max (15) number of autospells per character!
[1;33m[Warning][0m: pc_bonus: Reached max (15) number of autospells per character!
[1;33m[Warning][0m: pc_bonus: Reached max (15) number of autospells per character!
[1;33m[Warning][0m: pc_bonus: Reached max (15) number of autospells per character!
[1;33m[Warning][0m: pc_bonus: Reached max (15) number of autospells per character!
[1;33m[Warning][0m: pc_bonus: Reached max (15) number of autospells per character!
[1;33m[Warning][0m: pc_bonus: Reached max (15) number of autospells per character!
[1;33m[Warning][0m: pc_bonus: Reached max (15) number of autospells per character!
[1;33m[Warning][0m: pc_bonus: Reached max (15) number of autospells per character!
[1;33m[Warning][0m: pc_bonus: Reached max (15) number of autospells per character!
[1;33m[Warning][0m: pc_bonus: Reached max (15) number of autospells per character!
[1;33m[Warning][0m: pc_bonus: Reached max (15) number of autospells per character!
[1;33m[Warning][0m: pc_bonus: Reached max (15) number of autospells per character!
[1;33m[Warning][0m: pc_bonus: Reached max (15) number of autospells per character!
[1;33m[Warning][0m: pc_bonus: Reached max (15) number of autospells per character!
[1;33m[Warning][0m: pc_bonus: Reached max (15) number of autospells per character!
[1;33m[Warning][0m: pc_bonus: Reached max (15) number of autospells per character!
[1;33m[Warning][0m: pc_bonus: Reached max (15) number of autospells per character!
[1;33m[Warning][0m: pc_bonus: Reached max (15) number of autospells per character!
[1;33m[Warning][0m: pc_bonus: Reached max (15) number of autospells per character!
[1;33m[Warning][0m: pc_bonus: Reached max (15) number of autospells per character!
[1;33m[Warning][0m: pc_bonus: Reached max (15) number of autospells per character!
[1;33m[Warning][0m: pc_bonus: Reached max (15) number of autospells per character!
[1;33m[Warning][0m: pc_bonus: Reached max (15) number of autospells per character!
[1;33m[Warning][0m: pc_bonus: Reached max (15) number of autospells per character!
[1;33m[Warning][0m: pc_bonus: Reached max (15) number of autospells per character!
[1;33m[Warning][0m: pc_bonus: Reached max (15) number of autospells per character!
[1;33m[Warning][0m: pc_bonus: Reached max (15) number of autospells per character!
[1;33m[Warning][0m: pc_bonus: Reached max (15) number of autospells per character!
[1;33m[Warning][0m: pc_bonus: Reached max (15) number of autospells per character!
[1;33m[Warning][0m: pc_bonus: Reached max (15) number of autospells per character!
[1;33m[Warning][0m: pc_bonus: Reached max (15) number of autospells per character!
[1;33m[Warning][0m: pc_bonus: Reached max (15) number of autospells per character!
[1;33m[Warning][0m: pc_bonus: Reached max (15) number of autospells per character!
[1;33m[Warning][0m: pc_bonus: Reached max (15) number of autospells per character!
[1;33m[Warning][0m: pc_bonus: Reached max (15) number of autospells per character!
[1;33m[Warning][0m: pc_bonus: Reached max (15) number of autospells per character!
[1;33m[Warning][0m: pc_bonus: Reached max (15) number of autospells per character!
[1;33m[Warning][0m: pc_bonus: Reached max (15) number of autospells per character!
[1;33m[Warning][0m: pc_bonus: Reached max (15) number of autospells per character!
[1;33m[Warning][0m: pc_bonus: Reached max (15) number of autospells per character!
[1;33m[Warning][0m: pc_bonus: Reached max (15) number of autospells per character!
[1;33m[Warning][0m: pc_bonus: Reached max (15) number of autospells per character!
[1;33m[Warning][0m: pc_bonus: Reached max (15) number of autospells per character!
[1;33m[Warning][0m: pc_bonus: Reached max (15) number of autospells per character!
[1;33m[Warning][0m: pc_bonus: Reached max (15) number of autospells per character!
[1;33m[Warning][0m: pc_bonus: Reached max (15) number of autospells per character!
[1;33m[Warning][0m: pc_bonus: Reached max (15) number of autospells per character!
[1;33m[Warning][0m: pc_bonus: Reached max (15) number of autospells per character!
[1;33m[Warning][0m: pc_bonus: Reached max (15) number of autospells per character!
[1;33m[Warning][0m: pc_bonus: Reached max (15) number of autospells per character!
[1;33m[Warning][0m: pc_bonus: Reached max (15) number of autospells per character!
[1;33m[Warning][0m: pc_bonus: Reached max (15) number of autospells per character!
[1;33m[Warning][0m: pc_bonus: Reached max (15) number of autospells per character!
[1;33m[Warning][0m: pc_bonus: Reached max (15) number of autospells per character!
[1;33m[Warning][0m: pc_bonus: Reached max (15) number of autospells per character!
[1;33m[Warning][0m: pc_bonus: Reached max (15) number of autospells per character!
[1;33m[Warning][0m: pc_bonus: Reached max (15) number of autospells per character!
[1;33m[Warning][0m: pc_bonus: Reached max (15) number of autospells per character!
[1;33m[Warning][0m: pc_bonus: Reached max (15) number of autospells per character!
[1;33m[Warning][0m: pc_bonus: Reached max (15) number of autospells per character!
[1;33m[Warning][0m: pc_bonus: Reached max (15) number of autospells per character!
[1;33m[Warning][0m: pc_bonus: Reached max (15) number of autospells per character!
[1;33m[Warning][0m: pc_bonus: Reached max (15) number of autospells per character!
[1;33m[Warning][0m: pc_bonus: Reached max (15) number of autospells per character!
[1;33m[Warning][0m: pc_bonus: Reached max (15) number of autospells per character!
[1;33m[Warning][0m: pc_bonus: Reached max (15) number of autospells per character!
[1;33m[Warning][0m: pc_bonus: Reached max (15) number of autospells per character!
[1;33m[Warning][0m: pc_bonus: Reached max (15) number of autospells per character!
[1;33m[Warning][0m: pc_bonus: Reached max (15) number of autospells per character!
[1;33m[Warning][0m: pc_bonus: Reached max (15) number of autospells per character!
[1;33m[Warning][0m: pc_bonus: Reached max (15) number of autospells per character!
[1;33m[Warning][0m: pc_bonus: Reached max (15) number of autospells per character!
[1;33m[Warning][0m: pc_bonus: Reached max (15) number of autospells per character!
[1;33m[Warning][0m: pc_bonus: Reached max (15) number of autospells per character!
[1;33m[Warning][0m: pc_bonus: Reached max (15) number of autospells per character!
[1;33m[Warning][0m: pc_bonus: Reached max (15) number of autospells per character!
[1;33m[Warning][0m: pc_bonus: Reached max (15) number of autospells per character!
[1;33m[Warning][0m: pc_bonus: Reached max (15) number of autospells per character!
[1;33m[Warning][0m: pc_bonus: Reached max (15) number of autospells per character!
[1;33m[Warning][0m: pc_bonus: Reached max (15) number of autospells per character!
[1;33m[Warning][0m: pc_bonus: Reached max (15) number of autospells per character!
[1;33m[Warning][0m: pc_bonus: Reached max (15) number of autospells per character!
[1;33m[Warning][0m: pc_bonus: Reached max (15) number of autospells per character!
[1;33m[Warning][0m: pc_bonus: Reached max (15) number of autospells per character!
[1;33m[Warning][0m: pc_bonus: Reached max (15) number of autospells per character!
[1;33m[Warning][0m: pc_bonus: Reached max (15) number of autospells per character!
[1;33m[Warning][0m: pc_bonus: Reached max (15) number of autospells per character!
[1;33m[Warning][0m: pc_bonus: Reached max (15) number of autospells per character!
[1;33m[Warning][0m: pc_bonus: Reached max (15) number of autospells per character!
[1;33m[Warning][0m: pc_bonus: Reached max (15) number of autospells per character!
[1;33m[Warning][0m: pc_bonus: Reached max (15) number of autospells per character!
[1;33m[Warning][0m: pc_bonus: Reached max (15) number of autospells per character!
[1;33m[Warning][0m: pc_bonus: Reached max (15) number of autospells per character!
[1;33m[Warning][0m: pc_bonus: Reached max (15) number of autospells per character!
[1;33m[Warning][0m: pc_bonus: Reached max (15) number of autospells per character!
[1;33m[Warning][0m: pc_bonus: Reached max (15) number of autospells per character!
[1;33m[Warning][0m: pc_bonus: Reached max (15) number of autospells per character!
[1;33m[Warning][0m: pc_bonus: Reached max (15) number of autospells per character!
[1;33m[Warning][0m: pc_bonus: Reached max (15) number of autospells per character!
[1;33m[Warning][0m: pc_bonus: Reached max (15) number of autospells per character!
[1;33m[Warning][0m: pc_bonus: Reached max (15) number of autospells per character!
[1;33m[Warning][0m: pc_bonus: Reached max (15) number of autospells per character!
[1;33m[Warning][0m: pc_bonus: Reached max (15) number of autospells per character!
[1;33m[Warning][0m: pc_bonus: Reached max (15) number of autospells per character!
[1;33m[Warning][0m: pc_bonus: Reached max (15) number of autospells per character!
[1;33m[Warning][0m: pc_bonus: Reached max (15) number of autospells per character!
[1;33m[Warning][0m: pc_bonus: Reached max (15) number of autospells per character!
[1;33m[Warning][0m: pc_bonus: Reached max (15) number of autospells per character!
[1;33m[Warning][0m: pc_bonus: Reached max (15) number of autospells per character!
[1;33m[Warning][0m: pc_bonus: Reached max (15) number of autospells per character!
[1;33m[Warning][0m: pc_bonus: Reached max (15) number of autospells per character!
[1;33m[Warning][0m: pc_bonus: Reached max (15) number of autospells per character!
[1;33m[Warning][0m: pc_bonus: Reached max (15) number of autospells per character!
[1;33m[Warning][0m: pc_bonus: Reached max (15) number of autospells per character!
[1;33m[Warning][0m: pc_bonus: Reached max (15) number of autospells per character!
[1;33m[Warning][0m: pc_bonus: Reached max (15) number of autospells per character!
[1;33m[Warning][0m: pc_bonus: Reached max (15) number of autospells per character!
[1;33m[Warning][0m: pc_bonus: Reached max (15) number of autospells per character!
[1;33m[Warning][0m: pc_bonus: Reached max (15) number of autospells per character!
[1;33m[Warning][0m: pc_bonus: Reached max (15) number of autospells per character!
[1;33m[Warning][0m: pc_bonus: Reached max (15) number of autospells per character!
[1;33m[Warning][0m: pc_bonus: Reached max (15) number of autospells per character!
[1;33m[Warning][0m: pc_bonus: Reached max (15) number of autospells per character!
[1;33m[Warning][0m: pc_bonus: Reached max (15) number of autospells per character!
[1;33m[Warning][0m: pc_bonus: Reached max (15) number of autospells per character!
[1;33m[Warning][0m: pc_bonus: Reached max (15) number of autospells per character!
[1;33m[Warning][0m: pc_bonus: Reached max (15) number of autospells per character!
[1;33m[Warning][0m: pc_bonus: Reached max (15) number of autospells per character!
[1;33m[Warning][0m: pc_bonus: Reached max (15) number of autospells per character!
[1;33m[Warning][0m: pc_bonus: Reached max (15) number of autospells per character!
[1;33m[Warning][0m: pc_bonus: Reached max (15) number of autospells per character!
[1;33m[Warning][0m: pc_bonus: Reached max (15) number of autospells per character!
[1;33m[Warning][0m: pc_bonus: Reached max (15) number of autospells per character!
[1;33m[Warning][0m: pc_bonus: Reached max (15) number of autospells per character!
[1;33m[Warning][0m: pc_bonus: Reached max (15) number of autospells per character!
[1;33m[Warning][0m: pc_bonus: Reached max (15) number of autospells per character!
[1;33m[Warning][0m: pc_bonus: Reached max (15) number of autospells per character!
[1;33m[Warning][0m: pc_bonus: Reached max (15) number of autospells per character!
[1;33m[Warning][0m: pc_bonus: Reached max (15) number of autospells per character!
[1;33m[Warning][0m: pc_bonus: Reached max (15) number of autospells per character!
[1;33m[Warning][0m: pc_bonus: Reached max (15) number of autospells per character!
[1;33m[Warning][0m: pc_bonus: Reached max (15) number of autospells per character!
[1;33m[Warning][0m: pc_bonus: Reached max (15) number of autospells per character!
[1;33m[Warning][0m: pc_bonus: Reached max (15) number of autospells per character!
[1;33m[Warning][0m: pc_bonus: Reached max (15) number of autospells per character!
[1;33m[Warning][0m: pc_bonus: Reached max (15) number of autospells per character!
[1;33m[Warning][0m: pc_bonus: Reached max (15) number of autospells per character!
[1;33m[Warning][0m: clif_parse_Mail_read: char 'Formiga Saraiva' trying to read a message not the inbox.
[1;33m[Warning][0m: pc_bonus: Reached max (15) number of autospells per character!
[1;33m[Warning][0m: pc_bonus: Reached max (15) number of autospells per character!
[1;33m[Warning][0m: pc_bonus: Reached max (15) number of autospells per character!
[1;33m[Warning][0m: pc_bonus: Reached max (15) number of autospells per character!
[1;33m[Warning][0m: pc_bonus: Reached max (15) number of autospells per character!
[1;33m[Warning][0m: pc_bonus: Reached max (15) number of autospells per character!
[1;33m[Warning][0m: pc_bonus: Reached max (15) number of autospells per character!
[1;36m[Debug][0m: unit_remove_map: unexpected state when removing player AID/CID:6019107/683210 (active=1 connect_new=0 rewarp=0 changemap=0 debug_remove_map=1) from map=prtg_cas02 (users=23). Previous call from c:\server\easvn\src\map\unit.c:1798(), current call from c:\server\easvn\src\map\unit.c:1798(). Please report this!!!
[1;33m[Warning][0m: pc_bonus: Reached max (15) number of autospells per character!
[1;36m[Debug][0m: unit_remove_map: unexpected state when removing player AID/CID:4004706/623623 (active=1 connect_new=0 rewarp=0 changemap=1 debug_remove_map=1) from map=prt_gld (users=10). Previous call from c:\server\easvn\src\map\unit.c:1798(), current call from c:\server\easvn\src\map\unit.c:1798(). Please report this!!!
[1;33m[Warning][0m: pc_bonus: Reached max (15) number of autospells per character!
[1;33m[Warning][0m: pc_bonus: Reached max (15) number of autospells per character!
[1;33m[Warning][0m: pc_bonus: Reached max (15) number of autospells per character!
[1;36m[Debug][0m: unit_remove_map: unexpected state when removing player AID/CID:6023642/686019 (active=1 connect_new=0 rewarp=0 changemap=0 debug_remove_map=1) from map=prtg_cas01 (users=2). Previous call from c:\server\easvn\src\map\unit.c:1798(), current call from c:\server\easvn\src\map\unit.c:1798(). Please report this!!!
[1;36m[Debug][0m: script debug : 0 110000124 : Sem woe no gefg_cas02 (prtg_cas01/prtg_cas02)
[1;36m[Debug][0m: script debug : 0 110000003 : Sem woe no  (prtg_cas01/prtg_cas02)
[1;33m[Warning][0m: itemdb_search: Item ID 9 does not exists in the item_db. Using dummy data.
[1;33m[Warning][0m: itemdb_search: Item ID 9 does not exists in the item_db. Using dummy data.
[1;33m[Warning][0m: itemdb_search: Item ID 9 does not exists in the item_db. Using dummy data.
[1;33m[Warning][0m: itemdb_search: Item ID 9 does not exists in the item_db. Using dummy data.
[1;33m[Warning][0m: itemdb_search: Item ID 9 does not exists in the item_db. Using dummy data.
[1;33m[Warning][0m: itemdb_search: Item ID 9 does not exists in the item_db. Using dummy data.
[1;31m[Error][0m: party_member_added: party 198444 not found.
[1;36m[Debug][0m: npc_scriptcont: 'Unknown NPC' (sd->npc_id=0) is not Choco#aldebaran (id=110000258).
[1;31m[Error][0m: status_change_timer: Unexpected NULL status change id: 6015386 data: 112
[1;31m[Error][0m: status_change_timer: Unexpected NULL status change id: 6024321 data: 112
[1;33m[Warning][0m: clif_process_message: Player 'guendofen' sent an unterminated name!
[1;33m[Warning][0m: clif_process_message: Player 'guendofen' sent an unterminated name!
[1;33m[Warning][0m: clif_process_message: Player 'guendofen' sent an unterminated name!
[1;33m[Warning][0m: clif_process_message: Player 'guendofen' sent an unterminated name!
[1;33m[Warning][0m: itemdb_search: Item ID 7 does not exists in the item_db. Using dummy data.
[1;33m[Warning][0m: itemdb_search: Item ID 7 does not exists in the item_db. Using dummy data.
[1;33m[Warning][0m: itemdb_search: Item ID 7 does not exists in the item_db. Using dummy data.
[1;33m[Warning][0m: itemdb_search: Item ID 7 does not exists in the item_db. Using dummy data.
[1;33m[Warning][0m: itemdb_search: Item ID 7 does not exists in the item_db. Using dummy data.
[1;33m[Warning][0m: itemdb_search: Item ID 7 does not exists in the item_db. Using dummy data.
[1;33m[Warning][0m: itemdb_search: Item ID 7 does not exists in the item_db. Using dummy data.
[1;33m[Warning][0m: itemdb_search: Item ID 7 does not exists in the item_db. Using dummy data.
[1;33m[Warning][0m: itemdb_search: Item ID 7 does not exists in the item_db. Using dummy data.
[1;33m[Warning][0m: itemdb_search: Item ID 7 does not exists in the item_db. Using dummy data.
[1;33m[Warning][0m: itemdb_search: Item ID 7 does not exists in the item_db. Using dummy data.
[1;33m[Warning][0m: itemdb_search: Item ID 7 does not exists in the item_db. Using dummy data.
[1;33m[Warning][0m: itemdb_search: Item ID 7 does not exists in the item_db. Using dummy data.
[1;33m[Warning][0m: itemdb_search: Item ID 7 does not exists in the item_db. Using dummy data.
[1;33m[Warning][0m: itemdb_search: Item ID 7 does not exists in the item_db. Using dummy data.
[1;33m[Warning][0m: itemdb_search: Item ID 7 does not exists in the item_db. Using dummy data.
[1;33m[Warning][0m: itemdb_search: Item ID 7 does not exists in the item_db. Using dummy data.
[1;33m[Warning][0m: itemdb_search: Item ID 7 does not exists in the item_db. Using dummy data.
[1;33m[Warning][0m: itemdb_search: Item ID 7 does not exists in the item_db. Using dummy data.
[1;33m[Warning][0m: itemdb_search: Item ID 7 does not exists in the item_db. Using dummy data.
[1;33m[Warning][0m: itemdb_search: Item ID 7 does not exists in the item_db. Using dummy data.
[1;33m[Warning][0m: itemdb_search: Item ID 7 does not exists in the item_db. Using dummy data.
[1;33m[Warning][0m: itemdb_search: Item ID 7 does not exists in the item_db. Using dummy data.
[1;33m[Warning][0m: itemdb_search: Item ID 7 does not exists in the item_db. Using dummy data.
[1;33m[Warning][0m: itemdb_search: Item ID 7 does not exists in the item_db. Using dummy data.
[1;33m[Warning][0m: itemdb_search: Item ID 7 does not exists in the item_db. Using dummy data.
[1;33m[Warning][0m: itemdb_search: Item ID 7 does not exists in the item_db. Using dummy data.
[1;33m[Warning][0m: itemdb_search: Item ID 7 does not exists in the item_db. Using dummy data.
[1;33m[Warning][0m: itemdb_search: Item ID 7 does not exists in the item_db. Using dummy data.
[1;33m[Warning][0m: itemdb_search: Item ID 7 does not exists in the item_db. Using dummy data.
[1;33m[Warning][0m: itemdb_search: Item ID 7 does not exists in the item_db. Using dummy data.
[1;33m[Warning][0m: itemdb_search: Item ID 7 does not exists in the item_db. Using dummy data.
[1;33m[Warning][0m: itemdb_search: Item ID 7 does not exists in the item_db. Using dummy data.
[1;33m[Warning][0m: itemdb_search: Item ID 7 does not exists in the item_db. Using dummy data.
[1;33m[Warning][0m: itemdb_search: Item ID 7 does not exists in the item_db. Using dummy data.
[1;33m[Warning][0m: itemdb_search: Item ID 7 does not exists in the item_db. Using dummy data.
[1;33m[Warning][0m: itemdb_search: Item ID 7 does not exists in the item_db. Using dummy data.
[1;33m[Warning][0m: itemdb_search: Item ID 7 does not exists in the item_db. Using dummy data.
[1;33m[Warning][0m: itemdb_search: Item ID 7 does not exists in the item_db. Using dummy data.
[1;33m[Warning][0m: itemdb_search: Item ID 7 does not exists in the item_db. Using dummy data.
[1;33m[Warning][0m: itemdb_search: Item ID 7 does not exists in the item_db. Using dummy data.
[1;33m[Warning][0m: itemdb_search: Item ID 7 does not exists in the item_db. Using dummy data.
[1;33m[Warning][0m: itemdb_search: Item ID 7 does not exists in the item_db. Using dummy data.
[1;33m[Warning][0m: itemdb_search: Item ID 7 does not exists in the item_db. Using dummy data.
[1;33m[Warning][0m: itemdb_search: Item ID 7 does not exists in the item_db. Using dummy data.
[1;33m[Warning][0m: itemdb_search: Item ID 7 does not exists in the item_db. Using dummy data.
[1;33m[Warning][0m: itemdb_search: Item ID 7 does not exists in the item_db. Using dummy data.
[1;33m[Warning][0m: itemdb_search: Item ID 7 does not exists in the item_db. Using dummy data.
[1;33m[Warning][0m: itemdb_search: Item ID 7 does not exists in the item_db. Using dummy data.
[1;33m[Warning][0m: itemdb_search: Item ID 7 does not exists in the item_db. Using dummy data.
[1;33m[Warning][0m: itemdb_search: Item ID 7 does not exists in the item_db. Using dummy data.
[1;33m[Warning][0m: itemdb_search: Item ID 7 does not exists in the item_db. Using dummy data.
[1;33m[Warning][0m: itemdb_search: Item ID 7 does not exists in the item_db. Using dummy data.
[1;33m[Warning][0m: itemdb_search: Item ID 7 does not exists in the item_db. Using dummy data.
[1;33m[Warning][0m: itemdb_search: Item ID 7 does not exists in the item_db. Using dummy data.
[1;33m[Warning][0m: itemdb_search: Item ID 7 does not exists in the item_db. Using dummy data.
[1;31m[Error][0m: map_addblock: out-of-bounds coordinates ("gld_dun02",40,230), map is 200x200
[1;31m[Error][0m: pc_setpos: attempt to place player Overdose ~ SinX (6024368:688149) on invalid coordinates (gld_dun02-40,230)
[1;33m[Warning][0m: itemdb_search: Item ID 7 does not exists in the item_db. Using dummy data.
[1;36m[Debug][0m: mapindex_name2id: Map "gl_step " not found in index list!
[1;33m[Warning][0m: itemdb_search: Item ID 6 does not exists in the item_db. Using dummy data.
[1;33m[Warning][0m: itemdb_search: Item ID 6 does not exists in the item_db. Using dummy data.
[1;33m[Warning][0m: itemdb_search: Item ID 6 does not exists in the item_db. Using dummy data.
[1;33m[Warning][0m: itemdb_search: Item ID 6 does not exists in the item_db. Using dummy data.
[1;33m[Warning][0m: itemdb_search: Item ID 6 does not exists in the item_db. Using dummy data.
[1;33m[Warning][0m: itemdb_search: Item ID 6 does not exists in the item_db. Using dummy data.
[1;33m[Warning][0m: itemdb_search: Item ID 6 does not exists in the item_db. Using dummy data.
[1;33m[Warning][0m: itemdb_search: Item ID 6 does not exists in the item_db. Using dummy data.
[1;33m[Warning][0m: itemdb_search: Item ID 6 does not exists in the item_db. Using dummy data.
[1;33m[Warning][0m: itemdb_search: Item ID 6 does not exists in the item_db. Using dummy data.
[1;33m[Warning][0m: itemdb_search: Item ID 6 does not exists in the item_db. Using dummy data.
[1;33m[Warning][0m: itemdb_search: Item ID 6 does not exists in the item_db. Using dummy data.
[1;33m[Warning][0m: itemdb_search: Item ID 6 does not exists in the item_db. Using dummy data.
[1;33m[Warning][0m: itemdb_search: Item ID 6 does not exists in the item_db. Using dummy data.
[1;33m[Warning][0m: itemdb_search: Item ID 6 does not exists in the item_db. Using dummy data.
[1;33m[Warning][0m: itemdb_search: Item ID 6 does not exists in the item_db. Using dummy data.
[1;33m[Warning][0m: itemdb_search: Item ID 6 does not exists in the item_db. Using dummy data.
[1;33m[Warning][0m: itemdb_search: Item ID 6 does not exists in the item_db. Using dummy data.
[1;33m[Warning][0m: itemdb_search: Item ID 6 does not exists in the item_db. Using dummy data.
[1;33m[Warning][0m: itemdb_search: Item ID 6 does not exists in the item_db. Using dummy data.
[1;33m[Warning][0m: itemdb_search: Item ID 6 does not exists in the item_db. Using dummy data.
[1;33m[Warning][0m: itemdb_search: Item ID 6 does not exists in the item_db. Using dummy data.
[1;33m[Warning][0m: itemdb_search: Item ID 6 does not exists in the item_db. Using dummy data.
[1;33m[Warning][0m: itemdb_search: Item ID 6 does not exists in the item_db. Using dummy data.
[1;33m[Warning][0m: itemdb_search: Item ID 6 does not exists in the item_db. Using dummy data.
[1;33m[Warning][0m: itemdb_search: Item ID 6 does not exists in the item_db. Using dummy data.
[1;33m[Warning][0m: itemdb_search: Item ID 6 does not exists in the item_db. Using dummy data.
[1;33m[Warning][0m: itemdb_search: Item ID 6 does not exists in the item_db. Using dummy data.
[1;33m[Warning][0m: itemdb_search: Item ID 6 does not exists in the item_db. Using dummy data.
[1;33m[Warning][0m: itemdb_search: Item ID 6 does not exists in the item_db. Using dummy data.
[1;33m[Warning][0m: itemdb_search: Item ID 6 does not exists in the item_db. Using dummy data.
[1;33m[Warning][0m: itemdb_search: Item ID 6 does not exists in the item_db. Using dummy data.
[1;33m[Warning][0m: itemdb_search: Item ID 6 does not exists in the item_db. Using dummy data.
[1;33m[Warning][0m: itemdb_search: Item ID 6 does not exists in the item_db. Using dummy data.
[1;33m[Warning][0m: itemdb_search: Item ID 6 does not exists in the item_db. Using dummy data.
[1;33m[Warning][0m: itemdb_search: Item ID 6 does not exists in the item_db. Using dummy data.
[1;33m[Warning][0m: itemdb_search: Item ID 6 does not exists in the item_db. Using dummy data.
[1;33m[Warning][0m: itemdb_search: Item ID 6 does not exists in the item_db. Using dummy data.
[1;33m[Warning][0m: itemdb_search: Item ID 6 does not exists in the item_db. Using dummy data.
[1;33m[Warning][0m: itemdb_search: Item ID 6 does not exists in the item_db. Using dummy data.
[1;33m[Warning][0m: itemdb_search: Item ID 6 does not exists in the item_db. Using dummy data.
[1;33m[Warning][0m: itemdb_search: Item ID 6 does not exists in the item_db. Using dummy data.
[1;33m[Warning][0m: itemdb_search: Item ID 6 does not exists in the item_db. Using dummy data.
[1;33m[Warning][0m: itemdb_search: Item ID 6 does not exists in the item_db. Using dummy data.
[1;33m[Warning][0m: itemdb_search: Item ID 6 does not exists in the item_db. Using dummy data.
[1;33m[Warning][0m: itemdb_search: Item ID 6 does not exists in the item_db. Using dummy data.
[1;33m[Warning][0m: itemdb_search: Item ID 6 does not exists in the item_db. Using dummy data.
[1;33m[Warning][0m: itemdb_search: Item ID 6 does not exists in the item_db. Using dummy data.
[1;33m[Warning][0m: itemdb_search: Item ID 6 does not exists in the item_db. Using dummy data.
[1;33m[Warning][0m: itemdb_search: Item ID 6 does not exists in the item_db. Using dummy data.
[1;33m[Warning][0m: itemdb_search: Item ID 6 does not exists in the item_db. Using dummy data.
[1;33m[Warning][0m: itemdb_search: Item ID 6 does not exists in the item_db. Using dummy data.
[1;33m[Warning][0m: itemdb_search: Item ID 6 does not exists in the item_db. Using dummy data.
[1;33m[Warning][0m: itemdb_search: Item ID 6 does not exists in the item_db. Using dummy data.
[1;33m[Warning][0m: itemdb_search: Item ID 6 does not exists in the item_db. Using dummy data.
[1;33m[Warning][0m: itemdb_search: Item ID 6 does not exists in the item_db. Using dummy data.
[1;33m[Warning][0m: itemdb_search: Item ID 6 does not exists in the item_db. Using dummy data.
[1;33m[Warning][0m: itemdb_search: Item ID 6 does not exists in the item_db. Using dummy data.
[1;33m[Warning][0m: itemdb_search: Item ID 6 does not exists in the item_db. Using dummy data.
[1;33m[Warning][0m: itemdb_search: Item ID 6 does not exists in the item_db. Using dummy data.
[1;31m[Error][0m: chrif_accountban failed - player not online.
[1;31m[Error][0m: chrif_accountban failed - player not online.
[1;31m[Error][0m: spirit_timer -1 != 3733
[1;31m[Error][0m: spirit_timer -1 != 2736
[1;31m[Error][0m: delete_timer error : function mismatch 005114a8(pc_calc_pvprank_timer) != 0060f3f0(pc_spiritball_timer)
[1;31m[Error][0m: delete_timer error : function mismatch 0050fb08(map_clearflooritem_timer) != 0060f3f0(pc_spiritball_timer)
[1;33m[Warning][0m: clif_process_message: Player 'Stronger~' sent an unterminated name!
[1;33m[Warning][0m: npc_event: player's event queue is full, can't add event '#LvUpEvent::OnPCBaseLvUpEvent' !
[1;33m[Warning][0m: npc_event: player's event queue is full, can't add event '#LvUpEvent::OnPCBaseLvUpEvent' !
[1;33m[Warning][0m: clif_process_message: Player 'Jonathancs' sent an unterminated name!
[1;33m[Warning][0m: clif_process_message: Player 'Jonathancs' sent an unterminated name!
[1;33m[Warning][0m: clif_process_message: Player 'Jonathancs' sent an unterminated name!
[1;36m[Debug][0m: script debug : 0 110036130 : Base prtg_cas02 sem woe. arug_cas03/
[1;36m[Debug][0m: script debug : 0 110036169 : Base gefg_cas02 sem woe. arug_cas03/
[1;36m[Debug][0m: script debug : 0 110036091 : Base prtg_cas01 sem woe. arug_cas03/
[1;31m[Error][0m: status_change_timer: Unexpected NULL status change id: 6011292 data: 112
[1;36m[Debug][0m: script debug : 0 110036169 : Sem woe no gefg_cas02 (arug_cas03/)
[1;36m[Debug][0m: script debug : 0 110036130 : Sem woe no prtg_cas02 (arug_cas03/)
[1;36m[Debug][0m: script debug : 0 110036091 : Sem woe no prtg_cas01 (arug_cas03/)
[1;31m[Error][0m: status_change_timer: Unexpected NULL status change id: 6018769 data: 112
[1;31m[Error][0m: buildin_warp: moving player 'HaKuNa 6' to "pvp_y_room",52,24 failed.
[1;36m[Debug][0m: Source (NPC): CdC at schg_cas03 (38,48)
[1;31m[Error][0m: buildin_warp: moving player 'HaKuNa 6' to "pvp_y_room",52,24 failed.
[1;36m[Debug][0m: Source (NPC): CdC at schg_cas03 (38,48)
[1;31m[Error][0m: buildin_warp: moving player 'HaKuNa 6' to "moc_fild04",232,322 failed.
[1;36m[Debug][0m: Source (NPC): Super Kafra#cortez at schg_cas03 (54,47)
[1;31m[Error][0m: buildin_warp: moving player 'HaKuNa 6' to "pvp_y_room",52,24 failed.
[1;36m[Debug][0m: Source (NPC): CdC at schg_cas03 (38,48)
[1;36m[Debug][0m: npc_scriptcont: 'Unknown NPC' (sd->npc_id=0) is not Choco#aldebaran (id=110000258).
[1;36m[Debug][0m: script debug : 0 110000085 : Base prtg_cas02 sem woe. arug_cas03/
[1;36m[Debug][0m: script debug : 0 110000124 : Base gefg_cas02 sem woe. arug_cas03/
[1;36m[Debug][0m: script debug : 0 110000046 : Base prtg_cas01 sem woe. arug_cas03/
[1;36m[Debug][0m: unit_remove_map: unexpected state when removing player AID/CID:6024018/686625 (active=1 connect_new=0 rewarp=0 changemap=1 debug_remove_map=1) from map=arug_cas03 (users=14). Previous call from c:\server\easvn\src\map\unit.c:1798(), current call from c:\server\easvn\src\map\unit.c:1798(). Please report this!!!
[1;36m[Debug][0m: script debug : 0 110000124 : Sem woe no gefg_cas02 (arug_cas03/)
[1;36m[Debug][0m: script debug : 0 110000085 : Sem woe no prtg_cas02 (arug_cas03/)
[1;36m[Debug][0m: script debug : 0 110000046 : Sem woe no prtg_cas01 (arug_cas03/)
[1;33m[Warning][0m: pc_bonus: unknown type 0 2 !
[1;33m[Warning][0m: pc_bonus: unknown type 0 2 !
[1;33m[Warning][0m: pc_bonus: unknown type 0 2 !
[1;33m[Warning][0m: pc_bonus: unknown type 0 2 !
[1;33m[Warning][0m: pc_bonus: unknown type 0 2 !
[1;33m[Warning][0m: pc_bonus: unknown type 0 2 !
[1;33m[Warning][0m: pc_bonus: unknown type 0 2 !
[1;33m[Warning][0m: pc_bonus: unknown type 0 2 !
[1;33m[Warning][0m: pc_bonus: unknown type 0 2 !
[1;33m[Warning][0m: pc_bonus: unknown type 0 2 !
[1;33m[Warning][0m: pc_bonus: unknown type 0 2 !
[1;33m[Warning][0m: pc_bonus: unknown type 0 2 !
[1;33m[Warning][0m: pc_bonus: unknown type 0 2 !
[1;33m[Warning][0m: pc_bonus: unknown type 0 2 !
[1;33m[Warning][0m: pc_bonus: unknown type 0 2 !
[1;33m[Warning][0m: pc_bonus: unknown type 0 2 !
[1;33m[Warning][0m: pc_bonus: unknown type 0 2 !
[1;33m[Warning][0m: pc_bonus: unknown type 0 2 !
[1;33m[Warning][0m: pc_bonus: unknown type 0 2 !
[1;33m[Warning][0m: pc_bonus: unknown type 0 2 !
[1;33m[Warning][0m: pc_bonus: unknown type 0 2 !
[1;33m[Warning][0m: pc_bonus: unknown type 0 2 !
[1;33m[Warning][0m: pc_bonus: unknown type 0 2 !
[1;33m[Warning][0m: pc_bonus: unknown type 0 2 !
[1;33m[Warning][0m: pc_bonus: unknown type 0 2 !
[1;33m[Warning][0m: pc_bonus: unknown type 0 2 !
[1;33m[Warning][0m: pc_bonus: unknown type 0 2 !
[1;33m[Warning][0m: pc_bonus: unknown type 0 2 !
[1;33m[Warning][0m: pc_bonus: unknown type 0 2 !
[1;33m[Warning][0m: pc_bonus: unknown type 0 2 !
[1;33m[Warning][0m: pc_bonus: unknown type 0 2 !
[1;33m[Warning][0m: pc_bonus: unknown type 0 2 !
[1;33m[Warning][0m: pc_bonus: unknown type 0 2 !
[1;33m[Warning][0m: pc_bonus: unknown type 0 2 !
[1;33m[Warning][0m: pc_bonus: unknown type 0 2 !
[1;33m[Warning][0m: pc_bonus: unknown type 0 2 !
[1;33m[Warning][0m: pc_bonus: unknown type 0 2 !
[1;33m[Warning][0m: pc_bonus: unknown type 0 2 !
[1;33m[Warning][0m: pc_bonus: unknown type 0 2 !
[1;31m[Error][0m: status_change_timer: Unexpected NULL status change id: 2016946 data: 112
[1;33m[Warning][0m: script:getelementofarray: index out of range (-1)
[1;36m[Debug][0m: Data: variable name='.@acc' index=0
[1;36m[Debug][0m: Source (NPC): Loteria at schg_cas03 (23,74)
[1;33m[Warning][0m: pc_bonus: unknown type 0 2 !
[1;33m[Warning][0m: npc_event: player's event queue is full, can't add event '#LvUpEvent::OnPCBaseLvUpEvent' !
[1;31m[Error][0m: party_member_added: party 196430 not found.
[1;36m[Debug][0m: script debug : 0 110036130 : Base prtg_cas02 sem woe. gefg_cas02/
[1;36m[Debug][0m: script debug : 0 110036091 : Base prtg_cas01 sem woe. gefg_cas02/
[1;33m[Warning][0m: pc_bonus: unknown type 0 2 !
[1;36m[Debug][0m: script debug : 0 110036130 : Sem woe no prtg_cas02 (gefg_cas02/)
[1;36m[Debug][0m: script debug : 0 110036091 : Sem woe no prtg_cas01 (gefg_cas02/)
[1;33m[Warning][0m: clif_process_message: Player '.Sophe.' sent an unterminated name!
[1;33m[Warning][0m: clif_process_message: Player '.Sophe.' sent an unterminated name!
[1;33m[Warning][0m: clif_process_message: Player '.Sophe.' sent an unterminated name!
[1;33m[Warning][0m: clif_process_message: Player '.Sophe.' sent an unterminated name!
[1;33m[Warning][0m: npc_event: player's event queue is full, can't add event '#LvUpEvent::OnPCBaseLvUpEvent' !
[1;33m[Warning][0m: npc_event: player's event queue is full, can't add event '#LvUpEvent::OnPCBaseLvUpEvent' !
[1;33m[Warning][0m: npc_event: player's event queue is full, can't add event '#LvUpEvent::OnPCBaseLvUpEvent' !
[1;36m[Debug][0m: script debug : 0 110000085 : Base prtg_cas02 sem woe. gefg_cas02/
[1;36m[Debug][0m: script debug : 0 110000046 : Base prtg_cas01 sem woe. gefg_cas02/
[1;36m[Debug][0m: mapindex_name2id: Map "bacsojin" not found in index list!
[1;36m[Debug][0m: mapindex_name2id: Map "geffeb" not found in index list!
[1;36m[Debug][0m: unit_remove_map: unexpected state when removing player AID/CID:6023745/687621 (active=1 connect_new=0 rewarp=0 changemap=0 debug_remove_map=1) from map=gefg_cas02 (users=25). Previous call from c:\server\easvn\src\map\unit.c:1798(), current call from c:\server\easvn\src\map\unit.c:1798(). Please report this!!!
[1;36m[Debug][0m: unit_remove_map: unexpected state when removing player AID/CID:6017774/685451 (active=1 connect_new=0 rewarp=0 changemap=0 debug_remove_map=1) from map=gefg_cas02 (users=25). Previous call from c:\server\easvn\src\map\unit.c:1798(), current call from c:\server\easvn\src\map\unit.c:1798(). Please report this!!!
[1;36m[Debug][0m: script debug : 0 110000085 : Sem woe no prtg_cas02 (gefg_cas02/)
[1;36m[Debug][0m: script debug : 0 110000046 : Sem woe no prtg_cas01 (gefg_cas02/)
[1;33m[Warning][0m: clif_process_message: Player '[Evento] Miyuu' sent an unterminated name!
[1;33m[Warning][0m: clif_process_message: Player '[Evento] Miyuu' sent an unterminated name!
[1;33m[Warning][0m: clif_process_message: Player '[Evento] Miyuu' sent an unterminated name!
[1;33m[Warning][0m: clif_process_message: Player '[Evento] Miyuu' sent an unterminated name!
[1;33m[Warning][0m: clif_process_message: Player '[Evento] Miyuu' sent an unterminated name!
[1;33m[Warning][0m: clif_process_message: Player '[Evento] Miyuu' sent an unterminated name!
[1;33m[Warning][0m: clif_process_message: Player '*Miyu*' sent an unterminated name!
[1;33m[Warning][0m: clif_process_message: Player '*Miyu*' sent an unterminated name!
