[1;33m[Warning][0m: pc_bonus: unknown type 0 2 !
[1;33m[Warning][0m: pc_bonus: unknown type 0 2 !
[1;33m[Warning][0m: pc_bonus: unknown type 0 2 !
[1;33m[Warning][0m: pc_bonus: unknown type 0 2 !
[1;33m[Warning][0m: pc_bonus: unknown type 0 2 !
[1;33m[Warning][0m: pc_bonus: unknown type 0 2 !
[1;33m[Warning][0m: pc_bonus: unknown type 0 2 !
[1;33m[Warning][0m: pc_bonus: unknown type 0 2 !
[1;33m[Warning][0m: pc_bonus: unknown type 0 2 !
[1;33m[Warning][0m: pc_bonus: unknown type 0 2 !
[1;33m[Warning][0m: pc_bonus: unknown type 0 2 !
[1;33m[Warning][0m: pc_bonus: unknown type 0 2 !
[1;33m[Warning][0m: pc_bonus: unknown type 0 2 !
[1;33m[Warning][0m: pc_bonus: unknown type 0 2 !
[1;33m[Warning][0m: pc_bonus: unknown type 0 2 !
[1;33m[Warning][0m: pc_bonus: unknown type 0 2 !
[1;33m[Warning][0m: pc_bonus: unknown type 0 2 !
[1;33m[Warning][0m: pc_bonus: unknown type 0 2 !
[1;33m[Warning][0m: pc_bonus: unknown type 0 2 !
[1;33m[Warning][0m: pc_bonus: unknown type 0 2 !
[1;33m[Warning][0m: pc_bonus: unknown type 0 2 !
[1;33m[Warning][0m: pc_bonus: unknown type 0 2 !
[1;33m[Warning][0m: pc_bonus: unknown type 0 2 !
[1;33m[Warning][0m: pc_bonus: unknown type 0 2 !
[1;33m[Warning][0m: pc_bonus: unknown type 0 2 !
[1;33m[Warning][0m: pc_bonus: unknown type 0 2 !
[1;33m[Warning][0m: pc_bonus: unknown type 0 2 !
[1;33m[Warning][0m: pc_bonus: unknown type 0 2 !
[1;33m[Warning][0m: pc_bonus: unknown type 0 2 !
[1;33m[Warning][0m: pc_bonus: unknown type 0 2 !
[1;33m[Warning][0m: pc_bonus: unknown type 0 2 !
[1;33m[Warning][0m: pc_bonus: unknown type 0 2 !
[1;33m[Warning][0m: pc_bonus: unknown type 0 2 !
[1;33m[Warning][0m: pc_bonus: unknown type 0 2 !
[1;33m[Warning][0m: pc_bonus: unknown type 0 2 !
[1;33m[Warning][0m: pc_bonus: unknown type 0 2 !
[1;33m[Warning][0m: pc_bonus: unknown type 0 2 !
[1;33m[Warning][0m: pc_bonus: unknown type 0 2 !
[1;33m[Warning][0m: pc_bonus: unknown type 0 2 !
[1;33m[Warning][0m: pc_bonus: unknown type 0 2 !
[1;33m[Warning][0m: pc_bonus: unknown type 0 2 !
[1;33m[Warning][0m: pc_bonus: unknown type 0 2 !
[1;33m[Warning][0m: pc_bonus: unknown type 0 2 !
[1;33m[Warning][0m: pc_bonus: unknown type 0 2 !
[1;33m[Warning][0m: pc_bonus: unknown type 0 2 !
[1;33m[Warning][0m: pc_bonus: unknown type 0 2 !
[1;33m[Warning][0m: pc_bonus: unknown type 0 2 !
[1;33m[Warning][0m: pc_bonus: unknown type 0 2 !
[1;33m[Warning][0m: pc_bonus: unknown type 0 2 !
[1;33m[Warning][0m: pc_bonus: unknown type 0 2 !
[1;33m[Warning][0m: pc_bonus: unknown type 0 2 !
[1;33m[Warning][0m: pc_bonus: unknown type 0 2 !
[1;33m[Warning][0m: pc_bonus: unknown type 0 2 !
[1;33m[Warning][0m: pc_bonus: unknown type 0 2 !
[1;33m[Warning][0m: pc_bonus: unknown type 0 2 !
[1;33m[Warning][0m: pc_bonus: unknown type 0 2 !
[1;33m[Warning][0m: pc_bonus: unknown type 0 2 !
[1;33m[Warning][0m: pc_bonus: unknown type 0 2 !
[1;33m[Warning][0m: pc_bonus: unknown type 0 2 !
[1;33m[Warning][0m: pc_bonus: unknown type 0 2 !
[1;33m[Warning][0m: pc_bonus: unknown type 0 2 !
[1;33m[Warning][0m: pc_bonus: unknown type 0 2 !
[1;33m[Warning][0m: pc_bonus: unknown type 0 2 !
[1;33m[Warning][0m: pc_bonus: unknown type 0 2 !
[1;33m[Warning][0m: pc_bonus: unknown type 0 2 !
[1;33m[Warning][0m: pc_bonus: unknown type 0 2 !
[1;33m[Warning][0m: pc_bonus: unknown type 0 2 !
[1;33m[Warning][0m: pc_bonus: unknown type 0 2 !
[1;33m[Warning][0m: pc_bonus: unknown type 0 2 !
[1;33m[Warning][0m: pc_bonus: unknown type 0 2 !
[1;33m[Warning][0m: pc_bonus: unknown type 0 2 !
[1;33m[Warning][0m: pc_bonus: unknown type 0 2 !
[1;33m[Warning][0m: pc_bonus: unknown type 0 2 !
[1;33m[Warning][0m: pc_bonus: unknown type 0 2 !
[1;33m[Warning][0m: pc_bonus: unknown type 0 2 !
[1;33m[Warning][0m: pc_bonus: unknown type 0 2 !
[1;33m[Warning][0m: pc_bonus: unknown type 0 2 !
[1;33m[Warning][0m: pc_bonus: unknown type 0 2 !
[1;33m[Warning][0m: pc_bonus: unknown type 0 2 !
[1;33m[Warning][0m: pc_bonus: unknown type 0 2 !
[1;33m[Warning][0m: pc_bonus: unknown type 0 2 !
[1;33m[Warning][0m: pc_bonus: unknown type 0 2 !
[1;33m[Warning][0m: pc_bonus: unknown type 0 2 !
[1;33m[Warning][0m: pc_bonus: unknown type 0 2 !
[1;33m[Warning][0m: pc_bonus: unknown type 0 2 !
[1;33m[Warning][0m: pc_bonus: unknown type 0 2 !
[1;33m[Warning][0m: pc_bonus: unknown type 0 2 !
[1;33m[Warning][0m: pc_bonus: unknown type 0 2 !
[1;33m[Warning][0m: pc_bonus: unknown type 0 2 !
[1;33m[Warning][0m: pc_bonus: unknown type 0 2 !
[1;33m[Warning][0m: pc_bonus: unknown type 0 2 !
[1;33m[Warning][0m: pc_bonus: unknown type 0 2 !
[1;33m[Warning][0m: pc_bonus: unknown type 0 2 !
[1;33m[Warning][0m: pc_bonus: unknown type 0 2 !
[1;33m[Warning][0m: pc_bonus: unknown type 0 2 !
[1;33m[Warning][0m: pc_bonus: unknown type 0 2 !
[1;33m[Warning][0m: pc_bonus: unknown type 0 2 !
[1;33m[Warning][0m: pc_bonus: unknown type 0 2 !
[1;33m[Warning][0m: pc_bonus: unknown type 0 2 !
[1;33m[Warning][0m: pc_bonus: unknown type 0 2 !
[1;33m[Warning][0m: pc_bonus: unknown type 0 2 !
[1;33m[Warning][0m: pc_bonus: unknown type 0 2 !
[1;33m[Warning][0m: pc_bonus: unknown type 0 2 !
[1;33m[Warning][0m: pc_bonus: unknown type 0 2 !
[1;33m[Warning][0m: pc_bonus: unknown type 0 2 !
[1;33m[Warning][0m: pc_bonus: unknown type 0 2 !
[1;33m[Warning][0m: pc_bonus: unknown type 0 2 !
[1;33m[Warning][0m: pc_bonus: unknown type 0 2 !
[1;33m[Warning][0m: pc_bonus: unknown type 0 2 !
[1;33m[Warning][0m: pc_bonus: unknown type 0 2 !
[1;33m[Warning][0m: pc_bonus: unknown type 0 2 !
[1;33m[Warning][0m: pc_bonus: unknown type 0 2 !
[1;33m[Warning][0m: pc_bonus: unknown type 0 2 !
[1;33m[Warning][0m: pc_bonus: unknown type 0 2 !
[1;33m[Warning][0m: pc_bonus: unknown type 0 2 !
[1;33m[Warning][0m: pc_bonus: unknown type 0 2 !
[1;33m[Warning][0m: pc_bonus: unknown type 0 2 !
[1;33m[Warning][0m: pc_bonus: unknown type 0 2 !
[1;33m[Warning][0m: pc_bonus: unknown type 0 2 !
[1;33m[Warning][0m: pc_bonus: unknown type 0 2 !
[1;33m[Warning][0m: pc_bonus: unknown type 0 2 !
[1;33m[Warning][0m: pc_bonus: unknown type 0 2 !
[1;33m[Warning][0m: pc_bonus: unknown type 0 2 !
[1;33m[Warning][0m: pc_bonus: unknown type 0 2 !
[1;33m[Warning][0m: pc_bonus: unknown type 0 2 !
[1;33m[Warning][0m: pc_bonus: unknown type 0 2 !
[1;33m[Warning][0m: pc_bonus: unknown type 0 2 !
[1;33m[Warning][0m: pc_bonus: unknown type 0 2 !
[1;33m[Warning][0m: pc_bonus: unknown type 0 2 !
[1;33m[Warning][0m: pc_bonus: unknown type 0 2 !
[1;33m[Warning][0m: pc_bonus: unknown type 0 2 !
[1;33m[Warning][0m: pc_bonus: unknown type 0 2 !
[1;33m[Warning][0m: pc_bonus: unknown type 0 2 !
[1;33m[Warning][0m: pc_bonus: unknown type 0 2 !
[1;33m[Warning][0m: pc_bonus: unknown type 0 2 !
[1;33m[Warning][0m: pc_bonus: unknown type 0 2 !
[1;33m[Warning][0m: pc_bonus: unknown type 0 2 !
[1;33m[Warning][0m: pc_bonus: unknown type 0 2 !
[1;33m[Warning][0m: pc_bonus: unknown type 0 2 !
[1;33m[Warning][0m: pc_bonus: unknown type 0 2 !
[1;33m[Warning][0m: pc_bonus: unknown type 0 2 !
[1;33m[Warning][0m: pc_bonus: unknown type 0 2 !
[1;33m[Warning][0m: pc_bonus: unknown type 0 2 !
[1;33m[Warning][0m: pc_bonus: unknown type 0 2 !
[1;33m[Warning][0m: pc_bonus: unknown type 0 2 !
[1;33m[Warning][0m: pc_bonus: unknown type 0 2 !
[1;33m[Warning][0m: pc_bonus: unknown type 0 2 !
[1;33m[Warning][0m: pc_bonus: unknown type 0 2 !
[1;33m[Warning][0m: pc_bonus: unknown type 0 2 !
[1;33m[Warning][0m: pc_bonus: unknown type 0 2 !
[1;33m[Warning][0m: pc_bonus: unknown type 0 2 !
[1;33m[Warning][0m: pc_bonus: unknown type 0 2 !
[1;33m[Warning][0m: pc_bonus: unknown type 0 2 !
[1;33m[Warning][0m: pc_bonus: unknown type 0 2 !
[1;33m[Warning][0m: pc_bonus: unknown type 0 2 !
[1;33m[Warning][0m: pc_bonus: unknown type 0 2 !
[1;33m[Warning][0m: pc_bonus: unknown type 0 2 !
[1;33m[Warning][0m: pc_bonus: unknown type 0 2 !
[1;33m[Warning][0m: pc_bonus: unknown type 0 2 !
[1;33m[Warning][0m: pc_bonus: unknown type 0 2 !
[1;33m[Warning][0m: pc_bonus: unknown type 0 2 !
[1;33m[Warning][0m: pc_bonus: unknown type 0 2 !
[1;33m[Warning][0m: pc_bonus: unknown type 0 2 !
[1;33m[Warning][0m: pc_bonus: unknown type 0 2 !
[1;33m[Warning][0m: pc_bonus: unknown type 0 2 !
[1;33m[Warning][0m: pc_bonus: unknown type 0 2 !
[1;33m[Warning][0m: pc_bonus: unknown type 0 2 !
[1;33m[Warning][0m: pc_bonus: unknown type 0 2 !
[1;33m[Warning][0m: pc_bonus: unknown type 0 2 !
[1;33m[Warning][0m: pc_bonus: unknown type 0 2 !
[1;33m[Warning][0m: pc_bonus: unknown type 0 2 !
[1;33m[Warning][0m: pc_bonus: unknown type 0 2 !
[1;33m[Warning][0m: pc_bonus: unknown type 0 2 !
[1;33m[Warning][0m: pc_bonus: unknown type 0 2 !
[1;33m[Warning][0m: pc_bonus: unknown type 0 2 !
[1;33m[Warning][0m: pc_bonus: unknown type 0 2 !
[1;33m[Warning][0m: pc_bonus: unknown type 0 2 !
[1;33m[Warning][0m: pc_bonus: unknown type 0 2 !
[1;33m[Warning][0m: pc_bonus: unknown type 0 2 !
[1;33m[Warning][0m: pc_bonus: unknown type 0 2 !
[1;33m[Warning][0m: pc_bonus: unknown type 0 2 !
[1;33m[Warning][0m: pc_bonus: unknown type 0 2 !
[1;33m[Warning][0m: pc_bonus: unknown type 0 2 !
[1;33m[Warning][0m: pc_bonus: unknown type 0 2 !
[1;33m[Warning][0m: pc_bonus: unknown type 0 2 !
[1;33m[Warning][0m: pc_bonus: unknown type 0 2 !
[1;33m[Warning][0m: pc_bonus: unknown type 0 2 !
[1;33m[Warning][0m: pc_bonus: unknown type 0 2 !
[1;33m[Warning][0m: pc_bonus: unknown type 0 2 !
[1;33m[Warning][0m: pc_bonus: unknown type 0 2 !
[1;33m[Warning][0m: pc_bonus: unknown type 0 2 !
[1;33m[Warning][0m: pc_bonus: unknown type 0 2 !
[1;33m[Warning][0m: pc_bonus: unknown type 0 2 !
[1;33m[Warning][0m: pc_bonus: unknown type 0 2 !
[1;33m[Warning][0m: pc_bonus: unknown type 0 2 !
[1;33m[Warning][0m: pc_bonus: unknown type 0 2 !
[1;33m[Warning][0m: pc_bonus: unknown type 0 2 !
[1;33m[Warning][0m: pc_bonus: unknown type 0 2 !
[1;33m[Warning][0m: pc_bonus: unknown type 0 2 !
[1;33m[Warning][0m: pc_bonus: unknown type 0 2 !
[1;33m[Warning][0m: pc_bonus: unknown type 0 2 !
[1;33m[Warning][0m: pc_bonus: unknown type 0 2 !
[1;33m[Warning][0m: pc_bonus: unknown type 0 2 !
[1;33m[Warning][0m: pc_bonus: unknown type 0 2 !
[1;33m[Warning][0m: pc_bonus: unknown type 0 2 !
[1;33m[Warning][0m: pc_bonus: unknown type 0 2 !
[1;33m[Warning][0m: pc_bonus: unknown type 0 2 !
[1;33m[Warning][0m: pc_bonus: unknown type 0 2 !
[1;33m[Warning][0m: pc_bonus: unknown type 0 2 !
[1;33m[Warning][0m: pc_bonus: unknown type 0 2 !
[1;33m[Warning][0m: pc_bonus: unknown type 0 2 !
[1;33m[Warning][0m: pc_bonus: unknown type 0 2 !
[1;33m[Warning][0m: pc_bonus: unknown type 0 2 !
[1;33m[Warning][0m: pc_bonus: unknown type 0 2 !
[1;33m[Warning][0m: pc_bonus: unknown type 0 2 !
[1;33m[Warning][0m: pc_bonus: unknown type 0 2 !
[1;33m[Warning][0m: pc_bonus: unknown type 0 2 !
[1;33m[Warning][0m: pc_bonus: unknown type 0 2 !
[1;33m[Warning][0m: pc_bonus: unknown type 0 2 !
[1;33m[Warning][0m: pc_bonus: unknown type 0 2 !
[1;33m[Warning][0m: pc_bonus: unknown type 0 2 !
[1;33m[Warning][0m: pc_bonus: unknown type 0 2 !
[1;33m[Warning][0m: pc_bonus: unknown type 0 2 !
[1;33m[Warning][0m: pc_bonus: unknown type 0 2 !
[1;33m[Warning][0m: pc_bonus: unknown type 0 2 !
[1;33m[Warning][0m: pc_bonus: unknown type 0 2 !
[1;33m[Warning][0m: pc_bonus: unknown type 0 2 !
[1;33m[Warning][0m: pc_bonus: unknown type 0 2 !
[1;33m[Warning][0m: pc_bonus: unknown type 0 2 !
[1;33m[Warning][0m: pc_bonus: unknown type 0 2 !
[1;33m[Warning][0m: pc_bonus: unknown type 0 2 !
[1;33m[Warning][0m: pc_bonus: unknown type 0 2 !
[1;33m[Warning][0m: pc_bonus: unknown type 0 2 !
[1;33m[Warning][0m: pc_bonus: unknown type 0 2 !
[1;33m[Warning][0m: pc_bonus: unknown type 0 2 !
[1;33m[Warning][0m: pc_bonus: unknown type 0 2 !
[1;33m[Warning][0m: pc_bonus: unknown type 0 2 !
[1;33m[Warning][0m: pc_bonus: unknown type 0 2 !
[1;33m[Warning][0m: pc_bonus: unknown type 0 2 !
[1;33m[Warning][0m: pc_bonus: unknown type 0 2 !
[1;33m[Warning][0m: pc_bonus: unknown type 0 2 !
[1;33m[Warning][0m: pc_bonus: unknown type 0 2 !
[1;33m[Warning][0m: pc_bonus: unknown type 0 2 !
[1;33m[Warning][0m: pc_bonus: unknown type 0 2 !
[1;33m[Warning][0m: pc_bonus: unknown type 0 2 !
[1;33m[Warning][0m: pc_bonus: unknown type 0 2 !
[1;33m[Warning][0m: pc_bonus: unknown type 0 2 !
[1;33m[Warning][0m: pc_bonus: unknown type 0 2 !
[1;33m[Warning][0m: pc_bonus: unknown type 0 2 !
[1;33m[Warning][0m: pc_bonus: unknown type 0 2 !
[1;33m[Warning][0m: pc_bonus: unknown type 0 2 !
[1;33m[Warning][0m: pc_bonus: unknown type 0 2 !
[1;33m[Warning][0m: pc_bonus: unknown type 0 2 !
[1;33m[Warning][0m: pc_bonus: unknown type 0 2 !
[1;33m[Warning][0m: pc_bonus: unknown type 0 2 !
[1;33m[Warning][0m: pc_bonus: unknown type 0 2 !
[1;33m[Warning][0m: pc_bonus: unknown type 0 2 !
[1;33m[Warning][0m: pc_bonus: unknown type 0 2 !
[1;33m[Warning][0m: pc_bonus: unknown type 0 2 !
[1;33m[Warning][0m: pc_bonus: unknown type 0 2 !
[1;33m[Warning][0m: pc_bonus: unknown type 0 2 !
[1;33m[Warning][0m: pc_bonus: unknown type 0 2 !
[1;33m[Warning][0m: pc_bonus: unknown type 0 2 !
[1;33m[Warning][0m: pc_bonus: unknown type 0 2 !
[1;33m[Warning][0m: pc_bonus: unknown type 0 2 !
[1;33m[Warning][0m: pc_bonus: unknown type 0 2 !
[1;33m[Warning][0m: pc_bonus: unknown type 0 2 !
[1;33m[Warning][0m: pc_bonus: unknown type 0 2 !
[1;33m[Warning][0m: pc_bonus: unknown type 0 2 !
[1;33m[Warning][0m: pc_bonus: unknown type 0 2 !
[1;33m[Warning][0m: pc_bonus: unknown type 0 2 !
[1;33m[Warning][0m: pc_bonus: unknown type 0 2 !
[1;33m[Warning][0m: pc_bonus: unknown type 0 2 !
[1;33m[Warning][0m: pc_bonus: unknown type 0 2 !
[1;33m[Warning][0m: pc_bonus: unknown type 0 2 !
[1;33m[Warning][0m: pc_bonus: unknown type 0 2 !
[1;33m[Warning][0m: pc_bonus: unknown type 0 2 !
[1;33m[Warning][0m: pc_bonus: unknown type 0 2 !
[1;33m[Warning][0m: pc_bonus: unknown type 0 2 !
[1;33m[Warning][0m: pc_bonus: unknown type 0 2 !
[1;33m[Warning][0m: pc_bonus: unknown type 0 2 !
[1;33m[Warning][0m: pc_bonus: unknown type 0 2 !
[1;33m[Warning][0m: pc_bonus: unknown type 0 2 !
[1;33m[Warning][0m: pc_bonus: unknown type 0 2 !
[1;33m[Warning][0m: pc_bonus: unknown type 0 2 !
[1;33m[Warning][0m: pc_bonus: unknown type 0 2 !
[1;33m[Warning][0m: pc_bonus: unknown type 0 2 !
[1;33m[Warning][0m: pc_bonus: unknown type 0 2 !
[1;33m[Warning][0m: pc_bonus: unknown type 0 2 !
[1;33m[Warning][0m: pc_bonus: unknown type 0 2 !
[1;33m[Warning][0m: pc_bonus: unknown type 0 2 !
[1;33m[Warning][0m: pc_bonus: unknown type 0 2 !
[1;33m[Warning][0m: pc_bonus: unknown type 0 2 !
[1;33m[Warning][0m: pc_bonus: unknown type 0 2 !
[1;31m[Error][0m: chrif_accountban failed - player not online.
[1;31m[Error][0m: chrif_accountban failed - player not online.
[1;33m[Warning][0m: pc_bonus: unknown type 0 2 !
[1;31m[Error][0m: chrif_accountban failed - player not online.
[1;31m[Error][0m: chrif_accountban failed - player not online.
[1;31m[Error][0m: chrif_accountban failed - player not online.
[1;31m[Error][0m: chrif_accountban failed - player not online.
[1;33m[Warning][0m: pc_bonus: unknown type 0 2 !
[1;33m[Warning][0m: pc_bonus: unknown type 0 2 !
[1;33m[Warning][0m: pc_bonus: unknown type 0 2 !
[1;33m[Warning][0m: pc_bonus: unknown type 0 2 !
[1;33m[Warning][0m: pc_bonus: unknown type 0 2 !
[1;33m[Warning][0m: pc_bonus: unknown type 0 2 !
[1;33m[Warning][0m: pc_bonus: unknown type 0 2 !
[1;33m[Warning][0m: pc_bonus: unknown type 0 2 !
[1;33m[Warning][0m: pc_bonus: unknown type 0 2 !
[1;33m[Warning][0m: pc_bonus: unknown type 0 2 !
[1;33m[Warning][0m: pc_bonus: unknown type 0 2 !
[1;33m[Warning][0m: pc_bonus: unknown type 0 2 !
[1;33m[Warning][0m: pc_bonus: unknown type 0 2 !
[1;33m[Warning][0m: pc_bonus: unknown type 0 2 !
[1;33m[Warning][0m: pc_bonus: unknown type 0 2 !
[1;33m[Warning][0m: pc_bonus: unknown type 0 2 !
[1;33m[Warning][0m: pc_bonus: unknown type 0 2 !
[1;33m[Warning][0m: pc_bonus: unknown type 0 2 !
[1;33m[Warning][0m: pc_bonus: unknown type 0 2 !
[1;33m[Warning][0m: pc_bonus: unknown type 0 2 !
[1;33m[Warning][0m: pc_bonus: unknown type 0 2 !
[1;33m[Warning][0m: pc_bonus: unknown type 0 2 !
[1;33m[Warning][0m: pc_bonus: unknown type 0 2 !
[1;33m[Warning][0m: pc_bonus: unknown type 0 2 !
[1;33m[Warning][0m: pc_bonus: unknown type 0 2 !
[1;33m[Warning][0m: pc_bonus: unknown type 0 2 !
[1;33m[Warning][0m: pc_bonus: unknown type 0 2 !
[1;33m[Warning][0m: pc_bonus: unknown type 0 2 !
[1;33m[Warning][0m: pc_bonus: unknown type 0 2 !
[1;33m[Warning][0m: pc_bonus: unknown type 0 2 !
[1;33m[Warning][0m: pc_bonus: unknown type 0 2 !
[1;33m[Warning][0m: pc_bonus: unknown type 0 2 !
[1;33m[Warning][0m: pc_bonus: unknown type 0 2 !
[1;33m[Warning][0m: pc_bonus: unknown type 0 2 !
[1;33m[Warning][0m: pc_bonus: unknown type 0 2 !
[1;33m[Warning][0m: pc_bonus: unknown type 0 2 !
[1;33m[Warning][0m: pc_bonus: unknown type 0 2 !
[1;33m[Warning][0m: pc_bonus: unknown type 0 2 !
[1;33m[Warning][0m: pc_bonus: unknown type 0 2 !
[1;33m[Warning][0m: pc_bonus: unknown type 0 2 !
[1;33m[Warning][0m: pc_bonus: unknown type 0 2 !
[1;33m[Warning][0m: pc_bonus: unknown type 0 2 !
[1;33m[Warning][0m: pc_bonus: unknown type 0 2 !
[1;33m[Warning][0m: pc_bonus: unknown type 0 2 !
[1;33m[Warning][0m: pc_bonus: unknown type 0 2 !
[1;33m[Warning][0m: pc_bonus: unknown type 0 2 !
[1;33m[Warning][0m: pc_bonus: unknown type 0 2 !
[1;33m[Warning][0m: pc_bonus: unknown type 0 2 !
[1;33m[Warning][0m: pc_bonus: unknown type 0 2 !
[1;33m[Warning][0m: pc_bonus: unknown type 0 2 !
[1;33m[Warning][0m: pc_bonus: unknown type 0 2 !
[1;33m[Warning][0m: pc_bonus: unknown type 0 2 !
[1;33m[Warning][0m: pc_bonus: unknown type 0 2 !
[1;33m[Warning][0m: pc_bonus: unknown type 0 2 !
[1;33m[Warning][0m: pc_bonus: unknown type 0 2 !
[1;33m[Warning][0m: pc_bonus: unknown type 0 2 !
[1;33m[Warning][0m: pc_bonus: unknown type 0 2 !
[1;33m[Warning][0m: pc_bonus: unknown type 0 2 !
[1;33m[Warning][0m: pc_bonus: unknown type 0 2 !
[1;33m[Warning][0m: pc_bonus: unknown type 0 2 !
[1;33m[Warning][0m: pc_bonus: unknown type 0 2 !
[1;33m[Warning][0m: pc_bonus: unknown type 0 2 !
[1;33m[Warning][0m: pc_bonus: unknown type 0 2 !
[1;33m[Warning][0m: pc_bonus: unknown type 0 2 !
[1;33m[Warning][0m: pc_bonus: unknown type 0 2 !
[1;33m[Warning][0m: pc_bonus: unknown type 0 2 !
[1;33m[Warning][0m: pc_bonus: unknown type 0 2 !
[1;33m[Warning][0m: pc_bonus: unknown type 0 2 !
[1;33m[Warning][0m: pc_bonus: unknown type 0 2 !
[1;33m[Warning][0m: pc_bonus: unknown type 0 2 !
[1;33m[Warning][0m: pc_bonus: unknown type 0 2 !
[1;33m[Warning][0m: pc_bonus: unknown type 0 2 !
[1;33m[Warning][0m: pc_bonus: unknown type 0 2 !
[1;33m[Warning][0m: pc_bonus: unknown type 0 2 !
[1;33m[Warning][0m: pc_bonus: unknown type 0 2 !
[1;33m[Warning][0m: clif_parse: Received unsupported packet (packet 0x0000, 35 bytes received), disconnecting session #43.
[1;31m[Error][0m: npc_event: event not found [Poções::OnWhisperGlobal]
[1;31m[Error][0m: chrif_accountban failed - player not online.
[1;31m[Error][0m: chrif_accountban failed - player not online.
[1;33m[Warning][0m: pc_bonus: unknown type 0 2 !
[1;33m[Warning][0m: pc_bonus: unknown type 0 2 !
[1;33m[Warning][0m: pc_bonus: unknown type 0 2 !
[1;33m[Warning][0m: pc_bonus: unknown type 0 2 !
[1;33m[Warning][0m: pc_bonus: unknown type 0 2 !
[1;33m[Warning][0m: pc_bonus: unknown type 0 2 !
[1;33m[Warning][0m: pc_bonus: unknown type 0 2 !
[1;31m[Error][0m: status_change_timer: Unexpected NULL status change id: 3011160 data: 112
[1;31m[Error][0m: chrif_accountban failed - player not online.
[1;31m[Error][0m: chrif_accountban failed - player not online.
[1;33m[Warning][0m: pc_bonus: unknown type 0 2 !
[1;33m[Warning][0m: pc_bonus: unknown type 0 2 !
[1;33m[Warning][0m: pc_bonus: unknown type 0 2 !
[1;33m[Warning][0m: pc_bonus: unknown type 0 2 !
[1;33m[Warning][0m: pc_bonus: unknown type 0 2 !
[1;33m[Warning][0m: pc_bonus: unknown type 0 2 !
[1;33m[Warning][0m: pc_bonus: unknown type 0 2 !
[1;33m[Warning][0m: pc_bonus: unknown type 0 2 !
[1;31m[Error][0m: status_change_timer: Unexpected NULL status change id: 6003906 data: 112
[1;33m[Warning][0m: pc_bonus: unknown type 0 2 !
[1;31m[Error][0m: party_member_added: party 201279 not found.
[1;33m[Warning][0m: ers::destroy : 9 entries missing (possible double free), continuing destruction (entry size=20).[1;33m[Warning][0m: Memory manager: Memory leaks found and fixed.
[1;31m[Error][0m: mob_skill: Non existant Mob id 1956 at mob_skill_db.txt, line 4832
[1;33m[Warning][0m: pc_bonus: unknown type 0 2 !
[1;33m[Warning][0m: pc_bonus: unknown type 0 2 !
[1;33m[Warning][0m: pc_bonus: unknown type 0 2 !
[1;33m[Warning][0m: pc_bonus: unknown type 0 2 !
[1;33m[Warning][0m: pc_bonus: unknown type 0 2 !
[1;33m[Warning][0m: pc_bonus: unknown type 0 2 !
[1;33m[Warning][0m: pc_bonus: unknown type 0 2 !
[1;33m[Warning][0m: pc_bonus: unknown type 0 2 !
[1;33m[Warning][0m: pc_bonus: unknown type 0 2 !
[1;33m[Warning][0m: pc_bonus: unknown type 0 2 !
[1;33m[Warning][0m: pc_bonus: unknown type 0 2 !
[1;33m[Warning][0m: pc_bonus: unknown type 0 2 !
[1;33m[Warning][0m: pc_bonus: unknown type 0 2 !
[1;33m[Warning][0m: pc_bonus: unknown type 0 2 !
[1;33m[Warning][0m: pc_bonus: unknown type 0 2 !
[1;33m[Warning][0m: pc_bonus: unknown type 0 2 !
[1;33m[Warning][0m: pc_bonus: unknown type 0 2 !
[1;33m[Warning][0m: pc_bonus: unknown type 0 2 !
[1;33m[Warning][0m: pc_bonus: unknown type 0 2 !
[1;33m[Warning][0m: pc_bonus: unknown type 0 2 !
[1;33m[Warning][0m: pc_bonus: unknown type 0 2 !
[1;33m[Warning][0m: pc_bonus: unknown type 0 2 !
[1;33m[Warning][0m: pc_bonus: unknown type 0 2 !
[1;33m[Warning][0m: pc_bonus: unknown type 0 2 !
[1;33m[Warning][0m: pc_bonus: unknown type 0 2 !
[1;33m[Warning][0m: pc_bonus: unknown type 0 2 !
[1;33m[Warning][0m: pc_bonus: unknown type 0 2 !
[1;33m[Warning][0m: pc_bonus: unknown type 0 2 !
[1;33m[Warning][0m: pc_bonus: unknown type 0 2 !
[1;33m[Warning][0m: pc_bonus: unknown type 0 2 !
[1;33m[Warning][0m: pc_bonus: unknown type 0 2 !
[1;33m[Warning][0m: pc_bonus: unknown type 0 2 !
[1;33m[Warning][0m: pc_bonus: unknown type 0 2 !
[1;33m[Warning][0m: pc_bonus: unknown type 0 2 !
[1;33m[Warning][0m: pc_bonus: unknown type 0 2 !
[1;33m[Warning][0m: pc_bonus: unknown type 0 2 !
[1;33m[Warning][0m: pc_bonus: unknown type 0 2 !
[1;33m[Warning][0m: pc_bonus: unknown type 0 2 !
[1;33m[Warning][0m: pc_bonus: unknown type 0 2 !
[1;33m[Warning][0m: pc_bonus: unknown type 0 2 !
[1;33m[Warning][0m: pc_bonus: unknown type 0 2 !
[1;33m[Warning][0m: pc_bonus: unknown type 0 2 !
[1;33m[Warning][0m: pc_bonus: unknown type 0 2 !
[1;33m[Warning][0m: pc_bonus: unknown type 0 2 !
[1;33m[Warning][0m: pc_bonus: unknown type 0 2 !
[1;33m[Warning][0m: pc_bonus: unknown type 0 2 !
[1;33m[Warning][0m: pc_bonus: unknown type 0 2 !
[1;33m[Warning][0m: pc_bonus: unknown type 0 2 !
[1;33m[Warning][0m: pc_bonus: unknown type 0 2 !
[1;33m[Warning][0m: pc_bonus: unknown type 0 2 !
[1;33m[Warning][0m: pc_bonus: unknown type 0 2 !
[1;33m[Warning][0m: pc_bonus: unknown type 0 2 !
[1;33m[Warning][0m: pc_bonus: unknown type 0 2 !
[1;33m[Warning][0m: pc_bonus: unknown type 0 2 !
[1;33m[Warning][0m: pc_bonus: unknown type 0 2 !
[1;33m[Warning][0m: pc_bonus: unknown type 0 2 !
[1;33m[Warning][0m: pc_bonus: unknown type 0 2 !
[1;33m[Warning][0m: pc_bonus: unknown type 0 2 !
[1;33m[Warning][0m: pc_bonus: unknown type 0 2 !
[1;33m[Warning][0m: pc_bonus: unknown type 0 2 !
[1;33m[Warning][0m: pc_bonus: unknown type 0 2 !
[1;33m[Warning][0m: pc_bonus: unknown type 0 2 !
[1;33m[Warning][0m: pc_bonus: unknown type 0 2 !
[1;33m[Warning][0m: pc_bonus: unknown type 0 2 !
[1;33m[Warning][0m: pc_bonus: unknown type 0 2 !
[1;33m[Warning][0m: pc_bonus: unknown type 0 2 !
[1;33m[Warning][0m: pc_bonus: unknown type 0 2 !
[1;33m[Warning][0m: pc_bonus: unknown type 0 2 !
[1;33m[Warning][0m: pc_bonus: unknown type 0 2 !
[1;33m[Warning][0m: pc_bonus: unknown type 0 2 !
[1;33m[Warning][0m: pc_bonus: unknown type 0 2 !
[1;33m[Warning][0m: pc_bonus: unknown type 0 2 !
[1;33m[Warning][0m: pc_bonus: unknown type 0 2 !
[1;33m[Warning][0m: pc_bonus: unknown type 0 2 !
[1;33m[Warning][0m: pc_bonus: unknown type 0 2 !
[1;33m[Warning][0m: pc_bonus: unknown type 0 2 !
[1;33m[Warning][0m: pc_bonus: unknown type 0 2 !
[1;33m[Warning][0m: pc_bonus: unknown type 0 2 !
[1;33m[Warning][0m: pc_bonus: unknown type 0 2 !
[1;33m[Warning][0m: pc_bonus: unknown type 0 2 !
[1;33m[Warning][0m: pc_bonus: unknown type 0 2 !
[1;33m[Warning][0m: pc_bonus: unknown type 0 2 !
[1;33m[Warning][0m: pc_bonus: unknown type 0 2 !
[1;33m[Warning][0m: pc_bonus: unknown type 0 2 !
[1;33m[Warning][0m: pc_bonus: unknown type 0 2 !
[1;33m[Warning][0m: pc_bonus: unknown type 0 2 !
[1;33m[Warning][0m: pc_bonus: unknown type 0 2 !
[1;33m[Warning][0m: pc_bonus: unknown type 0 2 !
[1;33m[Warning][0m: pc_bonus: unknown type 0 2 !
[1;33m[Warning][0m: pc_bonus: unknown type 0 2 !
[1;33m[Warning][0m: pc_bonus: unknown type 0 2 !
[1;33m[Warning][0m: pc_bonus: unknown type 0 2 !
[1;33m[Warning][0m: pc_bonus: unknown type 0 2 !
[1;33m[Warning][0m: pc_bonus: unknown type 0 2 !
[1;33m[Warning][0m: pc_bonus: unknown type 0 2 !
[1;33m[Warning][0m: pc_bonus: unknown type 0 2 !
[1;33m[Warning][0m: pc_bonus: unknown type 0 2 !
[1;33m[Warning][0m: pc_bonus: unknown type 0 2 !
[1;33m[Warning][0m: pc_bonus: unknown type 0 2 !
[1;33m[Warning][0m: pc_bonus: unknown type 0 2 !
[1;33m[Warning][0m: pc_bonus: unknown type 0 2 !
[1;33m[Warning][0m: pc_bonus: unknown type 0 2 !
[1;33m[Warning][0m: pc_bonus: unknown type 0 2 !
[1;33m[Warning][0m: pc_bonus: unknown type 0 2 !
[1;33m[Warning][0m: pc_bonus: unknown type 0 2 !
[1;33m[Warning][0m: pc_bonus: unknown type 0 2 !
[1;33m[Warning][0m: pc_bonus: unknown type 0 2 !
[1;33m[Warning][0m: pc_bonus: unknown type 0 2 !
[1;33m[Warning][0m: pc_bonus: unknown type 0 2 !
[1;33m[Warning][0m: pc_bonus: unknown type 0 2 !
[1;33m[Warning][0m: pc_bonus: unknown type 0 2 !
[1;33m[Warning][0m: pc_bonus: unknown type 0 2 !
[1;33m[Warning][0m: pc_bonus: unknown type 0 2 !
[1;33m[Warning][0m: pc_bonus: unknown type 0 2 !
[1;33m[Warning][0m: pc_bonus: unknown type 0 2 !
[1;33m[Warning][0m: pc_bonus: unknown type 0 2 !
[1;33m[Warning][0m: pc_bonus: unknown type 0 2 !
[1;33m[Warning][0m: pc_bonus: unknown type 0 2 !
[1;33m[Warning][0m: pc_bonus: unknown type 0 2 !
[1;33m[Warning][0m: pc_bonus: unknown type 0 2 !
[1;33m[Warning][0m: pc_bonus: unknown type 0 2 !
[1;33m[Warning][0m: pc_bonus: unknown type 0 2 !
[1;33m[Warning][0m: pc_bonus: unknown type 0 2 !
[1;33m[Warning][0m: pc_bonus: unknown type 0 2 !
[1;33m[Warning][0m: pc_bonus: unknown type 0 2 !
[1;33m[Warning][0m: pc_bonus: unknown type 0 2 !
[1;33m[Warning][0m: pc_bonus: unknown type 0 2 !
[1;33m[Warning][0m: pc_bonus: unknown type 0 2 !
[1;33m[Warning][0m: pc_bonus: unknown type 0 2 !
[1;33m[Warning][0m: pc_bonus: unknown type 0 2 !
[1;33m[Warning][0m: pc_bonus: unknown type 0 2 !
[1;33m[Warning][0m: pc_bonus: unknown type 0 2 !
[1;33m[Warning][0m: pc_bonus: unknown type 0 2 !
[1;33m[Warning][0m: pc_bonus: unknown type 0 2 !
[1;33m[Warning][0m: pc_bonus: unknown type 0 2 !
[1;33m[Warning][0m: pc_bonus: unknown type 0 2 !
[1;33m[Warning][0m: pc_bonus: unknown type 0 2 !
[1;33m[Warning][0m: pc_bonus: unknown type 0 2 !
[1;33m[Warning][0m: pc_bonus: unknown type 0 2 !
[1;33m[Warning][0m: pc_bonus: unknown type 0 2 !
[1;33m[Warning][0m: pc_bonus: unknown type 0 2 !
[1;33m[Warning][0m: pc_bonus: unknown type 0 2 !
[1;33m[Warning][0m: pc_bonus: unknown type 0 2 !
[1;33m[Warning][0m: pc_bonus: unknown type 0 2 !
[1;33m[Warning][0m: pc_bonus: unknown type 0 2 !
[1;33m[Warning][0m: pc_bonus: unknown type 0 2 !
[1;33m[Warning][0m: pc_bonus: unknown type 0 2 !
[1;33m[Warning][0m: pc_bonus: unknown type 0 2 !
[1;33m[Warning][0m: pc_bonus: unknown type 0 2 !
[1;33m[Warning][0m: pc_bonus: unknown type 0 2 !
[1;33m[Warning][0m: pc_bonus: unknown type 0 2 !
[1;33m[Warning][0m: pc_bonus: unknown type 0 2 !
[1;33m[Warning][0m: pc_bonus: unknown type 0 2 !
[1;33m[Warning][0m: pc_bonus: unknown type 0 2 !
[1;33m[Warning][0m: pc_bonus: unknown type 0 2 !
[1;33m[Warning][0m: pc_bonus: unknown type 0 2 !
[1;33m[Warning][0m: pc_bonus: unknown type 0 2 !
[1;33m[Warning][0m: pc_bonus: unknown type 0 2 !
[1;33m[Warning][0m: pc_bonus: unknown type 0 2 !
[1;33m[Warning][0m: pc_bonus: unknown type 0 2 !
[1;33m[Warning][0m: pc_bonus: unknown type 0 2 !
[1;33m[Warning][0m: pc_bonus: unknown type 0 2 !
[1;33m[Warning][0m: pc_bonus: unknown type 0 2 !
[1;33m[Warning][0m: pc_bonus: unknown type 0 2 !
[1;33m[Warning][0m: pc_bonus: unknown type 0 2 !
[1;33m[Warning][0m: pc_bonus: unknown type 0 2 !
[1;33m[Warning][0m: pc_bonus: unknown type 0 2 !
[1;33m[Warning][0m: pc_bonus: unknown type 0 2 !
[1;33m[Warning][0m: pc_bonus: unknown type 0 2 !
[1;33m[Warning][0m: pc_bonus: unknown type 0 2 !
[1;33m[Warning][0m: pc_bonus: unknown type 0 2 !
[1;33m[Warning][0m: pc_bonus: unknown type 0 2 !
[1;33m[Warning][0m: pc_bonus: unknown type 0 2 !
[1;33m[Warning][0m: pc_bonus: unknown type 0 2 !
[1;33m[Warning][0m: pc_bonus: unknown type 0 2 !
[1;33m[Warning][0m: pc_bonus: unknown type 0 2 !
[1;33m[Warning][0m: pc_bonus: unknown type 0 2 !
[1;33m[Warning][0m: pc_bonus: unknown type 0 2 !
[1;33m[Warning][0m: pc_bonus: unknown type 0 2 !
[1;33m[Warning][0m: pc_bonus: unknown type 0 2 !
[1;33m[Warning][0m: pc_bonus: unknown type 0 2 !
[1;33m[Warning][0m: pc_bonus: unknown type 0 2 !
[1;33m[Warning][0m: pc_bonus: unknown type 0 2 !
[1;33m[Warning][0m: pc_bonus: unknown type 0 2 !
[1;33m[Warning][0m: pc_bonus: unknown type 0 2 !
[1;33m[Warning][0m: pc_bonus: unknown type 0 2 !
[1;33m[Warning][0m: pc_bonus: unknown type 0 2 !
[1;36m[Debug][0m: script debug : 0 110000124 : Base gefg_cas02 sem woe. prtg_cas01/prtg_cas02
[1;36m[Debug][0m: script debug : 0 110000003 : Base  sem woe. prtg_cas01/prtg_cas02
[1;33m[Warning][0m: pc_bonus: unknown type 0 2 !
[1;33m[Warning][0m: pc_bonus: unknown type 0 2 !
[1;33m[Warning][0m: pc_bonus: unknown type 0 2 !
[1;33m[Warning][0m: pc_bonus: unknown type 0 2 !
[1;33m[Warning][0m: pc_bonus: unknown type 0 2 !
[1;33m[Warning][0m: pc_bonus: unknown type 0 2 !
[1;33m[Warning][0m: pc_bonus: unknown type 0 2 !
[1;33m[Warning][0m: pc_bonus: unknown type 0 2 !
[1;33m[Warning][0m: pc_bonus: unknown type 0 2 !
[1;33m[Warning][0m: pc_bonus: unknown type 0 2 !
[1;33m[Warning][0m: npc_event: player's event queue is full, can't add event '#LvUpEvent::OnPCBaseLvUpEvent' !
[1;33m[Warning][0m: npc_event: player's event queue is full, can't add event '#LvUpEvent::OnPCBaseLvUpEvent' !
[1;33m[Warning][0m: npc_event: player's event queue is full, can't add event '#LvUpEvent::OnPCBaseLvUpEvent' !
[1;33m[Warning][0m: npc_event: player's event queue is full, can't add event '#LvUpEvent::OnPCBaseLvUpEvent' !
[1;33m[Warning][0m: npc_event: player's event queue is full, can't add event '#LvUpEvent::OnPCBaseLvUpEvent' !
[1;33m[Warning][0m: npc_event: player's event queue is full, can't add event '#LvUpEvent::OnPCBaseLvUpEvent' !
[1;33m[Warning][0m: pc_bonus: unknown type 0 2 !
[1;33m[Warning][0m: pc_bonus: unknown type 0 2 !
[1;33m[Warning][0m: pc_bonus: unknown type 0 2 !
[1;33m[Warning][0m: pc_bonus: unknown type 0 2 !
[1;33m[Warning][0m: pc_bonus: unknown type 0 2 !
[1;33m[Warning][0m: pc_bonus: unknown type 0 2 !
[1;33m[Warning][0m: pc_bonus: unknown type 0 2 !
[1;33m[Warning][0m: pc_bonus: unknown type 0 2 !
[1;36m[Debug][0m: unit_remove_map: unexpected state when removing player AID/CID:4003952/671064 (active=1 connect_new=0 rewarp=0 changemap=0 debug_remove_map=1) from map=prtg_cas01 (users=2). Previous call from c:\server\easvn\src\map\unit.c:1798(), current call from c:\server\easvn\src\map\unit.c:1798(). Please report this!!!
[1;33m[Warning][0m: pc_bonus: unknown type 0 2 !
[1;33m[Warning][0m: pc_bonus: unknown type 0 2 !
[1;33m[Warning][0m: pc_bonus: unknown type 0 2 !
[1;33m[Warning][0m: pc_bonus: unknown type 0 2 !
[1;33m[Warning][0m: pc_bonus: unknown type 0 2 !
[1;33m[Warning][0m: pc_bonus: unknown type 0 2 !
[1;33m[Warning][0m: pc_bonus: unknown type 0 2 !
[1;33m[Warning][0m: pc_bonus: unknown type 0 2 !
[1;33m[Warning][0m: pc_bonus: unknown type 0 2 !
[1;33m[Warning][0m: pc_bonus: unknown type 0 2 !
[1;33m[Warning][0m: pc_bonus: unknown type 0 2 !
[1;33m[Warning][0m: pc_bonus: unknown type 0 2 !
[1;33m[Warning][0m: pc_bonus: unknown type 0 2 !
[1;33m[Warning][0m: pc_bonus: unknown type 0 2 !
[1;33m[Warning][0m: pc_bonus: unknown type 0 2 !
[1;33m[Warning][0m: pc_bonus: unknown type 0 2 !
[1;33m[Warning][0m: pc_bonus: unknown type 0 2 !
[1;33m[Warning][0m: pc_bonus: unknown type 0 2 !
[1;33m[Warning][0m: pc_bonus: unknown type 0 2 !
[1;33m[Warning][0m: pc_bonus: unknown type 0 2 !
[1;33m[Warning][0m: pc_bonus: unknown type 0 2 !
[1;33m[Warning][0m: pc_bonus: unknown type 0 2 !
[1;33m[Warning][0m: pc_bonus: unknown type 0 2 !
[1;33m[Warning][0m: pc_bonus: unknown type 0 2 !
[1;33m[Warning][0m: pc_bonus: unknown type 0 2 !
[1;33m[Warning][0m: pc_bonus: unknown type 0 2 !
[1;33m[Warning][0m: pc_bonus: unknown type 0 2 !
[1;33m[Warning][0m: pc_bonus: unknown type 0 2 !
[1;33m[Warning][0m: pc_bonus: unknown type 0 2 !
[1;33m[Warning][0m: pc_bonus: unknown type 0 2 !
[1;33m[Warning][0m: pc_bonus: unknown type 0 2 !
[1;33m[Warning][0m: pc_bonus: unknown type 0 2 !
[1;33m[Warning][0m: pc_bonus: unknown type 0 2 !
[1;33m[Warning][0m: pc_bonus: unknown type 0 2 !
[1;33m[Warning][0m: pc_bonus: unknown type 0 2 !
[1;33m[Warning][0m: pc_bonus: unknown type 0 2 !
[1;33m[Warning][0m: pc_bonus: unknown type 0 2 !
[1;33m[Warning][0m: pc_bonus: unknown type 0 2 !
[1;33m[Warning][0m: pc_bonus: unknown type 0 2 !
[1;33m[Warning][0m: pc_bonus: unknown type 0 2 !
[1;33m[Warning][0m: pc_bonus: unknown type 0 2 !
[1;33m[Warning][0m: pc_bonus: unknown type 0 2 !
[1;36m[Debug][0m: unit_remove_map: unexpected state when removing player AID/CID:4003952/671064 (active=1 connect_new=0 rewarp=0 changemap=0 debug_remove_map=1) from map=prtg_cas02 (users=1). Previous call from c:\server\easvn\src\map\unit.c:1798(), current call from c:\server\easvn\src\map\unit.c:1798(). Please report this!!!
[1;33m[Warning][0m: pc_bonus: unknown type 0 2 !
[1;36m[Debug][0m: script debug : 0 110000124 : Sem woe no gefg_cas02 (prtg_cas01/prtg_cas02)
[1;36m[Debug][0m: script debug : 0 110000003 : Sem woe no  (prtg_cas01/prtg_cas02)
[1;33m[Warning][0m: pc_bonus: unknown type 0 2 !
[1;33m[Warning][0m: pc_bonus: unknown type 0 2 !
[1;33m[Warning][0m: pc_bonus: unknown type 0 2 !
[1;33m[Warning][0m: pc_bonus: unknown type 0 2 !
[1;33m[Warning][0m: pc_bonus: unknown type 0 2 !
[1;33m[Warning][0m: pc_bonus: unknown type 0 2 !
[1;33m[Warning][0m: pc_bonus: unknown type 0 2 !
[1;33m[Warning][0m: pc_bonus: unknown type 0 2 !
[1;33m[Warning][0m: pc_bonus: unknown type 0 2 !
[1;33m[Warning][0m: pc_bonus: unknown type 0 2 !
[1;33m[Warning][0m: pc_bonus: unknown type 0 2 !
[1;33m[Warning][0m: pc_bonus: unknown type 0 2 !
[1;33m[Warning][0m: pc_bonus: unknown type 0 2 !
[1;33m[Warning][0m: pc_bonus: unknown type 0 2 !
[1;33m[Warning][0m: pc_bonus: unknown type 0 2 !
[1;33m[Warning][0m: pc_bonus: unknown type 0 2 !
[1;33m[Warning][0m: pc_bonus: unknown type 0 2 !
[1;33m[Warning][0m: pc_bonus: unknown type 0 2 !
[1;33m[Warning][0m: pc_bonus: unknown type 0 2 !
[1;33m[Warning][0m: pc_bonus: unknown type 0 2 !
[1;33m[Warning][0m: pc_bonus: unknown type 0 2 !
[1;33m[Warning][0m: pc_bonus: unknown type 0 2 !
[1;33m[Warning][0m: pc_bonus: unknown type 0 2 !
[1;33m[Warning][0m: pc_bonus: unknown type 0 2 !
[1;33m[Warning][0m: pc_bonus: unknown type 0 2 !
[1;33m[Warning][0m: pc_bonus: unknown type 0 2 !
[1;33m[Warning][0m: pc_bonus: unknown type 0 2 !
[1;33m[Warning][0m: pc_bonus: unknown type 0 2 !
[1;33m[Warning][0m: pc_bonus: unknown type 0 2 !
[1;33m[Warning][0m: pc_bonus: unknown type 0 2 !
[1;33m[Warning][0m: pc_bonus: unknown type 0 2 !
[1;33m[Warning][0m: pc_bonus: unknown type 0 2 !
[1;33m[Warning][0m: pc_bonus: unknown type 0 2 !
[1;33m[Warning][0m: pc_bonus: unknown type 0 2 !
[1;33m[Warning][0m: pc_bonus: unknown type 0 2 !
[1;33m[Warning][0m: pc_bonus: unknown type 0 2 !
[1;33m[Warning][0m: pc_bonus: unknown type 0 2 !
[1;33m[Warning][0m: pc_bonus: unknown type 0 2 !
[1;33m[Warning][0m: pc_bonus: unknown type 0 2 !
[1;33m[Warning][0m: pc_bonus: unknown type 0 2 !
[1;33m[Warning][0m: pc_bonus: unknown type 0 2 !
[1;33m[Warning][0m: pc_bonus: unknown type 0 2 !
[1;33m[Warning][0m: pc_bonus: unknown type 0 2 !
[1;33m[Warning][0m: pc_bonus: unknown type 0 2 !
[1;33m[Warning][0m: pc_bonus: unknown type 0 2 !
[1;33m[Warning][0m: pc_bonus: unknown type 0 2 !
[1;33m[Warning][0m: pc_bonus: unknown type 0 2 !
[1;33m[Warning][0m: pc_bonus: unknown type 0 2 !
[1;33m[Warning][0m: pc_bonus: unknown type 0 2 !
[1;33m[Warning][0m: pc_bonus: unknown type 0 2 !
[1;33m[Warning][0m: pc_bonus: unknown type 0 2 !
[1;33m[Warning][0m: pc_bonus: unknown type 0 2 !
[1;33m[Warning][0m: pc_bonus: unknown type 0 2 !
[1;33m[Warning][0m: pc_bonus: unknown type 0 2 !
[1;33m[Warning][0m: pc_bonus: unknown type 0 2 !
[1;33m[Warning][0m: pc_bonus: unknown type 0 2 !
[1;33m[Warning][0m: pc_bonus: unknown type 0 2 !
[1;33m[Warning][0m: pc_bonus: unknown type 0 2 !
[1;33m[Warning][0m: pc_bonus: unknown type 0 2 !
[1;33m[Warning][0m: pc_bonus: unknown type 0 2 !
[1;33m[Warning][0m: pc_bonus: unknown type 0 2 !
[1;33m[Warning][0m: pc_bonus: unknown type 0 2 !
[1;33m[Warning][0m: pc_bonus: unknown type 0 2 !
[1;33m[Warning][0m: pc_bonus: unknown type 0 2 !
[1;33m[Warning][0m: pc_bonus: unknown type 0 2 !
[1;33m[Warning][0m: pc_bonus: unknown type 0 2 !
[1;33m[Warning][0m: pc_bonus: unknown type 0 2 !
[1;33m[Warning][0m: pc_bonus: unknown type 0 2 !
[1;33m[Warning][0m: pc_bonus: unknown type 0 2 !
[1;33m[Warning][0m: pc_bonus: unknown type 0 2 !
[1;33m[Warning][0m: pc_bonus: unknown type 0 2 !
[1;33m[Warning][0m: pc_bonus: unknown type 0 2 !
[1;33m[Warning][0m: pc_bonus: unknown type 0 2 !
[1;33m[Warning][0m: pc_bonus: unknown type 0 2 !
[1;33m[Warning][0m: pc_bonus: unknown type 0 2 !
[1;33m[Warning][0m: pc_bonus: unknown type 0 2 !
[1;33m[Warning][0m: itemdb_search: Item ID 9 does not exists in the item_db. Using dummy data.
[1;33m[Warning][0m: npc_event: player's event queue is full, can't add event '#LvUpEvent::OnPCBaseLvUpEvent' !
[1;33m[Warning][0m: npc_event: player's event queue is full, can't add event '#LvUpEvent::OnPCBaseLvUpEvent' !
[1;31m[Error][0m: status_change_timer: Unexpected NULL status change id: 2016946 data: 112
[1;31m[Error][0m: status_change_timer: Unexpected NULL status change id: 6014706 data: 112
[1;33m[Warning][0m: pc_bonus: unknown type 0 2 !
[1;33m[Warning][0m: pc_bonus: unknown type 0 2 !
[1;33m[Warning][0m: pc_bonus: unknown type 0 2 !
[1;33m[Warning][0m: pc_bonus: unknown type 0 2 !
[1;33m[Warning][0m: pc_bonus: unknown type 0 2 !
[1;33m[Warning][0m: pc_bonus: unknown type 0 2 !
[1;33m[Warning][0m: pc_bonus: unknown type 0 2 !
[1;33m[Warning][0m: pc_bonus: unknown type 0 2 !
[1;33m[Warning][0m: pc_bonus: unknown type 0 2 !
[1;33m[Warning][0m: pc_bonus: unknown type 0 2 !
[1;33m[Warning][0m: pc_bonus: unknown type 0 2 !
[1;33m[Warning][0m: pc_bonus: unknown type 0 2 !
[1;33m[Warning][0m: pc_bonus: unknown type 0 2 !
[1;33m[Warning][0m: pc_bonus: unknown type 0 2 !
[1;33m[Warning][0m: pc_bonus: unknown type 0 2 !
[1;33m[Warning][0m: pc_bonus: unknown type 0 2 !
[1;33m[Warning][0m: pc_bonus: unknown type 0 2 !
[1;33m[Warning][0m: pc_bonus: unknown type 0 2 !
[1;33m[Warning][0m: pc_bonus: unknown type 0 2 !
[1;33m[Warning][0m: clif_process_message: Player 'Pequeno.Justiseiro' sent an unterminated name!
[1;36m[Debug][0m: npc_scriptcont: 'Unknown NPC' (sd->npc_id=0) is not Armazém#2 (id=110000225).
[1;33m[Warning][0m: pc_bonus: unknown type 0 2 !
[1;33m[Warning][0m: pc_bonus: unknown type 0 2 !
[1;33m[Warning][0m: pc_bonus: unknown type 0 2 !
[1;33m[Warning][0m: pc_bonus: unknown type 0 2 !
[1;33m[Warning][0m: pc_bonus: unknown type 0 2 !
[1;33m[Warning][0m: pc_bonus: unknown type 0 2 !
[1;33m[Warning][0m: pc_bonus: unknown type 0 2 !
[1;33m[Warning][0m: pc_bonus: unknown type 0 2 !
[1;33m[Warning][0m: pc_bonus: unknown type 0 2 !
[1;33m[Warning][0m: pc_bonus: unknown type 0 2 !
[1;33m[Warning][0m: pc_bonus: unknown type 0 2 !
[1;33m[Warning][0m: pc_bonus: unknown type 0 2 !
[1;36m[Debug][0m: unit_remove_map: unexpected state when removing player AID/CID:6024578/688844 (active=1 connect_new=0 rewarp=0 changemap=1 debug_remove_map=1) from map=schg_cas03 (users=29). Previous call from c:\server\easvn\src\map\unit.c:1798(), current call from c:\server\easvn\src\map\unit.c:1798(). Please report this!!!
[1;36m[Debug][0m: script debug : 0 110000124 : Base gefg_cas02 sem woe. prtg_cas01/prtg_cas02
[1;36m[Debug][0m: script debug : 0 110000003 : Base  sem woe. prtg_cas01/prtg_cas02
[1;33m[Warning][0m: pc_bonus: unknown type 0 2 !
[1;33m[Warning][0m: pc_bonus: unknown type 0 2 !
[1;33m[Warning][0m: pc_bonus: unknown type 0 2 !
[1;33m[Warning][0m: pc_bonus: unknown type 0 2 !
[1;33m[Warning][0m: pc_bonus: unknown type 0 2 !
[1;33m[Warning][0m: pc_bonus: unknown type 0 2 !
[1;33m[Warning][0m: pc_bonus: unknown type 0 2 !
[1;33m[Warning][0m: pc_bonus: unknown type 0 2 !
[1;31m[Error][0m: status_change_timer: Unexpected NULL status change id: 6019629 data: 112
[1;33m[Warning][0m: npc_scriptcont: failed npc_checknear test.
[1;36m[Debug][0m: unit_remove_map: unexpected state when removing player AID/CID:6014706/658443 (active=1 connect_new=0 rewarp=0 changemap=0 debug_remove_map=1) from map=prtg_cas02 (users=7). Previous call from c:\server\easvn\src\map\unit.c:1798(), current call from c:\server\easvn\src\map\unit.c:1798(). Please report this!!!
[1;33m[Warning][0m: clif_process_message: Player 'dfgser [F]' sent an unterminated name!
[1;33m[Warning][0m: clif_process_message: Player 'dfgser [F]' sent an unterminated name!
[1;36m[Debug][0m: script debug : 0 110000124 : Sem woe no gefg_cas02 (prtg_cas01/prtg_cas02)
[1;36m[Debug][0m: script debug : 0 110000003 : Sem woe no  (prtg_cas01/prtg_cas02)
[1;36m[Debug][0m: unit_remove_map: unexpected state when removing player AID/CID:6023939/686670 (active=1 connect_new=0 rewarp=0 changemap=1 debug_remove_map=1) from map=gld_dun04 (users=0). Previous call from c:\server\easvn\src\map\unit.c:1798(), current call from c:\server\easvn\src\map\unit.c:1798(). Please report this!!!
[1;33m[Warning][0m: pc_bonus: unknown type 0 2 !
[1;33m[Warning][0m: pc_bonus: unknown type 0 2 !
[1;33m[Warning][0m: pc_bonus: unknown type 0 2 !
[1;33m[Warning][0m: pc_bonus: unknown type 0 2 !
[1;33m[Warning][0m: pc_bonus: unknown type 0 2 !
[1;33m[Warning][0m: pc_bonus: unknown type 0 2 !
[1;33m[Warning][0m: pc_bonus: unknown type 0 2 !
[1;33m[Warning][0m: pc_bonus: unknown type 0 2 !
[1;33m[Warning][0m: pc_bonus: unknown type 0 2 !
[1;33m[Warning][0m: pc_bonus: unknown type 0 2 !
[1;33m[Warning][0m: pc_bonus: unknown type 0 2 !
[1;33m[Warning][0m: pc_bonus: unknown type 0 2 !
[1;33m[Warning][0m: pc_bonus: unknown type 0 2 !
[1;33m[Warning][0m: pc_bonus: unknown type 0 2 !
[1;33m[Warning][0m: pc_bonus: unknown type 0 2 !
[1;33m[Warning][0m: pc_bonus: unknown type 0 2 !
[1;33m[Warning][0m: pc_bonus: unknown type 0 2 !
[1;33m[Warning][0m: pc_bonus: unknown type 0 2 !
[1;33m[Warning][0m: pc_bonus: unknown type 0 2 !
[1;33m[Warning][0m: pc_bonus: unknown type 0 2 !
[1;33m[Warning][0m: pc_bonus: unknown type 0 2 !
[1;33m[Warning][0m: pc_bonus: unknown type 0 2 !
[1;33m[Warning][0m: pc_bonus: unknown type 0 2 !
[1;33m[Warning][0m: pc_bonus: unknown type 0 2 !
[1;33m[Warning][0m: pc_bonus: unknown type 0 2 !
[1;33m[Warning][0m: pc_bonus: unknown type 0 2 !
[1;33m[Warning][0m: pc_bonus: unknown type 0 2 !
[1;33m[Warning][0m: pc_bonus: unknown type 0 2 !
[1;33m[Warning][0m: pc_bonus: unknown type 0 2 !
[1;33m[Warning][0m: npc_event: player's event queue is full, can't add event '#LvUpEvent::OnPCBaseLvUpEvent' !
[1;33m[Warning][0m: npc_event: player's event queue is full, can't add event '#LvUpEvent::OnPCBaseLvUpEvent' !
[1;33m[Warning][0m: npc_event: player's event queue is full, can't add event '#LvUpEvent::OnPCBaseLvUpEvent' !
[1;33m[Warning][0m: npc_event: player's event queue is full, can't add event '#LvUpEvent::OnPCBaseLvUpEvent' !
[1;33m[Warning][0m: npc_event: player's event queue is full, can't add event '#LvUpEvent::OnPCBaseLvUpEvent' !
[1;33m[Warning][0m: npc_event: player's event queue is full, can't add event '#LvUpEvent::OnPCBaseLvUpEvent' !
[1;33m[Warning][0m: npc_event: player's event queue is full, can't add event '#LvUpEvent::OnPCBaseLvUpEvent' !
[1;33m[Warning][0m: npc_event: player's event queue is full, can't add event '#LvUpEvent::OnPCBaseLvUpEvent' !
[1;36m[Debug][0m: npc_scriptcont: 'Unknown NPC' (sd->npc_id=0) is not Choco (id=110000256).
[1;31m[Error][0m: wrong egg item inventory 3
[1;31m[Error][0m: wrong egg item inventory 3
[1;31m[Error][0m: wrong egg item inventory 8
[1;31m[Error][0m: wrong egg item inventory 8
[1;31m[Error][0m: wrong egg item inventory 24
[1;31m[Error][0m: wrong egg item inventory 41
[1;31m[Error][0m: wrong egg item inventory 40
[1;31m[Error][0m: wrong egg item inventory 39
[1;31m[Error][0m: wrong egg item inventory 36
[1;33m[Warning][0m: clif_process_message: Player 'Duo lon *' sent an unterminated name!
[1;33m[Warning][0m: pc_bonus: unknown type 0 2 !
[1;33m[Warning][0m: pc_bonus: unknown type 0 2 !
[1;33m[Warning][0m: pc_bonus: unknown type 0 2 !
[1;33m[Warning][0m: pc_bonus: unknown type 0 2 !
[1;33m[Warning][0m: pc_bonus: unknown type 0 2 !
[1;33m[Warning][0m: pc_bonus: unknown type 0 2 !
[1;33m[Warning][0m: pc_bonus: unknown type 0 2 !
[1;33m[Warning][0m: pc_bonus: unknown type 0 2 !
[1;33m[Warning][0m: pc_bonus: unknown type 0 2 !
[1;33m[Warning][0m: pc_bonus: unknown type 0 2 !
[1;33m[Warning][0m: pc_bonus: unknown type 0 2 !
[1;33m[Warning][0m: pc_bonus: unknown type 0 2 !
[1;33m[Warning][0m: pc_bonus: unknown type 0 2 !
[1;33m[Warning][0m: pc_bonus: unknown type 0 2 !
[1;33m[Warning][0m: pc_bonus: unknown type 0 2 !
[1;33m[Warning][0m: pc_bonus: unknown type 0 2 !
[1;33m[Warning][0m: pc_bonus: unknown type 0 2 !
[1;33m[Warning][0m: pc_bonus: unknown type 0 2 !
[1;33m[Warning][0m: pc_bonus: unknown type 0 2 !
[1;33m[Warning][0m: pc_bonus: unknown type 0 2 !
[1;33m[Warning][0m: pc_bonus: unknown type 0 2 !
[1;33m[Warning][0m: pc_bonus: unknown type 0 2 !
[1;33m[Warning][0m: pc_bonus: unknown type 0 2 !
[1;33m[Warning][0m: pc_bonus: unknown type 0 2 !
[1;33m[Warning][0m: pc_bonus: unknown type 0 2 !
[1;33m[Warning][0m: pc_bonus: unknown type 0 2 !
[1;33m[Warning][0m: pc_bonus: unknown type 0 2 !
[1;33m[Warning][0m: pc_bonus: unknown type 0 2 !
[1;33m[Warning][0m: pc_bonus: unknown type 0 2 !
[1;33m[Warning][0m: pc_bonus: unknown type 0 2 !
[1;33m[Warning][0m: pc_bonus: unknown type 0 2 !
[1;33m[Warning][0m: pc_bonus: unknown type 0 2 !
[1;33m[Warning][0m: pc_bonus: unknown type 0 2 !
[1;33m[Warning][0m: pc_bonus: unknown type 0 2 !
[1;33m[Warning][0m: pc_bonus: unknown type 0 2 !
[1;33m[Warning][0m: pc_bonus: unknown type 0 2 !
[1;33m[Warning][0m: pc_bonus: unknown type 0 2 !
[1;33m[Warning][0m: pc_bonus: unknown type 0 2 !
[1;33m[Warning][0m: pc_bonus: unknown type 0 2 !
[1;33m[Warning][0m: pc_bonus: unknown type 0 2 !
[1;33m[Warning][0m: pc_bonus: unknown type 0 2 !
[1;33m[Warning][0m: pc_bonus: unknown type 0 2 !
[1;33m[Warning][0m: pc_bonus: unknown type 0 2 !
[1;33m[Warning][0m: pc_bonus: unknown type 0 2 !
[1;33m[Warning][0m: pc_bonus: unknown type 0 2 !
[1;33m[Warning][0m: pc_bonus: unknown type 0 2 !
[1;33m[Warning][0m: pc_bonus: unknown type 0 2 !
[1;33m[Warning][0m: pc_bonus: unknown type 0 2 !
[1;33m[Warning][0m: pc_bonus: unknown type 0 2 !
[1;33m[Warning][0m: pc_bonus: unknown type 0 2 !
[1;33m[Warning][0m: pc_bonus: unknown type 0 2 !
[1;33m[Warning][0m: pc_bonus: unknown type 0 2 !
[1;33m[Warning][0m: pc_bonus: unknown type 0 2 !
[1;33m[Warning][0m: pc_bonus: unknown type 0 2 !
[1;33m[Warning][0m: pc_bonus: unknown type 0 2 !
[1;33m[Warning][0m: pc_bonus: unknown type 0 2 !
[1;33m[Warning][0m: pc_bonus: unknown type 0 2 !
[1;33m[Warning][0m: pc_bonus: unknown type 0 2 !
[1;33m[Warning][0m: pc_bonus: unknown type 0 2 !
[1;33m[Warning][0m: pc_bonus: unknown type 0 2 !
[1;33m[Warning][0m: pc_bonus: unknown type 0 2 !
[1;33m[Warning][0m: pc_bonus: unknown type 0 2 !
[1;33m[Warning][0m: pc_bonus: unknown type 0 2 !
[1;33m[Warning][0m: pc_bonus: unknown type 0 2 !
[1;33m[Warning][0m: pc_bonus: unknown type 0 2 !
[1;33m[Warning][0m: pc_bonus: unknown type 0 2 !
[1;33m[Warning][0m: pc_bonus: unknown type 0 2 !
[1;33m[Warning][0m: pc_bonus: unknown type 0 2 !
[1;33m[Warning][0m: pc_bonus: unknown type 0 2 !
[1;33m[Warning][0m: pc_bonus: unknown type 0 2 !
[1;33m[Warning][0m: pc_bonus: unknown type 0 2 !
[1;33m[Warning][0m: pc_bonus: unknown type 0 2 !
[1;33m[Warning][0m: pc_bonus: unknown type 0 2 !
[1;33m[Warning][0m: pc_bonus: unknown type 0 2 !
[1;33m[Warning][0m: pc_bonus: unknown type 0 2 !
[1;33m[Warning][0m: pc_bonus: unknown type 0 2 !
[1;33m[Warning][0m: pc_bonus: unknown type 0 2 !
[1;33m[Warning][0m: pc_bonus: unknown type 0 2 !
[1;33m[Warning][0m: pc_bonus: unknown type 0 2 !
[1;33m[Warning][0m: pc_bonus: unknown type 0 2 !
[1;33m[Warning][0m: pc_bonus: unknown type 0 2 !
[1;33m[Warning][0m: pc_bonus: unknown type 0 2 !
[1;33m[Warning][0m: pc_bonus: unknown type 0 2 !
[1;33m[Warning][0m: pc_bonus: unknown type 0 2 !
[1;33m[Warning][0m: pc_bonus: unknown type 0 2 !
[1;33m[Warning][0m: pc_bonus: unknown type 0 2 !
[1;33m[Warning][0m: pc_bonus: unknown type 0 2 !
[1;33m[Warning][0m: pc_bonus: unknown type 0 2 !
[1;33m[Warning][0m: pc_bonus: unknown type 0 2 !
[1;33m[Warning][0m: pc_bonus: unknown type 0 2 !
[1;33m[Warning][0m: pc_bonus: unknown type 0 2 !
[1;33m[Warning][0m: pc_bonus: unknown type 0 2 !
[1;33m[Warning][0m: pc_bonus: unknown type 0 2 !
[1;33m[Warning][0m: pc_bonus: unknown type 0 2 !
[1;33m[Warning][0m: pc_bonus: unknown type 0 2 !
[1;33m[Warning][0m: pc_bonus: unknown type 0 2 !
[1;33m[Warning][0m: pc_bonus: unknown type 0 2 !
[1;33m[Warning][0m: pc_bonus: unknown type 0 2 !
[1;33m[Warning][0m: pc_bonus: unknown type 0 2 !
[1;33m[Warning][0m: Map Server disconnected from Char Server.

[1;33m[Warning][0m: pc_bonus: unknown type 0 2 !
[1;33m[Warning][0m: clif_process_message: Player '[TR] Supra Sacer [F]' sent an unterminated name!
[1;33m[Warning][0m: pc_bonus: unknown type 0 2 !
[1;33m[Warning][0m: pc_bonus: unknown type 0 2 !
[1;33m[Warning][0m: pc_bonus: unknown type 0 2 !
[1;33m[Warning][0m: pc_bonus: unknown type 0 2 !
[1;33m[Warning][0m: pc_bonus: unknown type 0 2 !
[1;33m[Warning][0m: pc_bonus: unknown type 0 2 !
[1;33m[Warning][0m: pc_bonus: unknown type 0 2 !
[1;33m[Warning][0m: pc_bonus: unknown type 0 2 !
[1;33m[Warning][0m: pc_bonus: unknown type 0 2 !
[1;33m[Warning][0m: pc_bonus: unknown type 0 2 !
[1;33m[Warning][0m: pc_bonus: unknown type 0 2 !
[1;33m[Warning][0m: pc_bonus: unknown type 0 2 !
[1;33m[Warning][0m: pc_bonus: unknown type 0 2 !
[1;33m[Warning][0m: pc_bonus: unknown type 0 2 !
[1;33m[Warning][0m: pc_bonus: unknown type 0 2 !
[1;36m[Debug][0m: unit_remove_map: unexpected state when removing player AID/CID:6024782/689806 (active=1 connect_new=0 rewarp=0 changemap=1 debug_remove_map=1) from map=gld_dun04 (users=0). Previous call from c:\server\easvn\src\map\unit.c:1798(), current call from c:\server\easvn\src\map\unit.c:1798(). Please report this!!!
[1;36m[Debug][0m: script debug : 0 110000085 : Base prtg_cas02 sem woe. arug_cas03/
[1;36m[Debug][0m: script debug : 0 110000124 : Base gefg_cas02 sem woe. arug_cas03/
[1;36m[Debug][0m: script debug : 0 110000046 : Base prtg_cas01 sem woe. arug_cas03/
[1;33m[Warning][0m: pc_bonus: unknown type 0 2 !
[1;31m[Error][0m: status_change_timer: Unexpected NULL status change id: 6018769 data: 112
[1;33m[Warning][0m: pc_bonus: unknown type 0 2 !
[1;33m[Warning][0m: pc_bonus: unknown type 0 2 !
[1;33m[Warning][0m: pc_bonus: unknown type 0 2 !
[1;33m[Warning][0m: pc_bonus: unknown type 0 2 !
[1;33m[Warning][0m: pc_bonus: unknown type 0 2 !
[1;33m[Warning][0m: pc_bonus: unknown type 0 2 !
[1;33m[Warning][0m: pc_bonus: unknown type 0 2 !
[1;36m[Debug][0m: script debug : 0 110000124 : Sem woe no gefg_cas02 (arug_cas03/)
[1;36m[Debug][0m: script debug : 0 110000085 : Sem woe no prtg_cas02 (arug_cas03/)
[1;36m[Debug][0m: script debug : 0 110000046 : Sem woe no prtg_cas01 (arug_cas03/)
[1;33m[Warning][0m: clif_process_message: Player 'Shadow Kick' sent an unterminated name!
[1;33m[Warning][0m: pc_bonus: unknown type 0 2 !
[1;33m[Warning][0m: pc_bonus: unknown type 0 2 !
[1;33m[Warning][0m: pc_bonus: unknown type 0 2 !
[1;33m[Warning][0m: pc_bonus: unknown type 0 2 !
[1;33m[Warning][0m: pc_bonus: unknown type 0 2 !
[1;33m[Warning][0m: pc_bonus: unknown type 0 2 !
[1;33m[Warning][0m: pc_bonus: unknown type 0 2 !
[1;33m[Warning][0m: pc_bonus: unknown type 0 2 !
[1;33m[Warning][0m: pc_bonus: unknown type 0 2 !
[1;33m[Warning][0m: pc_bonus: unknown type 0 2 !
[1;33m[Warning][0m: pc_bonus: unknown type 0 2 !
[1;33m[Warning][0m: pc_bonus: unknown type 0 2 !
[1;33m[Warning][0m: pc_bonus: unknown type 0 2 !
[1;33m[Warning][0m: pc_bonus: unknown type 0 2 !
[1;33m[Warning][0m: pc_bonus: unknown type 0 2 !
[1;33m[Warning][0m: pc_bonus: unknown type 0 2 !
[1;33m[Warning][0m: pc_bonus: unknown type 0 2 !
[1;33m[Warning][0m: pc_bonus: unknown type 0 2 !
[1;33m[Warning][0m: pc_bonus: unknown type 0 2 !
[1;33m[Warning][0m: pc_bonus: unknown type 0 2 !
[1;33m[Warning][0m: pc_bonus: unknown type 0 2 !
[1;33m[Warning][0m: pc_bonus: unknown type 0 2 !
[1;33m[Warning][0m: pc_bonus: unknown type 0 2 !
[1;33m[Warning][0m: pc_bonus: unknown type 0 2 !
[1;33m[Warning][0m: pc_bonus: unknown type 0 2 !
[1;33m[Warning][0m: pc_bonus: unknown type 0 2 !
[1;33m[Warning][0m: pc_bonus: unknown type 0 2 !
[1;33m[Warning][0m: pc_bonus: unknown type 0 2 !
[1;33m[Warning][0m: pc_bonus: unknown type 0 2 !
[1;33m[Warning][0m: pc_bonus: unknown type 0 2 !
[1;33m[Warning][0m: pc_bonus: unknown type 0 2 !
[1;33m[Warning][0m: pc_bonus: unknown type 0 2 !
[1;33m[Warning][0m: pc_bonus: unknown type 0 2 !
[1;33m[Warning][0m: pc_bonus: unknown type 0 2 !
[1;33m[Warning][0m: pc_bonus: unknown type 0 2 !
[1;33m[Warning][0m: pc_bonus: unknown type 0 2 !
[1;33m[Warning][0m: pc_bonus: unknown type 0 2 !
[1;36m[Debug][0m: script debug : 0 110000085 : Base prtg_cas02 sem woe. arug_cas03/
[1;36m[Debug][0m: script debug : 0 110000124 : Base gefg_cas02 sem woe. arug_cas03/
[1;36m[Debug][0m: script debug : 0 110000046 : Base prtg_cas01 sem woe. arug_cas03/
[1;36m[Debug][0m: script debug : 0 110000124 : Sem woe no gefg_cas02 (arug_cas03/)
[1;36m[Debug][0m: script debug : 0 110000085 : Sem woe no prtg_cas02 (arug_cas03/)
[1;36m[Debug][0m: script debug : 0 110000046 : Sem woe no prtg_cas01 (arug_cas03/)
[1;33m[Warning][0m: npc_scriptcont: failed npc_checknear test.
[1;33m[Warning][0m: pc_bonus: unknown type 0 2 !
[1;33m[Warning][0m: pc_bonus: unknown type 0 2 !
[1;33m[Warning][0m: pc_bonus: unknown type 0 2 !
[1;33m[Warning][0m: pc_bonus: unknown type 0 2 !
[1;33m[Warning][0m: pc_bonus: unknown type 0 2 !
[1;33m[Warning][0m: pc_bonus: unknown type 0 2 !
[1;33m[Warning][0m: pc_bonus: unknown type 0 2 !
[1;33m[Warning][0m: pc_bonus: unknown type 0 2 !
[1;33m[Warning][0m: pc_bonus: unknown type 0 2 !
[1;33m[Warning][0m: pc_bonus: unknown type 0 2 !
[1;33m[Warning][0m: pc_bonus: unknown type 0 2 !
[1;33m[Warning][0m: pc_bonus: unknown type 0 2 !
[1;33m[Warning][0m: pc_bonus: unknown type 0 2 !
[1;33m[Warning][0m: pc_bonus: unknown type 0 2 !
[1;33m[Warning][0m: pc_bonus: unknown type 0 2 !
[1;33m[Warning][0m: pc_bonus: unknown type 0 2 !
[1;33m[Warning][0m: pc_bonus: unknown type 0 2 !
[1;33m[Warning][0m: pc_bonus: unknown type 0 2 !
[1;33m[Warning][0m: pc_bonus: unknown type 0 2 !
[1;33m[Warning][0m: pc_bonus: unknown type 0 2 !
[1;33m[Warning][0m: pc_bonus: unknown type 0 2 !
[1;33m[Warning][0m: pc_bonus: unknown type 0 2 !
[1;33m[Warning][0m: pc_bonus: unknown type 0 2 !
[1;33m[Warning][0m: pc_bonus: unknown type 0 2 !
[1;33m[Warning][0m: pc_bonus: unknown type 0 2 !
[1;33m[Warning][0m: pc_bonus: unknown type 0 2 !
[1;33m[Warning][0m: pc_bonus: unknown type 0 2 !
[1;33m[Warning][0m: pc_bonus: unknown type 0 2 !
[1;33m[Warning][0m: pc_bonus: unknown type 0 2 !
[1;33m[Warning][0m: pc_bonus: unknown type 0 2 !
[1;33m[Warning][0m: pc_bonus: unknown type 0 2 !
[1;33m[Warning][0m: pc_bonus: unknown type 0 2 !
[1;33m[Warning][0m: pc_bonus: unknown type 0 2 !
[1;33m[Warning][0m: pc_bonus: unknown type 0 2 !
[1;33m[Warning][0m: pc_bonus: unknown type 0 2 !
[1;33m[Warning][0m: pc_bonus: unknown type 0 2 !
[1;33m[Warning][0m: pc_bonus: unknown type 0 2 !
[1;33m[Warning][0m: pc_bonus: unknown type 0 2 !
[1;33m[Warning][0m: pc_bonus: unknown type 0 2 !
[1;33m[Warning][0m: pc_bonus: unknown type 0 2 !
[1;33m[Warning][0m: pc_bonus: unknown type 0 2 !
[1;33m[Warning][0m: pc_bonus: unknown type 0 2 !
[1;33m[Warning][0m: pc_bonus: unknown type 0 2 !
[1;33m[Warning][0m: pc_bonus: unknown type 0 2 !
[1;33m[Warning][0m: pc_bonus: unknown type 0 2 !
[1;33m[Warning][0m: pc_bonus: unknown type 0 2 !
[1;33m[Warning][0m: pc_bonus: unknown type 0 2 !
[1;33m[Warning][0m: pc_bonus: unknown type 0 2 !
[1;33m[Warning][0m: pc_bonus: unknown type 0 2 !
[1;33m[Warning][0m: script:getelementofarray: index out of range (-1)
[1;36m[Debug][0m: Data: variable name='.@acc' index=0
[1;36m[Debug][0m: Source (NPC): Loteria at schg_cas03 (23,74)
[1;33m[Warning][0m: pc_bonus: unknown type 0 2 !
[1;33m[Warning][0m: pc_bonus: unknown type 0 2 !
[1;33m[Warning][0m: pc_bonus: unknown type 0 2 !
[1;33m[Warning][0m: pc_bonus: unknown type 0 2 !
[1;33m[Warning][0m: pc_bonus: unknown type 0 2 !
[1;33m[Warning][0m: pc_bonus: unknown type 0 2 !
[1;33m[Warning][0m: pc_bonus: unknown type 0 2 !
[1;33m[Warning][0m: pc_bonus: unknown type 0 2 !
[1;33m[Warning][0m: pc_bonus: unknown type 0 2 !
[1;33m[Warning][0m: pc_bonus: unknown type 0 2 !
[1;36m[Debug][0m: npc_scriptcont: 'Unknown NPC' (sd->npc_id=0) is not Choco#izlude (id=110000262).
[1;33m[Warning][0m: pc_bonus: unknown type 0 2 !
[1;33m[Warning][0m: pc_bonus: unknown type 0 2 !
[1;33m[Warning][0m: pc_bonus: unknown type 0 2 !
[1;33m[Warning][0m: pc_bonus: unknown type 0 2 !
[1;33m[Warning][0m: pc_bonus: unknown type 0 2 !
[1;33m[Warning][0m: pc_bonus: unknown type 0 2 !
[1;33m[Warning][0m: pc_bonus: unknown type 0 2 !
[1;33m[Warning][0m: pc_bonus: unknown type 0 2 !
[1;33m[Warning][0m: pc_bonus: unknown type 0 2 !
[1;33m[Warning][0m: pc_bonus: unknown type 0 2 !
[1;33m[Warning][0m: pc_bonus: unknown type 0 2 !
[1;33m[Warning][0m: pc_bonus: unknown type 0 2 !
[1;33m[Warning][0m: pc_bonus: unknown type 0 2 !
[1;33m[Warning][0m: pc_bonus: unknown type 0 2 !
[1;33m[Warning][0m: pc_bonus: unknown type 0 2 !
[1;33m[Warning][0m: pc_bonus: unknown type 0 2 !
[1;33m[Warning][0m: pc_bonus: unknown type 0 2 !
[1;33m[Warning][0m: pc_bonus: unknown type 0 2 !
[1;33m[Warning][0m: pc_bonus: unknown type 0 2 !
[1;33m[Warning][0m: pc_bonus: unknown type 0 2 !
[1;33m[Warning][0m: pc_bonus: unknown type 0 2 !
[1;33m[Warning][0m: pc_bonus: unknown type 0 2 !
[1;33m[Warning][0m: pc_bonus: unknown type 0 2 !
[1;33m[Warning][0m: pc_bonus: unknown type 0 2 !
[1;33m[Warning][0m: pc_bonus: unknown type 0 2 !
[1;33m[Warning][0m: pc_bonus: unknown type 0 2 !
[1;33m[Warning][0m: pc_bonus: unknown type 0 2 !
[1;33m[Warning][0m: pc_bonus: unknown type 0 2 !
[1;33m[Warning][0m: pc_bonus: unknown type 0 2 !
[1;33m[Warning][0m: pc_bonus: unknown type 0 2 !
[1;33m[Warning][0m: pc_bonus: unknown type 0 2 !
[1;33m[Warning][0m: pc_bonus: unknown type 0 2 !
[1;33m[Warning][0m: pc_bonus: unknown type 0 2 !
[1;33m[Warning][0m: pc_bonus: unknown type 0 2 !
[1;33m[Warning][0m: pc_bonus: unknown type 0 2 !
[1;33m[Warning][0m: pc_bonus: unknown type 0 2 !
[1;33m[Warning][0m: pc_bonus: unknown type 0 2 !
[1;33m[Warning][0m: pc_bonus: unknown type 0 2 !
[1;33m[Warning][0m: pc_bonus: unknown type 0 2 !
[1;33m[Warning][0m: pc_bonus: unknown type 0 2 !
[1;33m[Warning][0m: pc_bonus: unknown type 0 2 !
[1;36m[Debug][0m: script debug : 0 110000085 : Base prtg_cas02 sem woe. gefg_cas02/
[1;36m[Debug][0m: script debug : 0 110000046 : Base prtg_cas01 sem woe. gefg_cas02/
[1;33m[Warning][0m: pc_bonus: unknown type 0 2 !
[1;36m[Debug][0m: script debug : 0 110000085 : Sem woe no prtg_cas02 (gefg_cas02/)
[1;36m[Debug][0m: script debug : 0 110000046 : Sem woe no prtg_cas01 (gefg_cas02/)
[1;33m[Warning][0m: clif_process_message: Player 'Zephyrot [F]' sent an unterminated name!
[1;31m[Error][0m: map_addblock: out-of-bounds coordinates ("gld_dun02",34,235), map is 200x200
[1;31m[Error][0m: pc_setpos: attempt to place player celso (6008260:629325) on invalid coordinates (gld_dun02-34,235)
[1;36m[Debug][0m: unit_remove_map: unexpected state when removing player AID/CID:6023254/682829 (active=1 connect_new=0 rewarp=0 changemap=1 debug_remove_map=1) from map=gld_dun04 (users=0). Previous call from c:\server\easvn\src\map\unit.c:1798(), current call from c:\server\easvn\src\map\unit.c:1798(). Please report this!!!
[1;31m[Error][0m: status_change_timer: Unexpected NULL status change id: 6014706 data: 112
[1;33m[Warning][0m: pc_bonus: unknown type 0 2 !
[1;33m[Warning][0m: pc_bonus: unknown type 0 2 !
[1;33m[Warning][0m: pc_bonus: unknown type 0 2 !
[1;33m[Warning][0m: pc_bonus: unknown type 0 2 !
[1;33m[Warning][0m: pc_bonus: unknown type 0 2 !
[1;33m[Warning][0m: pc_bonus: unknown type 0 2 !
[1;33m[Warning][0m: pc_bonus: unknown type 0 2 !
[1;33m[Warning][0m: pc_bonus: unknown type 0 2 !
[1;33m[Warning][0m: pc_bonus: unknown type 0 2 !
[1;33m[Warning][0m: pc_bonus: unknown type 0 2 !
[1;33m[Warning][0m: pc_bonus: unknown type 0 2 !
[1;33m[Warning][0m: pc_bonus: unknown type 0 2 !
[1;33m[Warning][0m: pc_bonus: unknown type 0 2 !
[1;33m[Warning][0m: pc_bonus: unknown type 0 2 !
[1;33m[Warning][0m: pc_bonus: unknown type 0 2 !
[1;33m[Warning][0m: pc_bonus: unknown type 0 2 !
[1;33m[Warning][0m: pc_bonus: unknown type 0 2 !
[1;33m[Warning][0m: pc_bonus: unknown type 0 2 !
[1;33m[Warning][0m: pc_bonus: unknown type 0 2 !
[1;33m[Warning][0m: pc_bonus: unknown type 0 2 !
[1;33m[Warning][0m: pc_bonus: unknown type 0 2 !
[1;36m[Debug][0m: script debug : 0 110000085 : Base prtg_cas02 sem woe. gefg_cas02/
[1;36m[Debug][0m: script debug : 0 110000046 : Base prtg_cas01 sem woe. gefg_cas02/
[1;36m[Debug][0m: unit_remove_map: unexpected state when removing player AID/CID:6011292/646420 (active=1 connect_new=0 rewarp=0 changemap=0 debug_remove_map=1) from map=gefg_cas02 (users=20). Previous call from c:\server\easvn\src\map\unit.c:1798(), current call from c:\server\easvn\src\map\unit.c:1798(). Please report this!!!
[1;36m[Debug][0m: npc_scriptcont: 'Unknown NPC' (sd->npc_id=0) is not Armazém#2 (id=110000225).
[1;36m[Debug][0m: unit_remove_map: unexpected state when removing player AID/CID:6018127/667492 (active=1 connect_new=0 rewarp=0 changemap=0 debug_remove_map=1) from map=gefg_cas02 (users=12). Previous call from c:\server\easvn\src\map\unit.c:1798(), current call from c:\server\easvn\src\map\unit.c:1798(). Please report this!!!
[1;36m[Debug][0m: unit_remove_map: unexpected state when removing player AID/CID:6014706/658443 (active=1 connect_new=0 rewarp=0 changemap=0 debug_remove_map=1) from map=gefg_cas02 (users=13). Previous call from c:\server\easvn\src\map\unit.c:1798(), current call from c:\server\easvn\src\map\unit.c:1798(). Please report this!!!
[1;36m[Debug][0m: npc_scriptcont: Trapesac#ctz (sd->npc_id=110000113) is not Kriemhild#ctz (id=110000032).
[1;36m[Debug][0m: npc_scriptcont: Trapesac#ctz (sd->npc_id=110000113) is not Kriemhild#ctz (id=110000032).
[1;33m[Warning][0m: pc_bonus: unknown type 0 2 !
[1;33m[Warning][0m: pc_bonus: unknown type 0 2 !
[1;33m[Warning][0m: pc_bonus: unknown type 0 2 !
[1;33m[Warning][0m: pc_bonus: unknown type 0 2 !
[1;33m[Warning][0m: pc_bonus: unknown type 0 2 !
[1;33m[Warning][0m: pc_bonus: unknown type 0 2 !
[1;33m[Warning][0m: pc_bonus: unknown type 0 2 !
[1;33m[Warning][0m: pc_bonus: unknown type 0 2 !
[1;33m[Warning][0m: pc_bonus: unknown type 0 2 !
[1;33m[Warning][0m: pc_bonus: unknown type 0 2 !
[1;33m[Warning][0m: pc_bonus: unknown type 0 2 !
[1;33m[Warning][0m: pc_bonus: unknown type 0 2 !
[1;33m[Warning][0m: pc_bonus: unknown type 0 2 !
[1;33m[Warning][0m: pc_bonus: unknown type 0 2 !
[1;33m[Warning][0m: pc_bonus: unknown type 0 2 !
[1;33m[Warning][0m: pc_bonus: unknown type 0 2 !
[1;33m[Warning][0m: pc_bonus: unknown type 0 2 !
[1;33m[Warning][0m: pc_bonus: unknown type 0 2 !
[1;33m[Warning][0m: pc_bonus: unknown type 0 2 !
[1;33m[Warning][0m: pc_bonus: unknown type 0 2 !
[1;33m[Warning][0m: pc_bonus: unknown type 0 2 !
[1;36m[Debug][0m: unit_remove_map: unexpected state when removing player AID/CID:4003886/359875 (active=1 connect_new=0 rewarp=0 changemap=0 debug_remove_map=1) from map=gefg_cas02 (users=20). Previous call from c:\server\easvn\src\map\unit.c:1798(), current call from c:\server\easvn\src\map\unit.c:1798(). Please report this!!!
[1;36m[Debug][0m: unit_remove_map: unexpected state when removing player AID/CID:6014729/658628 (active=1 connect_new=0 rewarp=0 changemap=0 debug_remove_map=1) from map=gefg_cas02 (users=14). Previous call from c:\server\easvn\src\map\unit.c:1798(), current call from c:\server\easvn\src\map\unit.c:1798(). Please report this!!!
[1;36m[Debug][0m: unit_remove_map: unexpected state when removing player AID/CID:6014706/658443 (active=1 connect_new=0 rewarp=0 changemap=0 debug_remove_map=1) from map=gefg_cas02 (users=21). Previous call from c:\server\easvn\src\map\unit.c:1798(), current call from c:\server\easvn\src\map\unit.c:1798(). Please report this!!!
[1;36m[Debug][0m: unit_remove_map: unexpected state when removing player AID/CID:6014706/658443 (active=1 connect_new=0 rewarp=0 changemap=0 debug_remove_map=1) from map=gefg_cas02 (users=16). Previous call from c:\server\easvn\src\map\unit.c:1798(), current call from c:\server\easvn\src\map\unit.c:1798(). Please report this!!!
[1;36m[Debug][0m: unit_remove_map: unexpected state when removing player AID/CID:2016946/687756 (active=1 connect_new=0 rewarp=0 changemap=0 debug_remove_map=1) from map=gefg_cas02 (users=11). Previous call from c:\server\easvn\src\map\unit.c:1798(), current call from c:\server\easvn\src\map\unit.c:1798(). Please report this!!!
[1;33m[Warning][0m: pc_bonus: unknown type 0 2 !
[1;33m[Warning][0m: pc_bonus: unknown type 0 2 !
[1;36m[Debug][0m: script debug : 0 110000085 : Sem woe no prtg_cas02 (gefg_cas02/)
[1;36m[Debug][0m: script debug : 0 110000046 : Sem woe no prtg_cas01 (gefg_cas02/)
[1;33m[Warning][0m: pc_bonus: unknown type 0 2 !
[1;33m[Warning][0m: pc_bonus: unknown type 0 2 !
[1;33m[Warning][0m: pc_bonus: unknown type 0 2 !
[1;33m[Warning][0m: pc_bonus: unknown type 0 2 !
[1;33m[Warning][0m: pc_bonus: unknown type 0 2 !
[1;33m[Warning][0m: pc_bonus: unknown type 0 2 !
[1;33m[Warning][0m: pc_bonus: unknown type 0 2 !
[1;33m[Warning][0m: pc_bonus: unknown type 0 2 !
[1;33m[Warning][0m: pc_bonus: unknown type 0 2 !
[1;33m[Warning][0m: pc_bonus: unknown type 0 2 !
[1;33m[Warning][0m: pc_bonus: unknown type 0 2 !
[1;33m[Warning][0m: pc_bonus: unknown type 0 2 !
[1;33m[Warning][0m: pc_bonus: unknown type 0 2 !
[1;33m[Warning][0m: pc_bonus: unknown type 0 2 !
[1;33m[Warning][0m: pc_bonus: unknown type 0 2 !
[1;33m[Warning][0m: pc_bonus: unknown type 0 2 !
[1;33m[Warning][0m: pc_bonus: unknown type 0 2 !
[1;33m[Warning][0m: pc_bonus: unknown type 0 2 !
[1;33m[Warning][0m: pc_bonus: unknown type 0 2 !
[1;33m[Warning][0m: pc_bonus: unknown type 0 2 !
[1;33m[Warning][0m: pc_bonus: unknown type 0 2 !
[1;33m[Warning][0m: pc_bonus: unknown type 0 2 !
[1;33m[Warning][0m: pc_bonus: unknown type 0 2 !
[1;33m[Warning][0m: pc_bonus: unknown type 0 2 !
[1;33m[Warning][0m: pc_bonus: unknown type 0 2 !
[1;33m[Warning][0m: pc_bonus: unknown type 0 2 !
[1;33m[Warning][0m: pc_bonus: unknown type 0 2 !
[1;33m[Warning][0m: pc_bonus: unknown type 0 2 !
[1;33m[Warning][0m: pc_bonus: unknown type 0 2 !
[1;33m[Warning][0m: pc_bonus: unknown type 0 2 !
[1;33m[Warning][0m: pc_bonus: unknown type 0 2 !
[1;33m[Warning][0m: pc_bonus: unknown type 0 2 !
[1;31m[Error][0m: chrif_accountban failed - player not online.
[1;31m[Error][0m: chrif_accountban failed - player not online.
[1;33m[Warning][0m: pc_bonus: unknown type 0 2 !
[1;33m[Warning][0m: pc_bonus: unknown type 0 2 !
[1;33m[Warning][0m: pc_bonus: unknown type 0 2 !
[1;33m[Warning][0m: pc_bonus: unknown type 0 2 !
[1;33m[Warning][0m: pc_bonus: unknown type 0 2 !
[1;33m[Warning][0m: pc_bonus: unknown type 0 2 !
[1;33m[Warning][0m: pc_bonus: unknown type 0 2 !
[1;33m[Warning][0m: pc_bonus: unknown type 0 2 !
[1;33m[Warning][0m: pc_bonus: unknown type 0 2 !
