[1;36m[Debug][0m: script debug : 0 110051146 : Base gefg_cas02 sem woe. prtg_cas01/prtg_cas02
[1;36m[Debug][0m: script debug : 0 110051025 : Base  sem woe. prtg_cas01/prtg_cas02
[1;33m[Warning][0m: npc_scriptcont: failed npc_checknear test.
[1;36m[Debug][0m: script debug : 0 110051146 : Sem woe no gefg_cas02 (prtg_cas01/prtg_cas02)
[1;36m[Debug][0m: script debug : 0 110051025 : Sem woe no  (prtg_cas01/prtg_cas02)
[1;36m[Debug][0m: npc_scriptcont: 'Unknown NPC' (sd->npc_id=0) is not Choco (id=110000256).
[1;36m[Debug][0m: mapindex_name2id: Map "bat_c01" not found in index list!
[1;36m[Debug][0m: mapindex_name2id: Map "bat_c02" not found in index list!
[1;36m[Debug][0m: mapindex_name2id: Map "bat_C03" not found in index list!
[1;36m[Debug][0m: mapindex_name2id: Map "bat_ C03" not found in index list!
[1;36m[Debug][0m: mapindex_name2id: Map "bat_ b01" not found in index list!
[1;36m[Debug][0m: mapindex_name2id: Map "bat_ b1" not found in index list!
[1;36m[Debug][0m: mapindex_name2id: Map "bat_c02" not found in index list!
[1;36m[Debug][0m: mapindex_name2id: Map "bat_c01" not found in index list!
[1;36m[Debug][0m: mapindex_name2id: Map "bat_ c01" not found in index list!
[1;36m[Debug][0m: mapindex_name2id: Map "bat_ c01" not found in index list!
[1;36m[Debug][0m: mapindex_name2id: Map "bat_c02" not found in index list!
[1;36m[Debug][0m: mapindex_name2id: Map "bat_ c02" not found in index list!
[1;36m[Debug][0m: mapindex_name2id: Map "bat_c02" not found in index list!
[1;31m[Error][0m: party_member_added: party 192379 not found.
[1;33m[Warning][0m: pc_bonus: unknown type 0 2 !
[1;33m[Warning][0m: pc_bonus: unknown type 0 2 !
[1;33m[Warning][0m: pc_bonus: unknown type 0 2 !
[1;33m[Warning][0m: pc_bonus: unknown type 0 2 !
[1;33m[Warning][0m: pc_bonus: unknown type 0 2 !
[1;33m[Warning][0m: pc_bonus: unknown type 0 2 !
[1;33m[Warning][0m: pc_bonus: unknown type 0 2 !
[1;33m[Warning][0m: pc_bonus: unknown type 0 2 !
[1;33m[Warning][0m: pc_bonus: unknown type 0 2 !
[1;33m[Warning][0m: pc_bonus: unknown type 0 2 !
[1;33m[Warning][0m: pc_bonus: unknown type 0 2 !
[1;33m[Warning][0m: pc_bonus: unknown type 0 2 !
[1;33m[Warning][0m: pc_bonus: unknown type 0 2 !
[1;33m[Warning][0m: pc_bonus: unknown type 0 2 !
[1;33m[Warning][0m: pc_bonus: unknown type 0 2 !
[1;33m[Warning][0m: pc_bonus: unknown type 0 2 !
[1;33m[Warning][0m: pc_bonus: unknown type 0 2 !
[1;33m[Warning][0m: pc_bonus: unknown type 0 2 !
[1;33m[Warning][0m: pc_bonus: unknown type 0 2 !
[1;33m[Warning][0m: pc_bonus: unknown type 0 2 !
[1;33m[Warning][0m: pc_bonus: unknown type 0 2 !
[1;33m[Warning][0m: pc_bonus: unknown type 0 2 !
[1;33m[Warning][0m: pc_bonus: unknown type 0 2 !
[1;33m[Warning][0m: pc_bonus: unknown type 0 2 !
[1;33m[Warning][0m: pc_bonus: unknown type 0 2 !
[1;33m[Warning][0m: pc_bonus: unknown type 0 2 !
[1;33m[Warning][0m: pc_bonus: unknown type 0 2 !
[1;33m[Warning][0m: pc_bonus: unknown type 0 2 !
[1;33m[Warning][0m: pc_bonus: unknown type 0 2 !
[1;33m[Warning][0m: pc_bonus: unknown type 0 2 !
[1;33m[Warning][0m: pc_bonus: unknown type 0 2 !
[1;33m[Warning][0m: pc_bonus: unknown type 0 2 !
[1;33m[Warning][0m: pc_bonus: unknown type 0 2 !
[1;33m[Warning][0m: pc_bonus: unknown type 0 2 !
[1;33m[Warning][0m: pc_bonus: unknown type 0 2 !
[1;33m[Warning][0m: pc_bonus: unknown type 0 2 !
[1;33m[Warning][0m: pc_bonus: unknown type 0 2 !
[1;33m[Warning][0m: pc_bonus: unknown type 0 2 !
[1;33m[Warning][0m: pc_bonus: unknown type 0 2 !
[1;33m[Warning][0m: pc_bonus: unknown type 0 2 !
[1;33m[Warning][0m: pc_bonus: unknown type 0 2 !
[1;33m[Warning][0m: pc_bonus: unknown type 0 2 !
[1;33m[Warning][0m: pc_bonus: unknown type 0 2 !
[1;33m[Warning][0m: pc_bonus: unknown type 0 2 !
[1;33m[Warning][0m: pc_bonus: unknown type 0 2 !
[1;33m[Warning][0m: pc_bonus: unknown type 0 2 !
[1;33m[Warning][0m: pc_bonus: unknown type 0 2 !
[1;33m[Warning][0m: pc_bonus: unknown type 0 2 !
[1;33m[Warning][0m: pc_bonus: unknown type 0 2 !
[1;33m[Warning][0m: pc_bonus: unknown type 0 2 !
[1;33m[Warning][0m: pc_bonus: unknown type 0 2 !
[1;33m[Warning][0m: pc_bonus: unknown type 0 2 !
[1;33m[Warning][0m: pc_bonus: unknown type 0 2 !
[1;33m[Warning][0m: pc_bonus: unknown type 0 2 !
[1;33m[Warning][0m: pc_bonus: unknown type 0 2 !
[1;33m[Warning][0m: pc_bonus: unknown type 0 2 !
[1;33m[Warning][0m: pc_bonus: unknown type 0 2 !
[1;33m[Warning][0m: pc_bonus: unknown type 0 2 !
[1;33m[Warning][0m: pc_bonus: unknown type 0 2 !
[1;33m[Warning][0m: pc_bonus: unknown type 0 2 !
[1;33m[Warning][0m: pc_bonus: unknown type 0 2 !
[1;33m[Warning][0m: pc_bonus: unknown type 0 2 !
[1;33m[Warning][0m: pc_bonus: unknown type 0 2 !
[1;33m[Warning][0m: pc_bonus: unknown type 0 2 !
[1;33m[Warning][0m: pc_bonus: unknown type 0 2 !
[1;33m[Warning][0m: pc_bonus: unknown type 0 2 !
[1;33m[Warning][0m: pc_bonus: unknown type 0 2 !
[1;33m[Warning][0m: pc_bonus: unknown type 0 2 !
[1;33m[Warning][0m: pc_bonus: unknown type 0 2 !
[1;33m[Warning][0m: pc_bonus: unknown type 0 2 !
[1;33m[Warning][0m: pc_bonus: unknown type 0 2 !
[1;33m[Warning][0m: pc_bonus: unknown type 0 2 !
[1;33m[Warning][0m: pc_bonus: unknown type 0 2 !
[1;33m[Warning][0m: pc_bonus: unknown type 0 2 !
[1;33m[Warning][0m: pc_bonus: unknown type 0 2 !
[1;33m[Warning][0m: pc_bonus: unknown type 0 2 !
[1;33m[Warning][0m: pc_bonus: unknown type 0 2 !
[1;33m[Warning][0m: pc_bonus: unknown type 0 2 !
[1;33m[Warning][0m: pc_bonus: unknown type 0 2 !
[1;33m[Warning][0m: pc_bonus: unknown type 0 2 !
[1;33m[Warning][0m: pc_bonus: unknown type 0 2 !
[1;33m[Warning][0m: pc_bonus: unknown type 0 2 !
[1;33m[Warning][0m: pc_bonus: unknown type 0 2 !
[1;33m[Warning][0m: pc_bonus: unknown type 0 2 !
[1;33m[Warning][0m: pc_bonus: unknown type 0 2 !
[1;33m[Warning][0m: pc_bonus: unknown type 0 2 !
[1;33m[Warning][0m: pc_bonus: unknown type 0 2 !
[1;33m[Warning][0m: pc_bonus: unknown type 0 2 !
[1;33m[Warning][0m: pc_bonus: unknown type 0 2 !
[1;33m[Warning][0m: pc_bonus: unknown type 0 2 !
[1;33m[Warning][0m: pc_bonus: unknown type 0 2 !
[1;33m[Warning][0m: pc_bonus: unknown type 0 2 !
[1;33m[Warning][0m: pc_bonus: unknown type 0 2 !
[1;33m[Warning][0m: pc_bonus: unknown type 0 2 !
[1;33m[Warning][0m: pc_bonus: unknown type 0 2 !
[1;33m[Warning][0m: pc_bonus: unknown type 0 2 !
[1;33m[Warning][0m: pc_bonus: unknown type 0 2 !
[1;33m[Warning][0m: pc_bonus: unknown type 0 2 !
[1;33m[Warning][0m: pc_bonus: unknown type 0 2 !
[1;33m[Warning][0m: pc_bonus: unknown type 0 2 !
[1;33m[Warning][0m: pc_bonus: unknown type 0 2 !
[1;33m[Warning][0m: pc_bonus: unknown type 0 2 !
[1;33m[Warning][0m: pc_bonus: unknown type 0 2 !
[1;33m[Warning][0m: pc_bonus: unknown type 0 2 !
[1;33m[Warning][0m: pc_bonus: unknown type 0 2 !
[1;33m[Warning][0m: pc_bonus: unknown type 0 2 !
[1;33m[Warning][0m: pc_bonus: unknown type 0 2 !
[1;33m[Warning][0m: pc_bonus: unknown type 0 2 !
[1;33m[Warning][0m: pc_bonus: unknown type 0 2 !
[1;33m[Warning][0m: pc_bonus: unknown type 0 2 !
[1;33m[Warning][0m: pc_bonus: unknown type 0 2 !
[1;33m[Warning][0m: pc_bonus: unknown type 0 2 !
[1;33m[Warning][0m: pc_bonus: unknown type 0 2 !
[1;33m[Warning][0m: pc_bonus: unknown type 0 2 !
[1;33m[Warning][0m: pc_bonus: unknown type 0 2 !
[1;33m[Warning][0m: pc_bonus: unknown type 0 2 !
[1;33m[Warning][0m: pc_bonus: unknown type 0 2 !
[1;33m[Warning][0m: pc_bonus: unknown type 0 2 !
[1;33m[Warning][0m: pc_bonus: unknown type 0 2 !
[1;33m[Warning][0m: pc_bonus: unknown type 0 2 !
[1;33m[Warning][0m: pc_bonus: unknown type 0 2 !
[1;33m[Warning][0m: pc_bonus: unknown type 0 2 !
[1;33m[Warning][0m: pc_bonus: unknown type 0 2 !
[1;33m[Warning][0m: pc_bonus: unknown type 0 2 !
[1;33m[Warning][0m: pc_bonus: unknown type 0 2 !
[1;33m[Warning][0m: pc_bonus: unknown type 0 2 !
[1;33m[Warning][0m: pc_bonus: unknown type 0 2 !
[1;33m[Warning][0m: pc_bonus: unknown type 0 2 !
[1;33m[Warning][0m: pc_bonus: unknown type 0 2 !
[1;33m[Warning][0m: pc_bonus: unknown type 0 2 !
[1;33m[Warning][0m: pc_bonus: unknown type 0 2 !
[1;33m[Warning][0m: pc_bonus: unknown type 0 2 !
[1;33m[Warning][0m: pc_bonus: unknown type 0 2 !
[1;33m[Warning][0m: pc_bonus: unknown type 0 2 !
[1;33m[Warning][0m: pc_bonus: unknown type 0 2 !
[1;33m[Warning][0m: pc_bonus: unknown type 0 2 !
[1;33m[Warning][0m: pc_bonus: unknown type 0 2 !
[1;33m[Warning][0m: pc_bonus: unknown type 0 2 !
[1;33m[Warning][0m: pc_bonus: unknown type 0 2 !
[1;33m[Warning][0m: pc_bonus: unknown type 0 2 !
[1;33m[Warning][0m: pc_bonus: unknown type 0 2 !
[1;33m[Warning][0m: pc_bonus: unknown type 0 2 !
[1;33m[Warning][0m: pc_bonus: unknown type 0 2 !
[1;33m[Warning][0m: pc_bonus: unknown type 0 2 !
[1;33m[Warning][0m: pc_bonus: unknown type 0 2 !
[1;33m[Warning][0m: pc_bonus: unknown type 0 2 !
[1;33m[Warning][0m: pc_bonus: unknown type 0 2 !
[1;33m[Warning][0m: pc_bonus: unknown type 0 2 !
[1;33m[Warning][0m: pc_bonus: unknown type 0 2 !
[1;33m[Warning][0m: pc_bonus: unknown type 0 2 !
[1;33m[Warning][0m: pc_bonus: unknown type 0 2 !
[1;33m[Warning][0m: pc_bonus: unknown type 0 2 !
[1;33m[Warning][0m: pc_bonus: unknown type 0 2 !
[1;33m[Warning][0m: pc_bonus: unknown type 0 2 !
[1;33m[Warning][0m: pc_bonus: unknown type 0 2 !
[1;33m[Warning][0m: pc_bonus: unknown type 0 2 !
[1;33m[Warning][0m: pc_bonus: unknown type 0 2 !
[1;33m[Warning][0m: pc_bonus: unknown type 0 2 !
[1;33m[Warning][0m: pc_bonus: unknown type 0 2 !
[1;33m[Warning][0m: pc_bonus: unknown type 0 2 !
[1;33m[Warning][0m: pc_bonus: unknown type 0 2 !
[1;33m[Warning][0m: pc_bonus: unknown type 0 2 !
[1;33m[Warning][0m: pc_bonus: unknown type 0 2 !
[1;33m[Warning][0m: pc_bonus: unknown type 0 2 !
[1;33m[Warning][0m: pc_bonus: unknown type 0 2 !
[1;33m[Warning][0m: pc_bonus: unknown type 0 2 !
[1;33m[Warning][0m: pc_bonus: unknown type 0 2 !
[1;33m[Warning][0m: pc_bonus: unknown type 0 2 !
[1;33m[Warning][0m: pc_bonus: unknown type 0 2 !
[1;33m[Warning][0m: pc_bonus: unknown type 0 2 !
[1;33m[Warning][0m: pc_bonus: unknown type 0 2 !
[1;33m[Warning][0m: pc_bonus: unknown type 0 2 !
[1;33m[Warning][0m: pc_bonus: unknown type 0 2 !
[1;33m[Warning][0m: pc_bonus: unknown type 0 2 !
[1;33m[Warning][0m: pc_bonus: unknown type 0 2 !
[1;33m[Warning][0m: pc_bonus: unknown type 0 2 !
[1;33m[Warning][0m: pc_bonus: unknown type 0 2 !
[1;33m[Warning][0m: pc_bonus: unknown type 0 2 !
[1;33m[Warning][0m: pc_bonus: unknown type 0 2 !
[1;33m[Warning][0m: pc_bonus: unknown type 0 2 !
[1;33m[Warning][0m: pc_bonus: unknown type 0 2 !
[1;33m[Warning][0m: pc_bonus: unknown type 0 2 !
[1;33m[Warning][0m: pc_bonus: unknown type 0 2 !
[1;33m[Warning][0m: pc_bonus: unknown type 0 2 !
[1;33m[Warning][0m: pc_bonus: unknown type 0 2 !
[1;33m[Warning][0m: pc_bonus: unknown type 0 2 !
[1;33m[Warning][0m: pc_bonus: unknown type 0 2 !
[1;33m[Warning][0m: pc_bonus: unknown type 0 2 !
[1;33m[Warning][0m: pc_bonus: unknown type 0 2 !
[1;33m[Warning][0m: pc_bonus: unknown type 0 2 !
[1;33m[Warning][0m: pc_bonus: unknown type 0 2 !
[1;33m[Warning][0m: pc_bonus: unknown type 0 2 !
[1;33m[Warning][0m: pc_bonus: unknown type 0 2 !
[1;33m[Warning][0m: npc_scriptcont: failed npc_checknear test.
[1;33m[Warning][0m: pc_bonus: unknown type 0 2 !
[1;33m[Warning][0m: pc_bonus: unknown type 0 2 !
[1;33m[Warning][0m: pc_bonus: unknown type 0 2 !
[1;33m[Warning][0m: pc_bonus: unknown type 0 2 !
[1;33m[Warning][0m: pc_bonus: unknown type 0 2 !
[1;33m[Warning][0m: pc_bonus: unknown type 0 2 !
[1;33m[Warning][0m: pc_bonus: unknown type 0 2 !
[1;33m[Warning][0m: pc_bonus: unknown type 0 2 !
[1;33m[Warning][0m: pc_bonus: unknown type 0 2 !
[1;33m[Warning][0m: pc_bonus: unknown type 0 2 !
[1;33m[Warning][0m: pc_bonus: unknown type 0 2 !
[1;33m[Warning][0m: pc_bonus: unknown type 0 2 !
[1;33m[Warning][0m: pc_bonus: unknown type 0 2 !
[1;33m[Warning][0m: pc_bonus: unknown type 0 2 !
[1;33m[Warning][0m: pc_bonus: unknown type 0 2 !
[1;33m[Warning][0m: pc_bonus: unknown type 0 2 !
[1;33m[Warning][0m: pc_bonus: unknown type 0 2 !
[1;33m[Warning][0m: pc_bonus: unknown type 0 2 !
[1;33m[Warning][0m: pc_bonus: unknown type 0 2 !
[1;33m[Warning][0m: pc_bonus: unknown type 0 2 !
[1;33m[Warning][0m: pc_bonus: unknown type 0 2 !
[1;33m[Warning][0m: pc_bonus: unknown type 0 2 !
[1;33m[Warning][0m: pc_bonus: unknown type 0 2 !
[1;33m[Warning][0m: pc_bonus: unknown type 0 2 !
[1;33m[Warning][0m: pc_bonus: unknown type 0 2 !
[1;33m[Warning][0m: pc_bonus: unknown type 0 2 !
[1;33m[Warning][0m: pc_bonus: unknown type 0 2 !
[1;33m[Warning][0m: pc_bonus: unknown type 0 2 !
[1;33m[Warning][0m: pc_bonus: unknown type 0 2 !
[1;33m[Warning][0m: pc_bonus: unknown type 0 2 !
[1;33m[Warning][0m: pc_bonus: unknown type 0 2 !
[1;33m[Warning][0m: pc_bonus: unknown type 0 2 !
[1;33m[Warning][0m: pc_bonus: unknown type 0 2 !
[1;33m[Warning][0m: pc_bonus: unknown type 0 2 !
[1;33m[Warning][0m: pc_bonus: unknown type 0 2 !
[1;33m[Warning][0m: pc_bonus: unknown type 0 2 !
[1;33m[Warning][0m: pc_bonus: unknown type 0 2 !
[1;33m[Warning][0m: pc_bonus: unknown type 0 2 !
[1;33m[Warning][0m: pc_bonus: unknown type 0 2 !
[1;33m[Warning][0m: pc_bonus: unknown type 0 2 !
[1;33m[Warning][0m: pc_bonus: unknown type 0 2 !
[1;33m[Warning][0m: pc_bonus: unknown type 0 2 !
[1;33m[Warning][0m: pc_bonus: unknown type 0 2 !
[1;33m[Warning][0m: pc_bonus: unknown type 0 2 !
[1;33m[Warning][0m: pc_bonus: unknown type 0 2 !
[1;33m[Warning][0m: pc_bonus: unknown type 0 2 !
[1;33m[Warning][0m: pc_bonus: unknown type 0 2 !
[1;33m[Warning][0m: pc_bonus: unknown type 0 2 !
[1;33m[Warning][0m: pc_bonus: unknown type 0 2 !
[1;33m[Warning][0m: pc_bonus: unknown type 0 2 !
[1;33m[Warning][0m: pc_bonus: unknown type 0 2 !
[1;33m[Warning][0m: pc_bonus: unknown type 0 2 !
[1;33m[Warning][0m: pc_bonus: unknown type 0 2 !
[1;33m[Warning][0m: pc_bonus: unknown type 0 2 !
[1;33m[Warning][0m: pc_bonus: unknown type 0 2 !
[1;33m[Warning][0m: pc_bonus: unknown type 0 2 !
[1;33m[Warning][0m: pc_bonus: unknown type 0 2 !
[1;33m[Warning][0m: pc_bonus: unknown type 0 2 !
[1;33m[Warning][0m: pc_bonus: unknown type 0 2 !
[1;33m[Warning][0m: pc_bonus: unknown type 0 2 !
[1;33m[Warning][0m: npc_scriptcont: failed npc_checknear test.
[1;33m[Warning][0m: pc_bonus: unknown type 0 2 !
[1;33m[Warning][0m: pc_bonus: unknown type 0 2 !
[1;33m[Warning][0m: pc_bonus: unknown type 0 2 !
[1;33m[Warning][0m: pc_bonus: unknown type 0 2 !
[1;33m[Warning][0m: pc_bonus: unknown type 0 2 !
[1;33m[Warning][0m: pc_bonus: unknown type 0 2 !
[1;33m[Warning][0m: pc_bonus: unknown type 0 2 !
[1;33m[Warning][0m: pc_bonus: unknown type 0 2 !
[1;33m[Warning][0m: pc_bonus: unknown type 0 2 !
[1;33m[Warning][0m: pc_bonus: unknown type 0 2 !
[1;33m[Warning][0m: pc_bonus: unknown type 0 2 !
[1;33m[Warning][0m: pc_bonus: unknown type 0 2 !
[1;33m[Warning][0m: pc_bonus: unknown type 0 2 !
[1;33m[Warning][0m: pc_bonus: unknown type 0 2 !
[1;33m[Warning][0m: pc_bonus: unknown type 0 2 !
[1;33m[Warning][0m: pc_bonus: unknown type 0 2 !
[1;33m[Warning][0m: pc_bonus: unknown type 0 2 !
[1;33m[Warning][0m: pc_bonus: unknown type 0 2 !
[1;33m[Warning][0m: pc_bonus: unknown type 0 2 !
[1;33m[Warning][0m: pc_bonus: unknown type 0 2 !
[1;33m[Warning][0m: pc_bonus: unknown type 0 2 !
[1;33m[Warning][0m: pc_bonus: unknown type 0 2 !
[1;31m[Error][0m: status_change_timer: Unexpected NULL status change id: 6011292 data: 112
[1;33m[Warning][0m: pc_bonus: unknown type 0 2 !
[1;33m[Warning][0m: pc_bonus: unknown type 0 2 !
[1;33m[Warning][0m: pc_bonus: unknown type 0 2 !
[1;33m[Warning][0m: pc_bonus: unknown type 0 2 !
[1;36m[Debug][0m: script debug : 0 110000124 : Base gefg_cas02 sem woe. prtg_cas01/prtg_cas02
[1;36m[Debug][0m: script debug : 0 110000003 : Base  sem woe. prtg_cas01/prtg_cas02
[1;31m[Error][0m: chrif_accountban failed - player not online.
[1;31m[Error][0m: chrif_accountban failed - player not online.
[1;36m[Debug][0m: unit_remove_map: unexpected state when removing player AID/CID:6015898/658288 (active=1 connect_new=0 rewarp=0 changemap=1 debug_remove_map=1) from map=prt_gld (users=10). Previous call from c:\server\easvn\src\map\unit.c:1798(), current call from c:\server\easvn\src\map\unit.c:1798(). Please report this!!!
[1;36m[Debug][0m: unit_remove_map: unexpected state when removing player AID/CID:6006300/626263 (active=1 connect_new=0 rewarp=0 changemap=0 debug_remove_map=1) from map=prtg_cas02 (users=1). Previous call from c:\server\easvn\src\map\unit.c:1798(), current call from c:\server\easvn\src\map\unit.c:1798(). Please report this!!!
[1;36m[Debug][0m: unit_remove_map: unexpected state when removing player AID/CID:6020189/675059 (active=1 connect_new=0 rewarp=0 changemap=1 debug_remove_map=1) from map=prt_gld (users=0). Previous call from c:\server\easvn\src\map\unit.c:1798(), current call from c:\server\easvn\src\map\unit.c:1798(). Please report this!!!
[1;36m[Debug][0m: unit_remove_map: unexpected state when removing player AID/CID:2001726/195690 (active=1 connect_new=0 rewarp=0 changemap=1 debug_remove_map=1) from map=prt_gld (users=1). Previous call from c:\server\easvn\src\map\unit.c:1798(), current call from c:\server\easvn\src\map\unit.c:1798(). Please report this!!!
[1;36m[Debug][0m: unit_remove_map: unexpected state when removing player AID/CID:2000202/615266 (active=1 connect_new=0 rewarp=0 changemap=0 debug_remove_map=1) from map=prtg_cas01 (users=17). Previous call from c:\server\easvn\src\map\unit.c:1798(), current call from c:\server\easvn\src\map\unit.c:1798(). Please report this!!!
[1;36m[Debug][0m: script debug : 0 110000124 : Sem woe no gefg_cas02 (prtg_cas01/prtg_cas02)
[1;36m[Debug][0m: script debug : 0 110000003 : Sem woe no  (prtg_cas01/prtg_cas02)
[1;31m[Error][0m: status_change_timer: Unexpected NULL status change id: 6016944 data: 112
[1;36m[Debug][0m: unit_remove_map: unexpected state when removing player AID/CID:6013255/649699 (active=1 connect_new=0 rewarp=0 changemap=1 debug_remove_map=1) from map=tha_t01 (users=0). Previous call from c:\server\easvn\src\map\unit.c:1798(), current call from c:\server\easvn\src\map\unit.c:1798(). Please report this!!!
[1;33m[Warning][0m: clif_process_message: Player 'TerroR Da VaQueJaDa *' sent an unterminated name!
[1;33m[Warning][0m: clif_process_message: Player 'TerroR Da VaQueJaDa *' sent an unterminated name!
[1;33m[Warning][0m: clif_process_message: Player 'TerroR Da VaQueJaDa *' sent an unterminated name!
[1;33m[Warning][0m: clif_process_message: Player 'TerroR Da VaQueJaDa *' sent an unterminated name!
[1;33m[Warning][0m: clif_process_message: Player 'TerroR Da VaQueJaDa *' sent an unterminated name!
[1;33m[Warning][0m: clif_process_message: Player 'TerroR Da VaQueJaDa *' sent an unterminated name!
[1;33m[Warning][0m: clif_process_message: Player 'TerroR Da VaQueJaDa *' sent an unterminated name!
[1;33m[Warning][0m: clif_process_message: Player 'TerroR Da VaQueJaDa *' sent an unterminated name!
[1;33m[Warning][0m: clif_process_message: Player 'TerroR Da VaQueJaDa *' sent an unterminated name!
[1;33m[Warning][0m: clif_process_message: Player 'TerroR Da VaQueJaDa *' sent an unterminated name!
[1;33m[Warning][0m: clif_process_message: Player 'TerroR Da VaQueJaDa *' sent an unterminated name!
[1;33m[Warning][0m: pc_bonus: unknown type 0 2 !
[1;33m[Warning][0m: npc_scriptcont: failed npc_checknear test.
[1;33m[Warning][0m: clif_process_message: Player 'DoCi.Terr0r.girl' sent an unterminated name!
[1;33m[Warning][0m: clif_process_message: Player 'DoCi.Terr0r.girl' sent an unterminated name!
[1;31m[Error][0m: party_member_added: party 192475 not found.
[1;31m[Error][0m: party_member_added: party 192563 not found.
[1;31m[Error][0m: status_change_timer: Unexpected NULL status change id: 6023557 data: 112
[1;31m[Error][0m: status_change_timer: Unexpected NULL status change id: 6015637 data: 112
[1;33m[Warning][0m: clif_process_message: Player 'Mercador das Arabias[R]' sent an unterminated name!
[1;36m[Debug][0m: mapindex_name2id: Map "bat_c03" not found in index list!
[1;36m[Debug][0m: mapindex_name2id: Map "bat_c01" not found in index list!
[1;36m[Debug][0m: mapindex_name2id: Map "poring2" not found in index list!
[1;36m[Debug][0m: mapindex_name2id: Map "poring" not found in index list!
[1;36m[Debug][0m: mapindex_name2id: Map "poring_w1" not found in index list!
[1;36m[Debug][0m: mapindex_name2id: Map "poring_w2" not found in index list!
[1;36m[Debug][0m: mapindex_name2id: Map "poring_w" not found in index list!
[1;36m[Debug][0m: mapindex_name2id: Map "poring_w0" not found in index list!
[1;33m[Warning][0m: npc_scriptcont: failed npc_checknear test.
[1;33m[Warning][0m: npc_scriptcont: failed npc_checknear test.
[1;33m[Warning][0m: npc_scriptcont: failed npc_checknear test.
[1;33m[Warning][0m: npc_scriptcont: failed npc_checknear test.
[1;33m[Warning][0m: npc_scriptcont: failed npc_checknear test.
[1;33m[Warning][0m: npc_scriptcont: failed npc_checknear test.
[1;33m[Warning][0m: npc_scriptcont: failed npc_checknear test.
[1;33m[Warning][0m: npc_scriptcont: failed npc_checknear test.
[1;33m[Warning][0m: pc_bonus: unknown type 0 2 !
[1;33m[Warning][0m: npc_scriptcont: failed npc_checknear test.
[1;31m[Error][0m: npc_event: event not found [Kafra::OnWhisperGlobal]
[1;31m[Error][0m: npc_event: event not found [Kafra::OnWhisperGlobal]
[1;31m[Error][0m: party_member_added: party 192678 not found.
[1;33m[Warning][0m: clif_process_message: Player 'Ryusuke' sent an unterminated name!
[1;33m[Warning][0m: pc_bonus: unknown type 0 2 !
[1;36m[Debug][0m: script debug : 0 110051107 : Base prtg_cas02 sem woe. arug_cas03/
[1;36m[Debug][0m: script debug : 0 110051146 : Base gefg_cas02 sem woe. arug_cas03/
[1;36m[Debug][0m: script debug : 0 110051068 : Base prtg_cas01 sem woe. arug_cas03/
[1;33m[Warning][0m: npc_scriptcont: failed npc_checknear test.
[1;36m[Debug][0m: script debug : 0 110051146 : Sem woe no gefg_cas02 (arug_cas03/)
[1;36m[Debug][0m: script debug : 0 110051107 : Sem woe no prtg_cas02 (arug_cas03/)
[1;36m[Debug][0m: script debug : 0 110051068 : Sem woe no prtg_cas01 (arug_cas03/)
[1;36m[Debug][0m: npc_scriptcont: CdC (sd->npc_id=111891631) is not Salas de Chat (id=111891630).
[1;33m[Warning][0m: npc_scriptcont: failed npc_checknear test.
[1;33m[Warning][0m: clif_process_message: Player 'FlasH~*' sent an unterminated name!
[1;33m[Warning][0m: clif_process_message: Player 'FlasH~*' sent an unterminated name!
[1;33m[Warning][0m: clif_process_message: Player 'FlasH~*' sent an unterminated name!
[1;33m[Warning][0m: clif_process_message: Player 'FlasH~*' sent an unterminated name!
[1;33m[Warning][0m: clif_process_message: Player 'FlasH~*' sent an unterminated name!
[1;33m[Warning][0m: pc_bonus: unknown type 0 2 !
[1;33m[Warning][0m: clif_process_message: Player 'algoz~harokashi' sent an unterminated name!
[1;33m[Warning][0m: clif_process_message: Player 'algoz~harokashi' sent an unterminated name!
[1;33m[Warning][0m: clif_process_message: Player 'algoz~harokashi' sent an unterminated name!
[1;33m[Warning][0m: clif_process_message: Player 'algoz~harokashi' sent an unterminated name!
[1;33m[Warning][0m: clif_process_message: Player 'algoz~harokashi' sent an unterminated name!
[1;33m[Warning][0m: clif_process_message: Player 'algoz~harokashi' sent an unterminated name!
[1;36m[Debug][0m: script debug : 0 111891502 : Base prtg_cas02 sem woe. arug_cas03/
[1;36m[Debug][0m: script debug : 0 111891541 : Base gefg_cas02 sem woe. arug_cas03/
[1;36m[Debug][0m: script debug : 0 111891463 : Base prtg_cas01 sem woe. arug_cas03/
[1;33m[Warning][0m: clif_process_message: Player 'Lucas Alchemist' sent an unterminated name!
[1;36m[Debug][0m: script debug : 0 111891541 : Sem woe no gefg_cas02 (arug_cas03/)
[1;36m[Debug][0m: script debug : 0 111891502 : Sem woe no prtg_cas02 (arug_cas03/)
[1;36m[Debug][0m: script debug : 0 111891463 : Sem woe no prtg_cas01 (arug_cas03/)
[1;31m[Error][0m: party_member_added: party 192841 not found.
[1;35m[SQL][0m: DB error - Table 'forum.vars' doesn't exist
[1;36m[Debug][0m: at c:\server\easvn\src\map\script.c:11999 - Replace into forum.vars (str,dt,valor,valorstr) values ('Loteria5',now(),675,null)
[1;36m[Debug][0m: Source (NPC): Loteria at schg_cas03 (23,74)
[1;35m[SQL][0m: DB error - Table 'forum.vars' doesn't exist
[1;36m[Debug][0m: at c:\server\easvn\src\map\script.c:11999 - Replace into forum.vars (str,dt,valor,valorstr) values ('Loteria6',now(),6,'Water s2')
[1;36m[Debug][0m: Source (NPC): Loteria at schg_cas03 (23,74)
[1;33m[Warning][0m: pc_bonus: unknown type 0 2 !
[1;33m[Warning][0m: pc_bonus: unknown type 0 2 !
[1;33m[Warning][0m: pc_bonus: unknown type 0 2 !
[1;33m[Warning][0m: pc_bonus: unknown type 0 2 !
[1;33m[Warning][0m: pc_bonus: unknown type 0 2 !
[1;33m[Warning][0m: pc_bonus: unknown type 0 2 !
[1;33m[Warning][0m: pc_bonus: unknown type 0 2 !
[1;33m[Warning][0m: pc_bonus: unknown type 0 2 !
[1;33m[Warning][0m: pc_bonus: unknown type 0 2 !
[1;33m[Warning][0m: pc_bonus: unknown type 0 2 !
[1;33m[Warning][0m: pc_bonus: unknown type 0 2 !
[1;33m[Warning][0m: clif_process_message: Player '.Dont Lets Go.' sent an unterminated name!
[1;33m[Warning][0m: pc_bonus: unknown type 0 2 !
[1;33m[Warning][0m: pc_bonus: unknown type 0 2 !
[1;33m[Warning][0m: pc_bonus: unknown type 0 2 !
[1;33m[Warning][0m: pc_bonus: unknown type 0 2 !
[1;33m[Warning][0m: pc_bonus: unknown type 0 2 !
[1;33m[Warning][0m: pc_bonus: unknown type 0 2 !
[1;33m[Warning][0m: pc_bonus: unknown type 0 2 !
[1;33m[Warning][0m: pc_bonus: unknown type 0 2 !
[1;33m[Warning][0m: pc_bonus: unknown type 0 2 !
[1;33m[Warning][0m: pc_bonus: unknown type 0 2 !
[1;33m[Warning][0m: npc_scriptcont: failed npc_checknear test.
[1;36m[Debug][0m: mapindex_name2id: Map "guildS_vs3" not found in index list!
[1;36m[Debug][0m: script debug : 0 110051107 : Base prtg_cas02 sem woe. gefg_cas02/
[1;36m[Debug][0m: script debug : 0 110051068 : Base prtg_cas01 sem woe. gefg_cas02/
[1;33m[Warning][0m: npc_scriptcont: failed npc_checknear test.
[1;31m[Error][0m: status_change_timer: Unexpected NULL status change id: 3009464 data: 112
[1;31m[Error][0m: status_change_timer: Unexpected NULL status change id: 6019107 data: 112
[1;36m[Debug][0m: script debug : 0 110051107 : Sem woe no prtg_cas02 (gefg_cas02/)
[1;36m[Debug][0m: script debug : 0 110051068 : Sem woe no prtg_cas01 (gefg_cas02/)
[1;33m[Warning][0m: pc_bonus: unknown type 0 2 !
[1;36m[Debug][0m: script debug : 0 111891502 : Base prtg_cas02 sem woe. gefg_cas02/
[1;36m[Debug][0m: script debug : 0 111891463 : Base prtg_cas01 sem woe. gefg_cas02/
[1;36m[Debug][0m: unit_remove_map: unexpected state when removing player AID/CID:2001519/638494 (active=1 connect_new=0 rewarp=0 changemap=0 debug_remove_map=1) from map=gefg_cas02 (users=28). Previous call from c:\server\easvn\src\map\unit.c:1798(), current call from c:\server\easvn\src\map\unit.c:1798(). Please report this!!!
[1;36m[Debug][0m: unit_remove_map: unexpected state when removing player AID/CID:4000027/375636 (active=1 connect_new=0 rewarp=0 changemap=0 debug_remove_map=1) from map=gefg_cas02 (users=22). Previous call from c:\server\easvn\src\map\unit.c:1798(), current call from c:\server\easvn\src\map\unit.c:1798(). Please report this!!!
[1;36m[Debug][0m: unit_remove_map: unexpected state when removing player AID/CID:6007276/684021 (active=1 connect_new=0 rewarp=0 changemap=0 debug_remove_map=1) from map=gefg_cas02 (users=19). Previous call from c:\server\easvn\src\map\unit.c:1798(), current call from c:\server\easvn\src\map\unit.c:1798(). Please report this!!!
[1;36m[Debug][0m: unit_remove_map: unexpected state when removing player AID/CID:6018287/683341 (active=1 connect_new=0 rewarp=0 changemap=0 debug_remove_map=1) from map=gefg_cas02 (users=33). Previous call from c:\server\easvn\src\map\unit.c:1798(), current call from c:\server\easvn\src\map\unit.c:1798(). Please report this!!!
[1;36m[Debug][0m: unit_remove_map: unexpected state when removing player AID/CID:6012363/678407 (active=1 connect_new=0 rewarp=0 changemap=0 debug_remove_map=1) from map=gefg_cas02 (users=36). Previous call from c:\server\easvn\src\map\unit.c:1798(), current call from c:\server\easvn\src\map\unit.c:1798(). Please report this!!!
[1;36m[Debug][0m: unit_remove_map: unexpected state when removing player AID/CID:3012806/610361 (active=1 connect_new=0 rewarp=0 changemap=0 debug_remove_map=1) from map=gefg_cas02 (users=25). Previous call from c:\server\easvn\src\map\unit.c:1798(), current call from c:\server\easvn\src\map\unit.c:1798(). Please report this!!!
[1;36m[Debug][0m: unit_remove_map: unexpected state when removing player AID/CID:2006096/180482 (active=1 connect_new=0 rewarp=0 changemap=0 debug_remove_map=1) from map=gefg_cas02 (users=39). Previous call from c:\server\easvn\src\map\unit.c:1798(), current call from c:\server\easvn\src\map\unit.c:1798(). Please report this!!!
[1;36m[Debug][0m: script debug : 0 111891502 : Sem woe no prtg_cas02 (gefg_cas02/)
[1;36m[Debug][0m: script debug : 0 111891463 : Sem woe no prtg_cas01 (gefg_cas02/)
[1;33m[Warning][0m: npc_scriptcont: failed npc_checknear test.
