[1;33m[Warning][0m: pc_bonus: unknown type 0 2 !
[1;36m[Debug][0m: npc_scriptcont: 'Unknown NPC' (sd->npc_id=0) is not Armazém#2 (id=113192248).
[1;31m[Error][0m: map_addblock: out-of-bounds coordinates ("gld_dun02",39,225), map is 200x200
[1;31m[Error][0m: pc_setpos: attempt to place player Igor..M (6023246:682808) on invalid coordinates (gld_dun02-39,225)
[1;33m[Warning][0m: clif_process_message: Player '- Nitroux. [F]' sent an unterminated name!
[1;33m[Warning][0m: clif_process_message: Player '- Nitroux. [F]' sent an unterminated name!
[1;33m[Warning][0m: clif_process_message: Player '- Nitroux. [F]' sent an unterminated name!
[1;33m[Warning][0m: pc_bonus: unknown type 0 2 !
[1;33m[Warning][0m: pc_bonus: unknown type 0 2 !
[1;33m[Warning][0m: pc_bonus: unknown type 0 2 !
[1;36m[Debug][0m: npc_scriptcont: 'Unknown NPC' (sd->npc_id=0) is not Armazém#2 (id=113192248).
[1;36m[Debug][0m: mapindex_name2id: Map "test_wiz" not found in index list!
[1;36m[Debug][0m: mapindex_name2id: Map "wiz_teste" not found in index list!
[1;36m[Debug][0m: mapindex_name2id: Map "wiz_test" not found in index list!
[1;36m[Debug][0m: npc_scriptcont: 'Unknown NPC' (sd->npc_id=0) is not Armazém#2 (id=113192248).
[1;33m[Warning][0m: npc_scriptcont: failed npc_checknear test.
[1;33m[Warning][0m: npc_scriptcont: failed npc_checknear test.
[1;36m[Debug][0m: script debug : 0 110901902 : Base gefg_cas02 sem woe. prtg_cas01/prtg_cas02
[1;36m[Debug][0m: script debug : 0 110901781 : Base  sem woe. prtg_cas01/prtg_cas02
[1;33m[Warning][0m: pc_bonus: unknown type 0 2 !
[1;33m[Warning][0m: pc_bonus: unknown type 0 2 !
[1;33m[Warning][0m: pc_bonus: unknown type 0 2 !
[1;33m[Warning][0m: pc_bonus: unknown type 0 2 !
[1;33m[Warning][0m: pc_bonus: unknown type 0 2 !
[1;33m[Warning][0m: pc_bonus: unknown type 0 2 !
[1;33m[Warning][0m: pc_bonus: unknown type 0 2 !
[1;33m[Warning][0m: pc_bonus: unknown type 0 2 !
[1;36m[Debug][0m: unit_remove_map: unexpected state when removing player AID/CID:4003952/671064 (active=1 connect_new=0 rewarp=0 changemap=0 debug_remove_map=1) from map=prtg_cas02 (users=1). Previous call from c:\server\easvn\src\map\unit.c:1798(), current call from c:\server\easvn\src\map\unit.c:1798(). Please report this!!!
[1;36m[Debug][0m: script debug : 0 110901902 : Sem woe no gefg_cas02 (prtg_cas01/prtg_cas02)
[1;36m[Debug][0m: script debug : 0 110901781 : Sem woe no  (prtg_cas01/prtg_cas02)
[1;33m[Warning][0m: pc_bonus: unknown type 0 2 !
[1;31m[Error][0m: npc_event: event not found [Kafra::OnWhisperGlobal]
[1;31m[Error][0m: npc_event: event not found [Kafra::OnWhisperGlobal]
[1;33m[Warning][0m: pc_bonus: unknown type 0 2 !
[1;31m[Error][0m: script_rid2sd: fatal error ! player not attached!
[1;36m[Debug][0m: Source (NPC): ranking_pvp at ordeal_1-1 (0,0)
[1;33m[Warning][0m: pc_bonus: unknown type 0 2 !
[1;33m[Warning][0m: pc_bonus: unknown type 0 2 !
[1;33m[Warning][0m: clif_process_message: Player 'L.KDestroier' sent an unterminated name!
[1;33m[Warning][0m: clif_process_message: Player 'L.KDestroier' sent an unterminated name!
[1;33m[Warning][0m: clif_process_message: Player 'L.KDestroier' sent an unterminated name!
[1;33m[Warning][0m: clif_process_message: Player 'L.KDestroier' sent an unterminated name!
[1;36m[Debug][0m: script debug : 0 113192147 : Base gefg_cas02 sem woe. prtg_cas01/prtg_cas02
[1;36m[Debug][0m: script debug : 0 113192026 : Base  sem woe. prtg_cas01/prtg_cas02
[1;36m[Debug][0m: unit_remove_map: unexpected state when removing player AID/CID:4009663/372138 (active=1 connect_new=0 rewarp=0 changemap=0 debug_remove_map=1) from map=prtg_cas02 (users=18). Previous call from c:\server\easvn\src\map\unit.c:1798(), current call from c:\server\easvn\src\map\unit.c:1798(). Please report this!!!
[1;36m[Debug][0m: unit_remove_map: unexpected state when removing player AID/CID:2000472/311555 (active=1 connect_new=0 rewarp=0 changemap=1 debug_remove_map=1) from map=prt_gld (users=3). Previous call from c:\server\easvn\src\map\unit.c:1798(), current call from c:\server\easvn\src\map\unit.c:1798(). Please report this!!!
[1;36m[Debug][0m: mapindex_name2id: Map "Lord" not found in index list!
[1;31m[Error][0m: party_member_added: party 180305 not found.
[1;36m[Debug][0m: unit_remove_map: unexpected state when removing player AID/CID:6016210/670904 (active=1 connect_new=0 rewarp=0 changemap=0 debug_remove_map=1) from map=prtg_cas01 (users=10). Previous call from c:\server\easvn\src\map\unit.c:1798(), current call from c:\server\easvn\src\map\unit.c:1798(). Please report this!!!
[1;36m[Debug][0m: script debug : 0 113192147 : Sem woe no gefg_cas02 (prtg_cas01/prtg_cas02)
[1;36m[Debug][0m: script debug : 0 113192026 : Sem woe no  (prtg_cas01/prtg_cas02)
[1;33m[Warning][0m: npc_event: player's event queue is full, can't add event '#LvUpEvent::OnPCBaseLvUpEvent' !
[1;33m[Warning][0m: npc_event: player's event queue is full, can't add event '#LvUpEvent::OnPCBaseLvUpEvent' !
[1;31m[Error][0m: status_change_timer: Unexpected NULL status change id: 6015216 data: 112
[1;33m[Warning][0m: clif_parse_Mail_read: char 'Dr.Raizen~*' trying to read a message not the inbox.
[1;33m[Warning][0m: clif_process_message: Player 'Tomcraft' sent an unterminated name!
[1;33m[Warning][0m: npc_scriptcont: failed npc_checknear test.
[1;31m[Error][0m: chrif_accountban failed - player not online.
[1;31m[Error][0m: chrif_accountban failed - player not online.
[1;33m[Warning][0m: npc_event: player's event queue is full, can't add event '#LvUpEvent::OnPCBaseLvUpEvent' !
[1;33m[Warning][0m: npc_event: player's event queue is full, can't add event '#LvUpEvent::OnPCBaseLvUpEvent' !
[1;33m[Warning][0m: npc_event: player's event queue is full, can't add event '#LvUpEvent::OnPCBaseLvUpEvent' !
[1;33m[Warning][0m: npc_event: player's event queue is full, can't add event '#LvUpEvent::OnPCBaseLvUpEvent' !
[1;33m[Warning][0m: npc_event: player's event queue is full, can't add event '#LvUpEvent::OnPCBaseLvUpEvent' !
[1;31m[Error][0m: status_change_timer: Unexpected NULL status change id: 6012833 data: 112
[1;31m[Error][0m: Memory manager: freed-data is changed. (freed in c:\server\easvn\src\map\map.c line 236)
[1;31m[Error][0m: Memory manager: freed-data is changed. (freed in c:\server\easvn\src\map\map.c line 236)
[1;33m[Warning][0m: clif_parse_Mail_read: char 'Dr.Raizen~*' trying to read a message not the inbox.
[1;33m[Warning][0m: npc_scriptcont: failed npc_checknear test.
[1;33m[Warning][0m: clif_process_message: Player 'Elite~Cortez~* [F]' sent an unterminated name!
[1;36m[Debug][0m: unit_remove_map: unexpected state when removing player AID/CID:6023343/683014 (active=1 connect_new=0 rewarp=0 changemap=0 debug_remove_map=1) from map=force_1-1 (users=0). Previous call from c:\server\easvn\src\map\unit.c:1798(), current call from c:\server\easvn\src\map\unit.c:1798(). Please report this!!!
[1;31m[Error][0m: spirit_timer -1 != 2154
[1;31m[Error][0m: spirit_timer -1 != 928
[1;31m[Error][0m: spirit_timer -1 != 1973
[1;31m[Error][0m: spirit_timer -1 != 9424
[1;31m[Error][0m: spirit_timer -1 != 10280
[1;31m[Error][0m: delete_timer error : function mismatch 00000000(unknown timer function) != 0060f3f0(pc_spiritball_timer)
[1;31m[Error][0m: delete_timer error : function mismatch 006b5530(unit_walktoxy_timer) != 0060f3f0(pc_spiritball_timer)
[1;31m[Error][0m: delete_timer error : function mismatch 0050fb08(map_clearflooritem_timer) != 0060f3f0(pc_spiritball_timer)
[1;31m[Error][0m: delete_timer error : function mismatch 0050fb08(map_clearflooritem_timer) != 0060f3f0(pc_spiritball_timer)
[1;31m[Error][0m: delete_timer error : function mismatch 00000000(unknown timer function) != 0060f3f0(pc_spiritball_timer)
[1;33m[Warning][0m: clif_process_message: Player '*Coss** [F]' sent an unterminated name!
[1;33m[Warning][0m: clif_process_message: Player '*Coss** [F]' sent an unterminated name!
[1;33m[Warning][0m: clif_process_message: Player '*Coss** [F]' sent an unterminated name!
[1;36m[Debug][0m: mapindex_name2id: Map "pupa" not found in index list!
[1;33m[Warning][0m: npc_scriptcont: failed npc_checknear test.
[1;33m[Warning][0m: pc_bonus: unknown type 0 2 !
[1;33m[Warning][0m: pc_bonus: unknown type 0 2 !
[1;31m[Error][0m: chrif_accountban failed - player not online.
[1;31m[Error][0m: status_change_timer: Unexpected NULL status change id: 6011448 data: 112
[1;31m[Error][0m: Memory manager: freed-data is changed. (freed in c:\server\easvn\src\map\map.c line 236)
[1;31m[Error][0m: map_delobjectnofree: invalid object id '-33686019'!
[1;31m[Error][0m: skill_delunitgroup: Group not found! (src_id: 159944544 skill_id: 306)
[1;31m[Error][0m: Memory manager: freed-data is changed. (freed in c:\server\easvn\src\map\map.c line 236)
[1;31m[Error][0m: map_delobjectnofree: invalid object id '-33686019'!
[1;31m[Error][0m: skill_delunitgroup: Group not found! (src_id: 159946384 skill_id: 312)
[1;31m[Error][0m: Memory manager: freed-data is changed. (freed in c:\server\easvn\src\map\map.c line 236)
[1;33m[Warning][0m: npc_scriptcont: failed npc_checknear test.
[1;31m[Error][0m: map_delobjectnofree: invalid object id '-33686019'!
[1;31m[Error][0m: skill_delunitgroup: Group not found! (src_id: 159948624 skill_id: 313)
[1;31m[Error][0m: Memory manager: freed-data is changed. (freed in c:\server\easvn\src\map\map.c line 236)
[1;36m[Debug][0m: script debug : 0 110901863 : Base prtg_cas02 sem woe. arug_cas03/
[1;36m[Debug][0m: script debug : 0 110901902 : Base gefg_cas02 sem woe. arug_cas03/
[1;36m[Debug][0m: script debug : 0 110901824 : Base prtg_cas01 sem woe. arug_cas03/
[1;36m[Debug][0m: script debug : 0 110901902 : Sem woe no gefg_cas02 (arug_cas03/)
[1;36m[Debug][0m: script debug : 0 110901863 : Sem woe no prtg_cas02 (arug_cas03/)
[1;36m[Debug][0m: script debug : 0 110901824 : Sem woe no prtg_cas01 (arug_cas03/)
[1;36m[Debug][0m: mapindex_name2id: Map "vs3" not found in index list!
[1;33m[Warning][0m: npc_scriptcont: failed npc_checknear test.
[1;36m[Debug][0m: mapindex_name2id: Map "guikd_vs3" not found in index list!
[1;31m[Error][0m: map_addblock: out-of-bounds coordinates ("thor_v02",28,262), map is 240x240
[1;31m[Error][0m: pc_setpos: attempt to place player bruuno (4000768:684808) on invalid coordinates (thor_v02-28,262)
[1;36m[Debug][0m: unit_remove_map: unexpected state when removing player AID/CID:6023514/684363 (active=1 connect_new=0 rewarp=0 changemap=0 debug_remove_map=1) from map=force_1-1 (users=0). Previous call from c:\server\easvn\src\map\unit.c:1798(), current call from c:\server\easvn\src\map\unit.c:1798(). Please report this!!!
[1;31m[Error][0m: status_change_timer: Unexpected NULL status change id: 6003367 data: 112
[1;33m[Warning][0m: pc_bonus: unknown type 0 2 !
[1;33m[Warning][0m: clif_process_message: Player 'Jhonyjon Uzumaki [F]' sent an unterminated name!
[1;31m[Error][0m: status_change_timer: Unexpected NULL status change id: 6021048 data: 112
[1;36m[Debug][0m: mapindex_name2id: Map "guild_vns3" not found in index list!
[1;33m[Warning][0m: npc_scriptcont: failed npc_checknear test.
[1;33m[Warning][0m: clif_process_message: Player 'Miyuuu' sent an unterminated name!
[1;33m[Warning][0m: pc_bonus: unknown type 0 2 !
[1;33m[Warning][0m: pc_bonus: unknown type 0 2 !
[1;36m[Debug][0m: script debug : 0 113192108 : Base prtg_cas02 sem woe. arug_cas03/
[1;36m[Debug][0m: script debug : 0 113192147 : Base gefg_cas02 sem woe. arug_cas03/
[1;36m[Debug][0m: script debug : 0 113192069 : Base prtg_cas01 sem woe. arug_cas03/
[1;33m[Warning][0m: npc_scriptcont: failed npc_checknear test.
[1;36m[Debug][0m: script debug : 0 113192147 : Sem woe no gefg_cas02 (arug_cas03/)
[1;36m[Debug][0m: script debug : 0 113192108 : Sem woe no prtg_cas02 (arug_cas03/)
[1;36m[Debug][0m: script debug : 0 113192069 : Sem woe no prtg_cas01 (arug_cas03/)
[1;31m[Error][0m: mob_skill: Non existant Mob id 1956 at mob_skill_db.txt, line 4832
[1;36m[Debug][0m: npc_scriptcont: 'Unknown NPC' (sd->npc_id=0) is not Super Kafra#cortez (id=113203517).
[1;33m[Warning][0m: npc_scriptcont: failed npc_checknear test.
[1;31m[Error][0m: mob_skill: Non existant Mob id 1956 at mob_skill_db.txt, line 4832
[1;33m[Warning][0m: clif_process_message: Player 'Dárki Bóy' sent an unterminated name!
[1;31m[Error][0m: status_change_timer: Unexpected NULL status change id: 6021436 data: 112
[1;31m[Error][0m: status_change_timer: Unexpected NULL status change id: 2000067 data: 112
[1;33m[Warning][0m: clif_process_message: Player '..Shell.' sent an unterminated name!
[1;33m[Warning][0m: clif_process_message: Player '..Shell.' sent an unterminated name!
[1;35m[SQL][0m: DB error - Table 'forum.vars' doesn't exist
[1;36m[Debug][0m: at c:\server\easvn\src\map\script.c:11999 - Replace into forum.vars (str,dt,valor,valorstr) values ('Loteria5',now(),821,null)
[1;36m[Debug][0m: Source (NPC): Loteria at schg_cas03 (23,74)
[1;35m[SQL][0m: DB error - Table 'forum.vars' doesn't exist
[1;36m[Debug][0m: at c:\server\easvn\src\map\script.c:11999 - Replace into forum.vars (str,dt,valor,valorstr) values ('Loteria6',now(),7,'Water s2')
[1;36m[Debug][0m: Source (NPC): Loteria at schg_cas03 (23,74)
[1;33m[Warning][0m: pc_bonus: unknown type 0 2 !
[1;33m[Warning][0m: itemdb_search: Item ID 9 does not exists in the item_db. Using dummy data.
[1;36m[Debug][0m: npc_scriptcont: 'Unknown NPC' (sd->npc_id=0) is not Choco (id=113192279).
[1;33m[Warning][0m: npc_scriptcont: failed npc_checknear test.
[1;33m[Warning][0m: clif_process_message: Player 'Luci DoomBiosmith' sent an unterminated name!
[1;36m[Debug][0m: script debug : 0 110901863 : Base prtg_cas02 sem woe. gefg_cas02/
[1;36m[Debug][0m: script debug : 0 110901824 : Base prtg_cas01 sem woe. gefg_cas02/
[1;36m[Debug][0m: script debug : 0 110901863 : Sem woe no prtg_cas02 (gefg_cas02/)
[1;36m[Debug][0m: script debug : 0 110901824 : Sem woe no prtg_cas01 (gefg_cas02/)
[1;36m[Debug][0m: mapindex_name2id: Map "RA_FILD09" not found in index list!
[1;33m[Warning][0m: clif_process_message: Player 'Information' sent an unterminated name!
[1;33m[Warning][0m: clif_process_message: Player 'Information' sent an unterminated name!
[1;36m[Debug][0m: script debug : 0 113192108 : Base prtg_cas02 sem woe. gefg_cas02/
[1;36m[Debug][0m: script debug : 0 113192069 : Base prtg_cas01 sem woe. gefg_cas02/
[1;33m[Warning][0m: pc_bonus: unknown type 0 2 !
[1;33m[Warning][0m: pc_bonus: unknown type 0 2 !
[1;33m[Warning][0m: pc_bonus: unknown type 0 2 !
[1;33m[Warning][0m: pc_bonus: unknown type 0 2 !
[1;33m[Warning][0m: pc_bonus: unknown type 0 2 !
[1;33m[Warning][0m: pc_bonus: unknown type 0 2 !
[1;33m[Warning][0m: pc_bonus: unknown type 0 2 !
[1;33m[Warning][0m: pc_bonus: unknown type 0 2 !
[1;33m[Warning][0m: pc_bonus: unknown type 0 2 !
[1;33m[Warning][0m: pc_bonus: unknown type 0 2 !
[1;33m[Warning][0m: pc_bonus: unknown type 0 2 !
[1;33m[Warning][0m: pc_bonus: unknown type 0 2 !
[1;33m[Warning][0m: pc_bonus: unknown type 0 2 !
[1;33m[Warning][0m: pc_bonus: unknown type 0 2 !
[1;33m[Warning][0m: pc_bonus: unknown type 0 2 !
[1;33m[Warning][0m: pc_bonus: unknown type 0 2 !
[1;33m[Warning][0m: pc_bonus: unknown type 0 2 !
[1;33m[Warning][0m: pc_bonus: unknown type 0 2 !
[1;33m[Warning][0m: pc_bonus: unknown type 0 2 !
[1;33m[Warning][0m: pc_bonus: unknown type 0 2 !
[1;33m[Warning][0m: pc_bonus: unknown type 0 2 !
[1;33m[Warning][0m: pc_bonus: unknown type 0 2 !
[1;33m[Warning][0m: pc_bonus: unknown type 0 2 !
[1;33m[Warning][0m: pc_bonus: unknown type 0 2 !
[1;33m[Warning][0m: pc_bonus: unknown type 0 2 !
[1;33m[Warning][0m: pc_bonus: unknown type 0 2 !
[1;33m[Warning][0m: pc_bonus: unknown type 0 2 !
[1;33m[Warning][0m: pc_bonus: unknown type 0 2 !
[1;33m[Warning][0m: pc_bonus: unknown type 0 2 !
[1;33m[Warning][0m: pc_bonus: unknown type 0 2 !
[1;33m[Warning][0m: pc_bonus: unknown type 0 2 !
[1;33m[Warning][0m: pc_bonus: unknown type 0 2 !
[1;33m[Warning][0m: pc_bonus: unknown type 0 2 !
[1;33m[Warning][0m: pc_bonus: unknown type 0 2 !
[1;33m[Warning][0m: pc_bonus: unknown type 0 2 !
[1;33m[Warning][0m: pc_bonus: unknown type 0 2 !
[1;33m[Warning][0m: pc_bonus: unknown type 0 2 !
[1;33m[Warning][0m: pc_bonus: unknown type 0 2 !
[1;33m[Warning][0m: pc_bonus: unknown type 0 2 !
[1;33m[Warning][0m: pc_bonus: unknown type 0 2 !
[1;33m[Warning][0m: pc_bonus: unknown type 0 2 !
[1;33m[Warning][0m: pc_bonus: unknown type 0 2 !
[1;33m[Warning][0m: pc_bonus: unknown type 0 2 !
[1;33m[Warning][0m: pc_bonus: unknown type 0 2 !
[1;33m[Warning][0m: pc_bonus: unknown type 0 2 !
[1;33m[Warning][0m: pc_bonus: unknown type 0 2 !
[1;33m[Warning][0m: pc_bonus: unknown type 0 2 !
[1;33m[Warning][0m: pc_bonus: unknown type 0 2 !
[1;33m[Warning][0m: pc_bonus: unknown type 0 2 !
[1;33m[Warning][0m: pc_bonus: unknown type 0 2 !
[1;33m[Warning][0m: pc_bonus: unknown type 0 2 !
[1;33m[Warning][0m: pc_bonus: unknown type 0 2 !
[1;33m[Warning][0m: pc_bonus: unknown type 0 2 !
[1;33m[Warning][0m: pc_bonus: unknown type 0 2 !
[1;33m[Warning][0m: pc_bonus: unknown type 0 2 !
[1;33m[Warning][0m: pc_bonus: unknown type 0 2 !
[1;33m[Warning][0m: pc_bonus: unknown type 0 2 !
[1;33m[Warning][0m: pc_bonus: unknown type 0 2 !
[1;33m[Warning][0m: pc_bonus: unknown type 0 2 !
[1;33m[Warning][0m: pc_bonus: unknown type 0 2 !
[1;33m[Warning][0m: pc_bonus: unknown type 0 2 !
[1;33m[Warning][0m: pc_bonus: unknown type 0 2 !
[1;33m[Warning][0m: pc_bonus: unknown type 0 2 !
[1;33m[Warning][0m: pc_bonus: unknown type 0 2 !
[1;33m[Warning][0m: pc_bonus: unknown type 0 2 !
[1;33m[Warning][0m: pc_bonus: unknown type 0 2 !
[1;33m[Warning][0m: pc_bonus: unknown type 0 2 !
[1;33m[Warning][0m: pc_bonus: unknown type 0 2 !
[1;33m[Warning][0m: pc_bonus: unknown type 0 2 !
[1;33m[Warning][0m: pc_bonus: unknown type 0 2 !
[1;33m[Warning][0m: pc_bonus: unknown type 0 2 !
[1;33m[Warning][0m: pc_bonus: unknown type 0 2 !
[1;33m[Warning][0m: pc_bonus: unknown type 0 2 !
[1;33m[Warning][0m: pc_bonus: unknown type 0 2 !
[1;33m[Warning][0m: pc_bonus: unknown type 0 2 !
[1;33m[Warning][0m: pc_bonus: unknown type 0 2 !
[1;33m[Warning][0m: pc_bonus: unknown type 0 2 !
[1;33m[Warning][0m: pc_bonus: unknown type 0 2 !
[1;33m[Warning][0m: pc_bonus: unknown type 0 2 !
[1;33m[Warning][0m: pc_bonus: unknown type 0 2 !
[1;33m[Warning][0m: pc_bonus: unknown type 0 2 !
[1;33m[Warning][0m: pc_bonus: unknown type 0 2 !
[1;33m[Warning][0m: pc_bonus: unknown type 0 2 !
[1;33m[Warning][0m: pc_bonus: unknown type 0 2 !
[1;33m[Warning][0m: pc_bonus: unknown type 0 2 !
[1;33m[Warning][0m: pc_bonus: unknown type 0 2 !
[1;33m[Warning][0m: pc_bonus: unknown type 0 2 !
[1;33m[Warning][0m: pc_bonus: unknown type 0 2 !
[1;33m[Warning][0m: pc_bonus: unknown type 0 2 !
[1;33m[Warning][0m: pc_bonus: unknown type 0 2 !
[1;33m[Warning][0m: pc_bonus: unknown type 0 2 !
[1;33m[Warning][0m: pc_bonus: unknown type 0 2 !
[1;33m[Warning][0m: pc_bonus: unknown type 0 2 !
[1;33m[Warning][0m: pc_bonus: unknown type 0 2 !
[1;33m[Warning][0m: pc_bonus: unknown type 0 2 !
[1;33m[Warning][0m: pc_bonus: unknown type 0 2 !
[1;33m[Warning][0m: pc_bonus: unknown type 0 2 !
[1;33m[Warning][0m: pc_bonus: unknown type 0 2 !
[1;36m[Debug][0m: unit_remove_map: unexpected state when removing player AID/CID:6014767/682961 (active=1 connect_new=0 rewarp=0 changemap=0 debug_remove_map=1) from map=gefg_cas02 (users=30). Previous call from c:\server\easvn\src\map\unit.c:1798(), current call from c:\server\easvn\src\map\unit.c:1798(). Please report this!!!
[1;33m[Warning][0m: pc_bonus: unknown type 0 2 !
[1;33m[Warning][0m: pc_bonus: unknown type 0 2 !
[1;33m[Warning][0m: skill_castend_pos2: Unknown skill used:221
[1;33m[Warning][0m: pc_bonus: unknown type 0 2 !
[1;33m[Warning][0m: pc_bonus: unknown type 0 2 !
[1;33m[Warning][0m: skill_castend_pos2: Unknown skill used:221
[1;33m[Warning][0m: pc_bonus: unknown type 0 2 !
[1;33m[Warning][0m: pc_bonus: unknown type 0 2 !
[1;33m[Warning][0m: pc_bonus: unknown type 0 2 !
[1;33m[Warning][0m: pc_bonus: unknown type 0 2 !
[1;33m[Warning][0m: pc_bonus: unknown type 0 2 !
[1;33m[Warning][0m: pc_bonus: unknown type 0 2 !
[1;33m[Warning][0m: pc_bonus: unknown type 0 2 !
[1;33m[Warning][0m: pc_bonus: unknown type 0 2 !
[1;33m[Warning][0m: pc_bonus: unknown type 0 2 !
[1;33m[Warning][0m: pc_bonus: unknown type 0 2 !
[1;33m[Warning][0m: pc_bonus: unknown type 0 2 !
[1;33m[Warning][0m: pc_bonus: unknown type 0 2 !
[1;33m[Warning][0m: pc_bonus: unknown type 0 2 !
[1;33m[Warning][0m: pc_bonus: unknown type 0 2 !
[1;33m[Warning][0m: pc_bonus: unknown type 0 2 !
[1;33m[Warning][0m: pc_bonus: unknown type 0 2 !
[1;33m[Warning][0m: pc_bonus: unknown type 0 2 !
[1;33m[Warning][0m: pc_bonus: unknown type 0 2 !
[1;33m[Warning][0m: pc_bonus: unknown type 0 2 !
[1;33m[Warning][0m: pc_bonus: unknown type 0 2 !
[1;33m[Warning][0m: pc_bonus: unknown type 0 2 !
[1;33m[Warning][0m: pc_bonus: unknown type 0 2 !
[1;33m[Warning][0m: pc_bonus: unknown type 0 2 !
[1;33m[Warning][0m: pc_bonus: unknown type 0 2 !
[1;33m[Warning][0m: pc_bonus: unknown type 0 2 !
[1;33m[Warning][0m: pc_bonus: unknown type 0 2 !
[1;33m[Warning][0m: pc_bonus: unknown type 0 2 !
[1;33m[Warning][0m: pc_bonus: unknown type 0 2 !
[1;33m[Warning][0m: pc_bonus: unknown type 0 2 !
[1;33m[Warning][0m: pc_bonus: unknown type 0 2 !
[1;33m[Warning][0m: pc_bonus: unknown type 0 2 !
[1;33m[Warning][0m: pc_bonus: unknown type 0 2 !
[1;33m[Warning][0m: pc_bonus: unknown type 0 2 !
[1;33m[Warning][0m: pc_bonus: unknown type 0 2 !
[1;33m[Warning][0m: pc_bonus: unknown type 0 2 !
[1;33m[Warning][0m: pc_bonus: unknown type 0 2 !
[1;33m[Warning][0m: pc_bonus: unknown type 0 2 !
[1;33m[Warning][0m: pc_bonus: unknown type 0 2 !
[1;33m[Warning][0m: pc_bonus: unknown type 0 2 !
[1;33m[Warning][0m: pc_bonus: unknown type 0 2 !
[1;33m[Warning][0m: pc_bonus: unknown type 0 2 !
[1;33m[Warning][0m: pc_bonus: unknown type 0 2 !
[1;33m[Warning][0m: pc_bonus: unknown type 0 2 !
[1;33m[Warning][0m: pc_bonus: unknown type 0 2 !
[1;33m[Warning][0m: pc_bonus: unknown type 0 2 !
[1;33m[Warning][0m: pc_bonus: unknown type 0 2 !
[1;33m[Warning][0m: pc_bonus: unknown type 0 2 !
[1;33m[Warning][0m: pc_bonus: unknown type 0 2 !
[1;33m[Warning][0m: pc_bonus: unknown type 0 2 !
[1;33m[Warning][0m: pc_bonus: unknown type 0 2 !
[1;33m[Warning][0m: pc_bonus: unknown type 0 2 !
[1;33m[Warning][0m: pc_bonus: unknown type 0 2 !
[1;33m[Warning][0m: pc_bonus: unknown type 0 2 !
[1;33m[Warning][0m: pc_bonus: unknown type 0 2 !
[1;33m[Warning][0m: pc_bonus: unknown type 0 2 !
[1;33m[Warning][0m: pc_bonus: unknown type 0 2 !
[1;33m[Warning][0m: pc_bonus: unknown type 0 2 !
[1;33m[Warning][0m: pc_bonus: unknown type 0 2 !
[1;36m[Debug][0m: unit_remove_map: unexpected state when removing player AID/CID:3011490/630181 (active=1 connect_new=0 rewarp=0 changemap=0 debug_remove_map=1) from map=gefg_cas02 (users=35). Previous call from c:\server\easvn\src\map\unit.c:1798(), current call from c:\server\easvn\src\map\unit.c:1798(). Please report this!!!
[1;33m[Warning][0m: pc_bonus: unknown type 0 2 !
[1;33m[Warning][0m: pc_bonus: unknown type 0 2 !
[1;33m[Warning][0m: pc_bonus: unknown type 0 2 !
[1;33m[Warning][0m: pc_bonus: unknown type 0 2 !
[1;33m[Warning][0m: pc_bonus: unknown type 0 2 !
[1;33m[Warning][0m: pc_bonus: unknown type 0 2 !
[1;33m[Warning][0m: pc_bonus: unknown type 0 2 !
[1;33m[Warning][0m: pc_bonus: unknown type 0 2 !
[1;33m[Warning][0m: pc_bonus: unknown type 0 2 !
[1;33m[Warning][0m: pc_bonus: unknown type 0 2 !
[1;33m[Warning][0m: pc_bonus: unknown type 0 2 !
[1;33m[Warning][0m: pc_bonus: unknown type 0 2 !
[1;33m[Warning][0m: pc_bonus: unknown type 0 2 !
[1;33m[Warning][0m: pc_bonus: unknown type 0 2 !
[1;33m[Warning][0m: pc_bonus: unknown type 0 2 !
[1;33m[Warning][0m: pc_bonus: unknown type 0 2 !
[1;33m[Warning][0m: pc_bonus: unknown type 0 2 !
[1;33m[Warning][0m: pc_bonus: unknown type 0 2 !
[1;33m[Warning][0m: pc_bonus: unknown type 0 2 !
[1;33m[Warning][0m: pc_bonus: unknown type 0 2 !
[1;33m[Warning][0m: clif_process_message: Player 'ZeXiOn~*' sent an unterminated name!
[1;33m[Warning][0m: clif_process_message: Player 'ZeXiOn~*' sent an unterminated name!
[1;33m[Warning][0m: clif_process_message: Player 'ZeXiOn~*' sent an unterminated name!
[1;33m[Warning][0m: pc_bonus: unknown type 0 2 !
[1;33m[Warning][0m: clif_process_message: Player 'ZeXiOn~*' sent an unterminated name!
[1;33m[Warning][0m: pc_bonus: unknown type 0 2 !
[1;33m[Warning][0m: pc_bonus: unknown type 0 2 !
[1;33m[Warning][0m: pc_bonus: unknown type 0 2 !
[1;33m[Warning][0m: pc_bonus: unknown type 0 2 !
[1;33m[Warning][0m: pc_bonus: unknown type 0 2 !
[1;33m[Warning][0m: pc_bonus: unknown type 0 2 !
[1;33m[Warning][0m: pc_bonus: unknown type 0 2 !
[1;33m[Warning][0m: pc_bonus: unknown type 0 2 !
[1;33m[Warning][0m: pc_bonus: unknown type 0 2 !
[1;33m[Warning][0m: pc_bonus: unknown type 0 2 !
[1;33m[Warning][0m: pc_bonus: unknown type 0 2 !
[1;33m[Warning][0m: pc_bonus: unknown type 0 2 !
[1;33m[Warning][0m: pc_bonus: unknown type 0 2 !
[1;33m[Warning][0m: pc_bonus: unknown type 0 2 !
[1;33m[Warning][0m: pc_bonus: unknown type 0 2 !
[1;33m[Warning][0m: pc_bonus: unknown type 0 2 !
[1;33m[Warning][0m: pc_bonus: unknown type 0 2 !
[1;33m[Warning][0m: pc_bonus: unknown type 0 2 !
[1;33m[Warning][0m: pc_bonus: unknown type 0 2 !
[1;33m[Warning][0m: pc_bonus: unknown type 0 2 !
[1;33m[Warning][0m: pc_bonus: unknown type 0 2 !
[1;33m[Warning][0m: pc_bonus: unknown type 0 2 !
[1;33m[Warning][0m: pc_bonus: unknown type 0 2 !
[1;33m[Warning][0m: pc_bonus: unknown type 0 2 !
[1;33m[Warning][0m: pc_bonus: unknown type 0 2 !
[1;33m[Warning][0m: pc_bonus: unknown type 0 2 !
[1;33m[Warning][0m: pc_bonus: unknown type 0 2 !
[1;33m[Warning][0m: pc_bonus: unknown type 0 2 !
[1;33m[Warning][0m: pc_bonus: unknown type 0 2 !
[1;33m[Warning][0m: pc_bonus: unknown type 0 2 !
[1;33m[Warning][0m: pc_bonus: unknown type 0 2 !
[1;33m[Warning][0m: pc_bonus: unknown type 0 2 !
[1;33m[Warning][0m: pc_bonus: unknown type 0 2 !
[1;33m[Warning][0m: pc_bonus: unknown type 0 2 !
[1;33m[Warning][0m: pc_bonus: unknown type 0 2 !
[1;33m[Warning][0m: pc_bonus: unknown type 0 2 !
[1;33m[Warning][0m: pc_bonus: unknown type 0 2 !
[1;33m[Warning][0m: pc_bonus: unknown type 0 2 !
[1;33m[Warning][0m: pc_bonus: unknown type 0 2 !
[1;33m[Warning][0m: pc_bonus: unknown type 0 2 !
[1;33m[Warning][0m: pc_bonus: unknown type 0 2 !
[1;33m[Warning][0m: pc_bonus: unknown type 0 2 !
[1;33m[Warning][0m: pc_bonus: unknown type 0 2 !
[1;33m[Warning][0m: pc_bonus: unknown type 0 2 !
[1;33m[Warning][0m: pc_bonus: unknown type 0 2 !
[1;33m[Warning][0m: pc_bonus: unknown type 0 2 !
[1;33m[Warning][0m: pc_bonus: unknown type 0 2 !
[1;33m[Warning][0m: pc_bonus: unknown type 0 2 !
[1;33m[Warning][0m: pc_bonus: unknown type 0 2 !
[1;33m[Warning][0m: pc_bonus: unknown type 0 2 !
[1;33m[Warning][0m: pc_bonus: unknown type 0 2 !
[1;33m[Warning][0m: pc_bonus: unknown type 0 2 !
[1;33m[Warning][0m: pc_bonus: unknown type 0 2 !
[1;33m[Warning][0m: pc_bonus: unknown type 0 2 !
[1;33m[Warning][0m: pc_bonus: unknown type 0 2 !
[1;33m[Warning][0m: pc_bonus: unknown type 0 2 !
[1;33m[Warning][0m: pc_bonus: unknown type 0 2 !
[1;33m[Warning][0m: pc_bonus: unknown type 0 2 !
[1;33m[Warning][0m: pc_bonus: unknown type 0 2 !
[1;33m[Warning][0m: pc_bonus: unknown type 0 2 !
[1;33m[Warning][0m: pc_bonus: unknown type 0 2 !
[1;33m[Warning][0m: pc_bonus: unknown type 0 2 !
[1;33m[Warning][0m: pc_bonus: unknown type 0 2 !
[1;33m[Warning][0m: pc_bonus: unknown type 0 2 !
[1;33m[Warning][0m: pc_bonus: unknown type 0 2 !
[1;33m[Warning][0m: pc_bonus: unknown type 0 2 !
[1;33m[Warning][0m: pc_bonus: unknown type 0 2 !
[1;33m[Warning][0m: pc_bonus: unknown type 0 2 !
[1;33m[Warning][0m: pc_bonus: unknown type 0 2 !
[1;33m[Warning][0m: pc_bonus: unknown type 0 2 !
[1;33m[Warning][0m: pc_bonus: unknown type 0 2 !
[1;33m[Warning][0m: pc_bonus: unknown type 0 2 !
[1;33m[Warning][0m: pc_bonus: unknown type 0 2 !
[1;33m[Warning][0m: pc_bonus: unknown type 0 2 !
[1;33m[Warning][0m: pc_bonus: unknown type 0 2 !
[1;33m[Warning][0m: pc_bonus: unknown type 0 2 !
[1;33m[Warning][0m: pc_bonus: unknown type 0 2 !
[1;33m[Warning][0m: pc_bonus: unknown type 0 2 !
[1;33m[Warning][0m: pc_bonus: unknown type 0 2 !
[1;33m[Warning][0m: pc_bonus: unknown type 0 2 !
[1;33m[Warning][0m: pc_bonus: unknown type 0 2 !
[1;33m[Warning][0m: pc_bonus: unknown type 0 2 !
[1;33m[Warning][0m: pc_bonus: unknown type 0 2 !
[1;33m[Warning][0m: pc_bonus: unknown type 0 2 !
[1;33m[Warning][0m: pc_bonus: unknown type 0 2 !
[1;33m[Warning][0m: pc_bonus: unknown type 0 2 !
[1;33m[Warning][0m: pc_bonus: unknown type 0 2 !
[1;33m[Warning][0m: pc_bonus: unknown type 0 2 !
[1;33m[Warning][0m: pc_bonus: unknown type 0 2 !
[1;33m[Warning][0m: pc_bonus: unknown type 0 2 !
[1;33m[Warning][0m: pc_bonus: unknown type 0 2 !
[1;33m[Warning][0m: pc_bonus: unknown type 0 2 !
[1;33m[Warning][0m: pc_bonus: unknown type 0 2 !
[1;33m[Warning][0m: pc_bonus: unknown type 0 2 !
[1;33m[Warning][0m: pc_bonus: unknown type 0 2 !
[1;33m[Warning][0m: pc_bonus: unknown type 0 2 !
[1;33m[Warning][0m: pc_bonus: unknown type 0 2 !
[1;33m[Warning][0m: pc_bonus: unknown type 0 2 !
[1;33m[Warning][0m: pc_bonus: unknown type 0 2 !
[1;33m[Warning][0m: pc_bonus: unknown type 0 2 !
[1;33m[Warning][0m: pc_bonus: unknown type 0 2 !
[1;33m[Warning][0m: pc_bonus: unknown type 0 2 !
[1;33m[Warning][0m: pc_bonus: unknown type 0 2 !
[1;33m[Warning][0m: pc_bonus: unknown type 0 2 !
[1;33m[Warning][0m: pc_bonus: unknown type 0 2 !
[1;33m[Warning][0m: pc_bonus: unknown type 0 2 !
[1;33m[Warning][0m: pc_bonus: unknown type 0 2 !
[1;33m[Warning][0m: pc_bonus: unknown type 0 2 !
[1;33m[Warning][0m: pc_bonus: unknown type 0 2 !
[1;33m[Warning][0m: pc_bonus: unknown type 0 2 !
[1;33m[Warning][0m: pc_bonus: unknown type 0 2 !
[1;33m[Warning][0m: pc_bonus: unknown type 0 2 !
[1;33m[Warning][0m: pc_bonus: unknown type 0 2 !
[1;33m[Warning][0m: pc_bonus: unknown type 0 2 !
[1;33m[Warning][0m: pc_bonus: unknown type 0 2 !
[1;33m[Warning][0m: pc_bonus: unknown type 0 2 !
[1;33m[Warning][0m: pc_bonus: unknown type 0 2 !
[1;33m[Warning][0m: pc_bonus: unknown type 0 2 !
[1;33m[Warning][0m: pc_bonus: unknown type 0 2 !
[1;33m[Warning][0m: pc_bonus: unknown type 0 2 !
[1;33m[Warning][0m: pc_bonus: unknown type 0 2 !
[1;33m[Warning][0m: pc_bonus: unknown type 0 2 !
[1;33m[Warning][0m: pc_bonus: unknown type 0 2 !
[1;33m[Warning][0m: pc_bonus: unknown type 0 2 !
[1;33m[Warning][0m: pc_bonus: unknown type 0 2 !
[1;33m[Warning][0m: pc_bonus: unknown type 0 2 !
[1;33m[Warning][0m: pc_bonus: unknown type 0 2 !
[1;33m[Warning][0m: pc_bonus: unknown type 0 2 !
[1;33m[Warning][0m: pc_bonus: unknown type 0 2 !
[1;33m[Warning][0m: pc_bonus: unknown type 0 2 !
[1;33m[Warning][0m: pc_bonus: unknown type 0 2 !
[1;33m[Warning][0m: pc_bonus: unknown type 0 2 !
[1;33m[Warning][0m: pc_bonus: unknown type 0 2 !
[1;33m[Warning][0m: pc_bonus: unknown type 0 2 !
[1;33m[Warning][0m: pc_bonus: unknown type 0 2 !
[1;33m[Warning][0m: pc_bonus: unknown type 0 2 !
[1;33m[Warning][0m: pc_bonus: unknown type 0 2 !
[1;33m[Warning][0m: pc_bonus: unknown type 0 2 !
[1;33m[Warning][0m: pc_bonus: unknown type 0 2 !
[1;33m[Warning][0m: pc_bonus: unknown type 0 2 !
[1;33m[Warning][0m: pc_bonus: unknown type 0 2 !
[1;33m[Warning][0m: pc_bonus: unknown type 0 2 !
[1;33m[Warning][0m: pc_bonus: unknown type 0 2 !
[1;33m[Warning][0m: pc_bonus: unknown type 0 2 !
[1;33m[Warning][0m: pc_bonus: unknown type 0 2 !
[1;33m[Warning][0m: pc_bonus: unknown type 0 2 !
[1;33m[Warning][0m: pc_bonus: unknown type 0 2 !
[1;33m[Warning][0m: pc_bonus: unknown type 0 2 !
[1;33m[Warning][0m: pc_bonus: unknown type 0 2 !
[1;33m[Warning][0m: pc_bonus: unknown type 0 2 !
[1;33m[Warning][0m: pc_bonus: unknown type 0 2 !
[1;33m[Warning][0m: pc_bonus: unknown type 0 2 !
[1;33m[Warning][0m: pc_bonus: unknown type 0 2 !
[1;33m[Warning][0m: pc_bonus: unknown type 0 2 !
[1;33m[Warning][0m: pc_bonus: unknown type 0 2 !
[1;33m[Warning][0m: pc_bonus: unknown type 0 2 !
[1;33m[Warning][0m: pc_bonus: unknown type 0 2 !
[1;33m[Warning][0m: pc_bonus: unknown type 0 2 !
[1;33m[Warning][0m: pc_bonus: unknown type 0 2 !
[1;33m[Warning][0m: pc_bonus: unknown type 0 2 !
[1;33m[Warning][0m: pc_bonus: unknown type 0 2 !
[1;33m[Warning][0m: pc_bonus: unknown type 0 2 !
[1;33m[Warning][0m: pc_bonus: unknown type 0 2 !
[1;33m[Warning][0m: pc_bonus: unknown type 0 2 !
[1;33m[Warning][0m: pc_bonus: unknown type 0 2 !
[1;33m[Warning][0m: pc_bonus: unknown type 0 2 !
[1;33m[Warning][0m: pc_bonus: unknown type 0 2 !
[1;33m[Warning][0m: pc_bonus: unknown type 0 2 !
[1;33m[Warning][0m: pc_bonus: unknown type 0 2 !
[1;33m[Warning][0m: pc_bonus: unknown type 0 2 !
[1;33m[Warning][0m: pc_bonus: unknown type 0 2 !
[1;33m[Warning][0m: pc_bonus: unknown type 0 2 !
[1;33m[Warning][0m: pc_bonus: unknown type 0 2 !
[1;33m[Warning][0m: pc_bonus: unknown type 0 2 !
[1;33m[Warning][0m: pc_bonus: unknown type 0 2 !
[1;33m[Warning][0m: pc_bonus: unknown type 0 2 !
[1;33m[Warning][0m: pc_bonus: unknown type 0 2 !
[1;33m[Warning][0m: pc_bonus: unknown type 0 2 !
[1;33m[Warning][0m: pc_bonus: unknown type 0 2 !
[1;33m[Warning][0m: pc_bonus: unknown type 0 2 !
[1;33m[Warning][0m: pc_bonus: unknown type 0 2 !
[1;33m[Warning][0m: pc_bonus: unknown type 0 2 !
[1;33m[Warning][0m: pc_bonus: unknown type 0 2 !
[1;33m[Warning][0m: pc_bonus: unknown type 0 2 !
[1;33m[Warning][0m: pc_bonus: unknown type 0 2 !
[1;33m[Warning][0m: pc_bonus: unknown type 0 2 !
[1;33m[Warning][0m: pc_bonus: unknown type 0 2 !
[1;33m[Warning][0m: pc_bonus: unknown type 0 2 !
[1;33m[Warning][0m: pc_bonus: unknown type 0 2 !
[1;33m[Warning][0m: pc_bonus: unknown type 0 2 !
[1;33m[Warning][0m: pc_bonus: unknown type 0 2 !
[1;33m[Warning][0m: pc_bonus: unknown type 0 2 !
[1;33m[Warning][0m: pc_bonus: unknown type 0 2 !
[1;33m[Warning][0m: pc_bonus: unknown type 0 2 !
[1;33m[Warning][0m: pc_bonus: unknown type 0 2 !
[1;33m[Warning][0m: pc_bonus: unknown type 0 2 !
[1;33m[Warning][0m: pc_bonus: unknown type 0 2 !
[1;33m[Warning][0m: pc_bonus: unknown type 0 2 !
[1;33m[Warning][0m: pc_bonus: unknown type 0 2 !
[1;33m[Warning][0m: pc_bonus: unknown type 0 2 !
[1;33m[Warning][0m: pc_bonus: unknown type 0 2 !
[1;33m[Warning][0m: pc_bonus: unknown type 0 2 !
[1;33m[Warning][0m: pc_bonus: unknown type 0 2 !
[1;33m[Warning][0m: pc_bonus: unknown type 0 2 !
[1;33m[Warning][0m: pc_bonus: unknown type 0 2 !
[1;33m[Warning][0m: pc_bonus: unknown type 0 2 !
[1;33m[Warning][0m: pc_bonus: unknown type 0 2 !
[1;33m[Warning][0m: pc_bonus: unknown type 0 2 !
[1;33m[Warning][0m: pc_bonus: unknown type 0 2 !
[1;33m[Warning][0m: pc_bonus: unknown type 0 2 !
[1;33m[Warning][0m: pc_bonus: unknown type 0 2 !
[1;33m[Warning][0m: pc_bonus: unknown type 0 2 !
[1;33m[Warning][0m: pc_bonus: unknown type 0 2 !
[1;33m[Warning][0m: pc_bonus: unknown type 0 2 !
[1;33m[Warning][0m: pc_bonus: unknown type 0 2 !
[1;33m[Warning][0m: pc_bonus: unknown type 0 2 !
[1;33m[Warning][0m: pc_bonus: unknown type 0 2 !
[1;33m[Warning][0m: pc_bonus: unknown type 0 2 !
[1;33m[Warning][0m: pc_bonus: unknown type 0 2 !
[1;33m[Warning][0m: pc_bonus: unknown type 0 2 !
[1;33m[Warning][0m: pc_bonus: unknown type 0 2 !
[1;33m[Warning][0m: pc_bonus: unknown type 0 2 !
[1;33m[Warning][0m: pc_bonus: unknown type 0 2 !
[1;33m[Warning][0m: pc_bonus: unknown type 0 2 !
[1;33m[Warning][0m: pc_bonus: unknown type 0 2 !
[1;33m[Warning][0m: pc_bonus: unknown type 0 2 !
[1;33m[Warning][0m: pc_bonus: unknown type 0 2 !
[1;33m[Warning][0m: pc_bonus: unknown type 0 2 !
[1;33m[Warning][0m: pc_bonus: unknown type 0 2 !
[1;33m[Warning][0m: pc_bonus: unknown type 0 2 !
[1;33m[Warning][0m: pc_bonus: unknown type 0 2 !
[1;33m[Warning][0m: pc_bonus: unknown type 0 2 !
[1;33m[Warning][0m: pc_bonus: unknown type 0 2 !
[1;33m[Warning][0m: pc_bonus: unknown type 0 2 !
[1;33m[Warning][0m: pc_bonus: unknown type 0 2 !
[1;33m[Warning][0m: pc_bonus: unknown type 0 2 !
[1;33m[Warning][0m: pc_bonus: unknown type 0 2 !
[1;33m[Warning][0m: pc_bonus: unknown type 0 2 !
[1;33m[Warning][0m: pc_bonus: unknown type 0 2 !
[1;33m[Warning][0m: pc_bonus: unknown type 0 2 !
[1;33m[Warning][0m: pc_bonus: unknown type 0 2 !
[1;33m[Warning][0m: pc_bonus: unknown type 0 2 !
[1;33m[Warning][0m: pc_bonus: unknown type 0 2 !
[1;33m[Warning][0m: pc_bonus: unknown type 0 2 !
[1;33m[Warning][0m: pc_bonus: unknown type 0 2 !
[1;33m[Warning][0m: pc_bonus: unknown type 0 2 !
[1;33m[Warning][0m: pc_bonus: unknown type 0 2 !
[1;33m[Warning][0m: pc_bonus: unknown type 0 2 !
[1;33m[Warning][0m: pc_bonus: unknown type 0 2 !
[1;33m[Warning][0m: pc_bonus: unknown type 0 2 !
[1;33m[Warning][0m: pc_bonus: unknown type 0 2 !
[1;33m[Warning][0m: pc_bonus: unknown type 0 2 !
[1;33m[Warning][0m: pc_bonus: unknown type 0 2 !
[1;33m[Warning][0m: pc_bonus: unknown type 0 2 !
[1;33m[Warning][0m: pc_bonus: unknown type 0 2 !
[1;33m[Warning][0m: pc_bonus: unknown type 0 2 !
[1;33m[Warning][0m: pc_bonus: unknown type 0 2 !
[1;33m[Warning][0m: pc_bonus: unknown type 0 2 !
[1;33m[Warning][0m: pc_bonus: unknown type 0 2 !
[1;33m[Warning][0m: pc_bonus: unknown type 0 2 !
[1;33m[Warning][0m: pc_bonus: unknown type 0 2 !
[1;33m[Warning][0m: pc_bonus: unknown type 0 2 !
[1;33m[Warning][0m: pc_bonus: unknown type 0 2 !
[1;33m[Warning][0m: pc_bonus: unknown type 0 2 !
[1;33m[Warning][0m: pc_bonus: unknown type 0 2 !
[1;33m[Warning][0m: pc_bonus: unknown type 0 2 !
[1;36m[Debug][0m: unit_remove_map: unexpected state when removing player AID/CID:6014767/682961 (active=1 connect_new=0 rewarp=0 changemap=0 debug_remove_map=1) from map=gefg_cas02 (users=40). Previous call from c:\server\easvn\src\map\unit.c:1798(), current call from c:\server\easvn\src\map\unit.c:1798(). Please report this!!!
[1;33m[Warning][0m: pc_bonus: unknown type 0 2 !
[1;33m[Warning][0m: pc_bonus: unknown type 0 2 !
[1;33m[Warning][0m: pc_bonus: unknown type 0 2 !
[1;33m[Warning][0m: pc_bonus: unknown type 0 2 !
[1;33m[Warning][0m: pc_bonus: unknown type 0 2 !
[1;33m[Warning][0m: pc_bonus: unknown type 0 2 !
[1;33m[Warning][0m: pc_bonus: unknown type 0 2 !
[1;33m[Warning][0m: pc_bonus: unknown type 0 2 !
[1;33m[Warning][0m: pc_bonus: unknown type 0 2 !
[1;33m[Warning][0m: pc_bonus: unknown type 0 2 !
[1;33m[Warning][0m: pc_bonus: unknown type 0 2 !
[1;33m[Warning][0m: pc_bonus: unknown type 0 2 !
[1;33m[Warning][0m: pc_bonus: unknown type 0 2 !
[1;33m[Warning][0m: pc_bonus: unknown type 0 2 !
[1;33m[Warning][0m: pc_bonus: unknown type 0 2 !
[1;33m[Warning][0m: pc_bonus: unknown type 0 2 !
[1;33m[Warning][0m: pc_bonus: unknown type 0 2 !
[1;33m[Warning][0m: pc_bonus: unknown type 0 2 !
[1;33m[Warning][0m: pc_bonus: unknown type 0 2 !
[1;33m[Warning][0m: pc_bonus: unknown type 0 2 !
[1;33m[Warning][0m: pc_bonus: unknown type 0 2 !
[1;33m[Warning][0m: pc_bonus: unknown type 0 2 !
[1;33m[Warning][0m: pc_bonus: unknown type 0 2 !
[1;33m[Warning][0m: pc_bonus: unknown type 0 2 !
[1;33m[Warning][0m: pc_bonus: unknown type 0 2 !
[1;33m[Warning][0m: pc_bonus: unknown type 0 2 !
[1;33m[Warning][0m: pc_bonus: unknown type 0 2 !
[1;33m[Warning][0m: pc_bonus: unknown type 0 2 !
[1;33m[Warning][0m: pc_bonus: unknown type 0 2 !
[1;33m[Warning][0m: pc_bonus: unknown type 0 2 !
[1;33m[Warning][0m: pc_bonus: unknown type 0 2 !
[1;33m[Warning][0m: pc_bonus: unknown type 0 2 !
[1;33m[Warning][0m: pc_bonus: unknown type 0 2 !
[1;33m[Warning][0m: pc_bonus: unknown type 0 2 !
[1;33m[Warning][0m: pc_bonus: unknown type 0 2 !
[1;33m[Warning][0m: pc_bonus: unknown type 0 2 !
[1;33m[Warning][0m: pc_bonus: unknown type 0 2 !
[1;33m[Warning][0m: pc_bonus: unknown type 0 2 !
[1;36m[Debug][0m: unit_remove_map: unexpected state when removing player AID/CID:2016704/635605 (active=1 connect_new=0 rewarp=0 changemap=0 debug_remove_map=1) from map=gefg_cas02 (users=43). Previous call from c:\server\easvn\src\map\unit.c:1798(), current call from c:\server\easvn\src\map\unit.c:1798(). Please report this!!!
[1;36m[Debug][0m: unit_remove_map: unexpected state when removing player AID/CID:2000153/153193 (active=1 connect_new=0 rewarp=0 changemap=0 debug_remove_map=1) from map=gefg_cas02 (users=36). Previous call from c:\server\easvn\src\map\unit.c:1798(), current call from c:\server\easvn\src\map\unit.c:1798(). Please report this!!!
[1;36m[Debug][0m: script debug : 0 113192108 : Sem woe no prtg_cas02 (gefg_cas02/)
[1;36m[Debug][0m: script debug : 0 113192069 : Sem woe no prtg_cas01 (gefg_cas02/)
[1;33m[Warning][0m: clif_process_message: Player 'Ragnarok 00' sent an unterminated name!
[1;31m[Error][0m: chrif_accountban failed - player not online.
[1;31m[Error][0m: chrif_accountban failed - player not online.
